#
# There is insufficient memory for the Java Runtime Environment to continue.
# Native memory allocation (mmap) failed to map 182452224 bytes for G1 virtual space
# Possible reasons:
#   The system is out of physical RAM or swap space
#   The process is running with CompressedOops enabled, and the Java Heap may be blocking the growth of the native heap
# Possible solutions:
#   Reduce memory load on the system
#   Increase physical memory or swap space
#   Check if swap backing store is full
#   Decrease Java heap size (-Xmx/-Xms)
#   Decrease number of Java threads
#   Decrease Java thread stack sizes (-Xss)
#   Set larger code cache with -XX:ReservedCodeCacheSize=
#   JVM is running with Unscaled Compressed Oops mode in which the Java heap is
#     placed in the first 4GB address space. The Java Heap base address is the
#     maximum limit for the native heap growth. Please use -XX:HeapBaseMinAddress
#     to set the Java Heap base and to place the Java Heap above 4GB virtual address.
# This output file may be truncated or incomplete.
#
#  Out of Memory Error (os_windows.cpp:3541), pid=7032, tid=11572
#
# JRE version: OpenJDK Runtime Environment Temurin-17.0.4.1+1 (17.0.4.1+1) (build 17.0.4.1+1)
# Java VM: OpenJDK 64-Bit Server VM Temurin-17.0.4.1+1 (17.0.4.1+1, mixed mode, emulated-client, tiered, compressed oops, compressed class ptrs, g1 gc, windows-amd64)
# No core dump will be written. Minidumps are not enabled by default on client versions of Windows
#

---------------  S U M M A R Y ------------

Command Line: -Dsts.lsp.client=vscode -Dsts.log.file=/dev/null -XX:TieredStopAtLevel=1 -Xlog:jni+resolve=off -Dspring.config.location=file:c:\Users\nicho\.vscode\extensions\pivotal.vscode-spring-boot-1.40.0\language-server\BOOT-INF\classes\application.properties org.springframework.ide.vscode.boot.app.BootLanguageServerBootApp

Host: AMD Ryzen 3 3200U with Radeon Vega Mobile Gfx  , 4 cores, 3G,  Windows 10 , 64 bit Build 19041 (10.0.19041.2251)
Time: Sun Nov 27 16:58:18 2022 Haiti Standard Time elapsed time: 20.783449 seconds (0d 0h 0m 20s)

---------------  T H R E A D  ---------------

Current thread (0x0000022febd465c0):  VMThread "VM Thread" [stack: 0x0000004e80300000,0x0000004e80400000] [id=11572]

Stack: [0x0000004e80300000,0x0000004e80400000]
Native frames: (J=compiled Java code, j=interpreted, Vv=VM code, C=native code)
V  [jvm.dll+0x67731a]
V  [jvm.dll+0x832284]
V  [jvm.dll+0x833a2e]
V  [jvm.dll+0x834093]
V  [jvm.dll+0x245775]
V  [jvm.dll+0x674209]
V  [jvm.dll+0x668a92]
V  [jvm.dll+0x30471b]
V  [jvm.dll+0x30bc66]
V  [jvm.dll+0x35ba9e]
V  [jvm.dll+0x35bccf]
V  [jvm.dll+0x2db5b8]
V  [jvm.dll+0x2d986c]
V  [jvm.dll+0x2d8e3c]
V  [jvm.dll+0x31cd9b]
V  [jvm.dll+0x83853b]
V  [jvm.dll+0x839274]
V  [jvm.dll+0x83978c]
V  [jvm.dll+0x839b64]
V  [jvm.dll+0x839c30]
V  [jvm.dll+0x7e240a]
V  [jvm.dll+0x6761a5]
C  [ucrtbase.dll+0x21bb2]
C  [KERNEL32.DLL+0x174b4]
C  [ntdll.dll+0x526a1]

VM_Operation (0x0000004e81afdc20): G1CollectForAllocation, mode: safepoint, requested by thread 0x0000022feeca85d0


---------------  P R O C E S S  ---------------

Threads class SMR info:
_java_thread_list=0x0000022ff05f5d10, length=28, elements={
0x0000022febd5c390, 0x0000022febd5d110, 0x0000022febd9b130, 0x0000022febd9ddc0,
0x0000022febda06a0, 0x0000022febda0f60, 0x0000022febda38e0, 0x0000022febda4980,
0x0000022fec9993e0, 0x0000022fec99a8c0, 0x0000022fec8af700, 0x0000022fee8c6b30,
0x0000022fee7bad10, 0x0000022fdfdb5bf0, 0x0000022fed0abc00, 0x0000022fee623c80,
0x0000022fecfd8100, 0x0000022feea30d70, 0x0000022feea5d840, 0x0000022feeca85d0,
0x0000022feeca5f50, 0x0000022feeca7760, 0x0000022feeca9440, 0x0000022feeca8100,
0x0000022feeca68f0, 0x0000022feeca9910, 0x0000022feeca7290, 0x0000022feeca6420
}

Java Threads: ( => current thread )
  0x0000022febd5c390 JavaThread "Reference Handler" daemon [_thread_blocked, id=14916, stack(0x0000004e80400000,0x0000004e80500000)]
  0x0000022febd5d110 JavaThread "Finalizer" daemon [_thread_blocked, id=5564, stack(0x0000004e80500000,0x0000004e80600000)]
  0x0000022febd9b130 JavaThread "Signal Dispatcher" daemon [_thread_blocked, id=6652, stack(0x0000004e80600000,0x0000004e80700000)]
  0x0000022febd9ddc0 JavaThread "Attach Listener" daemon [_thread_blocked, id=7488, stack(0x0000004e80700000,0x0000004e80800000)]
  0x0000022febda06a0 JavaThread "Service Thread" daemon [_thread_blocked, id=13548, stack(0x0000004e80800000,0x0000004e80900000)]
  0x0000022febda0f60 JavaThread "Monitor Deflation Thread" daemon [_thread_blocked, id=14132, stack(0x0000004e80900000,0x0000004e80a00000)]
  0x0000022febda38e0 JavaThread "C1 CompilerThread0" daemon [_thread_blocked, id=4196, stack(0x0000004e80a00000,0x0000004e80b00000)]
  0x0000022febda4980 JavaThread "Sweeper thread" daemon [_thread_blocked, id=5640, stack(0x0000004e80b00000,0x0000004e80c00000)]
  0x0000022fec9993e0 JavaThread "Notification Thread" daemon [_thread_blocked, id=15596, stack(0x0000004e80c00000,0x0000004e80d00000)]
  0x0000022fec99a8c0 JavaThread "Common-Cleaner" daemon [_thread_blocked, id=15856, stack(0x0000004e80e00000,0x0000004e80f00000)]
  0x0000022fec8af700 JavaThread "boundedElastic-evictor-1" daemon [_thread_blocked, id=15260, stack(0x0000004e81200000,0x0000004e81300000)]
  0x0000022fee8c6b30 JavaThread "pool-9-thread-1" [_thread_blocked, id=12948, stack(0x0000004e81300000,0x0000004e81400000)]
  0x0000022fee7bad10 JavaThread "LanguageServerApp-lifecycle" [_thread_blocked, id=11672, stack(0x0000004e81400000,0x0000004e81500000)]
  0x0000022fdfdb5bf0 JavaThread "DestroyJavaVM" [_thread_blocked, id=14704, stack(0x0000004effd00000,0x0000004effe00000)]
  0x0000022fed0abc00 JavaThread "pool-10-thread-1" [_thread_in_native, id=5580, stack(0x0000004e81500000,0x0000004e81600000)]
  0x0000022fee623c80 JavaThread "Simple-Language-Server main thread" daemon [_thread_blocked, id=7252, stack(0x0000004e81600000,0x0000004e81700000)]
  0x0000022fecfd8100 JavaThread "ForkJoinPool.commonPool-worker-1" daemon [_thread_blocked, id=14108, stack(0x0000004e81700000,0x0000004e81800000)]
  0x0000022feea30d70 JavaThread "parallel-1" daemon [_thread_blocked, id=16268, stack(0x0000004e81800000,0x0000004e81900000)]
  0x0000022feea5d840 JavaThread "ClassGraph-worker-0" daemon [_thread_blocked, id=5788, stack(0x0000004e81900000,0x0000004e81a00000)]
  0x0000022feeca85d0 JavaThread "ClassGraph-worker-1" daemon [_thread_blocked, id=3836, stack(0x0000004e81a00000,0x0000004e81b00000)]
  0x0000022feeca5f50 JavaThread "ClassGraph-worker-2" daemon [_thread_blocked, id=6844, stack(0x0000004e81b00000,0x0000004e81c00000)]
  0x0000022feeca7760 JavaThread "ClassGraph-worker-3" daemon [_thread_blocked, id=11656, stack(0x0000004e81c00000,0x0000004e81d00000)]
  0x0000022feeca9440 JavaThread "ClassGraph-worker-4" daemon [_thread_blocked, id=3676, stack(0x0000004e81d00000,0x0000004e81e00000)]
  0x0000022feeca8100 JavaThread "ClassGraph-worker-5" daemon [_thread_blocked, id=8356, stack(0x0000004e81e00000,0x0000004e81f00000)]
  0x0000022feeca68f0 JavaThread "ClassGraph-worker-6" daemon [_thread_blocked, id=8436, stack(0x0000004e81f00000,0x0000004e82000000)]
  0x0000022feeca9910 JavaThread "ClassGraph-worker-7" daemon [_thread_blocked, id=11676, stack(0x0000004e82000000,0x0000004e82100000)]
  0x0000022feeca7290 JavaThread "pool-5-thread-1" [_thread_blocked, id=11180, stack(0x0000004e82200000,0x0000004e82300000)]
  0x0000022feeca6420 JavaThread "parallel-2" daemon [_thread_blocked, id=408, stack(0x0000004e82300000,0x0000004e82400000)]

Other Threads:
=>0x0000022febd465c0 VMThread "VM Thread" [stack: 0x0000004e80300000,0x0000004e80400000] [id=11572]
  0x0000022fdfe017d0 WatcherThread [stack: 0x0000004e80d00000,0x0000004e80e00000] [id=4736]
  0x0000022fdfdec830 GCTaskThread "GC Thread#0" [stack: 0x0000004effe00000,0x0000004efff00000] [id=2328]
  0x0000022fed19fc30 GCTaskThread "GC Thread#1" [stack: 0x0000004e80f00000,0x0000004e81000000] [id=236]
  0x0000022fed1a0700 GCTaskThread "GC Thread#2" [stack: 0x0000004e81000000,0x0000004e81100000] [id=10532]
  0x0000022fed07c110 GCTaskThread "GC Thread#3" [stack: 0x0000004e81100000,0x0000004e81200000] [id=14432]
  0x0000022fdfdf54d0 ConcurrentGCThread "G1 Main Marker" [stack: 0x0000004efff00000,0x0000004f00000000] [id=3008]
  0x0000022fdfdf75a0 ConcurrentGCThread "G1 Conc#0" [stack: 0x0000004e80000000,0x0000004e80100000] [id=7336]
  0x0000022fdfe35c50 ConcurrentGCThread "G1 Refine#0" [stack: 0x0000004e80100000,0x0000004e80200000] [id=10648]
  0x0000022fef2d51e0 ConcurrentGCThread "G1 Refine#1" [stack: 0x0000004e82100000,0x0000004e82200000] [id=13960]
  0x0000022fdfe36580 ConcurrentGCThread "G1 Service" [stack: 0x0000004e80200000,0x0000004e80300000] [id=13368]

Threads with active compile tasks:

VM state: at safepoint (normal execution)

VM Mutex/Monitor currently owned by a thread:  ([mutex/lock_event])
[0x0000022fdfdb0f40] Threads_lock - owner thread: 0x0000022febd465c0
[0x0000022fdfdb0d90] Heap_lock - owner thread: 0x0000022feeca85d0

Heap address: 0x00000000c8e00000, size: 882 MB, Compressed Oops mode: 32-bit

CDS archive(s) not mapped
Compressed class space mapped at: 0x0000000100000000-0x0000000140000000, reserved size: 1073741824
Narrow klass base: 0x0000000000000000, Narrow klass shift: 3, Narrow klass range: 0x140000000

GC Precious Log:
 CPUs: 4 total, 4 available
 Memory: 3522M
 Large Page Support: Disabled
 NUMA Support: Disabled
 Compressed Oops: Enabled (32-bit)
 Heap Region Size: 1M
 Heap Min Capacity: 8M
 Heap Initial Capacity: 56M
 Heap Max Capacity: 882M
 Pre-touch: Disabled
 Parallel Workers: 4
 Concurrent Workers: 1
 Concurrent Refinement Workers: 4
 Periodic GC: Disabled

Heap:
 garbage-first heap   total 120832K, used 67897K [0x00000000c8e00000, 0x0000000100000000)
  region size 1024K, 3 young (3072K), 3 survivors (3072K)
 Metaspace       used 38643K, committed 38976K, reserved 1089536K
  class space    used 4878K, committed 4992K, reserved 1048576K

Heap Regions: E=young(eden), S=young(survivor), O=old, HS=humongous(starts), HC=humongous(continues), CS=collection set, F=free, OA=open archive, CA=closed archive, TAMS=top-at-mark-start (previous, next)
|   0|0x00000000c8e00000, 0x00000000c8f00000, 0x00000000c8f00000|100%| O|  |TAMS 0x00000000c8f00000, 0x00000000c8e00000| Untracked 
|   1|0x00000000c8f00000, 0x00000000c9000000, 0x00000000c9000000|100%| O|  |TAMS 0x00000000c9000000, 0x00000000c8f00000| Untracked 
|   2|0x00000000c9000000, 0x00000000c9100000, 0x00000000c9100000|100%| O|  |TAMS 0x00000000c9100000, 0x00000000c9000000| Untracked 
|   3|0x00000000c9100000, 0x00000000c9200000, 0x00000000c9200000|100%| O|  |TAMS 0x00000000c9200000, 0x00000000c9100000| Untracked 
|   4|0x00000000c9200000, 0x00000000c9300000, 0x00000000c9300000|100%| O|  |TAMS 0x00000000c9300000, 0x00000000c9200000| Untracked 
|   5|0x00000000c9300000, 0x00000000c9400000, 0x00000000c9400000|100%| O|  |TAMS 0x00000000c9400000, 0x00000000c9300000| Untracked 
|   6|0x00000000c9400000, 0x00000000c9500000, 0x00000000c9500000|100%| O|  |TAMS 0x00000000c9500000, 0x00000000c9400000| Untracked 
|   7|0x00000000c9500000, 0x00000000c9600000, 0x00000000c9600000|100%| O|  |TAMS 0x00000000c9600000, 0x00000000c9500000| Untracked 
|   8|0x00000000c9600000, 0x00000000c9700000, 0x00000000c9700000|100%| O|  |TAMS 0x00000000c9700000, 0x00000000c9600000| Untracked 
|   9|0x00000000c9700000, 0x00000000c97be200, 0x00000000c9800000| 74%| O|  |TAMS 0x00000000c97be200, 0x00000000c9700000| Untracked 
|  10|0x00000000c9800000, 0x00000000c9900000, 0x00000000c9900000|100%| O|  |TAMS 0x00000000c9900000, 0x00000000c9800000| Untracked 
|  11|0x00000000c9900000, 0x00000000c9a00000, 0x00000000c9a00000|100%| O|  |TAMS 0x00000000c9a00000, 0x00000000c9900000| Untracked 
|  12|0x00000000c9a00000, 0x00000000c9b00000, 0x00000000c9b00000|100%| O|  |TAMS 0x00000000c9b00000, 0x00000000c9a00000| Untracked 
|  13|0x00000000c9b00000, 0x00000000c9c00000, 0x00000000c9c00000|100%| O|  |TAMS 0x00000000c9c00000, 0x00000000c9b00000| Untracked 
|  14|0x00000000c9c00000, 0x00000000c9d00000, 0x00000000c9d00000|100%| O|  |TAMS 0x00000000c9d00000, 0x00000000c9c00000| Untracked 
|  15|0x00000000c9d00000, 0x00000000c9e00000, 0x00000000c9e00000|100%| O|  |TAMS 0x00000000c9e00000, 0x00000000c9d00000| Untracked 
|  16|0x00000000c9e00000, 0x00000000c9f00000, 0x00000000c9f00000|100%| O|  |TAMS 0x00000000c9f00000, 0x00000000c9e00000| Untracked 
|  17|0x00000000c9f00000, 0x00000000ca000000, 0x00000000ca000000|100%| O|  |TAMS 0x00000000ca000000, 0x00000000c9f00000| Untracked 
|  18|0x00000000ca000000, 0x00000000ca100000, 0x00000000ca100000|100%| O|  |TAMS 0x00000000ca100000, 0x00000000ca000000| Untracked 
|  19|0x00000000ca100000, 0x00000000ca200000, 0x00000000ca200000|100%| O|  |TAMS 0x00000000ca200000, 0x00000000ca100000| Untracked 
|  20|0x00000000ca200000, 0x00000000ca300000, 0x00000000ca300000|100%| O|  |TAMS 0x00000000ca300000, 0x00000000ca200000| Untracked 
|  21|0x00000000ca300000, 0x00000000ca400000, 0x00000000ca400000|100%| O|  |TAMS 0x00000000ca400000, 0x00000000ca300000| Untracked 
|  22|0x00000000ca400000, 0x00000000ca500000, 0x00000000ca500000|100%| O|  |TAMS 0x00000000ca500000, 0x00000000ca400000| Untracked 
|  23|0x00000000ca500000, 0x00000000ca600000, 0x00000000ca600000|100%| O|  |TAMS 0x00000000ca500000, 0x00000000ca500000| Untracked 
|  24|0x00000000ca600000, 0x00000000ca700000, 0x00000000ca700000|100%| O|  |TAMS 0x00000000ca700000, 0x00000000ca600000| Untracked 
|  25|0x00000000ca700000, 0x00000000ca800000, 0x00000000ca800000|100%| O|  |TAMS 0x00000000ca800000, 0x00000000ca700000| Untracked 
|  26|0x00000000ca800000, 0x00000000ca900000, 0x00000000ca900000|100%| O|  |TAMS 0x00000000ca800000, 0x00000000ca800000| Untracked 
|  27|0x00000000ca900000, 0x00000000caa00000, 0x00000000caa00000|100%| O|  |TAMS 0x00000000caa00000, 0x00000000ca900000| Untracked 
|  28|0x00000000caa00000, 0x00000000cab00000, 0x00000000cab00000|100%| O|  |TAMS 0x00000000caa00000, 0x00000000caa00000| Untracked 
|  29|0x00000000cab00000, 0x00000000cac00000, 0x00000000cac00000|100%| O|  |TAMS 0x00000000cab00000, 0x00000000cab00000| Untracked 
|  30|0x00000000cac00000, 0x00000000cad00000, 0x00000000cad00000|100%| O|  |TAMS 0x00000000cac00000, 0x00000000cac00000| Untracked 
|  31|0x00000000cad00000, 0x00000000cae00000, 0x00000000cae00000|100%| O|  |TAMS 0x00000000cad00000, 0x00000000cad00000| Untracked 
|  32|0x00000000cae00000, 0x00000000caf00000, 0x00000000caf00000|100%| O|  |TAMS 0x00000000cae00000, 0x00000000cae00000| Untracked 
|  33|0x00000000caf00000, 0x00000000cb000000, 0x00000000cb000000|100%| O|  |TAMS 0x00000000caf00000, 0x00000000caf00000| Untracked 
|  34|0x00000000cb000000, 0x00000000cb100000, 0x00000000cb100000|100%| O|  |TAMS 0x00000000cb000000, 0x00000000cb000000| Untracked 
|  35|0x00000000cb100000, 0x00000000cb200000, 0x00000000cb200000|100%| O|  |TAMS 0x00000000cb100000, 0x00000000cb100000| Untracked 
|  36|0x00000000cb200000, 0x00000000cb300000, 0x00000000cb300000|100%| O|  |TAMS 0x00000000cb200000, 0x00000000cb200000| Untracked 
|  37|0x00000000cb300000, 0x00000000cb400000, 0x00000000cb400000|100%| O|  |TAMS 0x00000000cb300000, 0x00000000cb300000| Untracked 
|  38|0x00000000cb400000, 0x00000000cb500000, 0x00000000cb500000|100%| O|  |TAMS 0x00000000cb400000, 0x00000000cb400000| Untracked 
|  39|0x00000000cb500000, 0x00000000cb600000, 0x00000000cb600000|100%| O|  |TAMS 0x00000000cb500000, 0x00000000cb500000| Untracked 
|  40|0x00000000cb600000, 0x00000000cb700000, 0x00000000cb700000|100%| O|  |TAMS 0x00000000cb600000, 0x00000000cb600000| Untracked 
|  41|0x00000000cb700000, 0x00000000cb800000, 0x00000000cb800000|100%| O|  |TAMS 0x00000000cb700000, 0x00000000cb700000| Untracked 
|  42|0x00000000cb800000, 0x00000000cb900000, 0x00000000cb900000|100%|HS|  |TAMS 0x00000000cb800000, 0x00000000cb800000| Complete 
|  43|0x00000000cb900000, 0x00000000cba00000, 0x00000000cba00000|100%|HS|  |TAMS 0x00000000cb900000, 0x00000000cb900000| Complete 
|  44|0x00000000cba00000, 0x00000000cbb00000, 0x00000000cbb00000|100%| O|  |TAMS 0x00000000cba00000, 0x00000000cba00000| Untracked 
|  45|0x00000000cbb00000, 0x00000000cbc00000, 0x00000000cbc00000|100%| O|  |TAMS 0x00000000cbb00000, 0x00000000cbb00000| Untracked 
|  46|0x00000000cbc00000, 0x00000000cbd00000, 0x00000000cbd00000|100%| O|  |TAMS 0x00000000cbc00000, 0x00000000cbc00000| Untracked 
|  47|0x00000000cbd00000, 0x00000000cbe00000, 0x00000000cbe00000|100%| O|  |TAMS 0x00000000cbd00000, 0x00000000cbd00000| Untracked 
|  48|0x00000000cbe00000, 0x00000000cbf00000, 0x00000000cbf00000|100%| O|  |TAMS 0x00000000cbe00000, 0x00000000cbe00000| Untracked 
|  49|0x00000000cbf00000, 0x00000000cc000000, 0x00000000cc000000|100%| O|  |TAMS 0x00000000cbf00000, 0x00000000cbf00000| Untracked 
|  50|0x00000000cc000000, 0x00000000cc100000, 0x00000000cc100000|100%| O|  |TAMS 0x00000000cc000000, 0x00000000cc000000| Untracked 
|  51|0x00000000cc100000, 0x00000000cc200000, 0x00000000cc200000|100%| O|  |TAMS 0x00000000cc100000, 0x00000000cc100000| Untracked 
|  52|0x00000000cc200000, 0x00000000cc300000, 0x00000000cc300000|100%| O|  |TAMS 0x00000000cc200000, 0x00000000cc200000| Untracked 
|  53|0x00000000cc300000, 0x00000000cc400000, 0x00000000cc400000|100%| O|  |TAMS 0x00000000cc300000, 0x00000000cc300000| Untracked 
|  54|0x00000000cc400000, 0x00000000cc500000, 0x00000000cc500000|100%| O|  |TAMS 0x00000000cc400000, 0x00000000cc400000| Untracked 
|  55|0x00000000cc500000, 0x00000000cc600000, 0x00000000cc600000|100%| O|  |TAMS 0x00000000cc500000, 0x00000000cc500000| Untracked 
|  56|0x00000000cc600000, 0x00000000cc700000, 0x00000000cc700000|100%| O|  |TAMS 0x00000000cc600000, 0x00000000cc600000| Untracked 
|  57|0x00000000cc700000, 0x00000000cc800000, 0x00000000cc800000|100%| O|  |TAMS 0x00000000cc700000, 0x00000000cc700000| Untracked 
|  58|0x00000000cc800000, 0x00000000cc900000, 0x00000000cc900000|100%| O|  |TAMS 0x00000000cc800000, 0x00000000cc800000| Untracked 
|  59|0x00000000cc900000, 0x00000000cca00000, 0x00000000cca00000|100%| O|  |TAMS 0x00000000cc900000, 0x00000000cc900000| Untracked 
|  60|0x00000000cca00000, 0x00000000ccb00000, 0x00000000ccb00000|100%| O|  |TAMS 0x00000000cca00000, 0x00000000cca00000| Untracked 
|  61|0x00000000ccb00000, 0x00000000ccc00000, 0x00000000ccc00000|100%| O|  |TAMS 0x00000000ccb00000, 0x00000000ccb00000| Untracked 
|  62|0x00000000ccc00000, 0x00000000ccd00000, 0x00000000ccd00000|100%| O|  |TAMS 0x00000000ccc00000, 0x00000000ccc00000| Untracked 
|  63|0x00000000ccd00000, 0x00000000cce00000, 0x00000000cce00000|100%| O|  |TAMS 0x00000000ccd00000, 0x00000000ccd00000| Untracked 
|  64|0x00000000cce00000, 0x00000000cce00000, 0x00000000ccf00000|  0%| F|  |TAMS 0x00000000cce00000, 0x00000000cce00000| Untracked 
|  65|0x00000000ccf00000, 0x00000000ccf00000, 0x00000000cd000000|  0%| F|  |TAMS 0x00000000ccf00000, 0x00000000ccf00000| Untracked 
|  66|0x00000000cd000000, 0x00000000cd000000, 0x00000000cd100000|  0%| F|  |TAMS 0x00000000cd000000, 0x00000000cd000000| Untracked 
|  67|0x00000000cd100000, 0x00000000cd100000, 0x00000000cd200000|  0%| F|  |TAMS 0x00000000cd100000, 0x00000000cd100000| Untracked 
|  68|0x00000000cd200000, 0x00000000cd200000, 0x00000000cd300000|  0%| F|  |TAMS 0x00000000cd200000, 0x00000000cd200000| Untracked 
|  69|0x00000000cd300000, 0x00000000cd300000, 0x00000000cd400000|  0%| F|  |TAMS 0x00000000cd300000, 0x00000000cd300000| Untracked 
|  70|0x00000000cd400000, 0x00000000cd400000, 0x00000000cd500000|  0%| F|  |TAMS 0x00000000cd400000, 0x00000000cd400000| Untracked 
|  71|0x00000000cd500000, 0x00000000cd500000, 0x00000000cd600000|  0%| F|  |TAMS 0x00000000cd500000, 0x00000000cd500000| Untracked 
|  72|0x00000000cd600000, 0x00000000cd600000, 0x00000000cd700000|  0%| F|  |TAMS 0x00000000cd600000, 0x00000000cd600000| Untracked 
|  73|0x00000000cd700000, 0x00000000cd700000, 0x00000000cd800000|  0%| F|  |TAMS 0x00000000cd700000, 0x00000000cd700000| Untracked 
|  74|0x00000000cd800000, 0x00000000cd800000, 0x00000000cd900000|  0%| F|  |TAMS 0x00000000cd800000, 0x00000000cd800000| Untracked 
|  75|0x00000000cd900000, 0x00000000cd900000, 0x00000000cda00000|  0%| F|  |TAMS 0x00000000cd900000, 0x00000000cd900000| Untracked 
|  76|0x00000000cda00000, 0x00000000cda00000, 0x00000000cdb00000|  0%| F|  |TAMS 0x00000000cda00000, 0x00000000cda00000| Untracked 
|  77|0x00000000cdb00000, 0x00000000cdb00000, 0x00000000cdc00000|  0%| F|  |TAMS 0x00000000cdb00000, 0x00000000cdb00000| Untracked 
|  78|0x00000000cdc00000, 0x00000000cdc00000, 0x00000000cdd00000|  0%| F|  |TAMS 0x00000000cdc00000, 0x00000000cdc00000| Untracked 
|  79|0x00000000cdd00000, 0x00000000cdd00000, 0x00000000cde00000|  0%| F|  |TAMS 0x00000000cdd00000, 0x00000000cdd00000| Untracked 
|  80|0x00000000cde00000, 0x00000000cde00000, 0x00000000cdf00000|  0%| F|  |TAMS 0x00000000cde00000, 0x00000000cde00000| Untracked 
|  81|0x00000000cdf00000, 0x00000000cdf00000, 0x00000000ce000000|  0%| F|  |TAMS 0x00000000cdf00000, 0x00000000cdf00000| Untracked 
|  82|0x00000000ce000000, 0x00000000ce000000, 0x00000000ce100000|  0%| F|  |TAMS 0x00000000ce000000, 0x00000000ce000000| Untracked 
|  83|0x00000000ce100000, 0x00000000ce100000, 0x00000000ce200000|  0%| F|  |TAMS 0x00000000ce100000, 0x00000000ce100000| Untracked 
|  84|0x00000000ce200000, 0x00000000ce200000, 0x00000000ce300000|  0%| F|  |TAMS 0x00000000ce200000, 0x00000000ce200000| Untracked 
|  85|0x00000000ce300000, 0x00000000ce300000, 0x00000000ce400000|  0%| F|  |TAMS 0x00000000ce300000, 0x00000000ce300000| Untracked 
|  86|0x00000000ce400000, 0x00000000ce400000, 0x00000000ce500000|  0%| F|  |TAMS 0x00000000ce400000, 0x00000000ce400000| Untracked 
|  87|0x00000000ce500000, 0x00000000ce500000, 0x00000000ce600000|  0%| F|  |TAMS 0x00000000ce500000, 0x00000000ce500000| Untracked 
|  88|0x00000000ce600000, 0x00000000ce600000, 0x00000000ce700000|  0%| F|  |TAMS 0x00000000ce600000, 0x00000000ce600000| Untracked 
|  89|0x00000000ce700000, 0x00000000ce700000, 0x00000000ce800000|  0%| F|  |TAMS 0x00000000ce700000, 0x00000000ce700000| Untracked 
|  90|0x00000000ce800000, 0x00000000ce800000, 0x00000000ce900000|  0%| F|  |TAMS 0x00000000ce800000, 0x00000000ce800000| Untracked 
|  91|0x00000000ce900000, 0x00000000ce900000, 0x00000000cea00000|  0%| F|  |TAMS 0x00000000ce900000, 0x00000000ce900000| Untracked 
|  92|0x00000000cea00000, 0x00000000cea902f0, 0x00000000ceb00000| 56%| S|CS|TAMS 0x00000000cea00000, 0x00000000cea00000| Complete 
|  93|0x00000000ceb00000, 0x00000000cec00000, 0x00000000cec00000|100%| S|CS|TAMS 0x00000000ceb00000, 0x00000000ceb00000| Complete 
|  94|0x00000000cec00000, 0x00000000ced00000, 0x00000000ced00000|100%| S|CS|TAMS 0x00000000cec00000, 0x00000000cec00000| Complete 
|  95|0x00000000ced00000, 0x00000000ced00000, 0x00000000cee00000|  0%| F|  |TAMS 0x00000000ced00000, 0x00000000ced00000| Untracked 
|  96|0x00000000cee00000, 0x00000000cee00000, 0x00000000cef00000|  0%| F|  |TAMS 0x00000000cee00000, 0x00000000cee00000| Untracked 
|  97|0x00000000cef00000, 0x00000000cef00000, 0x00000000cf000000|  0%| F|  |TAMS 0x00000000cef00000, 0x00000000cef00000| Untracked 
|  98|0x00000000cf000000, 0x00000000cf000000, 0x00000000cf100000|  0%| F|  |TAMS 0x00000000cf000000, 0x00000000cf000000| Untracked 
|  99|0x00000000cf100000, 0x00000000cf100000, 0x00000000cf200000|  0%| F|  |TAMS 0x00000000cf100000, 0x00000000cf100000| Untracked 
| 100|0x00000000cf200000, 0x00000000cf200000, 0x00000000cf300000|  0%| F|  |TAMS 0x00000000cf200000, 0x00000000cf200000| Untracked 
| 101|0x00000000cf300000, 0x00000000cf300000, 0x00000000cf400000|  0%| F|  |TAMS 0x00000000cf300000, 0x00000000cf300000| Untracked 
| 102|0x00000000cf400000, 0x00000000cf400000, 0x00000000cf500000|  0%| F|  |TAMS 0x00000000cf400000, 0x00000000cf400000| Untracked 
| 103|0x00000000cf500000, 0x00000000cf500000, 0x00000000cf600000|  0%| F|  |TAMS 0x00000000cf500000, 0x00000000cf500000| Untracked 
| 104|0x00000000cf600000, 0x00000000cf600000, 0x00000000cf700000|  0%| F|  |TAMS 0x00000000cf600000, 0x00000000cf600000| Untracked 
| 105|0x00000000cf700000, 0x00000000cf700000, 0x00000000cf800000|  0%| F|  |TAMS 0x00000000cf700000, 0x00000000cf700000| Untracked 
| 106|0x00000000cf800000, 0x00000000cf800000, 0x00000000cf900000|  0%| F|  |TAMS 0x00000000cf800000, 0x00000000cf800000| Untracked 
| 107|0x00000000cf900000, 0x00000000cf900000, 0x00000000cfa00000|  0%| F|  |TAMS 0x00000000cf900000, 0x00000000cf900000| Untracked 
| 108|0x00000000cfa00000, 0x00000000cfa00000, 0x00000000cfb00000|  0%| F|  |TAMS 0x00000000cfa00000, 0x00000000cfa00000| Untracked 
| 109|0x00000000cfb00000, 0x00000000cfb00000, 0x00000000cfc00000|  0%| F|  |TAMS 0x00000000cfb00000, 0x00000000cfb00000| Untracked 
| 110|0x00000000cfc00000, 0x00000000cfc00000, 0x00000000cfd00000|  0%| F|  |TAMS 0x00000000cfc00000, 0x00000000cfc00000| Untracked 
| 111|0x00000000cfd00000, 0x00000000cfd00000, 0x00000000cfe00000|  0%| F|  |TAMS 0x00000000cfd00000, 0x00000000cfd00000| Untracked 
| 112|0x00000000cfe00000, 0x00000000cfe00000, 0x00000000cff00000|  0%| F|  |TAMS 0x00000000cfe00000, 0x00000000cfe00000| Untracked 
| 113|0x00000000cff00000, 0x00000000cff00000, 0x00000000d0000000|  0%| F|  |TAMS 0x00000000cff00000, 0x00000000cff00000| Untracked 
| 114|0x00000000d0000000, 0x00000000d0000000, 0x00000000d0100000|  0%| F|  |TAMS 0x00000000d0000000, 0x00000000d0000000| Untracked 
| 115|0x00000000d0100000, 0x00000000d0100000, 0x00000000d0200000|  0%| F|  |TAMS 0x00000000d0100000, 0x00000000d0100000| Untracked 
| 116|0x00000000d0200000, 0x00000000d0200000, 0x00000000d0300000|  0%| F|  |TAMS 0x00000000d0200000, 0x00000000d0200000| Untracked 
| 117|0x00000000d0300000, 0x00000000d0300000, 0x00000000d0400000|  0%| F|  |TAMS 0x00000000d0300000, 0x00000000d0300000| Untracked 

Card table byte_map: [0x0000022fe7880000,0x0000022fe7a40000] _byte_map_base: 0x0000022fe7239000

Marking Bits (Prev, Next): (CMBitMap*) 0x0000022fdfdedd60, (CMBitMap*) 0x0000022fdfdedda0
 Prev Bits: [0x0000022fe7c00000, 0x0000022fe89c8000)
 Next Bits: [0x0000022fe89d0000, 0x0000022fe9798000)

Polling page: 0x0000022fe4200000

Metaspace:

Usage:
  Non-class:     32.97 MB used.
      Class:      4.76 MB used.
       Both:     37.74 MB used.

Virtual space:
  Non-class space:       40.00 MB reserved,      33.19 MB ( 83%) committed,  5 nodes.
      Class space:        1.00 GB reserved,       4.88 MB ( <1%) committed,  1 nodes.
             Both:        1.04 GB reserved,      38.06 MB (  4%) committed. 

Chunk freelists:
   Non-Class:  1.89 MB
       Class:  2.95 MB
        Both:  4.83 MB

MaxMetaspaceSize: unlimited
CompressedClassSpaceSize: 1.00 GB
Initial GC threshold: 21.00 MB
Current GC threshold: 58.38 MB
CDS: off
MetaspaceReclaimPolicy: balanced
 - commit_granule_bytes: 65536.
 - commit_granule_words: 8192.
 - virtual_space_node_default_size: 1048576.
 - enlarge_chunks_in_place: 1.
 - new_chunks_are_fully_committed: 0.
 - uncommit_free_chunks: 1.
 - use_allocation_guard: 0.
 - handle_deallocations: 1.


Internal statistics:

num_allocs_failed_limit: 3.
num_arena_births: 384.
num_arena_deaths: 0.
num_vsnodes_births: 6.
num_vsnodes_deaths: 0.
num_space_committed: 609.
num_space_uncommitted: 0.
num_chunks_returned_to_freelist: 3.
num_chunks_taken_from_freelist: 1518.
num_chunk_merges: 3.
num_chunk_splits: 1048.
num_chunks_enlarged: 808.
num_purges: 0.
num_inconsistent_stats: 0.

CodeCache: size=49152Kb used=7613Kb max_used=7613Kb free=41538Kb
 bounds [0x0000022fe4220000, 0x0000022fe4990000, 0x0000022fe7220000]
 total_blobs=4395 nmethods=3864 adapters=458
 compilation: enabled
              stopped_count=0, restarted_count=0
 full_count=0

Compilation events (20 events):
Event: 20.693 Thread 0x0000022febda38e0 3856       1       jdk.internal.jimage.decompressor.ZipDecompressor::decompress (10 bytes)
Event: 20.693 Thread 0x0000022febda38e0 nmethod 3856 0x0000022fe4988c90 code [0x0000022fe4988e20, 0x0000022fe4988f08]
Event: 20.693 Thread 0x0000022febda38e0 3857       1       nonapi.io.github.classgraph.fileslice.reader.ClassfileReader::readTo (292 bytes)
Event: 20.694 Thread 0x0000022febda38e0 nmethod 3857 0x0000022fe4988f90 code [0x0000022fe49891a0, 0x0000022fe4989868]
Event: 20.694 Thread 0x0000022febda38e0 3862       1       io.github.classgraph.Classfile::extendScanningUpwards (585 bytes)
Event: 20.696 Thread 0x0000022febda38e0 nmethod 3862 0x0000022fe4989a90 code [0x0000022fe4989f00, 0x0000022fe498ae08]
Event: 20.696 Thread 0x0000022febda38e0 3864       1       io.github.classgraph.Classfile::readInterfaces (63 bytes)
Event: 20.696 Thread 0x0000022febda38e0 nmethod 3864 0x0000022fe498b990 code [0x0000022fe498bb60, 0x0000022fe498be78]
Event: 20.696 Thread 0x0000022febda38e0 3859       1       java.nio.HeapByteBuffer::get (64 bytes)
Event: 20.697 Thread 0x0000022febda38e0 nmethod 3859 0x0000022fe498c010 code [0x0000022fe498c200, 0x0000022fe498c598]
Event: 20.697 Thread 0x0000022febda38e0 3860       1       jdk.internal.module.SystemModuleFinders$SystemModuleReader$$Lambda$130/0x00000001001e93f8::apply (12 bytes)
Event: 20.697 Thread 0x0000022febda38e0 nmethod 3860 0x0000022fe498c790 code [0x0000022fe498c920, 0x0000022fe498ca48]
Event: 20.697 Thread 0x0000022febda38e0 3863       1       io.github.classgraph.Classfile::readBasicClassInfo (339 bytes)
Event: 20.699 Thread 0x0000022febda38e0 nmethod 3863 0x0000022fe498cb10 code [0x0000022fe498ce80, 0x0000022fe498dce8]
Event: 20.699 Thread 0x0000022febda38e0 3861   !   1       jdk.internal.module.SystemModuleFinders$SystemModuleReader::toInputStream (43 bytes)
Event: 20.700 Thread 0x0000022febda38e0 nmethod 3861 0x0000022fe498e590 code [0x0000022fe498e780, 0x0000022fe498eca8]
Event: 20.700 Thread 0x0000022febda38e0 3858       1       nonapi.io.github.classgraph.utils.ProxyingInputStream::read (11 bytes)
Event: 20.700 Thread 0x0000022febda38e0 nmethod 3858 0x0000022fe498ef90 code [0x0000022fe498f120, 0x0000022fe498f208]
Event: 20.700 Thread 0x0000022febda38e0 3865   !   1       nonapi.io.github.classgraph.fileslice.reader.ClassfileReader::close (43 bytes)
Event: 20.700 Thread 0x0000022febda38e0 nmethod 3865 0x0000022fe498f290 code [0x0000022fe498f440, 0x0000022fe498f618]

GC Heap History (20 events):
Event: 18.780 GC heap after
{Heap after GC invocations=14 (full 0):
 garbage-first heap   total 45056K, used 25646K [0x00000000c8e00000, 0x0000000100000000)
  region size 1024K, 2 young (2048K), 2 survivors (2048K)
 Metaspace       used 35020K, committed 35328K, reserved 1081344K
  class space    used 4526K, committed 4672K, reserved 1048576K
}
Event: 18.786 GC heap before
{Heap before GC invocations=14 (full 0):
 garbage-first heap   total 45056K, used 26670K [0x00000000c8e00000, 0x0000000100000000)
  region size 1024K, 3 young (3072K), 2 survivors (2048K)
 Metaspace       used 35020K, committed 35328K, reserved 1081344K
  class space    used 4526K, committed 4672K, reserved 1048576K
}
Event: 18.790 GC heap after
{Heap after GC invocations=15 (full 0):
 garbage-first heap   total 45056K, used 24189K [0x00000000c8e00000, 0x0000000100000000)
  region size 1024K, 1 young (1024K), 1 survivors (1024K)
 Metaspace       used 35020K, committed 35328K, reserved 1081344K
  class space    used 4526K, committed 4672K, reserved 1048576K
}
Event: 18.866 GC heap before
{Heap before GC invocations=15 (full 0):
 garbage-first heap   total 45056K, used 31357K [0x00000000c8e00000, 0x0000000100000000)
  region size 1024K, 9 young (9216K), 1 survivors (1024K)
 Metaspace       used 35020K, committed 35328K, reserved 1081344K
  class space    used 4526K, committed 4672K, reserved 1048576K
}
Event: 18.872 GC heap after
{Heap after GC invocations=16 (full 0):
 garbage-first heap   total 45056K, used 26142K [0x00000000c8e00000, 0x0000000100000000)
  region size 1024K, 2 young (2048K), 2 survivors (2048K)
 Metaspace       used 35020K, committed 35328K, reserved 1081344K
  class space    used 4526K, committed 4672K, reserved 1048576K
}
Event: 19.015 GC heap before
{Heap before GC invocations=17 (full 0):
 garbage-first heap   total 51200K, used 33310K [0x00000000c8e00000, 0x0000000100000000)
  region size 1024K, 10 young (10240K), 2 survivors (2048K)
 Metaspace       used 35059K, committed 35392K, reserved 1081344K
  class space    used 4542K, committed 4736K, reserved 1048576K
}
Event: 19.019 GC heap after
{Heap after GC invocations=18 (full 0):
 garbage-first heap   total 51200K, used 28013K [0x00000000c8e00000, 0x0000000100000000)
  region size 1024K, 2 young (2048K), 2 survivors (2048K)
 Metaspace       used 35059K, committed 35392K, reserved 1081344K
  class space    used 4542K, committed 4736K, reserved 1048576K
}
Event: 19.032 GC heap before
{Heap before GC invocations=18 (full 0):
 garbage-first heap   total 51200K, used 28013K [0x00000000c8e00000, 0x0000000100000000)
  region size 1024K, 3 young (3072K), 2 survivors (2048K)
 Metaspace       used 35144K, committed 35520K, reserved 1081344K
  class space    used 4561K, committed 4736K, reserved 1048576K
}
Event: 19.036 GC heap after
{Heap after GC invocations=19 (full 0):
 garbage-first heap   total 51200K, used 27872K [0x00000000c8e00000, 0x0000000100000000)
  region size 1024K, 1 young (1024K), 1 survivors (1024K)
 Metaspace       used 35144K, committed 35520K, reserved 1081344K
  class space    used 4561K, committed 4736K, reserved 1048576K
}
Event: 19.104 GC heap before
{Heap before GC invocations=19 (full 0):
 garbage-first heap   total 51200K, used 38112K [0x00000000c8e00000, 0x0000000100000000)
  region size 1024K, 11 young (11264K), 1 survivors (1024K)
 Metaspace       used 35405K, committed 35712K, reserved 1081344K
  class space    used 4587K, committed 4736K, reserved 1048576K
}
Event: 19.109 GC heap after
{Heap after GC invocations=20 (full 0):
 garbage-first heap   total 120832K, used 29338K [0x00000000c8e00000, 0x0000000100000000)
  region size 1024K, 2 young (2048K), 2 survivors (2048K)
 Metaspace       used 35405K, committed 35712K, reserved 1081344K
  class space    used 4587K, committed 4736K, reserved 1048576K
}
Event: 19.410 GC heap before
{Heap before GC invocations=21 (full 0):
 garbage-first heap   total 120832K, used 78490K [0x00000000c8e00000, 0x0000000100000000)
  region size 1024K, 51 young (52224K), 2 survivors (2048K)
 Metaspace       used 36156K, committed 36480K, reserved 1081344K
  class space    used 4644K, committed 4800K, reserved 1048576K
}
Event: 19.438 GC heap after
{Heap after GC invocations=22 (full 0):
 garbage-first heap   total 120832K, used 37428K [0x00000000c8e00000, 0x0000000100000000)
  region size 1024K, 7 young (7168K), 7 survivors (7168K)
 Metaspace       used 36156K, committed 36480K, reserved 1081344K
  class space    used 4644K, committed 4800K, reserved 1048576K
}
Event: 19.444 GC heap before
{Heap before GC invocations=22 (full 0):
 garbage-first heap   total 120832K, used 38452K [0x00000000c8e00000, 0x0000000100000000)
  region size 1024K, 8 young (8192K), 7 survivors (7168K)
 Metaspace       used 36183K, committed 36480K, reserved 1081344K
  class space    used 4648K, committed 4800K, reserved 1048576K
}
Event: 19.453 GC heap after
{Heap after GC invocations=23 (full 0):
 garbage-first heap   total 120832K, used 38072K [0x00000000c8e00000, 0x0000000100000000)
  region size 1024K, 1 young (1024K), 1 survivors (1024K)
 Metaspace       used 36183K, committed 36480K, reserved 1081344K
  class space    used 4648K, committed 4800K, reserved 1048576K
}
Event: 20.059 GC heap before
{Heap before GC invocations=23 (full 0):
 garbage-first heap   total 120832K, used 81080K [0x00000000c8e00000, 0x0000000100000000)
  region size 1024K, 44 young (45056K), 1 survivors (1024K)
 Metaspace       used 37495K, committed 37760K, reserved 1089536K
  class space    used 4734K, committed 4864K, reserved 1048576K
}
Event: 20.083 GC heap after
{Heap after GC invocations=24 (full 0):
 garbage-first heap   total 120832K, used 48172K [0x00000000c8e00000, 0x0000000100000000)
  region size 1024K, 6 young (6144K), 6 survivors (6144K)
 Metaspace       used 37495K, committed 37760K, reserved 1089536K
  class space    used 4734K, committed 4864K, reserved 1048576K
}
Event: 20.501 GC heap before
{Heap before GC invocations=24 (full 0):
 garbage-first heap   total 120832K, used 87084K [0x00000000c8e00000, 0x0000000100000000)
  region size 1024K, 42 young (43008K), 6 survivors (6144K)
 Metaspace       used 38439K, committed 38720K, reserved 1089536K
  class space    used 4849K, committed 4992K, reserved 1048576K
}
Event: 20.539 GC heap after
{Heap after GC invocations=25 (full 0):
 garbage-first heap   total 120832K, used 64744K [0x00000000c8e00000, 0x0000000100000000)
  region size 1024K, 6 young (6144K), 6 survivors (6144K)
 Metaspace       used 38439K, committed 38720K, reserved 1089536K
  class space    used 4849K, committed 4992K, reserved 1048576K
}
Event: 20.752 GC heap before
{Heap before GC invocations=25 (full 0):
 garbage-first heap   total 120832K, used 87272K [0x00000000c8e00000, 0x0000000100000000)
  region size 1024K, 29 young (29696K), 6 survivors (6144K)
 Metaspace       used 38643K, committed 38976K, reserved 1089536K
  class space    used 4878K, committed 4992K, reserved 1048576K
}

Deoptimization events (10 events):
Event: 10.150 Thread 0x0000022fdfdb5bf0 DEOPT PACKING pc=0x0000022fe45bfe19 sp=0x0000004effdfd300
Event: 10.150 Thread 0x0000022fdfdb5bf0 DEOPT UNPACKING pc=0x0000022fe4272b43 sp=0x0000004effdfc7e0 mode 3
Event: 16.465 Thread 0x0000022fdfdb5bf0 DEOPT PACKING pc=0x0000022fe4717699 sp=0x0000004effdfc7e0
Event: 16.465 Thread 0x0000022fdfdb5bf0 DEOPT UNPACKING pc=0x0000022fe4272b43 sp=0x0000004effdfbcc8 mode 3
Event: 17.979 Thread 0x0000022fecfd8100 DEOPT PACKING pc=0x0000022fe47cb135 sp=0x0000004e817fea30
Event: 17.979 Thread 0x0000022fecfd8100 DEOPT UNPACKING pc=0x0000022fe4272b43 sp=0x0000004e817fdf58 mode 3
Event: 18.332 Thread 0x0000022fecfd8100 DEOPT PACKING pc=0x0000022fe47e2d2b sp=0x0000004e817fea20
Event: 18.332 Thread 0x0000022fecfd8100 DEOPT UNPACKING pc=0x0000022fe4272b43 sp=0x0000004e817fdf68 mode 3
Event: 19.005 Thread 0x0000022fed0abc00 DEOPT PACKING pc=0x0000022fe45bb501 sp=0x0000004e815fd6c0
Event: 19.005 Thread 0x0000022fed0abc00 DEOPT UNPACKING pc=0x0000022fe4272b43 sp=0x0000004e815fcb50 mode 3

Classes unloaded (0 events):
No events

Classes redefined (0 events):
No events

Internal exceptions (20 events):
Event: 18.467 Thread 0x0000022feeca85d0 Exception <a 'sun/nio/fs/WindowsException'{0x00000000cc501228}> (0x00000000cc501228) 
thrown [s\src\hotspot\share\prims\jni.cpp, line 516]
Event: 18.468 Thread 0x0000022feeca85d0 Exception <a 'sun/nio/fs/WindowsException'{0x00000000cc501608}> (0x00000000cc501608) 
thrown [s\src\hotspot\share\prims\jni.cpp, line 516]
Event: 18.468 Thread 0x0000022feeca85d0 Exception <a 'sun/nio/fs/WindowsException'{0x00000000cc501ff8}> (0x00000000cc501ff8) 
thrown [s\src\hotspot\share\prims\jni.cpp, line 516]
Event: 18.468 Thread 0x0000022feeca85d0 Exception <a 'sun/nio/fs/WindowsException'{0x00000000cc5023a0}> (0x00000000cc5023a0) 
thrown [s\src\hotspot\share\prims\jni.cpp, line 516]
Event: 18.469 Thread 0x0000022feeca85d0 Exception <a 'sun/nio/fs/WindowsException'{0x00000000cc502da0}> (0x00000000cc502da0) 
thrown [s\src\hotspot\share\prims\jni.cpp, line 516]
Event: 18.470 Thread 0x0000022feeca85d0 Exception <a 'sun/nio/fs/WindowsException'{0x00000000cc503160}> (0x00000000cc503160) 
thrown [s\src\hotspot\share\prims\jni.cpp, line 516]
Event: 18.470 Thread 0x0000022feeca85d0 Exception <a 'sun/nio/fs/WindowsException'{0x00000000cc503b60}> (0x00000000cc503b60) 
thrown [s\src\hotspot\share\prims\jni.cpp, line 516]
Event: 18.470 Thread 0x0000022feeca85d0 Exception <a 'sun/nio/fs/WindowsException'{0x00000000cc503f10}> (0x00000000cc503f10) 
thrown [s\src\hotspot\share\prims\jni.cpp, line 516]
Event: 18.471 Thread 0x0000022feeca85d0 Exception <a 'sun/nio/fs/WindowsException'{0x00000000cc504910}> (0x00000000cc504910) 
thrown [s\src\hotspot\share\prims\jni.cpp, line 516]
Event: 18.471 Thread 0x0000022feeca85d0 Exception <a 'sun/nio/fs/WindowsException'{0x00000000cc504cd0}> (0x00000000cc504cd0) 
thrown [s\src\hotspot\share\prims\jni.cpp, line 516]
Event: 18.472 Thread 0x0000022feeca85d0 Exception <a 'sun/nio/fs/WindowsException'{0x00000000cc5056f8}> (0x00000000cc5056f8) 
thrown [s\src\hotspot\share\prims\jni.cpp, line 516]
Event: 18.472 Thread 0x0000022feeca85d0 Exception <a 'sun/nio/fs/WindowsException'{0x00000000cc505ad8}> (0x00000000cc505ad8) 
thrown [s\src\hotspot\share\prims\jni.cpp, line 516]
Event: 18.472 Thread 0x0000022feeca85d0 Exception <a 'sun/nio/fs/WindowsException'{0x00000000cc506510}> (0x00000000cc506510) 
thrown [s\src\hotspot\share\prims\jni.cpp, line 516]
Event: 18.472 Thread 0x0000022feeca85d0 Exception <a 'sun/nio/fs/WindowsException'{0x00000000cc506900}> (0x00000000cc506900) 
thrown [s\src\hotspot\share\prims\jni.cpp, line 516]
Event: 18.472 Thread 0x0000022feeca85d0 Exception <a 'sun/nio/fs/WindowsException'{0x00000000cc507328}> (0x00000000cc507328) 
thrown [s\src\hotspot\share\prims\jni.cpp, line 516]
Event: 18.472 Thread 0x0000022feeca85d0 Exception <a 'sun/nio/fs/WindowsException'{0x00000000cc507718}> (0x00000000cc507718) 
thrown [s\src\hotspot\share\prims\jni.cpp, line 516]
Event: 20.198 Thread 0x0000022fee623c80 Exception <a 'java/lang/NoSuchMethodError'{0x00000000cfc3eeb8}: 'java.lang.Object java.lang.invoke.Invokers$Holder.invoke_MT(java.lang.Object, java.lang.Object, java.lang.Object)'> (0x00000000cfc3eeb8) 
thrown [s\src\hotspot\share\interpreter\linkResolver.cpp, line 759]
Event: 20.474 Thread 0x0000022fee623c80 Exception <a 'java/lang/NoSuchMethodError'{0x00000000ce34c278}: 'java.lang.Object java.lang.invoke.DirectMethodHandle$Holder.newInvokeSpecial(java.lang.Object, java.lang.Object, int)'> (0x00000000ce34c278) 
thrown [s\src\hotspot\share\interpreter\linkResolver.cpp, line 759]
Event: 20.546 Thread 0x0000022feeca7290 Exception <a 'java/lang/NoSuchMethodError'{0x00000000d03ce2a0}: 'java.lang.Object java.lang.invoke.Invokers$Holder.linkToTargetMethod(java.lang.Object, long, java.lang.Object)'> (0x00000000d03ce2a0) 
thrown [s\src\hotspot\share\interpreter\linkResolver.cpp, line 759]
Event: 20.568 Thread 0x0000022feeca7290 Exception <a 'sun/nio/fs/WindowsException'{0x00000000d01058b0}> (0x00000000d01058b0) 
thrown [s\src\hotspot\share\prims\jni.cpp, line 516]

VM Operations (20 events):
Event: 19.163 Executing VM operation: G1Concurrent done
Event: 19.193 Executing VM operation: G1Concurrent
Event: 19.193 Executing VM operation: G1Concurrent done
Event: 19.383 Executing VM operation: HandshakeAllThreads
Event: 19.409 Executing VM operation: HandshakeAllThreads done
Event: 19.410 Executing VM operation: G1CollectForAllocation
Event: 19.439 Executing VM operation: G1CollectForAllocation done
Event: 19.443 Executing VM operation: G1CollectForAllocation
Event: 19.454 Executing VM operation: G1CollectForAllocation done
Event: 20.058 Executing VM operation: G1CollectForAllocation
Event: 20.084 Executing VM operation: G1CollectForAllocation done
Event: 20.167 Executing VM operation: HandshakeAllThreads
Event: 20.167 Executing VM operation: HandshakeAllThreads done
Event: 20.170 Executing VM operation: HandshakeAllThreads
Event: 20.170 Executing VM operation: HandshakeAllThreads done
Event: 20.285 Executing VM operation: HandshakeAllThreads
Event: 20.285 Executing VM operation: HandshakeAllThreads done
Event: 20.501 Executing VM operation: G1CollectForAllocation
Event: 20.540 Executing VM operation: G1CollectForAllocation done
Event: 20.707 Executing VM operation: G1CollectForAllocation

Events (20 events):
Event: 20.286 loading class java/nio/file/FileVisitResult
Event: 20.287 loading class java/nio/file/FileVisitResult done
Event: 20.349 loading class java/nio/channels/Channels$ReadableByteChannelImpl
Event: 20.349 loading class java/nio/channels/Channels$ReadableByteChannelImpl done
Event: 20.350 loading class java/nio/channels/NonWritableChannelException
Event: 20.350 loading class java/nio/channels/NonWritableChannelException done
Event: 20.439 loading class java/util/WeakHashMap$EntrySet
Event: 20.461 loading class java/util/WeakHashMap$EntrySet done
Event: 20.461 loading class java/util/WeakHashMap$EntryIterator
Event: 20.461 loading class java/util/WeakHashMap$HashIterator
Event: 20.462 loading class java/util/WeakHashMap$HashIterator done
Event: 20.462 loading class java/util/WeakHashMap$EntryIterator done
Event: 20.482 Thread 0x0000022feeca7290 Thread added: 0x0000022feeca7290
Event: 20.491 Thread 0x0000022feeca6420 Thread added: 0x0000022feeca6420
Event: 20.549 loading class java/security/NoSuchAlgorithmException
Event: 20.549 loading class java/security/NoSuchAlgorithmException done
Event: 20.550 loading class sun/security/provider/MD5
Event: 20.550 loading class sun/security/provider/MD5 done
Event: 20.551 loading class sun/security/provider/ByteArrayAccess$LE
Event: 20.551 loading class sun/security/provider/ByteArrayAccess$LE done


Dynamic libraries:
0x00007ff722590000 - 0x00007ff72259e000 	c:\Users\nicho\.vscode\extensions\redhat.java-1.12.0-win32-x64\jre\17.0.4.1-win32-x86_64\bin\java.exe
0x00007ffaf8f70000 - 0x00007ffaf9168000 	C:\WINDOWS\SYSTEM32\ntdll.dll
0x00007ffaf8020000 - 0x00007ffaf80df000 	C:\WINDOWS\System32\KERNEL32.DLL
0x00007ffaf6b30000 - 0x00007ffaf6e02000 	C:\WINDOWS\System32\KERNELBASE.dll
0x00007ffaf6870000 - 0x00007ffaf6970000 	C:\WINDOWS\System32\ucrtbase.dll
0x00007ffaf08e0000 - 0x00007ffaf08f8000 	c:\Users\nicho\.vscode\extensions\redhat.java-1.12.0-win32-x64\jre\17.0.4.1-win32-x86_64\bin\jli.dll
0x00007ffaf78a0000 - 0x00007ffaf7a3d000 	C:\WINDOWS\System32\USER32.dll
0x00007ffaf69a0000 - 0x00007ffaf69c2000 	C:\WINDOWS\System32\win32u.dll
0x00007ffaf8100000 - 0x00007ffaf812b000 	C:\WINDOWS\System32\GDI32.dll
0x00007ffaf6670000 - 0x00007ffaf677f000 	C:\WINDOWS\System32\gdi32full.dll
0x00007ffaf6780000 - 0x00007ffaf681d000 	C:\WINDOWS\System32\msvcp_win.dll
0x00007ffaf0850000 - 0x00007ffaf0869000 	c:\Users\nicho\.vscode\extensions\redhat.java-1.12.0-win32-x64\jre\17.0.4.1-win32-x86_64\bin\VCRUNTIME140.dll
0x00007ffae3060000 - 0x00007ffae32fa000 	C:\WINDOWS\WinSxS\amd64_microsoft.windows.common-controls_6595b64144ccf1df_6.0.19041.1110_none_60b5254171f9507e\COMCTL32.dll
0x00007ffaf8bd0000 - 0x00007ffaf8c6e000 	C:\WINDOWS\System32\msvcrt.dll
0x00007ffaf7e30000 - 0x00007ffaf7e62000 	C:\WINDOWS\System32\IMM32.DLL
0x00007ffaf3e20000 - 0x00007ffaf3e2c000 	c:\Users\nicho\.vscode\extensions\redhat.java-1.12.0-win32-x64\jre\17.0.4.1-win32-x86_64\bin\vcruntime140_1.dll
0x00007ffadee10000 - 0x00007ffadeea1000 	c:\Users\nicho\.vscode\extensions\redhat.java-1.12.0-win32-x64\jre\17.0.4.1-win32-x86_64\bin\msvcp140.dll
0x00007ffa865e0000 - 0x00007ffa87226000 	c:\Users\nicho\.vscode\extensions\redhat.java-1.12.0-win32-x64\jre\17.0.4.1-win32-x86_64\bin\server\jvm.dll
0x00007ffaf8b20000 - 0x00007ffaf8bce000 	C:\WINDOWS\System32\ADVAPI32.dll
0x00007ffaf8530000 - 0x00007ffaf85cc000 	C:\WINDOWS\System32\sechost.dll
0x00007ffaf8d30000 - 0x00007ffaf8e55000 	C:\WINDOWS\System32\RPCRT4.dll
0x00007ffaf7830000 - 0x00007ffaf7838000 	C:\WINDOWS\System32\PSAPI.DLL
0x00007ffab66d0000 - 0x00007ffab66d9000 	C:\WINDOWS\SYSTEM32\WSOCK32.dll
0x00007ffaf8310000 - 0x00007ffaf837b000 	C:\WINDOWS\System32\WS2_32.dll
0x00007ffaed960000 - 0x00007ffaed96a000 	C:\WINDOWS\SYSTEM32\VERSION.dll
0x00007ffaed930000 - 0x00007ffaed957000 	C:\WINDOWS\SYSTEM32\WINMM.dll
0x00007ffaf4530000 - 0x00007ffaf4542000 	C:\WINDOWS\SYSTEM32\kernel.appcore.dll
0x00007ffaf0960000 - 0x00007ffaf096a000 	c:\Users\nicho\.vscode\extensions\redhat.java-1.12.0-win32-x64\jre\17.0.4.1-win32-x86_64\bin\jimage.dll
0x00007ffae4f60000 - 0x00007ffae5144000 	C:\WINDOWS\SYSTEM32\DBGHELP.DLL
0x00007ffae46b0000 - 0x00007ffae46dc000 	C:\WINDOWS\SYSTEM32\dbgcore.DLL
0x00007ffaf6e80000 - 0x00007ffaf6f02000 	C:\WINDOWS\System32\bcryptPrimitives.dll
0x00007ffaf00f0000 - 0x00007ffaf0115000 	c:\Users\nicho\.vscode\extensions\redhat.java-1.12.0-win32-x64\jre\17.0.4.1-win32-x86_64\bin\java.dll
0x00007ffaf00d0000 - 0x00007ffaf00e8000 	c:\Users\nicho\.vscode\extensions\redhat.java-1.12.0-win32-x64\jre\17.0.4.1-win32-x86_64\bin\zip.dll
0x00007ffaf7080000 - 0x00007ffaf77c3000 	C:\WINDOWS\System32\SHELL32.dll
0x00007ffaf4730000 - 0x00007ffaf4ec2000 	C:\WINDOWS\SYSTEM32\windows.storage.dll
0x00007ffaf7a40000 - 0x00007ffaf7d94000 	C:\WINDOWS\System32\combase.dll
0x00007ffaf5ff0000 - 0x00007ffaf6020000 	C:\WINDOWS\SYSTEM32\Wldp.dll
0x00007ffaf6fd0000 - 0x00007ffaf707d000 	C:\WINDOWS\System32\SHCORE.dll
0x00007ffaf8cd0000 - 0x00007ffaf8d25000 	C:\WINDOWS\System32\shlwapi.dll
0x00007ffaf65b0000 - 0x00007ffaf65cf000 	C:\WINDOWS\SYSTEM32\profapi.dll
0x00007ffaee870000 - 0x00007ffaee889000 	C:\Users\nicho\.vscode\extensions\redhat.java-1.12.0-win32-x64\jre\17.0.4.1-win32-x86_64\bin\net.dll
0x00007ffae7080000 - 0x00007ffae718c000 	C:\WINDOWS\SYSTEM32\WINHTTP.dll
0x00007ffaf5d50000 - 0x00007ffaf5dba000 	C:\WINDOWS\system32\mswsock.dll
0x00007ffaee7a0000 - 0x00007ffaee7b5000 	C:\Users\nicho\.vscode\extensions\redhat.java-1.12.0-win32-x64\jre\17.0.4.1-win32-x86_64\bin\nio.dll
0x00007ffaeffd0000 - 0x00007ffaeffe0000 	c:\Users\nicho\.vscode\extensions\redhat.java-1.12.0-win32-x64\jre\17.0.4.1-win32-x86_64\bin\verify.dll
0x00007ffaf3e50000 - 0x00007ffaf3e59000 	C:\Users\nicho\.vscode\extensions\redhat.java-1.12.0-win32-x64\jre\17.0.4.1-win32-x86_64\bin\management.dll
0x00007ffaf0f90000 - 0x00007ffaf0f9b000 	C:\Users\nicho\.vscode\extensions\redhat.java-1.12.0-win32-x64\jre\17.0.4.1-win32-x86_64\bin\management_ext.dll
0x00007ffae27f0000 - 0x00007ffae2807000 	C:\WINDOWS\system32\napinsp.dll
0x00007ffae27d0000 - 0x00007ffae27eb000 	C:\WINDOWS\system32\pnrpnsp.dll
0x00007ffaf0bf0000 - 0x00007ffaf0c05000 	C:\WINDOWS\system32\wshbth.dll
0x00007ffaf2020000 - 0x00007ffaf203d000 	C:\WINDOWS\system32\NLAapi.dll
0x00007ffaf5a40000 - 0x00007ffaf5a7b000 	C:\WINDOWS\SYSTEM32\IPHLPAPI.DLL
0x00007ffaf5a80000 - 0x00007ffaf5b4a000 	C:\WINDOWS\SYSTEM32\DNSAPI.dll
0x00007ffaf6fc0000 - 0x00007ffaf6fc8000 	C:\WINDOWS\System32\NSI.dll
0x00007ffae27b0000 - 0x00007ffae27c2000 	C:\WINDOWS\System32\winrnr.dll
0x00007ffae7070000 - 0x00007ffae707a000 	C:\Windows\System32\rasadhlp.dll
0x00007ffae7310000 - 0x00007ffae7390000 	C:\WINDOWS\System32\fwpuclnt.dll
0x00007ffaf6970000 - 0x00007ffaf6997000 	C:\WINDOWS\System32\bcrypt.dll
0x00007ffaf5f40000 - 0x00007ffaf5f58000 	C:\WINDOWS\SYSTEM32\CRYPTSP.dll
0x00007ffaf5670000 - 0x00007ffaf56a4000 	C:\WINDOWS\system32\rsaenh.dll
0x00007ffaf6570000 - 0x00007ffaf659e000 	C:\WINDOWS\SYSTEM32\USERENV.dll
0x00007ffaf5f60000 - 0x00007ffaf5f6c000 	C:\WINDOWS\SYSTEM32\CRYPTBASE.dll
0x00007ffaeb6b0000 - 0x00007ffaeb6c7000 	C:\WINDOWS\SYSTEM32\dhcpcsvc6.DLL
0x00007ffaeb8e0000 - 0x00007ffaeb8fd000 	C:\WINDOWS\SYSTEM32\dhcpcsvc.DLL

dbghelp: loaded successfully - version: 4.0.5 - missing functions: none
symbol engine: initialized successfully - sym options: 0x614 - pdb path: .;c:\Users\nicho\.vscode\extensions\redhat.java-1.12.0-win32-x64\jre\17.0.4.1-win32-x86_64\bin;C:\WINDOWS\SYSTEM32;C:\WINDOWS\WinSxS\amd64_microsoft.windows.common-controls_6595b64144ccf1df_6.0.19041.1110_none_60b5254171f9507e;c:\Users\nicho\.vscode\extensions\redhat.java-1.12.0-win32-x64\jre\17.0.4.1-win32-x86_64\bin\server

VM Arguments:
jvm_args: -Dsts.lsp.client=vscode -Dsts.log.file=/dev/null -XX:TieredStopAtLevel=1 -Xlog:jni+resolve=off -Dspring.config.location=file:c:\Users\nicho\.vscode\extensions\pivotal.vscode-spring-boot-1.40.0\language-server\BOOT-INF\classes\application.properties 
java_command: org.springframework.ide.vscode.boot.app.BootLanguageServerBootApp
java_class_path (initial): c:\Users\nicho\.vscode\extensions\pivotal.vscode-spring-boot-1.40.0\language-server\BOOT-INF\classes;c:\Users\nicho\.vscode\extensions\pivotal.vscode-spring-boot-1.40.0\language-server\BOOT-INF\lib\annotations-23.0.0.jar;c:\Users\nicho\.vscode\extensions\pivotal.vscode-spring-boot-1.40.0\language-server\BOOT-INF\lib\ant-1.10.12.jar;c:\Users\nicho\.vscode\extensions\pivotal.vscode-spring-boot-1.40.0\language-server\BOOT-INF\lib\ant-launcher-1.10.12.jar;c:\Users\nicho\.vscode\extensions\pivotal.vscode-spring-boot-1.40.0\language-server\BOOT-INF\lib\antlr-runtime-3.5.2.jar;c:\Users\nicho\.vscode\extensions\pivotal.vscode-spring-boot-1.40.0\language-server\BOOT-INF\lib\antlr4-4.9.3.jar;c:\Users\nicho\.vscode\extensions\pivotal.vscode-spring-boot-1.40.0\language-server\BOOT-INF\lib\antlr4-runtime-4.9.3.jar;c:\Users\nicho\.vscode\extensions\pivotal.vscode-spring-boot-1.40.0\language-server\BOOT-INF\lib\asm-9.3.jar;c:\Users\nicho\.vscode\extensions\pivotal.vscode-spring-boot-1.40.0\language-server\BOOT-INF\lib\asm-analysis-9.3.jar;c:\Users\nicho\.vscode\extensions\pivotal.vscode-spring-boot-1.40.0\language-server\BOOT-INF\lib\asm-tree-9.3.jar;c:\Users\nicho\.vscode\extensions\pivotal.vscode-spring-boot-1.40.0\language-server\BOOT-INF\lib\asm-util-9.3.jar;c:\Users\nicho\.vscode\extensions\pivotal.vscode-spring-boot-1.40.0\language-server\BOOT-INF\lib\byte-buddy-1.12.13.jar;c:\Users\nicho\.vscode\extensions\pivotal.vscode-spring-boot-1.40.0\language-server\BOOT-INF\lib\caffeine-2.9.3.jar;c:\Users\nicho\.vscode\extensions\pivotal.vscode-spring-boot-1.40.0\language-server\BOOT-INF\lib\checker-qual-3.12.0.jar;c:\Users\nicho\.vscode\extensions\pivotal.vscode-spring-boot-1.40.0\language-server\BOOT-INF\lib\classgraph-4.8.149.jar;c:\Users\nicho\.vscode\extensions\pivotal.vscode-spring-boot-1.40.0\language-server\BOOT-INF\lib\commons-codec-1.15.jar;c:\Users\nicho\.vscode\extensions\pivotal.vscode-spring-boot-1.40.0\language-server\BOOT-INF\lib\commons-c
Launcher Type: SUN_STANDARD

[Global flags]
     intx CICompilerCount                          = 3                                         {product} {ergonomic}
     uint ConcGCThreads                            = 1                                         {product} {ergonomic}
     uint G1ConcRefinementThreads                  = 4                                         {product} {ergonomic}
   size_t G1HeapRegionSize                         = 1048576                                   {product} {ergonomic}
    uintx GCDrainStackTargetSize                   = 64                                        {product} {ergonomic}
   size_t InitialHeapSize                          = 58720256                                  {product} {ergonomic}
   size_t MarkStackSize                            = 4194304                                   {product} {ergonomic}
   size_t MaxHeapSize                              = 924844032                                 {product} {ergonomic}
   size_t MaxNewSize                               = 554696704                                 {product} {ergonomic}
   size_t MinHeapDeltaBytes                        = 1048576                                   {product} {ergonomic}
   size_t MinHeapSize                              = 8388608                                   {product} {ergonomic}
    uintx NonProfiledCodeHeapSize                  = 0                                      {pd product} {ergonomic}
     bool ProfileInterpreter                       = false                                  {pd product} {command line}
    uintx ProfiledCodeHeapSize                     = 0                                      {pd product} {ergonomic}
   size_t SoftMaxHeapSize                          = 924844032                              {manageable} {ergonomic}
     intx TieredStopAtLevel                        = 1                                         {product} {command line}
     bool UseCompressedClassPointers               = true                           {product lp64_product} {ergonomic}
     bool UseCompressedOops                        = true                           {product lp64_product} {ergonomic}
     bool UseG1GC                                  = true                                      {product} {ergonomic}
     bool UseLargePagesIndividualAllocation        = false                                  {pd product} {ergonomic}

Logging:
Log output configuration:
 #0: stdout all=warning,jni+resolve=off uptime,level,tags
 #1: stderr all=off uptime,level,tags

Environment Variables:
PATH=C:\WINDOWS\system32;C:\WINDOWS;C:\WINDOWS\System32\Wbem;C:\WINDOWS\System32\WindowsPowerShell\v1.0\;C:\WINDOWS\System32\OpenSSH\;C:\Program Files\nodejs\;C:\Program Files\Go\bin;C:\Program Files\Git\cmd;C:\Program Files\dotnet\;C:\Program Files\Microsoft SQL Server\150\Tools\Binn\;C:\Program Files\Microsoft SQL Server\Client SDK\ODBC\170\Tools\Binn\;C:\Users\nicho\mongosh-1.6.0-win32-x64\bin\mongosh.exe\;C:\Users\nicho\AppData\Local\Programs\Python\Python39\Scripts\;C:\Users\nicho\AppData\Local\Programs\Python\Python39\;C:\Users\nicho\AppData\Local\Microsoft\WindowsApps;C:\Users\nicho\AppData\Local\GitHubDesktop\bin;C:\Users\nicho\AppData\Local\Programs\Microsoft VS Code\bin;C:\Users\nicho\AppData\Local\Microsoft\WindowsApps;C:\Users\nicho\AppData\Roaming\npm;C:\Users\nicho\go\bin;C:\Users\nicho\.dotnet\tools;C:\Users\nicho\mongosh-1.6.0-win32-x64\bin\mongosh.exe\;C:\Program Files\CodeBlocks\MinGW\bin;C:\Users\nicho\AppData\Local\Packages\PythonSoftwareFoundation.Python.3.9_qbz5n2kfra8p0\LocalCache\local-packages\Python39\Scripts;
USERNAME=nicho
OS=Windows_NT
PROCESSOR_IDENTIFIER=AMD64 Family 23 Model 24 Stepping 1, AuthenticAMD
TMP=C:\Users\nicho\AppData\Local\Temp
TEMP=C:\Users\nicho\AppData\Local\Temp



---------------  S Y S T E M  ---------------

OS:
 Windows 10 , 64 bit Build 19041 (10.0.19041.2251)
OS uptime: 2 days 3:31 hours

CPU: total 4 (initial active 4) (4 cores per cpu, 2 threads per core) family 23 model 24 stepping 1 microcode 0x0, cx8, cmov, fxsr, ht, mmx, 3dnowpref, sse, sse2, sse3, ssse3, sse4a, sse4.1, sse4.2, popcnt, lzcnt, tsc, tscinvbit, avx, avx2, aes, clmul, bmi1, bmi2, adx, sha, fma, vzeroupper, clflush, clflushopt

Memory: 4k page, system-wide physical 3522M (67M free)
TotalPageFile size 14274M (AvailPageFile size 156M)
current process WorkingSet (physical memory assigned to process): 174M, peak: 176M
current process commit charge ("private bytes"): 248M, peak: 422M

vm_info: OpenJDK 64-Bit Server VM (17.0.4.1+1) for windows-amd64 JRE (17.0.4.1+1), built on Aug 17 2022 07:42:43 by "temurin" with MS VC++ 16.7 (VS2019)

END.
