#
# There is insufficient memory for the Java Runtime Environment to continue.
# Native memory allocation (mmap) failed to map 218103808 bytes for G1 virtual space
# Possible reasons:
#   The system is out of physical RAM or swap space
#   The process is running with CompressedOops enabled, and the Java Heap may be blocking the growth of the native heap
# Possible solutions:
#   Reduce memory load on the system
#   Increase physical memory or swap space
#   Check if swap backing store is full
#   Decrease Java heap size (-Xmx/-Xms)
#   Decrease number of Java threads
#   Decrease Java thread stack sizes (-Xss)
#   Set larger code cache with -XX:ReservedCodeCacheSize=
#   JVM is running with Unscaled Compressed Oops mode in which the Java heap is
#     placed in the first 4GB address space. The Java Heap base address is the
#     maximum limit for the native heap growth. Please use -XX:HeapBaseMinAddress
#     to set the Java Heap base and to place the Java Heap above 4GB virtual address.
# This output file may be truncated or incomplete.
#
#  Out of Memory Error (os_windows.cpp:3541), pid=12952, tid=13292
#
# JRE version: OpenJDK Runtime Environment Temurin-17.0.4.1+1 (17.0.4.1+1) (build 17.0.4.1+1)
# Java VM: OpenJDK 64-Bit Server VM Temurin-17.0.4.1+1 (17.0.4.1+1, mixed mode, emulated-client, tiered, compressed oops, compressed class ptrs, g1 gc, windows-amd64)
# No core dump will be written. Minidumps are not enabled by default on client versions of Windows
#

---------------  S U M M A R Y ------------

Command Line: -Dsts.lsp.client=vscode -Dsts.log.file=/dev/null -XX:TieredStopAtLevel=1 -Xlog:jni+resolve=off -Dspring.config.location=file:c:\Users\nicho\.vscode\extensions\pivotal.vscode-spring-boot-1.40.0\language-server\BOOT-INF\classes\application.properties org.springframework.ide.vscode.boot.app.BootLanguageServerBootApp

Host: AMD Ryzen 3 3200U with Radeon Vega Mobile Gfx  , 4 cores, 3G,  Windows 10 , 64 bit Build 19041 (10.0.19041.2251)
Time: Sun Nov 27 16:58:33 2022 Haiti Standard Time elapsed time: 14.878500 seconds (0d 0h 0m 14s)

---------------  T H R E A D  ---------------

Current thread (0x000001dfae595af0):  VMThread "VM Thread" [stack: 0x0000005d20300000,0x0000005d20400000] [id=13292]

Stack: [0x0000005d20300000,0x0000005d20400000]
Native frames: (J=compiled Java code, j=interpreted, Vv=VM code, C=native code)
V  [jvm.dll+0x67731a]
V  [jvm.dll+0x832284]
V  [jvm.dll+0x833a2e]
V  [jvm.dll+0x834093]
V  [jvm.dll+0x245775]
V  [jvm.dll+0x674209]
V  [jvm.dll+0x668a92]
V  [jvm.dll+0x30471b]
V  [jvm.dll+0x30bc66]
V  [jvm.dll+0x35ba9e]
V  [jvm.dll+0x35bccf]
V  [jvm.dll+0x2db5b8]
V  [jvm.dll+0x2d986c]
V  [jvm.dll+0x2d8e3c]
V  [jvm.dll+0x31cd9b]
V  [jvm.dll+0x83853b]
V  [jvm.dll+0x839274]
V  [jvm.dll+0x83978c]
V  [jvm.dll+0x839b64]
V  [jvm.dll+0x839c30]
V  [jvm.dll+0x7e240a]
V  [jvm.dll+0x6761a5]
C  [ucrtbase.dll+0x21bb2]
C  [KERNEL32.DLL+0x174b4]
C  [ntdll.dll+0x526a1]

VM_Operation (0x0000005d220fe550): G1CollectForAllocation, mode: safepoint, requested by thread 0x000001dfb113ab80


---------------  P R O C E S S  ---------------

Threads class SMR info:
_java_thread_list=0x000001dfb1502900, length=30, elements={
0x000001dfae5bf770, 0x000001dfae5c05e0, 0x000001dfae5fc010, 0x000001dfae5fed90,
0x000001dfae601760, 0x000001dfae602110, 0x000001dfae602b70, 0x000001dfae604480,
0x000001dfaf1b0000, 0x000001dfaf1bb4e0, 0x000001dfafb70d80, 0x000001dfae64d8b0,
0x000001dfb0e1eca0, 0x000001dfb0ea4280, 0x000001dfa4583370, 0x000001dfb0e77b40,
0x000001dfb1027a80, 0x000001dfb0e962b0, 0x000001dfb10b7020, 0x000001dfb1138e50,
0x000001dfb113cd30, 0x000001dfb113a1e0, 0x000001dfb1139370, 0x000001dfb113a6b0,
0x000001dfb1139840, 0x000001dfb113ab80, 0x000001dfb113b050, 0x000001dfb113b520,
0x000001dfb113b9f0, 0x000001dfb113bec0
}

Java Threads: ( => current thread )
  0x000001dfae5bf770 JavaThread "Reference Handler" daemon [_thread_blocked, id=5888, stack(0x0000005d20400000,0x0000005d20500000)]
  0x000001dfae5c05e0 JavaThread "Finalizer" daemon [_thread_blocked, id=10680, stack(0x0000005d20500000,0x0000005d20600000)]
  0x000001dfae5fc010 JavaThread "Signal Dispatcher" daemon [_thread_blocked, id=15548, stack(0x0000005d20600000,0x0000005d20700000)]
  0x000001dfae5fed90 JavaThread "Attach Listener" daemon [_thread_blocked, id=7296, stack(0x0000005d20700000,0x0000005d20800000)]
  0x000001dfae601760 JavaThread "Service Thread" daemon [_thread_blocked, id=8500, stack(0x0000005d20800000,0x0000005d20900000)]
  0x000001dfae602110 JavaThread "Monitor Deflation Thread" daemon [_thread_blocked, id=16328, stack(0x0000005d20900000,0x0000005d20a00000)]
  0x000001dfae602b70 JavaThread "C1 CompilerThread0" daemon [_thread_blocked, id=15028, stack(0x0000005d20a00000,0x0000005d20b00000)]
  0x000001dfae604480 JavaThread "Sweeper thread" daemon [_thread_blocked, id=11448, stack(0x0000005d20b00000,0x0000005d20c00000)]
  0x000001dfaf1b0000 JavaThread "Notification Thread" daemon [_thread_blocked, id=9956, stack(0x0000005d20c00000,0x0000005d20d00000)]
  0x000001dfaf1bb4e0 JavaThread "Common-Cleaner" daemon [_thread_blocked, id=10812, stack(0x0000005d20e00000,0x0000005d20f00000)]
  0x000001dfafb70d80 JavaThread "C1 CompilerThread1" daemon [_thread_blocked, id=13908, stack(0x0000005d21200000,0x0000005d21300000)]
  0x000001dfae64d8b0 JavaThread "boundedElastic-evictor-1" daemon [_thread_blocked, id=224, stack(0x0000005d21300000,0x0000005d21400000)]
  0x000001dfb0e1eca0 JavaThread "pool-9-thread-1" [_thread_blocked, id=10944, stack(0x0000005d21400000,0x0000005d21500000)]
  0x000001dfb0ea4280 JavaThread "LanguageServerApp-lifecycle" [_thread_blocked, id=7592, stack(0x0000005d21500000,0x0000005d21600000)]
  0x000001dfa4583370 JavaThread "DestroyJavaVM" [_thread_blocked, id=13840, stack(0x0000005d1fd00000,0x0000005d1fe00000)]
  0x000001dfb0e77b40 JavaThread "pool-10-thread-1" [_thread_in_native, id=1088, stack(0x0000005d21600000,0x0000005d21700000)]
  0x000001dfb1027a80 JavaThread "Simple-Language-Server main thread" daemon [_thread_blocked, id=14692, stack(0x0000005d21700000,0x0000005d21800000)]
  0x000001dfb0e962b0 JavaThread "ForkJoinPool.commonPool-worker-1" daemon [_thread_blocked, id=10636, stack(0x0000005d21800000,0x0000005d21900000)]
  0x000001dfb10b7020 JavaThread "ClassGraph-worker-0" daemon [_thread_blocked, id=6732, stack(0x0000005d21900000,0x0000005d21a00000)]
  0x000001dfb1138e50 JavaThread "ClassGraph-worker-1" daemon [_thread_blocked, id=15408, stack(0x0000005d21a00000,0x0000005d21b00000)]
  0x000001dfb113cd30 JavaThread "ClassGraph-worker-2" daemon [_thread_blocked, id=7724, stack(0x0000005d21b00000,0x0000005d21c00000)]
  0x000001dfb113a1e0 JavaThread "ClassGraph-worker-3" daemon [_thread_blocked, id=8012, stack(0x0000005d21c00000,0x0000005d21d00000)]
  0x000001dfb1139370 JavaThread "ClassGraph-worker-4" daemon [_thread_blocked, id=4404, stack(0x0000005d21d00000,0x0000005d21e00000)]
  0x000001dfb113a6b0 JavaThread "ClassGraph-worker-5" daemon [_thread_blocked, id=7968, stack(0x0000005d21e00000,0x0000005d21f00000)]
  0x000001dfb1139840 JavaThread "ClassGraph-worker-6" daemon [_thread_blocked, id=12188, stack(0x0000005d21f00000,0x0000005d22000000)]
  0x000001dfb113ab80 JavaThread "ClassGraph-worker-7" daemon [_thread_blocked, id=3968, stack(0x0000005d22000000,0x0000005d22100000)]
  0x000001dfb113b050 JavaThread "parallel-1" daemon [_thread_blocked, id=15800, stack(0x0000005d22100000,0x0000005d22200000)]
  0x000001dfb113b520 JavaThread "pool-5-thread-1" [_thread_blocked, id=4944, stack(0x0000005d22200000,0x0000005d22300000)]
  0x000001dfb113b9f0 JavaThread "parallel-2" daemon [_thread_blocked, id=10980, stack(0x0000005d22300000,0x0000005d22400000)]
  0x000001dfb113bec0 JavaThread "Project-Reconciler-1" daemon [_thread_blocked, id=12652, stack(0x0000005d22400000,0x0000005d22500000)]

Other Threads:
=>0x000001dfae595af0 VMThread "VM Thread" [stack: 0x0000005d20300000,0x0000005d20400000] [id=13292]
  0x000001dfa4656be0 WatcherThread [stack: 0x0000005d20d00000,0x0000005d20e00000] [id=8716]
  0x000001dfa45bc290 GCTaskThread "GC Thread#0" [stack: 0x0000005d1fe00000,0x0000005d1ff00000] [id=12592]
  0x000001dfaf9d1780 GCTaskThread "GC Thread#1" [stack: 0x0000005d20f00000,0x0000005d21000000] [id=8464]
  0x000001dfaf9e7d60 GCTaskThread "GC Thread#2" [stack: 0x0000005d21000000,0x0000005d21100000] [id=10316]
  0x000001dfafb03d20 GCTaskThread "GC Thread#3" [stack: 0x0000005d21100000,0x0000005d21200000] [id=14020]
  0x000001dfa45c5020 ConcurrentGCThread "G1 Main Marker" [stack: 0x0000005d1ff00000,0x0000005d20000000] [id=15336]
  0x000001dfa45c5a30 ConcurrentGCThread "G1 Conc#0" [stack: 0x0000005d20000000,0x0000005d20100000] [id=15072]
  0x000001dfa46026e0 ConcurrentGCThread "G1 Refine#0" [stack: 0x0000005d20100000,0x0000005d20200000] [id=11752]
  0x000001dfa4603100 ConcurrentGCThread "G1 Service" [stack: 0x0000005d20200000,0x0000005d20300000] [id=16296]

Threads with active compile tasks:

VM state: at safepoint (normal execution)

VM Mutex/Monitor currently owned by a thread:  ([mutex/lock_event])
[0x000001dfa2366430] Threads_lock - owner thread: 0x000001dfae595af0
[0x000001dfa45803f0] Heap_lock - owner thread: 0x000001dfb113ab80

Heap address: 0x00000000c8e00000, size: 882 MB, Compressed Oops mode: 32-bit

CDS archive(s) not mapped
Compressed class space mapped at: 0x0000000100000000-0x0000000140000000, reserved size: 1073741824
Narrow klass base: 0x0000000000000000, Narrow klass shift: 3, Narrow klass range: 0x140000000

GC Precious Log:
 CPUs: 4 total, 4 available
 Memory: 3522M
 Large Page Support: Disabled
 NUMA Support: Disabled
 Compressed Oops: Enabled (32-bit)
 Heap Region Size: 1M
 Heap Min Capacity: 8M
 Heap Initial Capacity: 56M
 Heap Max Capacity: 882M
 Pre-touch: Disabled
 Parallel Workers: 4
 Concurrent Workers: 1
 Concurrent Refinement Workers: 4
 Periodic GC: Disabled

Heap:
 garbage-first heap   total 164864K, used 81024K [0x00000000c8e00000, 0x0000000100000000)
  region size 1024K, 7 young (7168K), 7 survivors (7168K)
 Metaspace       used 38797K, committed 39232K, reserved 1089536K
  class space    used 4906K, committed 5120K, reserved 1048576K

Heap Regions: E=young(eden), S=young(survivor), O=old, HS=humongous(starts), HC=humongous(continues), CS=collection set, F=free, OA=open archive, CA=closed archive, TAMS=top-at-mark-start (previous, next)
|   0|0x00000000c8e00000, 0x00000000c8f00000, 0x00000000c8f00000|100%| O|  |TAMS 0x00000000c8f00000, 0x00000000c8e00000| Untracked 
|   1|0x00000000c8f00000, 0x00000000c9000000, 0x00000000c9000000|100%| O|  |TAMS 0x00000000c9000000, 0x00000000c8f00000| Untracked 
|   2|0x00000000c9000000, 0x00000000c9100000, 0x00000000c9100000|100%| O|  |TAMS 0x00000000c9100000, 0x00000000c9000000| Untracked 
|   3|0x00000000c9100000, 0x00000000c9200000, 0x00000000c9200000|100%| O|  |TAMS 0x00000000c9200000, 0x00000000c9100000| Untracked 
|   4|0x00000000c9200000, 0x00000000c9300000, 0x00000000c9300000|100%| O|  |TAMS 0x00000000c9300000, 0x00000000c9200000| Untracked 
|   5|0x00000000c9300000, 0x00000000c9400000, 0x00000000c9400000|100%| O|  |TAMS 0x00000000c9400000, 0x00000000c9300000| Untracked 
|   6|0x00000000c9400000, 0x00000000c9500000, 0x00000000c9500000|100%| O|  |TAMS 0x00000000c9500000, 0x00000000c9400000| Untracked 
|   7|0x00000000c9500000, 0x00000000c9600000, 0x00000000c9600000|100%| O|  |TAMS 0x00000000c9600000, 0x00000000c9500000| Untracked 
|   8|0x00000000c9600000, 0x00000000c9700000, 0x00000000c9700000|100%| O|  |TAMS 0x00000000c9700000, 0x00000000c9600000| Untracked 
|   9|0x00000000c9700000, 0x00000000c97c8200, 0x00000000c9800000| 78%| O|  |TAMS 0x00000000c97c8200, 0x00000000c9700000| Untracked 
|  10|0x00000000c9800000, 0x00000000c9900000, 0x00000000c9900000|100%| O|  |TAMS 0x00000000c9900000, 0x00000000c9800000| Untracked 
|  11|0x00000000c9900000, 0x00000000c9a00000, 0x00000000c9a00000|100%| O|  |TAMS 0x00000000c9a00000, 0x00000000c9900000| Untracked 
|  12|0x00000000c9a00000, 0x00000000c9b00000, 0x00000000c9b00000|100%| O|  |TAMS 0x00000000c9b00000, 0x00000000c9a00000| Untracked 
|  13|0x00000000c9b00000, 0x00000000c9c00000, 0x00000000c9c00000|100%| O|  |TAMS 0x00000000c9c00000, 0x00000000c9b00000| Untracked 
|  14|0x00000000c9c00000, 0x00000000c9d00000, 0x00000000c9d00000|100%| O|  |TAMS 0x00000000c9d00000, 0x00000000c9c00000| Untracked 
|  15|0x00000000c9d00000, 0x00000000c9e00000, 0x00000000c9e00000|100%|HS|  |TAMS 0x00000000c9d00000, 0x00000000c9d00000| Complete 
|  16|0x00000000c9e00000, 0x00000000c9f00000, 0x00000000c9f00000|100%| O|  |TAMS 0x00000000c9f00000, 0x00000000c9e00000| Untracked 
|  17|0x00000000c9f00000, 0x00000000ca000000, 0x00000000ca000000|100%| O|  |TAMS 0x00000000ca000000, 0x00000000c9f00000| Untracked 
|  18|0x00000000ca000000, 0x00000000ca100000, 0x00000000ca100000|100%| O|  |TAMS 0x00000000ca100000, 0x00000000ca000000| Untracked 
|  19|0x00000000ca100000, 0x00000000ca200000, 0x00000000ca200000|100%| O|  |TAMS 0x00000000ca200000, 0x00000000ca100000| Untracked 
|  20|0x00000000ca200000, 0x00000000ca300000, 0x00000000ca300000|100%| O|  |TAMS 0x00000000ca300000, 0x00000000ca200000| Untracked 
|  21|0x00000000ca300000, 0x00000000ca400000, 0x00000000ca400000|100%| O|  |TAMS 0x00000000ca400000, 0x00000000ca300000| Untracked 
|  22|0x00000000ca400000, 0x00000000ca500000, 0x00000000ca500000|100%| O|  |TAMS 0x00000000ca500000, 0x00000000ca400000| Untracked 
|  23|0x00000000ca500000, 0x00000000ca600000, 0x00000000ca600000|100%| O|  |TAMS 0x00000000ca600000, 0x00000000ca500000| Untracked 
|  24|0x00000000ca600000, 0x00000000ca700000, 0x00000000ca700000|100%| O|  |TAMS 0x00000000ca700000, 0x00000000ca600000| Untracked 
|  25|0x00000000ca700000, 0x00000000ca800000, 0x00000000ca800000|100%| O|  |TAMS 0x00000000ca800000, 0x00000000ca700000| Untracked 
|  26|0x00000000ca800000, 0x00000000ca900000, 0x00000000ca900000|100%| O|  |TAMS 0x00000000ca900000, 0x00000000ca800000| Untracked 
|  27|0x00000000ca900000, 0x00000000caa00000, 0x00000000caa00000|100%| O|  |TAMS 0x00000000caa00000, 0x00000000ca900000| Untracked 
|  28|0x00000000caa00000, 0x00000000cab00000, 0x00000000cab00000|100%| O|  |TAMS 0x00000000cab00000, 0x00000000caa00000| Untracked 
|  29|0x00000000cab00000, 0x00000000cac00000, 0x00000000cac00000|100%| O|  |TAMS 0x00000000cac00000, 0x00000000cab00000| Untracked 
|  30|0x00000000cac00000, 0x00000000cad00000, 0x00000000cad00000|100%| O|  |TAMS 0x00000000cad00000, 0x00000000cac00000| Untracked 
|  31|0x00000000cad00000, 0x00000000cae00000, 0x00000000cae00000|100%| O|  |TAMS 0x00000000cae00000, 0x00000000cad00000| Untracked 
|  32|0x00000000cae00000, 0x00000000caf00000, 0x00000000caf00000|100%| O|  |TAMS 0x00000000caf00000, 0x00000000cae00000| Untracked 
|  33|0x00000000caf00000, 0x00000000cb000000, 0x00000000cb000000|100%| O|  |TAMS 0x00000000cb000000, 0x00000000caf00000| Untracked 
|  34|0x00000000cb000000, 0x00000000cb100000, 0x00000000cb100000|100%| O|  |TAMS 0x00000000cb100000, 0x00000000cb000000| Untracked 
|  35|0x00000000cb100000, 0x00000000cb200000, 0x00000000cb200000|100%| O|  |TAMS 0x00000000cb200000, 0x00000000cb100000| Untracked 
|  36|0x00000000cb200000, 0x00000000cb300000, 0x00000000cb300000|100%| O|  |TAMS 0x00000000cb300000, 0x00000000cb200000| Untracked 
|  37|0x00000000cb300000, 0x00000000cb400000, 0x00000000cb400000|100%| O|  |TAMS 0x00000000cb400000, 0x00000000cb300000| Untracked 
|  38|0x00000000cb400000, 0x00000000cb500000, 0x00000000cb500000|100%| O|  |TAMS 0x00000000cb500000, 0x00000000cb400000| Untracked 
|  39|0x00000000cb500000, 0x00000000cb600000, 0x00000000cb600000|100%| O|  |TAMS 0x00000000cb5e0a00, 0x00000000cb500000| Untracked 
|  40|0x00000000cb600000, 0x00000000cb700000, 0x00000000cb700000|100%| O|  |TAMS 0x00000000cb600000, 0x00000000cb600000| Untracked 
|  41|0x00000000cb700000, 0x00000000cb800000, 0x00000000cb800000|100%| O|  |TAMS 0x00000000cb700000, 0x00000000cb700000| Untracked 
|  42|0x00000000cb800000, 0x00000000cb900000, 0x00000000cb900000|100%| O|  |TAMS 0x00000000cb800000, 0x00000000cb800000| Untracked 
|  43|0x00000000cb900000, 0x00000000cba00000, 0x00000000cba00000|100%| O|  |TAMS 0x00000000cb900000, 0x00000000cb900000| Untracked 
|  44|0x00000000cba00000, 0x00000000cbb00000, 0x00000000cbb00000|100%| O|  |TAMS 0x00000000cba00000, 0x00000000cba00000| Untracked 
|  45|0x00000000cbb00000, 0x00000000cbc00000, 0x00000000cbc00000|100%| O|  |TAMS 0x00000000cbb00000, 0x00000000cbb00000| Untracked 
|  46|0x00000000cbc00000, 0x00000000cbd00000, 0x00000000cbd00000|100%| O|  |TAMS 0x00000000cbc00000, 0x00000000cbc00000| Untracked 
|  47|0x00000000cbd00000, 0x00000000cbe00000, 0x00000000cbe00000|100%| O|  |TAMS 0x00000000cbd00000, 0x00000000cbd00000| Untracked 
|  48|0x00000000cbe00000, 0x00000000cbf00000, 0x00000000cbf00000|100%| O|  |TAMS 0x00000000cbe00000, 0x00000000cbe00000| Untracked 
|  49|0x00000000cbf00000, 0x00000000cc000000, 0x00000000cc000000|100%|HS|  |TAMS 0x00000000cbf00000, 0x00000000cbf00000| Complete 
|  50|0x00000000cc000000, 0x00000000cc100000, 0x00000000cc100000|100%| O|  |TAMS 0x00000000cc000000, 0x00000000cc000000| Untracked 
|  51|0x00000000cc100000, 0x00000000cc200000, 0x00000000cc200000|100%| O|  |TAMS 0x00000000cc100000, 0x00000000cc100000| Untracked 
|  52|0x00000000cc200000, 0x00000000cc300000, 0x00000000cc300000|100%| O|  |TAMS 0x00000000cc200000, 0x00000000cc200000| Untracked 
|  53|0x00000000cc300000, 0x00000000cc400000, 0x00000000cc400000|100%| O|  |TAMS 0x00000000cc300000, 0x00000000cc300000| Untracked 
|  54|0x00000000cc400000, 0x00000000cc500000, 0x00000000cc500000|100%| O|  |TAMS 0x00000000cc400000, 0x00000000cc400000| Untracked 
|  55|0x00000000cc500000, 0x00000000cc600000, 0x00000000cc600000|100%| O|  |TAMS 0x00000000cc500000, 0x00000000cc500000| Untracked 
|  56|0x00000000cc600000, 0x00000000cc700000, 0x00000000cc700000|100%| O|  |TAMS 0x00000000cc600000, 0x00000000cc600000| Untracked 
|  57|0x00000000cc700000, 0x00000000cc800000, 0x00000000cc800000|100%| O|  |TAMS 0x00000000cc700000, 0x00000000cc700000| Untracked 
|  58|0x00000000cc800000, 0x00000000cc900000, 0x00000000cc900000|100%| O|  |TAMS 0x00000000cc800000, 0x00000000cc800000| Untracked 
|  59|0x00000000cc900000, 0x00000000cca00000, 0x00000000cca00000|100%| O|  |TAMS 0x00000000cc900000, 0x00000000cc900000| Untracked 
|  60|0x00000000cca00000, 0x00000000ccb00000, 0x00000000ccb00000|100%| O|  |TAMS 0x00000000cca00000, 0x00000000cca00000| Untracked 
|  61|0x00000000ccb00000, 0x00000000ccc00000, 0x00000000ccc00000|100%| O|  |TAMS 0x00000000ccb00000, 0x00000000ccb00000| Untracked 
|  62|0x00000000ccc00000, 0x00000000ccd00000, 0x00000000ccd00000|100%| O|  |TAMS 0x00000000ccc00000, 0x00000000ccc00000| Untracked 
|  63|0x00000000ccd00000, 0x00000000cce00000, 0x00000000cce00000|100%| O|  |TAMS 0x00000000ccd00000, 0x00000000ccd00000| Untracked 
|  64|0x00000000cce00000, 0x00000000ccf00000, 0x00000000ccf00000|100%| O|  |TAMS 0x00000000cce00000, 0x00000000cce00000| Untracked 
|  65|0x00000000ccf00000, 0x00000000cd000000, 0x00000000cd000000|100%| O|  |TAMS 0x00000000ccf00000, 0x00000000ccf00000| Untracked 
|  66|0x00000000cd000000, 0x00000000cd100000, 0x00000000cd100000|100%| O|  |TAMS 0x00000000cd000000, 0x00000000cd000000| Untracked 
|  67|0x00000000cd100000, 0x00000000cd200000, 0x00000000cd200000|100%| O|  |TAMS 0x00000000cd100000, 0x00000000cd100000| Untracked 
|  68|0x00000000cd200000, 0x00000000cd300000, 0x00000000cd300000|100%| O|  |TAMS 0x00000000cd200000, 0x00000000cd200000| Untracked 
|  69|0x00000000cd300000, 0x00000000cd400000, 0x00000000cd400000|100%| O|  |TAMS 0x00000000cd300000, 0x00000000cd300000| Untracked 
|  70|0x00000000cd400000, 0x00000000cd500000, 0x00000000cd500000|100%| O|  |TAMS 0x00000000cd400000, 0x00000000cd400000| Untracked 
|  71|0x00000000cd500000, 0x00000000cd600000, 0x00000000cd600000|100%| O|  |TAMS 0x00000000cd500000, 0x00000000cd500000| Untracked 
|  72|0x00000000cd600000, 0x00000000cd6c8c00, 0x00000000cd700000| 78%| O|  |TAMS 0x00000000cd600000, 0x00000000cd600000| Untracked 
|  73|0x00000000cd700000, 0x00000000cd700000, 0x00000000cd800000|  0%| F|  |TAMS 0x00000000cd700000, 0x00000000cd700000| Untracked 
|  74|0x00000000cd800000, 0x00000000cd800000, 0x00000000cd900000|  0%| F|  |TAMS 0x00000000cd800000, 0x00000000cd800000| Untracked 
|  75|0x00000000cd900000, 0x00000000cd900000, 0x00000000cda00000|  0%| F|  |TAMS 0x00000000cd900000, 0x00000000cd900000| Untracked 
|  76|0x00000000cda00000, 0x00000000cda00000, 0x00000000cdb00000|  0%| F|  |TAMS 0x00000000cda00000, 0x00000000cda00000| Untracked 
|  77|0x00000000cdb00000, 0x00000000cdb00000, 0x00000000cdc00000|  0%| F|  |TAMS 0x00000000cdb00000, 0x00000000cdb00000| Untracked 
|  78|0x00000000cdc00000, 0x00000000cdc00000, 0x00000000cdd00000|  0%| F|  |TAMS 0x00000000cdc00000, 0x00000000cdc00000| Untracked 
|  79|0x00000000cdd00000, 0x00000000cdd00000, 0x00000000cde00000|  0%| F|  |TAMS 0x00000000cdd00000, 0x00000000cdd00000| Untracked 
|  80|0x00000000cde00000, 0x00000000cde00000, 0x00000000cdf00000|  0%| F|  |TAMS 0x00000000cde00000, 0x00000000cde00000| Untracked 
|  81|0x00000000cdf00000, 0x00000000cdf00000, 0x00000000ce000000|  0%| F|  |TAMS 0x00000000cdf00000, 0x00000000cdf00000| Untracked 
|  82|0x00000000ce000000, 0x00000000ce000000, 0x00000000ce100000|  0%| F|  |TAMS 0x00000000ce000000, 0x00000000ce000000| Untracked 
|  83|0x00000000ce100000, 0x00000000ce100000, 0x00000000ce200000|  0%| F|  |TAMS 0x00000000ce100000, 0x00000000ce100000| Untracked 
|  84|0x00000000ce200000, 0x00000000ce200000, 0x00000000ce300000|  0%| F|  |TAMS 0x00000000ce200000, 0x00000000ce200000| Untracked 
|  85|0x00000000ce300000, 0x00000000ce300000, 0x00000000ce400000|  0%| F|  |TAMS 0x00000000ce300000, 0x00000000ce300000| Untracked 
|  86|0x00000000ce400000, 0x00000000ce400000, 0x00000000ce500000|  0%| F|  |TAMS 0x00000000ce400000, 0x00000000ce400000| Untracked 
|  87|0x00000000ce500000, 0x00000000ce500000, 0x00000000ce600000|  0%| F|  |TAMS 0x00000000ce500000, 0x00000000ce500000| Untracked 
|  88|0x00000000ce600000, 0x00000000ce600000, 0x00000000ce700000|  0%| F|  |TAMS 0x00000000ce600000, 0x00000000ce600000| Untracked 
|  89|0x00000000ce700000, 0x00000000ce700000, 0x00000000ce800000|  0%| F|  |TAMS 0x00000000ce700000, 0x00000000ce700000| Untracked 
|  90|0x00000000ce800000, 0x00000000ce800000, 0x00000000ce900000|  0%| F|  |TAMS 0x00000000ce800000, 0x00000000ce800000| Untracked 
|  91|0x00000000ce900000, 0x00000000ce900000, 0x00000000cea00000|  0%| F|  |TAMS 0x00000000ce900000, 0x00000000ce900000| Untracked 
|  92|0x00000000cea00000, 0x00000000cea00000, 0x00000000ceb00000|  0%| F|  |TAMS 0x00000000cea00000, 0x00000000cea00000| Untracked 
|  93|0x00000000ceb00000, 0x00000000ceb00000, 0x00000000cec00000|  0%| F|  |TAMS 0x00000000ceb00000, 0x00000000ceb00000| Untracked 
|  94|0x00000000cec00000, 0x00000000cec00000, 0x00000000ced00000|  0%| F|  |TAMS 0x00000000cec00000, 0x00000000cec00000| Untracked 
|  95|0x00000000ced00000, 0x00000000ced8f5d0, 0x00000000cee00000| 56%| S|CS|TAMS 0x00000000ced00000, 0x00000000ced00000| Complete 
|  96|0x00000000cee00000, 0x00000000cee00000, 0x00000000cef00000|  0%| F|  |TAMS 0x00000000cee00000, 0x00000000cee00000| Untracked 
|  97|0x00000000cef00000, 0x00000000cf000000, 0x00000000cf000000|100%| S|CS|TAMS 0x00000000cef00000, 0x00000000cef00000| Complete 
|  98|0x00000000cf000000, 0x00000000cf100000, 0x00000000cf100000|100%| S|CS|TAMS 0x00000000cf000000, 0x00000000cf000000| Complete 
|  99|0x00000000cf100000, 0x00000000cf100000, 0x00000000cf200000|  0%| F|  |TAMS 0x00000000cf100000, 0x00000000cf100000| Untracked 
| 100|0x00000000cf200000, 0x00000000cf200000, 0x00000000cf300000|  0%| F|  |TAMS 0x00000000cf200000, 0x00000000cf200000| Untracked 
| 101|0x00000000cf300000, 0x00000000cf300000, 0x00000000cf400000|  0%| F|  |TAMS 0x00000000cf300000, 0x00000000cf300000| Untracked 
| 102|0x00000000cf400000, 0x00000000cf400000, 0x00000000cf500000|  0%| F|  |TAMS 0x00000000cf400000, 0x00000000cf400000| Untracked 
| 103|0x00000000cf500000, 0x00000000cf600000, 0x00000000cf600000|100%| S|CS|TAMS 0x00000000cf500000, 0x00000000cf500000| Complete 
| 104|0x00000000cf600000, 0x00000000cf700000, 0x00000000cf700000|100%| S|CS|TAMS 0x00000000cf600000, 0x00000000cf600000| Complete 
| 105|0x00000000cf700000, 0x00000000cf800000, 0x00000000cf800000|100%| S|CS|TAMS 0x00000000cf700000, 0x00000000cf700000| Complete 
| 106|0x00000000cf800000, 0x00000000cf900000, 0x00000000cf900000|100%| S|CS|TAMS 0x00000000cf800000, 0x00000000cf800000| Complete 
| 107|0x00000000cf900000, 0x00000000cf900000, 0x00000000cfa00000|  0%| F|  |TAMS 0x00000000cf900000, 0x00000000cf900000| Untracked 
| 108|0x00000000cfa00000, 0x00000000cfa00000, 0x00000000cfb00000|  0%| F|  |TAMS 0x00000000cfa00000, 0x00000000cfa00000| Untracked 
| 109|0x00000000cfb00000, 0x00000000cfb00000, 0x00000000cfc00000|  0%| F|  |TAMS 0x00000000cfb00000, 0x00000000cfb00000| Untracked 
| 110|0x00000000cfc00000, 0x00000000cfc00000, 0x00000000cfd00000|  0%| F|  |TAMS 0x00000000cfc00000, 0x00000000cfc00000| Untracked 
| 111|0x00000000cfd00000, 0x00000000cfd00000, 0x00000000cfe00000|  0%| F|  |TAMS 0x00000000cfd00000, 0x00000000cfd00000| Untracked 
| 112|0x00000000cfe00000, 0x00000000cfe00000, 0x00000000cff00000|  0%| F|  |TAMS 0x00000000cfe00000, 0x00000000cfe00000| Untracked 
| 113|0x00000000cff00000, 0x00000000cff00000, 0x00000000d0000000|  0%| F|  |TAMS 0x00000000cff00000, 0x00000000cff00000| Untracked 
| 114|0x00000000d0000000, 0x00000000d0000000, 0x00000000d0100000|  0%| F|  |TAMS 0x00000000d0000000, 0x00000000d0000000| Untracked 
| 115|0x00000000d0100000, 0x00000000d0100000, 0x00000000d0200000|  0%| F|  |TAMS 0x00000000d0100000, 0x00000000d0100000| Untracked 
| 116|0x00000000d0200000, 0x00000000d0200000, 0x00000000d0300000|  0%| F|  |TAMS 0x00000000d0200000, 0x00000000d0200000| Untracked 
| 117|0x00000000d0300000, 0x00000000d0300000, 0x00000000d0400000|  0%| F|  |TAMS 0x00000000d0300000, 0x00000000d0300000| Untracked 
| 118|0x00000000d0400000, 0x00000000d0400000, 0x00000000d0500000|  0%| F|  |TAMS 0x00000000d0400000, 0x00000000d0400000| Untracked 
| 119|0x00000000d0500000, 0x00000000d0500000, 0x00000000d0600000|  0%| F|  |TAMS 0x00000000d0500000, 0x00000000d0500000| Untracked 
| 120|0x00000000d0600000, 0x00000000d0600000, 0x00000000d0700000|  0%| F|  |TAMS 0x00000000d0600000, 0x00000000d0600000| Untracked 
| 121|0x00000000d0700000, 0x00000000d0700000, 0x00000000d0800000|  0%| F|  |TAMS 0x00000000d0700000, 0x00000000d0700000| Untracked 
| 122|0x00000000d0800000, 0x00000000d0800000, 0x00000000d0900000|  0%| F|  |TAMS 0x00000000d0800000, 0x00000000d0800000| Untracked 
| 123|0x00000000d0900000, 0x00000000d0900000, 0x00000000d0a00000|  0%| F|  |TAMS 0x00000000d0900000, 0x00000000d0900000| Untracked 
| 124|0x00000000d0a00000, 0x00000000d0a00000, 0x00000000d0b00000|  0%| F|  |TAMS 0x00000000d0a00000, 0x00000000d0a00000| Untracked 
| 125|0x00000000d0b00000, 0x00000000d0b00000, 0x00000000d0c00000|  0%| F|  |TAMS 0x00000000d0b00000, 0x00000000d0b00000| Untracked 
| 126|0x00000000d0c00000, 0x00000000d0c00000, 0x00000000d0d00000|  0%| F|  |TAMS 0x00000000d0c00000, 0x00000000d0c00000| Untracked 
| 127|0x00000000d0d00000, 0x00000000d0d00000, 0x00000000d0e00000|  0%| F|  |TAMS 0x00000000d0d00000, 0x00000000d0d00000| Untracked 
| 128|0x00000000d0e00000, 0x00000000d0e00000, 0x00000000d0f00000|  0%| F|  |TAMS 0x00000000d0e00000, 0x00000000d0e00000| Untracked 
| 129|0x00000000d0f00000, 0x00000000d0f00000, 0x00000000d1000000|  0%| F|  |TAMS 0x00000000d0f00000, 0x00000000d0f00000| Untracked 
| 130|0x00000000d1000000, 0x00000000d1000000, 0x00000000d1100000|  0%| F|  |TAMS 0x00000000d1000000, 0x00000000d1000000| Untracked 
| 131|0x00000000d1100000, 0x00000000d1100000, 0x00000000d1200000|  0%| F|  |TAMS 0x00000000d1100000, 0x00000000d1100000| Untracked 
| 132|0x00000000d1200000, 0x00000000d1200000, 0x00000000d1300000|  0%| F|  |TAMS 0x00000000d1200000, 0x00000000d1200000| Untracked 
| 133|0x00000000d1300000, 0x00000000d1300000, 0x00000000d1400000|  0%| F|  |TAMS 0x00000000d1300000, 0x00000000d1300000| Untracked 
| 134|0x00000000d1400000, 0x00000000d1400000, 0x00000000d1500000|  0%| F|  |TAMS 0x00000000d1400000, 0x00000000d1400000| Untracked 
| 135|0x00000000d1500000, 0x00000000d1500000, 0x00000000d1600000|  0%| F|  |TAMS 0x00000000d1500000, 0x00000000d1500000| Untracked 
| 136|0x00000000d1600000, 0x00000000d1600000, 0x00000000d1700000|  0%| F|  |TAMS 0x00000000d1600000, 0x00000000d1600000| Untracked 
| 137|0x00000000d1700000, 0x00000000d1700000, 0x00000000d1800000|  0%| F|  |TAMS 0x00000000d1700000, 0x00000000d1700000| Untracked 
| 138|0x00000000d1800000, 0x00000000d1800000, 0x00000000d1900000|  0%| F|  |TAMS 0x00000000d1800000, 0x00000000d1800000| Untracked 
| 139|0x00000000d1900000, 0x00000000d1900000, 0x00000000d1a00000|  0%| F|  |TAMS 0x00000000d1900000, 0x00000000d1900000| Untracked 
| 140|0x00000000d1a00000, 0x00000000d1a00000, 0x00000000d1b00000|  0%| F|  |TAMS 0x00000000d1a00000, 0x00000000d1a00000| Untracked 
| 141|0x00000000d1b00000, 0x00000000d1b00000, 0x00000000d1c00000|  0%| F|  |TAMS 0x00000000d1b00000, 0x00000000d1b00000| Untracked 
| 142|0x00000000d1c00000, 0x00000000d1c00000, 0x00000000d1d00000|  0%| F|  |TAMS 0x00000000d1c00000, 0x00000000d1c00000| Untracked 
| 143|0x00000000d1d00000, 0x00000000d1d00000, 0x00000000d1e00000|  0%| F|  |TAMS 0x00000000d1d00000, 0x00000000d1d00000| Untracked 
| 144|0x00000000d1e00000, 0x00000000d1e00000, 0x00000000d1f00000|  0%| F|  |TAMS 0x00000000d1e00000, 0x00000000d1e00000| Untracked 
| 145|0x00000000d1f00000, 0x00000000d1f00000, 0x00000000d2000000|  0%| F|  |TAMS 0x00000000d1f00000, 0x00000000d1f00000| Untracked 
| 146|0x00000000d2000000, 0x00000000d2000000, 0x00000000d2100000|  0%| F|  |TAMS 0x00000000d2000000, 0x00000000d2000000| Untracked 
| 147|0x00000000d2100000, 0x00000000d2100000, 0x00000000d2200000|  0%| F|  |TAMS 0x00000000d2100000, 0x00000000d2100000| Untracked 
| 148|0x00000000d2200000, 0x00000000d2200000, 0x00000000d2300000|  0%| F|  |TAMS 0x00000000d2200000, 0x00000000d2200000| Untracked 
| 149|0x00000000d2300000, 0x00000000d2300000, 0x00000000d2400000|  0%| F|  |TAMS 0x00000000d2300000, 0x00000000d2300000| Untracked 
| 150|0x00000000d2400000, 0x00000000d2400000, 0x00000000d2500000|  0%| F|  |TAMS 0x00000000d2400000, 0x00000000d2400000| Untracked 
| 151|0x00000000d2500000, 0x00000000d2500000, 0x00000000d2600000|  0%| F|  |TAMS 0x00000000d2500000, 0x00000000d2500000| Untracked 
| 152|0x00000000d2600000, 0x00000000d2600000, 0x00000000d2700000|  0%| F|  |TAMS 0x00000000d2600000, 0x00000000d2600000| Untracked 
| 153|0x00000000d2700000, 0x00000000d2700000, 0x00000000d2800000|  0%| F|  |TAMS 0x00000000d2700000, 0x00000000d2700000| Untracked 
| 154|0x00000000d2800000, 0x00000000d2800000, 0x00000000d2900000|  0%| F|  |TAMS 0x00000000d2800000, 0x00000000d2800000| Untracked 
| 155|0x00000000d2900000, 0x00000000d2900000, 0x00000000d2a00000|  0%| F|  |TAMS 0x00000000d2900000, 0x00000000d2900000| Untracked 
| 156|0x00000000d2a00000, 0x00000000d2a00000, 0x00000000d2b00000|  0%| F|  |TAMS 0x00000000d2a00000, 0x00000000d2a00000| Untracked 
| 157|0x00000000d2b00000, 0x00000000d2b00000, 0x00000000d2c00000|  0%| F|  |TAMS 0x00000000d2b00000, 0x00000000d2b00000| Untracked 
| 158|0x00000000d2c00000, 0x00000000d2c00000, 0x00000000d2d00000|  0%| F|  |TAMS 0x00000000d2c00000, 0x00000000d2c00000| Untracked 
| 159|0x00000000d2d00000, 0x00000000d2d00000, 0x00000000d2e00000|  0%| F|  |TAMS 0x00000000d2d00000, 0x00000000d2d00000| Untracked 
| 160|0x00000000d2e00000, 0x00000000d2e00000, 0x00000000d2f00000|  0%| F|  |TAMS 0x00000000d2e00000, 0x00000000d2e00000| Untracked 

Card table byte_map: [0x000001dfaa220000,0x000001dfaa3e0000] _byte_map_base: 0x000001dfa9bd9000

Marking Bits (Prev, Next): (CMBitMap*) 0x000001dfa45bd8b0, (CMBitMap*) 0x000001dfa45bd8f0
 Prev Bits: [0x000001dfaa5a0000, 0x000001dfab368000)
 Next Bits: [0x000001dfab370000, 0x000001dfac138000)

Polling page: 0x000001dfa2570000

Metaspace:

Usage:
  Non-class:     33.10 MB used.
      Class:      4.79 MB used.
       Both:     37.89 MB used.

Virtual space:
  Non-class space:       40.00 MB reserved,      33.31 MB ( 83%) committed,  5 nodes.
      Class space:        1.00 GB reserved,       5.00 MB ( <1%) committed,  1 nodes.
             Both:        1.04 GB reserved,      38.31 MB (  4%) committed. 

Chunk freelists:
   Non-Class:  2.27 MB
       Class:  2.92 MB
        Both:  5.19 MB

MaxMetaspaceSize: unlimited
CompressedClassSpaceSize: 1.00 GB
Initial GC threshold: 21.00 MB
Current GC threshold: 60.94 MB
CDS: off
MetaspaceReclaimPolicy: balanced
 - commit_granule_bytes: 65536.
 - commit_granule_words: 8192.
 - virtual_space_node_default_size: 1048576.
 - enlarge_chunks_in_place: 1.
 - new_chunks_are_fully_committed: 0.
 - uncommit_free_chunks: 1.
 - use_allocation_guard: 0.
 - handle_deallocations: 1.


Internal statistics:

num_allocs_failed_limit: 8.
num_arena_births: 382.
num_arena_deaths: 0.
num_vsnodes_births: 6.
num_vsnodes_deaths: 0.
num_space_committed: 613.
num_space_uncommitted: 0.
num_chunks_returned_to_freelist: 8.
num_chunks_taken_from_freelist: 1512.
num_chunk_merges: 8.
num_chunk_splits: 1050.
num_chunks_enlarged: 817.
num_purges: 0.
num_inconsistent_stats: 0.

CodeCache: size=49152Kb used=8322Kb max_used=8322Kb free=40829Kb
 bounds [0x000001dfa7220000, 0x000001dfa7a50000, 0x000001dfaa220000]
 total_blobs=4486 nmethods=3952 adapters=459
 compilation: enabled
              stopped_count=0, restarted_count=0
 full_count=0

Compilation events (20 events):
Event: 13.288 Thread 0x000001dfae602b70 nmethod 3943 0x000001dfa7a3a410 code [0x000001dfa7a3a5c0, 0x000001dfa7a3a708]
Event: 13.288 Thread 0x000001dfae602b70 3944       1       java.lang.invoke.MethodHandleImpl::makeIntrinsic (14 bytes)
Event: 13.289 Thread 0x000001dfae602b70 nmethod 3944 0x000001dfa7a3a810 code [0x000001dfa7a3a9c0, 0x000001dfa7a3ac98]
Event: 13.289 Thread 0x000001dfae602b70 3945       1       java.lang.invoke.MethodHandleImpl$IntrinsicMethodHandle::<init> (8 bytes)
Event: 13.289 Thread 0x000001dfafb70d80 nmethod 3942 0x000001dfa7a3ae10 code [0x000001dfa7a3b020, 0x000001dfa7a3b5a8]
Event: 13.289 Thread 0x000001dfae602b70 nmethod 3945 0x000001dfa7a3b910 code [0x000001dfa7a3bac0, 0x000001dfa7a3bd78]
Event: 13.354 Thread 0x000001dfae602b70 3946  s!   1       jdk.internal.loader.URLClassPath::getLoader (196 bytes)
Event: 13.355 Thread 0x000001dfae602b70 nmethod 3946 0x000001dfa7a3be90 code [0x000001dfa7a3c140, 0x000001dfa7a3cb58]
Event: 13.369 Thread 0x000001dfae602b70 3947       1       java.lang.invoke.MethodHandles::constant (88 bytes)
Event: 13.369 Thread 0x000001dfafb70d80 3948       1       java.lang.invoke.MethodHandles::identity (87 bytes)
Event: 13.370 Thread 0x000001dfae602b70 nmethod 3947 0x000001dfa7a3d810 code [0x000001dfa7a3da80, 0x000001dfa7a3e1b8]
Event: 13.370 Thread 0x000001dfafb70d80 nmethod 3948 0x000001dfa7a3e590 code [0x000001dfa7a3e840, 0x000001dfa7a3f3a8]
Event: 13.374 Thread 0x000001dfafb70d80 3949       1       java.lang.invoke.DelegatingMethodHandle::rebind (8 bytes)
Event: 13.374 Thread 0x000001dfae602b70 3950       1       java.lang.invoke.SimpleMethodHandle::speciesData (4 bytes)
Event: 13.375 Thread 0x000001dfae602b70 nmethod 3950 0x000001dfa7a3fa90 code [0x000001dfa7a3fc20, 0x000001dfa7a3fcf8]
Event: 13.375 Thread 0x000001dfafb70d80 nmethod 3949 0x000001dfa7a3fd90 code [0x000001dfa7a3ff40, 0x000001dfa7a40058]
Event: 13.375 Thread 0x000001dfae602b70 3951       1       java.lang.invoke.SimpleMethodHandle::copyWithExtendL (7 bytes)
Event: 13.375 Thread 0x000001dfafb70d80 3952       1       java.lang.invoke.BoundMethodHandle::bindSingle (7 bytes)
Event: 13.375 Thread 0x000001dfae602b70 nmethod 3951 0x000001dfa7a40110 code [0x000001dfa7a402a0, 0x000001dfa7a40448]
Event: 13.375 Thread 0x000001dfafb70d80 nmethod 3952 0x000001dfa7a40510 code [0x000001dfa7a406a0, 0x000001dfa7a40828]

GC Heap History (20 events):
Event: 11.489 GC heap after
{Heap after GC invocations=23 (full 0):
 garbage-first heap   total 80896K, used 46866K [0x00000000c8e00000, 0x0000000100000000)
  region size 1024K, 3 young (3072K), 3 survivors (3072K)
 Metaspace       used 36772K, committed 37120K, reserved 1081344K
  class space    used 4698K, committed 4864K, reserved 1048576K
}
Event: 12.043 GC heap before
{Heap before GC invocations=24 (full 0):
 garbage-first heap   total 81920K, used 61202K [0x00000000c8e00000, 0x0000000100000000)
  region size 1024K, 18 young (18432K), 3 survivors (3072K)
 Metaspace       used 37570K, committed 37824K, reserved 1089536K
  class space    used 4742K, committed 4864K, reserved 1048576K
}
Event: 12.053 GC heap after
{Heap after GC invocations=25 (full 0):
 garbage-first heap   total 81920K, used 49577K [0x00000000c8e00000, 0x0000000100000000)
  region size 1024K, 3 young (3072K), 3 survivors (3072K)
 Metaspace       used 37570K, committed 37824K, reserved 1089536K
  class space    used 4742K, committed 4864K, reserved 1048576K
}
Event: 12.057 GC heap before
{Heap before GC invocations=25 (full 0):
 garbage-first heap   total 81920K, used 50601K [0x00000000c8e00000, 0x0000000100000000)
  region size 1024K, 4 young (4096K), 3 survivors (3072K)
 Metaspace       used 37586K, committed 37888K, reserved 1089536K
  class space    used 4742K, committed 4864K, reserved 1048576K
}
Event: 12.065 GC heap after
{Heap after GC invocations=26 (full 0):
 garbage-first heap   total 164864K, used 49321K [0x00000000c8e00000, 0x0000000100000000)
  region size 1024K, 1 young (1024K), 1 survivors (1024K)
 Metaspace       used 37586K, committed 37888K, reserved 1089536K
  class space    used 4742K, committed 4864K, reserved 1048576K
}
Event: 13.180 GC heap before
{Heap before GC invocations=26 (full 0):
 garbage-first heap   total 164864K, used 110761K [0x00000000c8e00000, 0x0000000100000000)
  region size 1024K, 60 young (61440K), 1 survivors (1024K)
 Metaspace       used 38659K, committed 38976K, reserved 1089536K
  class space    used 4881K, committed 4992K, reserved 1048576K
}
Event: 13.224 GC heap after
{Heap after GC invocations=27 (full 0):
 garbage-first heap   total 164864K, used 66336K [0x00000000c8e00000, 0x0000000100000000)
  region size 1024K, 8 young (8192K), 8 survivors (8192K)
 Metaspace       used 38659K, committed 38976K, reserved 1089536K
  class space    used 4881K, committed 4992K, reserved 1048576K
}
Event: 13.379 GC heap before
{Heap before GC invocations=27 (full 0):
 garbage-first heap   total 164864K, used 105248K [0x00000000c8e00000, 0x0000000100000000)
  region size 1024K, 47 young (48128K), 8 survivors (8192K)
 Metaspace       used 38797K, committed 39232K, reserved 1089536K
  class space    used 4906K, committed 5120K, reserved 1048576K
}
Event: 13.395 GC heap after
{Heap after GC invocations=28 (full 0):
 garbage-first heap   total 164864K, used 69289K [0x00000000c8e00000, 0x0000000100000000)
  region size 1024K, 3 young (3072K), 3 survivors (3072K)
 Metaspace       used 38797K, committed 39232K, reserved 1089536K
  class space    used 4906K, committed 5120K, reserved 1048576K
}
Event: 13.632 GC heap before
{Heap before GC invocations=28 (full 0):
 garbage-first heap   total 164864K, used 111273K [0x00000000c8e00000, 0x0000000100000000)
  region size 1024K, 45 young (46080K), 3 survivors (3072K)
 Metaspace       used 38797K, committed 39232K, reserved 1089536K
  class space    used 4906K, committed 5120K, reserved 1048576K
}
Event: 13.636 GC heap after
{Heap after GC invocations=29 (full 0):
 garbage-first heap   total 164864K, used 70400K [0x00000000c8e00000, 0x0000000100000000)
  region size 1024K, 4 young (4096K), 4 survivors (4096K)
 Metaspace       used 38797K, committed 39232K, reserved 1089536K
  class space    used 4906K, committed 5120K, reserved 1048576K
}
Event: 13.847 GC heap before
{Heap before GC invocations=29 (full 0):
 garbage-first heap   total 164864K, used 118528K [0x00000000c8e00000, 0x0000000100000000)
  region size 1024K, 52 young (53248K), 4 survivors (4096K)
 Metaspace       used 38797K, committed 39232K, reserved 1089536K
  class space    used 4906K, committed 5120K, reserved 1048576K
}
Event: 13.852 GC heap after
{Heap after GC invocations=30 (full 0):
 garbage-first heap   total 164864K, used 72223K [0x00000000c8e00000, 0x0000000100000000)
  region size 1024K, 6 young (6144K), 6 survivors (6144K)
 Metaspace       used 38797K, committed 39232K, reserved 1089536K
  class space    used 4906K, committed 5120K, reserved 1048576K
}
Event: 14.185 GC heap before
{Heap before GC invocations=30 (full 0):
 garbage-first heap   total 164864K, used 122399K [0x00000000c8e00000, 0x0000000100000000)
  region size 1024K, 56 young (57344K), 6 survivors (6144K)
 Metaspace       used 38797K, committed 39232K, reserved 1089536K
  class space    used 4906K, committed 5120K, reserved 1048576K
}
Event: 14.192 GC heap after
{Heap after GC invocations=31 (full 0):
 garbage-first heap   total 164864K, used 74107K [0x00000000c8e00000, 0x0000000100000000)
  region size 1024K, 6 young (6144K), 6 survivors (6144K)
 Metaspace       used 38797K, committed 39232K, reserved 1089536K
  class space    used 4906K, committed 5120K, reserved 1048576K
}
Event: 14.470 GC heap before
{Heap before GC invocations=31 (full 0):
 garbage-first heap   total 164864K, used 126331K [0x00000000c8e00000, 0x0000000100000000)
  region size 1024K, 58 young (59392K), 6 survivors (6144K)
 Metaspace       used 38797K, committed 39232K, reserved 1089536K
  class space    used 4906K, committed 5120K, reserved 1048576K
}
Event: 14.475 GC heap after
{Heap after GC invocations=32 (full 0):
 garbage-first heap   total 164864K, used 76250K [0x00000000c8e00000, 0x0000000100000000)
  region size 1024K, 6 young (6144K), 6 survivors (6144K)
 Metaspace       used 38797K, committed 39232K, reserved 1089536K
  class space    used 4906K, committed 5120K, reserved 1048576K
}
Event: 14.639 GC heap before
{Heap before GC invocations=32 (full 0):
 garbage-first heap   total 164864K, used 129498K [0x00000000c8e00000, 0x0000000100000000)
  region size 1024K, 59 young (60416K), 6 survivors (6144K)
 Metaspace       used 38797K, committed 39232K, reserved 1089536K
  class space    used 4906K, committed 5120K, reserved 1048576K
}
Event: 14.646 GC heap after
{Heap after GC invocations=33 (full 0):
 garbage-first heap   total 164864K, used 78385K [0x00000000c8e00000, 0x0000000100000000)
  region size 1024K, 6 young (6144K), 6 survivors (6144K)
 Metaspace       used 38797K, committed 39232K, reserved 1089536K
  class space    used 4906K, committed 5120K, reserved 1048576K
}
Event: 14.816 GC heap before
{Heap before GC invocations=33 (full 0):
 garbage-first heap   total 164864K, used 131633K [0x00000000c8e00000, 0x0000000100000000)
  region size 1024K, 59 young (60416K), 6 survivors (6144K)
 Metaspace       used 38797K, committed 39232K, reserved 1089536K
  class space    used 4906K, committed 5120K, reserved 1048576K
}

Deoptimization events (14 events):
Event: 4.642 Thread 0x000001dfa4583370 DEOPT PACKING pc=0x000001dfa764f319 sp=0x0000005d1fdfd050
Event: 4.642 Thread 0x000001dfa4583370 DEOPT UNPACKING pc=0x000001dfa7272b43 sp=0x0000005d1fdfc530 mode 3
Event: 8.308 Thread 0x000001dfa4583370 DEOPT PACKING pc=0x000001dfa77c1219 sp=0x0000005d1fdfc430
Event: 8.308 Thread 0x000001dfa4583370 DEOPT UNPACKING pc=0x000001dfa7272b43 sp=0x0000005d1fdfb910 mode 3
Event: 9.151 Thread 0x000001dfb0e962b0 DEOPT PACKING pc=0x000001dfa7876fb5 sp=0x0000005d218fe9b0
Event: 9.151 Thread 0x000001dfb0e962b0 DEOPT UNPACKING pc=0x000001dfa7272b43 sp=0x0000005d218fdec8 mode 3
Event: 9.331 Thread 0x000001dfb0e962b0 DEOPT PACKING pc=0x000001dfa788e0ab sp=0x0000005d218fe970
Event: 9.331 Thread 0x000001dfb0e962b0 DEOPT UNPACKING pc=0x000001dfa7272b43 sp=0x0000005d218fdeb8 mode 3
Event: 9.870 Thread 0x000001dfb1139370 DEOPT PACKING pc=0x000001dfa764e481 sp=0x0000005d21dfec00
Event: 9.870 Thread 0x000001dfb1139370 DEOPT UNPACKING pc=0x000001dfa7272b43 sp=0x0000005d21dfe090 mode 3
Event: 12.022 Thread 0x000001dfb1138e50 DEOPT PACKING pc=0x000001dfa764d097 sp=0x0000005d21aff050
Event: 12.022 Thread 0x000001dfb1138e50 DEOPT UNPACKING pc=0x000001dfa7272b43 sp=0x0000005d21afe4a8 mode 3
Event: 12.022 Thread 0x000001dfb1139370 DEOPT PACKING pc=0x000001dfa764d097 sp=0x0000005d21dfed30
Event: 12.022 Thread 0x000001dfb1139370 DEOPT UNPACKING pc=0x000001dfa7272b43 sp=0x0000005d21dfe188 mode 3

Classes unloaded (0 events):
No events

Classes redefined (0 events):
No events

Internal exceptions (20 events):
Event: 9.376 Thread 0x000001dfb1138e50 Exception <a 'sun/nio/fs/WindowsException'{0x00000000caf2dca8}> (0x00000000caf2dca8) 
thrown [s\src\hotspot\share\prims\jni.cpp, line 516]
Event: 9.376 Thread 0x000001dfb1138e50 Exception <a 'sun/nio/fs/WindowsException'{0x00000000caf2e088}> (0x00000000caf2e088) 
thrown [s\src\hotspot\share\prims\jni.cpp, line 516]
Event: 9.376 Thread 0x000001dfb1138e50 Exception <a 'sun/nio/fs/WindowsException'{0x00000000caf2ea78}> (0x00000000caf2ea78) 
thrown [s\src\hotspot\share\prims\jni.cpp, line 516]
Event: 9.376 Thread 0x000001dfb1138e50 Exception <a 'sun/nio/fs/WindowsException'{0x00000000caf2ee20}> (0x00000000caf2ee20) 
thrown [s\src\hotspot\share\prims\jni.cpp, line 516]
Event: 9.376 Thread 0x000001dfb1138e50 Exception <a 'sun/nio/fs/WindowsException'{0x00000000caf2f820}> (0x00000000caf2f820) 
thrown [s\src\hotspot\share\prims\jni.cpp, line 516]
Event: 9.377 Thread 0x000001dfb1138e50 Exception <a 'sun/nio/fs/WindowsException'{0x00000000caf2fbe0}> (0x00000000caf2fbe0) 
thrown [s\src\hotspot\share\prims\jni.cpp, line 516]
Event: 9.377 Thread 0x000001dfb1138e50 Exception <a 'sun/nio/fs/WindowsException'{0x00000000caf305e0}> (0x00000000caf305e0) 
thrown [s\src\hotspot\share\prims\jni.cpp, line 516]
Event: 9.377 Thread 0x000001dfb1138e50 Exception <a 'sun/nio/fs/WindowsException'{0x00000000caf30990}> (0x00000000caf30990) 
thrown [s\src\hotspot\share\prims\jni.cpp, line 516]
Event: 9.377 Thread 0x000001dfb1138e50 Exception <a 'sun/nio/fs/WindowsException'{0x00000000caf31390}> (0x00000000caf31390) 
thrown [s\src\hotspot\share\prims\jni.cpp, line 516]
Event: 9.377 Thread 0x000001dfb1138e50 Exception <a 'sun/nio/fs/WindowsException'{0x00000000caf31750}> (0x00000000caf31750) 
thrown [s\src\hotspot\share\prims\jni.cpp, line 516]
Event: 9.377 Thread 0x000001dfb1138e50 Exception <a 'sun/nio/fs/WindowsException'{0x00000000caf32178}> (0x00000000caf32178) 
thrown [s\src\hotspot\share\prims\jni.cpp, line 516]
Event: 9.377 Thread 0x000001dfb1138e50 Exception <a 'sun/nio/fs/WindowsException'{0x00000000caf32558}> (0x00000000caf32558) 
thrown [s\src\hotspot\share\prims\jni.cpp, line 516]
Event: 9.377 Thread 0x000001dfb1138e50 Exception <a 'sun/nio/fs/WindowsException'{0x00000000caf32f90}> (0x00000000caf32f90) 
thrown [s\src\hotspot\share\prims\jni.cpp, line 516]
Event: 9.377 Thread 0x000001dfb1138e50 Exception <a 'sun/nio/fs/WindowsException'{0x00000000caf33380}> (0x00000000caf33380) 
thrown [s\src\hotspot\share\prims\jni.cpp, line 516]
Event: 9.377 Thread 0x000001dfb1138e50 Exception <a 'sun/nio/fs/WindowsException'{0x00000000caf33da8}> (0x00000000caf33da8) 
thrown [s\src\hotspot\share\prims\jni.cpp, line 516]
Event: 9.377 Thread 0x000001dfb1138e50 Exception <a 'sun/nio/fs/WindowsException'{0x00000000caf34198}> (0x00000000caf34198) 
thrown [s\src\hotspot\share\prims\jni.cpp, line 516]
Event: 12.194 Thread 0x000001dfb1027a80 Exception <a 'java/lang/NoSuchMethodError'{0x00000000d29d38e0}: 'java.lang.Object java.lang.invoke.Invokers$Holder.invoke_MT(java.lang.Object, java.lang.Object, java.lang.Object)'> (0x00000000d29d38e0) 
thrown [s\src\hotspot\share\interpreter\linkResolver.cpp, line 759]
Event: 12.909 Thread 0x000001dfb1027a80 Exception <a 'java/lang/NoSuchMethodError'{0x00000000d12fd080}: 'java.lang.Object java.lang.invoke.DirectMethodHandle$Holder.newInvokeSpecial(java.lang.Object, java.lang.Object, int)'> (0x00000000d12fd080) 
thrown [s\src\hotspot\share\interpreter\linkResolver.cpp, line 759]
Event: 13.097 Thread 0x000001dfb113b520 Exception <a 'java/lang/NoSuchMethodError'{0x00000000cff87700}: 'java.lang.Object java.lang.invoke.Invokers$Holder.linkToTargetMethod(java.lang.Object, long, java.lang.Object)'> (0x00000000cff87700) 
thrown [s\src\hotspot\share\interpreter\linkResolver.cpp, line 759]
Event: 13.153 Thread 0x000001dfb113b520 Exception <a 'sun/nio/fs/WindowsException'{0x00000000cf8b3b98}> (0x00000000cf8b3b98) 
thrown [s\src\hotspot\share\prims\jni.cpp, line 516]

VM Operations (20 events):
Event: 13.379 Executing VM operation: G1CollectForAllocation done
Event: 13.379 Executing VM operation: G1CollectForAllocation
Event: 13.395 Executing VM operation: G1CollectForAllocation done
Event: 13.582 Executing VM operation: G1CollectForAllocation
Event: 13.630 Executing VM operation: G1CollectForAllocation done
Event: 13.631 Executing VM operation: G1CollectForAllocation
Event: 13.636 Executing VM operation: G1CollectForAllocation done
Event: 13.799 Executing VM operation: G1CollectForAllocation
Event: 13.854 Executing VM operation: G1CollectForAllocation done
Event: 14.110 Executing VM operation: G1CollectForAllocation
Event: 14.207 Executing VM operation: G1CollectForAllocation done
Event: 14.453 Executing VM operation: G1CollectForAllocation
Event: 14.470 Executing VM operation: G1CollectForAllocation done
Event: 14.470 Executing VM operation: G1CollectForAllocation
Event: 14.475 Executing VM operation: G1CollectForAllocation done
Event: 14.629 Executing VM operation: G1CollectForAllocation
Event: 14.639 Executing VM operation: G1CollectForAllocation done
Event: 14.639 Executing VM operation: G1CollectForAllocation
Event: 14.646 Executing VM operation: G1CollectForAllocation done
Event: 14.816 Executing VM operation: G1CollectForAllocation

Events (20 events):
Event: 12.685 loading class java/nio/channels/NonWritableChannelException done
Event: 12.857 loading class java/util/WeakHashMap$EntrySet
Event: 12.858 loading class java/util/WeakHashMap$EntrySet done
Event: 12.858 loading class java/util/WeakHashMap$EntryIterator
Event: 12.858 loading class java/util/WeakHashMap$HashIterator
Event: 12.858 loading class java/util/WeakHashMap$HashIterator done
Event: 12.858 loading class java/util/WeakHashMap$EntryIterator done
Event: 12.919 Thread 0x000001dfb113b520 Thread added: 0x000001dfb113b520
Event: 12.926 Thread 0x000001dfb113b9f0 Thread added: 0x000001dfb113b9f0
Event: 13.126 loading class java/security/NoSuchAlgorithmException
Event: 13.126 loading class java/security/NoSuchAlgorithmException done
Event: 13.128 loading class sun/security/provider/MD5
Event: 13.128 loading class sun/security/provider/MD5 done
Event: 13.128 loading class sun/security/provider/ByteArrayAccess$LE
Event: 13.128 loading class sun/security/provider/ByteArrayAccess$LE done
Event: 13.229 Thread 0x000001dfb113bec0 Thread added: 0x000001dfb113bec0
Event: 13.269 loading class java/nio/file/FileTreeIterator
Event: 13.269 loading class java/nio/file/FileTreeIterator done
Event: 13.288 loading class java/util/stream/ForEachOps$ForEachOp$OfRef
Event: 13.288 loading class java/util/stream/ForEachOps$ForEachOp$OfRef done


Dynamic libraries:
0x00007ff722590000 - 0x00007ff72259e000 	c:\Users\nicho\.vscode\extensions\redhat.java-1.12.0-win32-x64\jre\17.0.4.1-win32-x86_64\bin\java.exe
0x00007ffaf8f70000 - 0x00007ffaf9168000 	C:\WINDOWS\SYSTEM32\ntdll.dll
0x00007ffaf8020000 - 0x00007ffaf80df000 	C:\WINDOWS\System32\KERNEL32.DLL
0x00007ffaf6b30000 - 0x00007ffaf6e02000 	C:\WINDOWS\System32\KERNELBASE.dll
0x00007ffaf6870000 - 0x00007ffaf6970000 	C:\WINDOWS\System32\ucrtbase.dll
0x00007ffaf0850000 - 0x00007ffaf0869000 	c:\Users\nicho\.vscode\extensions\redhat.java-1.12.0-win32-x64\jre\17.0.4.1-win32-x86_64\bin\VCRUNTIME140.dll
0x00007ffaf08e0000 - 0x00007ffaf08f8000 	c:\Users\nicho\.vscode\extensions\redhat.java-1.12.0-win32-x64\jre\17.0.4.1-win32-x86_64\bin\jli.dll
0x00007ffaf78a0000 - 0x00007ffaf7a3d000 	C:\WINDOWS\System32\USER32.dll
0x00007ffaf69a0000 - 0x00007ffaf69c2000 	C:\WINDOWS\System32\win32u.dll
0x00007ffaf8100000 - 0x00007ffaf812b000 	C:\WINDOWS\System32\GDI32.dll
0x00007ffaf6670000 - 0x00007ffaf677f000 	C:\WINDOWS\System32\gdi32full.dll
0x00007ffaf6780000 - 0x00007ffaf681d000 	C:\WINDOWS\System32\msvcp_win.dll
0x00007ffae3060000 - 0x00007ffae32fa000 	C:\WINDOWS\WinSxS\amd64_microsoft.windows.common-controls_6595b64144ccf1df_6.0.19041.1110_none_60b5254171f9507e\COMCTL32.dll
0x00007ffaf8bd0000 - 0x00007ffaf8c6e000 	C:\WINDOWS\System32\msvcrt.dll
0x00007ffaf7e30000 - 0x00007ffaf7e62000 	C:\WINDOWS\System32\IMM32.DLL
0x00007ffaf3e20000 - 0x00007ffaf3e2c000 	c:\Users\nicho\.vscode\extensions\redhat.java-1.12.0-win32-x64\jre\17.0.4.1-win32-x86_64\bin\vcruntime140_1.dll
0x00007ffadee10000 - 0x00007ffadeea1000 	c:\Users\nicho\.vscode\extensions\redhat.java-1.12.0-win32-x64\jre\17.0.4.1-win32-x86_64\bin\msvcp140.dll
0x00007ffa865e0000 - 0x00007ffa87226000 	c:\Users\nicho\.vscode\extensions\redhat.java-1.12.0-win32-x64\jre\17.0.4.1-win32-x86_64\bin\server\jvm.dll
0x00007ffaf8b20000 - 0x00007ffaf8bce000 	C:\WINDOWS\System32\ADVAPI32.dll
0x00007ffaf8530000 - 0x00007ffaf85cc000 	C:\WINDOWS\System32\sechost.dll
0x00007ffaf8d30000 - 0x00007ffaf8e55000 	C:\WINDOWS\System32\RPCRT4.dll
0x00007ffaf7830000 - 0x00007ffaf7838000 	C:\WINDOWS\System32\PSAPI.DLL
0x00007ffab66d0000 - 0x00007ffab66d9000 	C:\WINDOWS\SYSTEM32\WSOCK32.dll
0x00007ffaf8310000 - 0x00007ffaf837b000 	C:\WINDOWS\System32\WS2_32.dll
0x00007ffaed930000 - 0x00007ffaed957000 	C:\WINDOWS\SYSTEM32\WINMM.dll
0x00007ffaed960000 - 0x00007ffaed96a000 	C:\WINDOWS\SYSTEM32\VERSION.dll
0x00007ffaf4530000 - 0x00007ffaf4542000 	C:\WINDOWS\SYSTEM32\kernel.appcore.dll
0x00007ffaf0960000 - 0x00007ffaf096a000 	c:\Users\nicho\.vscode\extensions\redhat.java-1.12.0-win32-x64\jre\17.0.4.1-win32-x86_64\bin\jimage.dll
0x00007ffae4f60000 - 0x00007ffae5144000 	C:\WINDOWS\SYSTEM32\DBGHELP.DLL
0x00007ffae46b0000 - 0x00007ffae46dc000 	C:\WINDOWS\SYSTEM32\dbgcore.DLL
0x00007ffaf6e80000 - 0x00007ffaf6f02000 	C:\WINDOWS\System32\bcryptPrimitives.dll
0x00007ffaf00f0000 - 0x00007ffaf0115000 	c:\Users\nicho\.vscode\extensions\redhat.java-1.12.0-win32-x64\jre\17.0.4.1-win32-x86_64\bin\java.dll
0x00007ffaf00d0000 - 0x00007ffaf00e8000 	c:\Users\nicho\.vscode\extensions\redhat.java-1.12.0-win32-x64\jre\17.0.4.1-win32-x86_64\bin\zip.dll
0x00007ffaf7080000 - 0x00007ffaf77c3000 	C:\WINDOWS\System32\SHELL32.dll
0x00007ffaf4730000 - 0x00007ffaf4ec2000 	C:\WINDOWS\SYSTEM32\windows.storage.dll
0x00007ffaf7a40000 - 0x00007ffaf7d94000 	C:\WINDOWS\System32\combase.dll
0x00007ffaf5ff0000 - 0x00007ffaf6020000 	C:\WINDOWS\SYSTEM32\Wldp.dll
0x00007ffaf6fd0000 - 0x00007ffaf707d000 	C:\WINDOWS\System32\SHCORE.dll
0x00007ffaf8cd0000 - 0x00007ffaf8d25000 	C:\WINDOWS\System32\shlwapi.dll
0x00007ffaf65b0000 - 0x00007ffaf65cf000 	C:\WINDOWS\SYSTEM32\profapi.dll
0x00007ffaee870000 - 0x00007ffaee889000 	C:\Users\nicho\.vscode\extensions\redhat.java-1.12.0-win32-x64\jre\17.0.4.1-win32-x86_64\bin\net.dll
0x00007ffae7080000 - 0x00007ffae718c000 	C:\WINDOWS\SYSTEM32\WINHTTP.dll
0x00007ffaf5d50000 - 0x00007ffaf5dba000 	C:\WINDOWS\system32\mswsock.dll
0x00007ffaee7a0000 - 0x00007ffaee7b5000 	C:\Users\nicho\.vscode\extensions\redhat.java-1.12.0-win32-x64\jre\17.0.4.1-win32-x86_64\bin\nio.dll
0x00007ffaeffd0000 - 0x00007ffaeffe0000 	c:\Users\nicho\.vscode\extensions\redhat.java-1.12.0-win32-x64\jre\17.0.4.1-win32-x86_64\bin\verify.dll
0x00007ffaf3e50000 - 0x00007ffaf3e59000 	C:\Users\nicho\.vscode\extensions\redhat.java-1.12.0-win32-x64\jre\17.0.4.1-win32-x86_64\bin\management.dll
0x00007ffaf0f90000 - 0x00007ffaf0f9b000 	C:\Users\nicho\.vscode\extensions\redhat.java-1.12.0-win32-x64\jre\17.0.4.1-win32-x86_64\bin\management_ext.dll
0x00007ffae27f0000 - 0x00007ffae2807000 	C:\WINDOWS\system32\napinsp.dll
0x00007ffae27d0000 - 0x00007ffae27eb000 	C:\WINDOWS\system32\pnrpnsp.dll
0x00007ffaf0bf0000 - 0x00007ffaf0c05000 	C:\WINDOWS\system32\wshbth.dll
0x00007ffaf2020000 - 0x00007ffaf203d000 	C:\WINDOWS\system32\NLAapi.dll
0x00007ffaf5a40000 - 0x00007ffaf5a7b000 	C:\WINDOWS\SYSTEM32\IPHLPAPI.DLL
0x00007ffaf5a80000 - 0x00007ffaf5b4a000 	C:\WINDOWS\SYSTEM32\DNSAPI.dll
0x00007ffaf6fc0000 - 0x00007ffaf6fc8000 	C:\WINDOWS\System32\NSI.dll
0x00007ffae27b0000 - 0x00007ffae27c2000 	C:\WINDOWS\System32\winrnr.dll
0x00007ffae7070000 - 0x00007ffae707a000 	C:\Windows\System32\rasadhlp.dll
0x00007ffae7310000 - 0x00007ffae7390000 	C:\WINDOWS\System32\fwpuclnt.dll
0x00007ffaf6970000 - 0x00007ffaf6997000 	C:\WINDOWS\System32\bcrypt.dll
0x00007ffaf5f40000 - 0x00007ffaf5f58000 	C:\WINDOWS\SYSTEM32\CRYPTSP.dll
0x00007ffaf5670000 - 0x00007ffaf56a4000 	C:\WINDOWS\system32\rsaenh.dll
0x00007ffaf6570000 - 0x00007ffaf659e000 	C:\WINDOWS\SYSTEM32\USERENV.dll
0x00007ffaf5f60000 - 0x00007ffaf5f6c000 	C:\WINDOWS\SYSTEM32\CRYPTBASE.dll
0x00007ffaeb6b0000 - 0x00007ffaeb6c7000 	C:\WINDOWS\SYSTEM32\dhcpcsvc6.DLL
0x00007ffaeb8e0000 - 0x00007ffaeb8fd000 	C:\WINDOWS\SYSTEM32\dhcpcsvc.DLL

dbghelp: loaded successfully - version: 4.0.5 - missing functions: none
symbol engine: initialized successfully - sym options: 0x614 - pdb path: .;c:\Users\nicho\.vscode\extensions\redhat.java-1.12.0-win32-x64\jre\17.0.4.1-win32-x86_64\bin;C:\WINDOWS\SYSTEM32;C:\WINDOWS\WinSxS\amd64_microsoft.windows.common-controls_6595b64144ccf1df_6.0.19041.1110_none_60b5254171f9507e;c:\Users\nicho\.vscode\extensions\redhat.java-1.12.0-win32-x64\jre\17.0.4.1-win32-x86_64\bin\server

VM Arguments:
jvm_args: -Dsts.lsp.client=vscode -Dsts.log.file=/dev/null -XX:TieredStopAtLevel=1 -Xlog:jni+resolve=off -Dspring.config.location=file:c:\Users\nicho\.vscode\extensions\pivotal.vscode-spring-boot-1.40.0\language-server\BOOT-INF\classes\application.properties 
java_command: org.springframework.ide.vscode.boot.app.BootLanguageServerBootApp
java_class_path (initial): c:\Users\nicho\.vscode\extensions\pivotal.vscode-spring-boot-1.40.0\language-server\BOOT-INF\classes;c:\Users\nicho\.vscode\extensions\pivotal.vscode-spring-boot-1.40.0\language-server\BOOT-INF\lib\annotations-23.0.0.jar;c:\Users\nicho\.vscode\extensions\pivotal.vscode-spring-boot-1.40.0\language-server\BOOT-INF\lib\ant-1.10.12.jar;c:\Users\nicho\.vscode\extensions\pivotal.vscode-spring-boot-1.40.0\language-server\BOOT-INF\lib\ant-launcher-1.10.12.jar;c:\Users\nicho\.vscode\extensions\pivotal.vscode-spring-boot-1.40.0\language-server\BOOT-INF\lib\antlr-runtime-3.5.2.jar;c:\Users\nicho\.vscode\extensions\pivotal.vscode-spring-boot-1.40.0\language-server\BOOT-INF\lib\antlr4-4.9.3.jar;c:\Users\nicho\.vscode\extensions\pivotal.vscode-spring-boot-1.40.0\language-server\BOOT-INF\lib\antlr4-runtime-4.9.3.jar;c:\Users\nicho\.vscode\extensions\pivotal.vscode-spring-boot-1.40.0\language-server\BOOT-INF\lib\asm-9.3.jar;c:\Users\nicho\.vscode\extensions\pivotal.vscode-spring-boot-1.40.0\language-server\BOOT-INF\lib\asm-analysis-9.3.jar;c:\Users\nicho\.vscode\extensions\pivotal.vscode-spring-boot-1.40.0\language-server\BOOT-INF\lib\asm-tree-9.3.jar;c:\Users\nicho\.vscode\extensions\pivotal.vscode-spring-boot-1.40.0\language-server\BOOT-INF\lib\asm-util-9.3.jar;c:\Users\nicho\.vscode\extensions\pivotal.vscode-spring-boot-1.40.0\language-server\BOOT-INF\lib\byte-buddy-1.12.13.jar;c:\Users\nicho\.vscode\extensions\pivotal.vscode-spring-boot-1.40.0\language-server\BOOT-INF\lib\caffeine-2.9.3.jar;c:\Users\nicho\.vscode\extensions\pivotal.vscode-spring-boot-1.40.0\language-server\BOOT-INF\lib\checker-qual-3.12.0.jar;c:\Users\nicho\.vscode\extensions\pivotal.vscode-spring-boot-1.40.0\language-server\BOOT-INF\lib\classgraph-4.8.149.jar;c:\Users\nicho\.vscode\extensions\pivotal.vscode-spring-boot-1.40.0\language-server\BOOT-INF\lib\commons-codec-1.15.jar;c:\Users\nicho\.vscode\extensions\pivotal.vscode-spring-boot-1.40.0\language-server\BOOT-INF\lib\commons-c
Launcher Type: SUN_STANDARD

[Global flags]
     intx CICompilerCount                          = 3                                         {product} {ergonomic}
     uint ConcGCThreads                            = 1                                         {product} {ergonomic}
     uint G1ConcRefinementThreads                  = 4                                         {product} {ergonomic}
   size_t G1HeapRegionSize                         = 1048576                                   {product} {ergonomic}
    uintx GCDrainStackTargetSize                   = 64                                        {product} {ergonomic}
   size_t InitialHeapSize                          = 58720256                                  {product} {ergonomic}
   size_t MarkStackSize                            = 4194304                                   {product} {ergonomic}
   size_t MaxHeapSize                              = 924844032                                 {product} {ergonomic}
   size_t MaxNewSize                               = 554696704                                 {product} {ergonomic}
   size_t MinHeapDeltaBytes                        = 1048576                                   {product} {ergonomic}
   size_t MinHeapSize                              = 8388608                                   {product} {ergonomic}
    uintx NonProfiledCodeHeapSize                  = 0                                      {pd product} {ergonomic}
     bool ProfileInterpreter                       = false                                  {pd product} {command line}
    uintx ProfiledCodeHeapSize                     = 0                                      {pd product} {ergonomic}
   size_t SoftMaxHeapSize                          = 924844032                              {manageable} {ergonomic}
     intx TieredStopAtLevel                        = 1                                         {product} {command line}
     bool UseCompressedClassPointers               = true                           {product lp64_product} {ergonomic}
     bool UseCompressedOops                        = true                           {product lp64_product} {ergonomic}
     bool UseG1GC                                  = true                                      {product} {ergonomic}
     bool UseLargePagesIndividualAllocation        = false                                  {pd product} {ergonomic}

Logging:
Log output configuration:
 #0: stdout all=warning,jni+resolve=off uptime,level,tags
 #1: stderr all=off uptime,level,tags

Environment Variables:
PATH=C:\WINDOWS\system32;C:\WINDOWS;C:\WINDOWS\System32\Wbem;C:\WINDOWS\System32\WindowsPowerShell\v1.0\;C:\WINDOWS\System32\OpenSSH\;C:\Program Files\nodejs\;C:\Program Files\Go\bin;C:\Program Files\Git\cmd;C:\Program Files\dotnet\;C:\Program Files\Microsoft SQL Server\150\Tools\Binn\;C:\Program Files\Microsoft SQL Server\Client SDK\ODBC\170\Tools\Binn\;C:\Users\nicho\mongosh-1.6.0-win32-x64\bin\mongosh.exe\;C:\Users\nicho\AppData\Local\Programs\Python\Python39\Scripts\;C:\Users\nicho\AppData\Local\Programs\Python\Python39\;C:\Users\nicho\AppData\Local\Microsoft\WindowsApps;C:\Users\nicho\AppData\Local\GitHubDesktop\bin;C:\Users\nicho\AppData\Local\Programs\Microsoft VS Code\bin;C:\Users\nicho\AppData\Local\Microsoft\WindowsApps;C:\Users\nicho\AppData\Roaming\npm;C:\Users\nicho\go\bin;C:\Users\nicho\.dotnet\tools;C:\Users\nicho\mongosh-1.6.0-win32-x64\bin\mongosh.exe\;C:\Program Files\CodeBlocks\MinGW\bin;C:\Users\nicho\AppData\Local\Packages\PythonSoftwareFoundation.Python.3.9_qbz5n2kfra8p0\LocalCache\local-packages\Python39\Scripts;
USERNAME=nicho
OS=Windows_NT
PROCESSOR_IDENTIFIER=AMD64 Family 23 Model 24 Stepping 1, AuthenticAMD
TMP=C:\Users\nicho\AppData\Local\Temp
TEMP=C:\Users\nicho\AppData\Local\Temp



---------------  S Y S T E M  ---------------

OS:
 Windows 10 , 64 bit Build 19041 (10.0.19041.2251)
OS uptime: 2 days 3:31 hours

CPU: total 4 (initial active 4) (4 cores per cpu, 2 threads per core) family 23 model 24 stepping 1 microcode 0x0, cx8, cmov, fxsr, ht, mmx, 3dnowpref, sse, sse2, sse3, ssse3, sse4a, sse4.1, sse4.2, popcnt, lzcnt, tsc, tscinvbit, avx, avx2, aes, clmul, bmi1, bmi2, adx, sha, fma, vzeroupper, clflush, clflushopt

Memory: 4k page, system-wide physical 3522M (134M free)
TotalPageFile size 14274M (AvailPageFile size 190M)
current process WorkingSet (physical memory assigned to process): 175M, peak: 175M
current process commit charge ("private bytes"): 290M, peak: 498M

vm_info: OpenJDK 64-Bit Server VM (17.0.4.1+1) for windows-amd64 JRE (17.0.4.1+1), built on Aug 17 2022 07:42:43 by "temurin" with MS VC++ 16.7 (VS2019)

END.
