#
# There is insufficient memory for the Java Runtime Environment to continue.
# Native memory allocation (mmap) failed to map 28311552 bytes for G1 virtual space
# Possible reasons:
#   The system is out of physical RAM or swap space
#   The process is running with CompressedOops enabled, and the Java Heap may be blocking the growth of the native heap
# Possible solutions:
#   Reduce memory load on the system
#   Increase physical memory or swap space
#   Check if swap backing store is full
#   Decrease Java heap size (-Xmx/-Xms)
#   Decrease number of Java threads
#   Decrease Java thread stack sizes (-Xss)
#   Set larger code cache with -XX:ReservedCodeCacheSize=
#   JVM is running with Unscaled Compressed Oops mode in which the Java heap is
#     placed in the first 4GB address space. The Java Heap base address is the
#     maximum limit for the native heap growth. Please use -XX:HeapBaseMinAddress
#     to set the Java Heap base and to place the Java Heap above 4GB virtual address.
# This output file may be truncated or incomplete.
#
#  Out of Memory Error (os_windows.cpp:3541), pid=8096, tid=7788
#
# JRE version: OpenJDK Runtime Environment Temurin-17.0.4.1+1 (17.0.4.1+1) (build 17.0.4.1+1)
# Java VM: OpenJDK 64-Bit Server VM Temurin-17.0.4.1+1 (17.0.4.1+1, mixed mode, emulated-client, tiered, compressed oops, compressed class ptrs, g1 gc, windows-amd64)
# No core dump will be written. Minidumps are not enabled by default on client versions of Windows
#

---------------  S U M M A R Y ------------

Command Line: -Dsts.lsp.client=vscode -Dsts.log.file=/dev/null -XX:TieredStopAtLevel=1 -Xlog:jni+resolve=off -Dspring.config.location=file:c:\Users\nicho\.vscode\extensions\pivotal.vscode-spring-boot-1.40.0\language-server\BOOT-INF\classes\application.properties org.springframework.ide.vscode.boot.app.BootLanguageServerBootApp

Host: AMD Ryzen 3 3200U with Radeon Vega Mobile Gfx  , 4 cores, 3G,  Windows 10 , 64 bit Build 19041 (10.0.19041.2251)
Time: Mon Nov 28 19:55:31 2022 Haiti Standard Time elapsed time: 21.017947 seconds (0d 0h 0m 21s)

---------------  T H R E A D  ---------------

Current thread (0x00000282e11c6520):  VMThread "VM Thread" [stack: 0x000000eab0100000,0x000000eab0200000] [id=7788]

Stack: [0x000000eab0100000,0x000000eab0200000]
Native frames: (J=compiled Java code, j=interpreted, Vv=VM code, C=native code)
V  [jvm.dll+0x67731a]
V  [jvm.dll+0x832284]
V  [jvm.dll+0x833a2e]
V  [jvm.dll+0x834093]
V  [jvm.dll+0x245775]
V  [jvm.dll+0x674209]
V  [jvm.dll+0x668a92]
V  [jvm.dll+0x30471b]
V  [jvm.dll+0x30bc66]
V  [jvm.dll+0x35ba9e]
V  [jvm.dll+0x35bccf]
V  [jvm.dll+0x2db5b8]
V  [jvm.dll+0x2d986c]
V  [jvm.dll+0x2d8e3c]
V  [jvm.dll+0x31cd9b]
V  [jvm.dll+0x83853b]
V  [jvm.dll+0x839274]
V  [jvm.dll+0x83978c]
V  [jvm.dll+0x839b64]
V  [jvm.dll+0x839c30]
V  [jvm.dll+0x7e240a]
V  [jvm.dll+0x6761a5]
C  [ucrtbase.dll+0x21bb2]
C  [KERNEL32.DLL+0x174b4]
C  [ntdll.dll+0x526a1]

VM_Operation (0x000000eab25fe110): G1CollectForAllocation, mode: safepoint, requested by thread 0x00000282e3a90f10


---------------  P R O C E S S  ---------------

Threads class SMR info:
_java_thread_list=0x00000282e43aee60, length=39, elements={
0x00000282e11db390, 0x00000282e11dc200, 0x00000282e1218130, 0x00000282e121adb0,
0x00000282e121d780, 0x00000282e121e130, 0x00000282e121fab0, 0x00000282e12203b0,
0x00000282e1d95f80, 0x00000282e1dab020, 0x00000282e1cea160, 0x00000282e398bd10,
0x00000282e3703a30, 0x00000282e3703f00, 0x00000282e37043d0, 0x00000282e37048a0,
0x00000282e3703090, 0x00000282e3703560, 0x00000282e3a913e0, 0x00000282e3a92720,
0x00000282e3a918b0, 0x00000282e3a8e3c0, 0x00000282e3a930c0, 0x00000282e3a93a60,
0x00000282e3a91d80, 0x00000282e3a92250, 0x00000282e3a8fbd0, 0x00000282e3a92bf0,
0x00000282e3a90a40, 0x00000282e3a93590, 0x00000282e3a90f10, 0x00000282e3a8e890,
0x00000282e3a93f30, 0x00000282e3a948d0, 0x00000282e3a8d080, 0x00000282e3a8ed60,
0x00000282e3a8da20, 0x00000282e3a8f230, 0x00000282e5c63cd0
}

Java Threads: ( => current thread )
  0x00000282e11db390 JavaThread "Reference Handler" daemon [_thread_blocked, id=7592, stack(0x000000eab0200000,0x000000eab0300000)]
  0x00000282e11dc200 JavaThread "Finalizer" daemon [_thread_blocked, id=11740, stack(0x000000eab0300000,0x000000eab0400000)]
  0x00000282e1218130 JavaThread "Signal Dispatcher" daemon [_thread_blocked, id=12916, stack(0x000000eab0400000,0x000000eab0500000)]
  0x00000282e121adb0 JavaThread "Attach Listener" daemon [_thread_blocked, id=13296, stack(0x000000eab0500000,0x000000eab0600000)]
  0x00000282e121d780 JavaThread "Service Thread" daemon [_thread_blocked, id=14580, stack(0x000000eab0600000,0x000000eab0700000)]
  0x00000282e121e130 JavaThread "Monitor Deflation Thread" daemon [_thread_blocked, id=2916, stack(0x000000eab0700000,0x000000eab0800000)]
  0x00000282e121fab0 JavaThread "C1 CompilerThread0" daemon [_thread_blocked, id=2992, stack(0x000000eab0800000,0x000000eab0900000)]
  0x00000282e12203b0 JavaThread "Sweeper thread" daemon [_thread_blocked, id=7924, stack(0x000000eab0900000,0x000000eab0a00000)]
  0x00000282e1d95f80 JavaThread "Notification Thread" daemon [_thread_blocked, id=8144, stack(0x000000eab0b00000,0x000000eab0c00000)]
  0x00000282e1dab020 JavaThread "Common-Cleaner" daemon [_thread_blocked, id=15320, stack(0x000000eab0d00000,0x000000eab0e00000)]
  0x00000282e1cea160 JavaThread "boundedElastic-evictor-1" daemon [_thread_blocked, id=13576, stack(0x000000eab1100000,0x000000eab1200000)]
  0x00000282e398bd10 JavaThread "pool-9-thread-1" [_thread_blocked, id=8588, stack(0x000000eab1300000,0x000000eab1400000)]
  0x00000282e3703a30 JavaThread "LanguageServerApp-lifecycle" [_thread_blocked, id=6168, stack(0x000000eab1400000,0x000000eab1500000)]
  0x00000282e3703f00 JavaThread "DestroyJavaVM" [_thread_blocked, id=5056, stack(0x000000eaafb00000,0x000000eaafc00000)]
  0x00000282e37043d0 JavaThread "pool-10-thread-1" [_thread_in_native, id=11868, stack(0x000000eab1500000,0x000000eab1600000)]
  0x00000282e37048a0 JavaThread "Simple-Language-Server main thread" daemon [_thread_blocked, id=10684, stack(0x000000eab1600000,0x000000eab1700000)]
  0x00000282e3703090 JavaThread "ForkJoinPool.commonPool-worker-1" daemon [_thread_blocked, id=7464, stack(0x000000eab1700000,0x000000eab1800000)]
  0x00000282e3703560 JavaThread "pool-7-thread-1" [_thread_blocked, id=13176, stack(0x000000eab1800000,0x000000eab1900000)]
  0x00000282e3a913e0 JavaThread "parallel-1" daemon [_thread_blocked, id=12636, stack(0x000000eab1900000,0x000000eab1a00000)]
  0x00000282e3a92720 JavaThread "parallel-2" daemon [_thread_blocked, id=6352, stack(0x000000eab1a00000,0x000000eab1b00000)]
  0x00000282e3a918b0 JavaThread "parallel-3" daemon [_thread_blocked, id=7300, stack(0x000000eab1b00000,0x000000eab1c00000)]
  0x00000282e3a8e3c0 JavaThread "parallel-4" daemon [_thread_blocked, id=4676, stack(0x000000eab1c00000,0x000000eab1d00000)]
  0x00000282e3a930c0 JavaThread "pool-4-thread-1" [_thread_blocked, id=944, stack(0x000000eab1d00000,0x000000eab1e00000)]
  0x00000282e3a93a60 JavaThread "Reconciler-1" daemon [_thread_blocked, id=14916, stack(0x000000eab1e00000,0x000000eab1f00000)]
  0x00000282e3a91d80 JavaThread "ClassGraph-worker-0" daemon [_thread_blocked, id=6736, stack(0x000000eab1f00000,0x000000eab2000000)]
  0x00000282e3a92250 JavaThread "ClassGraph-worker-1" daemon [_thread_blocked, id=5376, stack(0x000000eab2000000,0x000000eab2100000)]
  0x00000282e3a8fbd0 JavaThread "ClassGraph-worker-2" daemon [_thread_blocked, id=11312, stack(0x000000eab2100000,0x000000eab2200000)]
  0x00000282e3a92bf0 JavaThread "ClassGraph-worker-3" daemon [_thread_blocked, id=10800, stack(0x000000eab2200000,0x000000eab2300000)]
  0x00000282e3a90a40 JavaThread "ClassGraph-worker-4" daemon [_thread_blocked, id=6724, stack(0x000000eab2300000,0x000000eab2400000)]
  0x00000282e3a93590 JavaThread "ClassGraph-worker-5" daemon [_thread_blocked, id=8808, stack(0x000000eab2400000,0x000000eab2500000)]
  0x00000282e3a90f10 JavaThread "ClassGraph-worker-6" daemon [_thread_blocked, id=12572, stack(0x000000eab2500000,0x000000eab2600000)]
  0x00000282e3a8e890 JavaThread "ClassGraph-worker-7" daemon [_thread_blocked, id=14972, stack(0x000000eab2600000,0x000000eab2700000)]
  0x00000282e3a93f30 JavaThread "pool-4-thread-2" [_thread_blocked, id=8104, stack(0x000000eab2700000,0x000000eab2800000)]
  0x00000282e3a948d0 JavaThread "pool-5-thread-1" [_thread_blocked, id=14032, stack(0x000000eab2800000,0x000000eab2900000)]
  0x00000282e3a8d080 JavaThread "ForkJoinPool.commonPool-worker-2" daemon [_thread_blocked, id=13852, stack(0x000000eab2900000,0x000000eab2a00000)]
  0x00000282e3a8ed60 JavaThread "Project-Reconciler-1" daemon [_thread_blocked, id=13288, stack(0x000000eab2b00000,0x000000eab2c00000)]
  0x00000282e3a8da20 JavaThread "Project-Reconciler-2" daemon [_thread_blocked, id=13656, stack(0x000000eab2d00000,0x000000eab2e00000)]
  0x00000282e3a8f230 JavaThread "ForkJoinPool.commonPool-worker-3" daemon [_thread_blocked, id=5064, stack(0x000000eab2e00000,0x000000eab2f00000)]
  0x00000282e5c63cd0 JavaThread "C1 CompilerThread1" daemon [_thread_blocked, id=4004, stack(0x000000eab0a00000,0x000000eab0b00000)]

Other Threads:
=>0x00000282e11c6520 VMThread "VM Thread" [stack: 0x000000eab0100000,0x000000eab0200000] [id=7788]
  0x00000282e1d96450 WatcherThread [stack: 0x000000eab0c00000,0x000000eab0d00000] [id=13900]
  0x00000282d527cae0 GCTaskThread "GC Thread#0" [stack: 0x000000eaafc00000,0x000000eaafd00000] [id=12992]
  0x00000282e23a0190 GCTaskThread "GC Thread#1" [stack: 0x000000eab0e00000,0x000000eab0f00000] [id=13708]
  0x00000282e25bf000 GCTaskThread "GC Thread#2" [stack: 0x000000eab0f00000,0x000000eab1000000] [id=5812]
  0x00000282e26b68c0 GCTaskThread "GC Thread#3" [stack: 0x000000eab1000000,0x000000eab1100000] [id=14616]
  0x00000282d5285870 ConcurrentGCThread "G1 Main Marker" [stack: 0x000000eaafd00000,0x000000eaafe00000] [id=11056]
  0x00000282d5286280 ConcurrentGCThread "G1 Conc#0" [stack: 0x000000eaafe00000,0x000000eaaff00000] [id=11196]
  0x00000282d52c77b0 ConcurrentGCThread "G1 Refine#0" [stack: 0x000000eaaff00000,0x000000eab0000000] [id=6096]
  0x00000282e5a6e840 ConcurrentGCThread "G1 Refine#1" [stack: 0x000000eab2a00000,0x000000eab2b00000] [id=7556]
  0x00000282e5a82cb0 ConcurrentGCThread "G1 Refine#2" [stack: 0x000000eab2c00000,0x000000eab2d00000] [id=12748]
  0x00000282d52c91e0 ConcurrentGCThread "G1 Service" [stack: 0x000000eab0000000,0x000000eab0100000] [id=14128]

Threads with active compile tasks:

VM state: at safepoint (normal execution)

VM Mutex/Monitor currently owned by a thread:  ([mutex/lock_event])
[0x00000282d5106d30] Threads_lock - owner thread: 0x00000282e11c6520
[0x00000282d5242370] Heap_lock - owner thread: 0x00000282e3a90f10

Heap address: 0x00000000c8e00000, size: 882 MB, Compressed Oops mode: 32-bit

CDS archive(s) not mapped
Compressed class space mapped at: 0x0000000100000000-0x0000000140000000, reserved size: 1073741824
Narrow klass base: 0x0000000000000000, Narrow klass shift: 3, Narrow klass range: 0x140000000

GC Precious Log:
 CPUs: 4 total, 4 available
 Memory: 3522M
 Large Page Support: Disabled
 NUMA Support: Disabled
 Compressed Oops: Enabled (32-bit)
 Heap Region Size: 1M
 Heap Min Capacity: 8M
 Heap Initial Capacity: 56M
 Heap Max Capacity: 882M
 Pre-touch: Disabled
 Parallel Workers: 4
 Concurrent Workers: 1
 Concurrent Refinement Workers: 4
 Periodic GC: Disabled

Heap:
 garbage-first heap   total 236544K, used 121359K [0x00000000c8e00000, 0x0000000100000000)
  region size 1024K, 6 young (6144K), 6 survivors (6144K)
 Metaspace       used 46437K, committed 46784K, reserved 1097728K
  class space    used 5738K, committed 5888K, reserved 1048576K

Heap Regions: E=young(eden), S=young(survivor), O=old, HS=humongous(starts), HC=humongous(continues), CS=collection set, F=free, OA=open archive, CA=closed archive, TAMS=top-at-mark-start (previous, next)
|   0|0x00000000c8e00000, 0x00000000c8f00000, 0x00000000c8f00000|100%| O|  |TAMS 0x00000000c8f00000, 0x00000000c8e00000| Untracked 
|   1|0x00000000c8f00000, 0x00000000c9000000, 0x00000000c9000000|100%| O|  |TAMS 0x00000000c9000000, 0x00000000c8f00000| Untracked 
|   2|0x00000000c9000000, 0x00000000c9100000, 0x00000000c9100000|100%| O|  |TAMS 0x00000000c9100000, 0x00000000c9000000| Untracked 
|   3|0x00000000c9100000, 0x00000000c9200000, 0x00000000c9200000|100%| O|  |TAMS 0x00000000c9200000, 0x00000000c9100000| Untracked 
|   4|0x00000000c9200000, 0x00000000c9300000, 0x00000000c9300000|100%| O|  |TAMS 0x00000000c9300000, 0x00000000c9200000| Untracked 
|   5|0x00000000c9300000, 0x00000000c9400000, 0x00000000c9400000|100%| O|  |TAMS 0x00000000c9400000, 0x00000000c9300000| Untracked 
|   6|0x00000000c9400000, 0x00000000c9500000, 0x00000000c9500000|100%| O|  |TAMS 0x00000000c9500000, 0x00000000c9400000| Untracked 
|   7|0x00000000c9500000, 0x00000000c9600000, 0x00000000c9600000|100%| O|  |TAMS 0x00000000c9600000, 0x00000000c9500000| Untracked 
|   8|0x00000000c9600000, 0x00000000c9700000, 0x00000000c9700000|100%| O|  |TAMS 0x00000000c9700000, 0x00000000c9600000| Untracked 
|   9|0x00000000c9700000, 0x00000000c9800000, 0x00000000c9800000|100%| O|  |TAMS 0x00000000c9700000, 0x00000000c9700000| Untracked 
|  10|0x00000000c9800000, 0x00000000c9900000, 0x00000000c9900000|100%| O|  |TAMS 0x00000000c9900000, 0x00000000c9800000| Untracked 
|  11|0x00000000c9900000, 0x00000000c9a00000, 0x00000000c9a00000|100%| O|  |TAMS 0x00000000c9a00000, 0x00000000c9900000| Untracked 
|  12|0x00000000c9a00000, 0x00000000c9b00000, 0x00000000c9b00000|100%| O|  |TAMS 0x00000000c9b00000, 0x00000000c9a00000| Untracked 
|  13|0x00000000c9b00000, 0x00000000c9c00000, 0x00000000c9c00000|100%| O|  |TAMS 0x00000000c9c00000, 0x00000000c9b00000| Untracked 
|  14|0x00000000c9c00000, 0x00000000c9d00000, 0x00000000c9d00000|100%| O|  |TAMS 0x00000000c9d00000, 0x00000000c9c00000| Untracked 
|  15|0x00000000c9d00000, 0x00000000c9e00000, 0x00000000c9e00000|100%| O|  |TAMS 0x00000000c9e00000, 0x00000000c9d00000| Untracked 
|  16|0x00000000c9e00000, 0x00000000c9f00000, 0x00000000c9f00000|100%| O|  |TAMS 0x00000000c9f00000, 0x00000000c9e00000| Untracked 
|  17|0x00000000c9f00000, 0x00000000ca000000, 0x00000000ca000000|100%| O|  |TAMS 0x00000000ca000000, 0x00000000c9f00000| Untracked 
|  18|0x00000000ca000000, 0x00000000ca100000, 0x00000000ca100000|100%| O|  |TAMS 0x00000000ca100000, 0x00000000ca000000| Untracked 
|  19|0x00000000ca100000, 0x00000000ca200000, 0x00000000ca200000|100%| O|  |TAMS 0x00000000ca200000, 0x00000000ca100000| Untracked 
|  20|0x00000000ca200000, 0x00000000ca300000, 0x00000000ca300000|100%| O|  |TAMS 0x00000000ca300000, 0x00000000ca200000| Untracked 
|  21|0x00000000ca300000, 0x00000000ca400000, 0x00000000ca400000|100%| O|  |TAMS 0x00000000ca400000, 0x00000000ca300000| Untracked 
|  22|0x00000000ca400000, 0x00000000ca500000, 0x00000000ca500000|100%| O|  |TAMS 0x00000000ca500000, 0x00000000ca400000| Untracked 
|  23|0x00000000ca500000, 0x00000000ca600000, 0x00000000ca600000|100%| O|  |TAMS 0x00000000ca600000, 0x00000000ca500000| Untracked 
|  24|0x00000000ca600000, 0x00000000ca700000, 0x00000000ca700000|100%| O|  |TAMS 0x00000000ca700000, 0x00000000ca600000| Untracked 
|  25|0x00000000ca700000, 0x00000000ca800000, 0x00000000ca800000|100%| O|  |TAMS 0x00000000ca800000, 0x00000000ca700000| Untracked 
|  26|0x00000000ca800000, 0x00000000ca900000, 0x00000000ca900000|100%| O|  |TAMS 0x00000000ca900000, 0x00000000ca800000| Untracked 
|  27|0x00000000ca900000, 0x00000000caa00000, 0x00000000caa00000|100%| O|  |TAMS 0x00000000caa00000, 0x00000000ca900000| Untracked 
|  28|0x00000000caa00000, 0x00000000cab00000, 0x00000000cab00000|100%| O|  |TAMS 0x00000000cab00000, 0x00000000caa00000| Untracked 
|  29|0x00000000cab00000, 0x00000000cac00000, 0x00000000cac00000|100%| O|  |TAMS 0x00000000cac00000, 0x00000000cab00000| Untracked 
|  30|0x00000000cac00000, 0x00000000cad00000, 0x00000000cad00000|100%| O|  |TAMS 0x00000000cad00000, 0x00000000cac00000| Untracked 
|  31|0x00000000cad00000, 0x00000000cae00000, 0x00000000cae00000|100%| O|  |TAMS 0x00000000cae00000, 0x00000000cad00000| Untracked 
|  32|0x00000000cae00000, 0x00000000caf00000, 0x00000000caf00000|100%| O|  |TAMS 0x00000000caf00000, 0x00000000cae00000| Untracked 
|  33|0x00000000caf00000, 0x00000000cb000000, 0x00000000cb000000|100%| O|  |TAMS 0x00000000cb000000, 0x00000000caf00000| Untracked 
|  34|0x00000000cb000000, 0x00000000cb100000, 0x00000000cb100000|100%| O|  |TAMS 0x00000000cb100000, 0x00000000cb000000| Untracked 
|  35|0x00000000cb100000, 0x00000000cb200000, 0x00000000cb200000|100%| O|  |TAMS 0x00000000cb200000, 0x00000000cb100000| Untracked 
|  36|0x00000000cb200000, 0x00000000cb300000, 0x00000000cb300000|100%| O|  |TAMS 0x00000000cb300000, 0x00000000cb200000| Untracked 
|  37|0x00000000cb300000, 0x00000000cb400000, 0x00000000cb400000|100%| O|  |TAMS 0x00000000cb400000, 0x00000000cb300000| Untracked 
|  38|0x00000000cb400000, 0x00000000cb500000, 0x00000000cb500000|100%| O|  |TAMS 0x00000000cb500000, 0x00000000cb400000| Untracked 
|  39|0x00000000cb500000, 0x00000000cb600000, 0x00000000cb600000|100%| O|  |TAMS 0x00000000cb600000, 0x00000000cb500000| Untracked 
|  40|0x00000000cb600000, 0x00000000cb700000, 0x00000000cb700000|100%| O|  |TAMS 0x00000000cb700000, 0x00000000cb600000| Untracked 
|  41|0x00000000cb700000, 0x00000000cb800000, 0x00000000cb800000|100%| O|  |TAMS 0x00000000cb800000, 0x00000000cb700000| Untracked 
|  42|0x00000000cb800000, 0x00000000cb900000, 0x00000000cb900000|100%| O|  |TAMS 0x00000000cb800000, 0x00000000cb800000| Untracked 
|  43|0x00000000cb900000, 0x00000000cba00000, 0x00000000cba00000|100%| O|  |TAMS 0x00000000cba00000, 0x00000000cb900000| Untracked 
|  44|0x00000000cba00000, 0x00000000cbb00000, 0x00000000cbb00000|100%| O|  |TAMS 0x00000000cbb00000, 0x00000000cba00000| Untracked 
|  45|0x00000000cbb00000, 0x00000000cbc00000, 0x00000000cbc00000|100%| O|  |TAMS 0x00000000cbc00000, 0x00000000cbb00000| Untracked 
|  46|0x00000000cbc00000, 0x00000000cbd00000, 0x00000000cbd00000|100%| O|  |TAMS 0x00000000cbd00000, 0x00000000cbc00000| Untracked 
|  47|0x00000000cbd00000, 0x00000000cbe00000, 0x00000000cbe00000|100%| O|  |TAMS 0x00000000cbe00000, 0x00000000cbd00000| Untracked 
|  48|0x00000000cbe00000, 0x00000000cbf00000, 0x00000000cbf00000|100%| O|  |TAMS 0x00000000cbf00000, 0x00000000cbe00000| Untracked 
|  49|0x00000000cbf00000, 0x00000000cc000000, 0x00000000cc000000|100%| O|  |TAMS 0x00000000cc000000, 0x00000000cbf00000| Untracked 
|  50|0x00000000cc000000, 0x00000000cc100000, 0x00000000cc100000|100%| O|  |TAMS 0x00000000cc100000, 0x00000000cc000000| Untracked 
|  51|0x00000000cc100000, 0x00000000cc200000, 0x00000000cc200000|100%| O|  |TAMS 0x00000000cc200000, 0x00000000cc100000| Untracked 
|  52|0x00000000cc200000, 0x00000000cc300000, 0x00000000cc300000|100%| O|  |TAMS 0x00000000cc300000, 0x00000000cc200000| Untracked 
|  53|0x00000000cc300000, 0x00000000cc400000, 0x00000000cc400000|100%| O|  |TAMS 0x00000000cc400000, 0x00000000cc300000| Untracked 
|  54|0x00000000cc400000, 0x00000000cc500000, 0x00000000cc500000|100%| O|  |TAMS 0x00000000cc400000, 0x00000000cc400000| Untracked 
|  55|0x00000000cc500000, 0x00000000cc600000, 0x00000000cc600000|100%| O|  |TAMS 0x00000000cc563000, 0x00000000cc500000| Untracked 
|  56|0x00000000cc600000, 0x00000000cc700000, 0x00000000cc700000|100%| O|  |TAMS 0x00000000cc600000, 0x00000000cc600000| Untracked 
|  57|0x00000000cc700000, 0x00000000cc800000, 0x00000000cc800000|100%| O|  |TAMS 0x00000000cc700000, 0x00000000cc700000| Untracked 
|  58|0x00000000cc800000, 0x00000000cc900000, 0x00000000cc900000|100%| O|  |TAMS 0x00000000cc800000, 0x00000000cc800000| Untracked 
|  59|0x00000000cc900000, 0x00000000cca00000, 0x00000000cca00000|100%| O|  |TAMS 0x00000000cc900000, 0x00000000cc900000| Untracked 
|  60|0x00000000cca00000, 0x00000000ccb00000, 0x00000000ccb00000|100%| O|  |TAMS 0x00000000cca00000, 0x00000000cca00000| Untracked 
|  61|0x00000000ccb00000, 0x00000000ccc00000, 0x00000000ccc00000|100%| O|  |TAMS 0x00000000ccb00000, 0x00000000ccb00000| Untracked 
|  62|0x00000000ccc00000, 0x00000000ccd00000, 0x00000000ccd00000|100%|HS|  |TAMS 0x00000000ccc00000, 0x00000000ccc00000| Complete 
|  63|0x00000000ccd00000, 0x00000000cce00000, 0x00000000cce00000|100%| O|  |TAMS 0x00000000ccd00000, 0x00000000ccd00000| Untracked 
|  64|0x00000000cce00000, 0x00000000ccf00000, 0x00000000ccf00000|100%| O|  |TAMS 0x00000000cce00000, 0x00000000cce00000| Untracked 
|  65|0x00000000ccf00000, 0x00000000cd000000, 0x00000000cd000000|100%| O|  |TAMS 0x00000000ccf00000, 0x00000000ccf00000| Untracked 
|  66|0x00000000cd000000, 0x00000000cd100000, 0x00000000cd100000|100%| O|  |TAMS 0x00000000cd000000, 0x00000000cd000000| Untracked 
|  67|0x00000000cd100000, 0x00000000cd200000, 0x00000000cd200000|100%| O|  |TAMS 0x00000000cd100000, 0x00000000cd100000| Untracked 
|  68|0x00000000cd200000, 0x00000000cd300000, 0x00000000cd300000|100%| O|  |TAMS 0x00000000cd200000, 0x00000000cd200000| Untracked 
|  69|0x00000000cd300000, 0x00000000cd400000, 0x00000000cd400000|100%| O|  |TAMS 0x00000000cd300000, 0x00000000cd300000| Untracked 
|  70|0x00000000cd400000, 0x00000000cd500000, 0x00000000cd500000|100%| O|  |TAMS 0x00000000cd400000, 0x00000000cd400000| Untracked 
|  71|0x00000000cd500000, 0x00000000cd600000, 0x00000000cd600000|100%| O|  |TAMS 0x00000000cd500000, 0x00000000cd500000| Untracked 
|  72|0x00000000cd600000, 0x00000000cd700000, 0x00000000cd700000|100%| O|  |TAMS 0x00000000cd600000, 0x00000000cd600000| Untracked 
|  73|0x00000000cd700000, 0x00000000cd800000, 0x00000000cd800000|100%| O|  |TAMS 0x00000000cd700000, 0x00000000cd700000| Untracked 
|  74|0x00000000cd800000, 0x00000000cd900000, 0x00000000cd900000|100%| O|  |TAMS 0x00000000cd800000, 0x00000000cd800000| Untracked 
|  75|0x00000000cd900000, 0x00000000cda00000, 0x00000000cda00000|100%| O|  |TAMS 0x00000000cd900000, 0x00000000cd900000| Untracked 
|  76|0x00000000cda00000, 0x00000000cdb00000, 0x00000000cdb00000|100%| O|  |TAMS 0x00000000cda00000, 0x00000000cda00000| Untracked 
|  77|0x00000000cdb00000, 0x00000000cdc00000, 0x00000000cdc00000|100%| O|  |TAMS 0x00000000cdb00000, 0x00000000cdb00000| Untracked 
|  78|0x00000000cdc00000, 0x00000000cdd00000, 0x00000000cdd00000|100%| O|  |TAMS 0x00000000cdc00000, 0x00000000cdc00000| Untracked 
|  79|0x00000000cdd00000, 0x00000000cde00000, 0x00000000cde00000|100%| O|  |TAMS 0x00000000cdd00000, 0x00000000cdd00000| Untracked 
|  80|0x00000000cde00000, 0x00000000cdf00000, 0x00000000cdf00000|100%| O|  |TAMS 0x00000000cde00000, 0x00000000cde00000| Untracked 
|  81|0x00000000cdf00000, 0x00000000ce000000, 0x00000000ce000000|100%| O|  |TAMS 0x00000000cdf00000, 0x00000000cdf00000| Untracked 
|  82|0x00000000ce000000, 0x00000000ce100000, 0x00000000ce100000|100%| O|  |TAMS 0x00000000ce000000, 0x00000000ce000000| Untracked 
|  83|0x00000000ce100000, 0x00000000ce200000, 0x00000000ce200000|100%| O|  |TAMS 0x00000000ce100000, 0x00000000ce100000| Untracked 
|  84|0x00000000ce200000, 0x00000000ce300000, 0x00000000ce300000|100%| O|  |TAMS 0x00000000ce200000, 0x00000000ce200000| Untracked 
|  85|0x00000000ce300000, 0x00000000ce400000, 0x00000000ce400000|100%| O|  |TAMS 0x00000000ce300000, 0x00000000ce300000| Untracked 
|  86|0x00000000ce400000, 0x00000000ce500000, 0x00000000ce500000|100%| O|  |TAMS 0x00000000ce400000, 0x00000000ce400000| Untracked 
|  87|0x00000000ce500000, 0x00000000ce600000, 0x00000000ce600000|100%| O|  |TAMS 0x00000000ce500000, 0x00000000ce500000| Untracked 
|  88|0x00000000ce600000, 0x00000000ce700000, 0x00000000ce700000|100%| O|  |TAMS 0x00000000ce600000, 0x00000000ce600000| Untracked 
|  89|0x00000000ce700000, 0x00000000ce800000, 0x00000000ce800000|100%| O|  |TAMS 0x00000000ce700000, 0x00000000ce700000| Untracked 
|  90|0x00000000ce800000, 0x00000000ce900000, 0x00000000ce900000|100%| O|  |TAMS 0x00000000ce800000, 0x00000000ce800000| Untracked 
|  91|0x00000000ce900000, 0x00000000cea00000, 0x00000000cea00000|100%| O|  |TAMS 0x00000000ce900000, 0x00000000ce900000| Untracked 
|  92|0x00000000cea00000, 0x00000000ceb00000, 0x00000000ceb00000|100%| O|  |TAMS 0x00000000cea00000, 0x00000000cea00000| Untracked 
|  93|0x00000000ceb00000, 0x00000000cec00000, 0x00000000cec00000|100%| O|  |TAMS 0x00000000ceb00000, 0x00000000ceb00000| Untracked 
|  94|0x00000000cec00000, 0x00000000ced00000, 0x00000000ced00000|100%| O|  |TAMS 0x00000000cec00000, 0x00000000cec00000| Untracked 
|  95|0x00000000ced00000, 0x00000000cee00000, 0x00000000cee00000|100%| O|  |TAMS 0x00000000ced00000, 0x00000000ced00000| Untracked 
|  96|0x00000000cee00000, 0x00000000cef00000, 0x00000000cef00000|100%| O|  |TAMS 0x00000000cee00000, 0x00000000cee00000| Untracked 
|  97|0x00000000cef00000, 0x00000000cf000000, 0x00000000cf000000|100%| O|  |TAMS 0x00000000cef00000, 0x00000000cef00000| Untracked 
|  98|0x00000000cf000000, 0x00000000cf100000, 0x00000000cf100000|100%| O|  |TAMS 0x00000000cf000000, 0x00000000cf000000| Untracked 
|  99|0x00000000cf100000, 0x00000000cf200000, 0x00000000cf200000|100%| O|  |TAMS 0x00000000cf100000, 0x00000000cf100000| Untracked 
| 100|0x00000000cf200000, 0x00000000cf300000, 0x00000000cf300000|100%| O|  |TAMS 0x00000000cf200000, 0x00000000cf200000| Untracked 
| 101|0x00000000cf300000, 0x00000000cf400000, 0x00000000cf400000|100%| O|  |TAMS 0x00000000cf300000, 0x00000000cf300000| Untracked 
| 102|0x00000000cf400000, 0x00000000cf500000, 0x00000000cf500000|100%| O|  |TAMS 0x00000000cf400000, 0x00000000cf400000| Untracked 
| 103|0x00000000cf500000, 0x00000000cf600000, 0x00000000cf600000|100%| O|  |TAMS 0x00000000cf500000, 0x00000000cf500000| Untracked 
| 104|0x00000000cf600000, 0x00000000cf700000, 0x00000000cf700000|100%| O|  |TAMS 0x00000000cf600000, 0x00000000cf600000| Untracked 
| 105|0x00000000cf700000, 0x00000000cf800000, 0x00000000cf800000|100%| O|  |TAMS 0x00000000cf700000, 0x00000000cf700000| Untracked 
| 106|0x00000000cf800000, 0x00000000cf900000, 0x00000000cf900000|100%| O|  |TAMS 0x00000000cf800000, 0x00000000cf800000| Untracked 
| 107|0x00000000cf900000, 0x00000000cfa00000, 0x00000000cfa00000|100%| O|  |TAMS 0x00000000cf900000, 0x00000000cf900000| Untracked 
| 108|0x00000000cfa00000, 0x00000000cfb00000, 0x00000000cfb00000|100%| O|  |TAMS 0x00000000cfa00000, 0x00000000cfa00000| Untracked 
| 109|0x00000000cfb00000, 0x00000000cfc00000, 0x00000000cfc00000|100%| O|  |TAMS 0x00000000cfb00000, 0x00000000cfb00000| Untracked 
| 110|0x00000000cfc00000, 0x00000000cfd00000, 0x00000000cfd00000|100%| O|  |TAMS 0x00000000cfc00000, 0x00000000cfc00000| Untracked 
| 111|0x00000000cfd00000, 0x00000000cfe00000, 0x00000000cfe00000|100%| O|  |TAMS 0x00000000cfd00000, 0x00000000cfd00000| Untracked 
| 112|0x00000000cfe00000, 0x00000000cfe83e00, 0x00000000cff00000| 51%| O|  |TAMS 0x00000000cfe00000, 0x00000000cfe00000| Untracked 
| 113|0x00000000cff00000, 0x00000000cff00000, 0x00000000d0000000|  0%| F|  |TAMS 0x00000000cff00000, 0x00000000cff00000| Untracked 
| 114|0x00000000d0000000, 0x00000000d0000000, 0x00000000d0100000|  0%| F|  |TAMS 0x00000000d0000000, 0x00000000d0000000| Untracked 
| 115|0x00000000d0100000, 0x00000000d0100000, 0x00000000d0200000|  0%| F|  |TAMS 0x00000000d0100000, 0x00000000d0100000| Untracked 
| 116|0x00000000d0200000, 0x00000000d0200000, 0x00000000d0300000|  0%| F|  |TAMS 0x00000000d0200000, 0x00000000d0200000| Untracked 
| 117|0x00000000d0300000, 0x00000000d0300000, 0x00000000d0400000|  0%| F|  |TAMS 0x00000000d0300000, 0x00000000d0300000| Untracked 
| 118|0x00000000d0400000, 0x00000000d0400000, 0x00000000d0500000|  0%| F|  |TAMS 0x00000000d0400000, 0x00000000d0400000| Untracked 
| 119|0x00000000d0500000, 0x00000000d0500000, 0x00000000d0600000|  0%| F|  |TAMS 0x00000000d0500000, 0x00000000d0500000| Untracked 
| 120|0x00000000d0600000, 0x00000000d0600000, 0x00000000d0700000|  0%| F|  |TAMS 0x00000000d0600000, 0x00000000d0600000| Untracked 
| 121|0x00000000d0700000, 0x00000000d0700000, 0x00000000d0800000|  0%| F|  |TAMS 0x00000000d0700000, 0x00000000d0700000| Untracked 
| 122|0x00000000d0800000, 0x00000000d0800000, 0x00000000d0900000|  0%| F|  |TAMS 0x00000000d0800000, 0x00000000d0800000| Untracked 
| 123|0x00000000d0900000, 0x00000000d0900000, 0x00000000d0a00000|  0%| F|  |TAMS 0x00000000d0900000, 0x00000000d0900000| Untracked 
| 124|0x00000000d0a00000, 0x00000000d0a00000, 0x00000000d0b00000|  0%| F|  |TAMS 0x00000000d0a00000, 0x00000000d0a00000| Untracked 
| 125|0x00000000d0b00000, 0x00000000d0b00000, 0x00000000d0c00000|  0%| F|  |TAMS 0x00000000d0b00000, 0x00000000d0b00000| Untracked 
| 126|0x00000000d0c00000, 0x00000000d0c00000, 0x00000000d0d00000|  0%| F|  |TAMS 0x00000000d0c00000, 0x00000000d0c00000| Untracked 
| 127|0x00000000d0d00000, 0x00000000d0d00000, 0x00000000d0e00000|  0%| F|  |TAMS 0x00000000d0d00000, 0x00000000d0d00000| Untracked 
| 128|0x00000000d0e00000, 0x00000000d0e00000, 0x00000000d0f00000|  0%| F|  |TAMS 0x00000000d0e00000, 0x00000000d0e00000| Untracked 
| 129|0x00000000d0f00000, 0x00000000d0f00000, 0x00000000d1000000|  0%| F|  |TAMS 0x00000000d0f00000, 0x00000000d0f00000| Untracked 
| 130|0x00000000d1000000, 0x00000000d1000000, 0x00000000d1100000|  0%| F|  |TAMS 0x00000000d1000000, 0x00000000d1000000| Untracked 
| 131|0x00000000d1100000, 0x00000000d1100000, 0x00000000d1200000|  0%| F|  |TAMS 0x00000000d1100000, 0x00000000d1100000| Untracked 
| 132|0x00000000d1200000, 0x00000000d1200000, 0x00000000d1300000|  0%| F|  |TAMS 0x00000000d1200000, 0x00000000d1200000| Untracked 
| 133|0x00000000d1300000, 0x00000000d1300000, 0x00000000d1400000|  0%| F|  |TAMS 0x00000000d1300000, 0x00000000d1300000| Untracked 
| 134|0x00000000d1400000, 0x00000000d1400000, 0x00000000d1500000|  0%| F|  |TAMS 0x00000000d1400000, 0x00000000d1400000| Untracked 
| 135|0x00000000d1500000, 0x00000000d1500000, 0x00000000d1600000|  0%| F|  |TAMS 0x00000000d1500000, 0x00000000d1500000| Untracked 
| 136|0x00000000d1600000, 0x00000000d1600000, 0x00000000d1700000|  0%| F|  |TAMS 0x00000000d1600000, 0x00000000d1600000| Untracked 
| 137|0x00000000d1700000, 0x00000000d1700000, 0x00000000d1800000|  0%| F|  |TAMS 0x00000000d1700000, 0x00000000d1700000| Untracked 
| 138|0x00000000d1800000, 0x00000000d1800000, 0x00000000d1900000|  0%| F|  |TAMS 0x00000000d1800000, 0x00000000d1800000| Untracked 
| 139|0x00000000d1900000, 0x00000000d1900000, 0x00000000d1a00000|  0%| F|  |TAMS 0x00000000d1900000, 0x00000000d1900000| Untracked 
| 140|0x00000000d1a00000, 0x00000000d1a00000, 0x00000000d1b00000|  0%| F|  |TAMS 0x00000000d1a00000, 0x00000000d1a00000| Untracked 
| 141|0x00000000d1b00000, 0x00000000d1b00000, 0x00000000d1c00000|  0%| F|  |TAMS 0x00000000d1b00000, 0x00000000d1b00000| Untracked 
| 142|0x00000000d1c00000, 0x00000000d1d00000, 0x00000000d1d00000|100%| S|CS|TAMS 0x00000000d1c00000, 0x00000000d1c00000| Complete 
| 143|0x00000000d1d00000, 0x00000000d1e00000, 0x00000000d1e00000|100%| S|CS|TAMS 0x00000000d1d00000, 0x00000000d1d00000| Complete 
| 144|0x00000000d1e00000, 0x00000000d1f00000, 0x00000000d1f00000|100%| S|CS|TAMS 0x00000000d1e00000, 0x00000000d1e00000| Complete 
| 145|0x00000000d1f00000, 0x00000000d1f00000, 0x00000000d2000000|  0%| F|  |TAMS 0x00000000d1f00000, 0x00000000d1f00000| Untracked 
| 146|0x00000000d2000000, 0x00000000d2000000, 0x00000000d2100000|  0%| F|  |TAMS 0x00000000d2000000, 0x00000000d2000000| Untracked 
| 147|0x00000000d2100000, 0x00000000d2100000, 0x00000000d2200000|  0%| F|  |TAMS 0x00000000d2100000, 0x00000000d2100000| Untracked 
| 148|0x00000000d2200000, 0x00000000d2200000, 0x00000000d2300000|  0%| F|  |TAMS 0x00000000d2200000, 0x00000000d2200000| Untracked 
| 149|0x00000000d2300000, 0x00000000d2300000, 0x00000000d2400000|  0%| F|  |TAMS 0x00000000d2300000, 0x00000000d2300000| Untracked 
| 150|0x00000000d2400000, 0x00000000d2400000, 0x00000000d2500000|  0%| F|  |TAMS 0x00000000d2400000, 0x00000000d2400000| Untracked 
| 151|0x00000000d2500000, 0x00000000d2600000, 0x00000000d2600000|100%| S|CS|TAMS 0x00000000d2500000, 0x00000000d2500000| Complete 
| 152|0x00000000d2600000, 0x00000000d2700000, 0x00000000d2700000|100%| S|CS|TAMS 0x00000000d2600000, 0x00000000d2600000| Complete 
| 153|0x00000000d2700000, 0x00000000d2800000, 0x00000000d2800000|100%| S|CS|TAMS 0x00000000d2700000, 0x00000000d2700000| Complete 
| 154|0x00000000d2800000, 0x00000000d2800000, 0x00000000d2900000|  0%| F|  |TAMS 0x00000000d2800000, 0x00000000d2800000| Untracked 
| 155|0x00000000d2900000, 0x00000000d2900000, 0x00000000d2a00000|  0%| F|  |TAMS 0x00000000d2900000, 0x00000000d2900000| Untracked 
| 156|0x00000000d2a00000, 0x00000000d2a00000, 0x00000000d2b00000|  0%| F|  |TAMS 0x00000000d2a00000, 0x00000000d2a00000| Untracked 
| 157|0x00000000d2b00000, 0x00000000d2b00000, 0x00000000d2c00000|  0%| F|  |TAMS 0x00000000d2b00000, 0x00000000d2b00000| Untracked 
| 158|0x00000000d2c00000, 0x00000000d2c00000, 0x00000000d2d00000|  0%| F|  |TAMS 0x00000000d2c00000, 0x00000000d2c00000| Untracked 
| 159|0x00000000d2d00000, 0x00000000d2d00000, 0x00000000d2e00000|  0%| F|  |TAMS 0x00000000d2d00000, 0x00000000d2d00000| Untracked 
| 160|0x00000000d2e00000, 0x00000000d2e00000, 0x00000000d2f00000|  0%| F|  |TAMS 0x00000000d2e00000, 0x00000000d2e00000| Untracked 
| 161|0x00000000d2f00000, 0x00000000d2f00000, 0x00000000d3000000|  0%| F|  |TAMS 0x00000000d2f00000, 0x00000000d2f00000| Untracked 
| 162|0x00000000d3000000, 0x00000000d3000000, 0x00000000d3100000|  0%| F|  |TAMS 0x00000000d3000000, 0x00000000d3000000| Untracked 
| 163|0x00000000d3100000, 0x00000000d3100000, 0x00000000d3200000|  0%| F|  |TAMS 0x00000000d3100000, 0x00000000d3100000| Untracked 
| 164|0x00000000d3200000, 0x00000000d3200000, 0x00000000d3300000|  0%| F|  |TAMS 0x00000000d3200000, 0x00000000d3200000| Untracked 
| 165|0x00000000d3300000, 0x00000000d3300000, 0x00000000d3400000|  0%| F|  |TAMS 0x00000000d3300000, 0x00000000d3300000| Untracked 
| 166|0x00000000d3400000, 0x00000000d3400000, 0x00000000d3500000|  0%| F|  |TAMS 0x00000000d3400000, 0x00000000d3400000| Untracked 
| 167|0x00000000d3500000, 0x00000000d3500000, 0x00000000d3600000|  0%| F|  |TAMS 0x00000000d3500000, 0x00000000d3500000| Untracked 
| 168|0x00000000d3600000, 0x00000000d3600000, 0x00000000d3700000|  0%| F|  |TAMS 0x00000000d3600000, 0x00000000d3600000| Untracked 
| 169|0x00000000d3700000, 0x00000000d3700000, 0x00000000d3800000|  0%| F|  |TAMS 0x00000000d3700000, 0x00000000d3700000| Untracked 
| 170|0x00000000d3800000, 0x00000000d3800000, 0x00000000d3900000|  0%| F|  |TAMS 0x00000000d3800000, 0x00000000d3800000| Untracked 
| 171|0x00000000d3900000, 0x00000000d3900000, 0x00000000d3a00000|  0%| F|  |TAMS 0x00000000d3900000, 0x00000000d3900000| Untracked 
| 172|0x00000000d3a00000, 0x00000000d3a00000, 0x00000000d3b00000|  0%| F|  |TAMS 0x00000000d3a00000, 0x00000000d3a00000| Untracked 
| 173|0x00000000d3b00000, 0x00000000d3b00000, 0x00000000d3c00000|  0%| F|  |TAMS 0x00000000d3b00000, 0x00000000d3b00000| Untracked 
| 174|0x00000000d3c00000, 0x00000000d3c00000, 0x00000000d3d00000|  0%| F|  |TAMS 0x00000000d3c00000, 0x00000000d3c00000| Untracked 
| 175|0x00000000d3d00000, 0x00000000d3d00000, 0x00000000d3e00000|  0%| F|  |TAMS 0x00000000d3d00000, 0x00000000d3d00000| Untracked 
| 176|0x00000000d3e00000, 0x00000000d3e00000, 0x00000000d3f00000|  0%| F|  |TAMS 0x00000000d3e00000, 0x00000000d3e00000| Untracked 
| 177|0x00000000d3f00000, 0x00000000d3f00000, 0x00000000d4000000|  0%| F|  |TAMS 0x00000000d3f00000, 0x00000000d3f00000| Untracked 
| 178|0x00000000d4000000, 0x00000000d4000000, 0x00000000d4100000|  0%| F|  |TAMS 0x00000000d4000000, 0x00000000d4000000| Untracked 
| 179|0x00000000d4100000, 0x00000000d4100000, 0x00000000d4200000|  0%| F|  |TAMS 0x00000000d4100000, 0x00000000d4100000| Untracked 
| 180|0x00000000d4200000, 0x00000000d4200000, 0x00000000d4300000|  0%| F|  |TAMS 0x00000000d4200000, 0x00000000d4200000| Untracked 
| 181|0x00000000d4300000, 0x00000000d4300000, 0x00000000d4400000|  0%| F|  |TAMS 0x00000000d4300000, 0x00000000d4300000| Untracked 
| 182|0x00000000d4400000, 0x00000000d4400000, 0x00000000d4500000|  0%| F|  |TAMS 0x00000000d4400000, 0x00000000d4400000| Untracked 
| 183|0x00000000d4500000, 0x00000000d4500000, 0x00000000d4600000|  0%| F|  |TAMS 0x00000000d4500000, 0x00000000d4500000| Untracked 
| 184|0x00000000d4600000, 0x00000000d4600000, 0x00000000d4700000|  0%| F|  |TAMS 0x00000000d4600000, 0x00000000d4600000| Untracked 
| 185|0x00000000d4700000, 0x00000000d4700000, 0x00000000d4800000|  0%| F|  |TAMS 0x00000000d4700000, 0x00000000d4700000| Untracked 
| 186|0x00000000d4800000, 0x00000000d4800000, 0x00000000d4900000|  0%| F|  |TAMS 0x00000000d4800000, 0x00000000d4800000| Untracked 
| 187|0x00000000d4900000, 0x00000000d4900000, 0x00000000d4a00000|  0%| F|  |TAMS 0x00000000d4900000, 0x00000000d4900000| Untracked 
| 188|0x00000000d4a00000, 0x00000000d4a00000, 0x00000000d4b00000|  0%| F|  |TAMS 0x00000000d4a00000, 0x00000000d4a00000| Untracked 
| 189|0x00000000d4b00000, 0x00000000d4b00000, 0x00000000d4c00000|  0%| F|  |TAMS 0x00000000d4b00000, 0x00000000d4b00000| Untracked 
| 190|0x00000000d4c00000, 0x00000000d4c00000, 0x00000000d4d00000|  0%| F|  |TAMS 0x00000000d4c00000, 0x00000000d4c00000| Untracked 
| 191|0x00000000d4d00000, 0x00000000d4d00000, 0x00000000d4e00000|  0%| F|  |TAMS 0x00000000d4d00000, 0x00000000d4d00000| Untracked 
| 192|0x00000000d4e00000, 0x00000000d4e00000, 0x00000000d4f00000|  0%| F|  |TAMS 0x00000000d4e00000, 0x00000000d4e00000| Untracked 
| 193|0x00000000d4f00000, 0x00000000d4f00000, 0x00000000d5000000|  0%| F|  |TAMS 0x00000000d4f00000, 0x00000000d4f00000| Untracked 
| 194|0x00000000d5000000, 0x00000000d5000000, 0x00000000d5100000|  0%| F|  |TAMS 0x00000000d5000000, 0x00000000d5000000| Untracked 
| 195|0x00000000d5100000, 0x00000000d5100000, 0x00000000d5200000|  0%| F|  |TAMS 0x00000000d5100000, 0x00000000d5100000| Untracked 
| 196|0x00000000d5200000, 0x00000000d5200000, 0x00000000d5300000|  0%| F|  |TAMS 0x00000000d5200000, 0x00000000d5200000| Untracked 
| 197|0x00000000d5300000, 0x00000000d5300000, 0x00000000d5400000|  0%| F|  |TAMS 0x00000000d5300000, 0x00000000d5300000| Untracked 
| 198|0x00000000d5400000, 0x00000000d5400000, 0x00000000d5500000|  0%| F|  |TAMS 0x00000000d5400000, 0x00000000d5400000| Untracked 
| 199|0x00000000d5500000, 0x00000000d5500000, 0x00000000d5600000|  0%| F|  |TAMS 0x00000000d5500000, 0x00000000d5500000| Untracked 
| 200|0x00000000d5600000, 0x00000000d5600000, 0x00000000d5700000|  0%| F|  |TAMS 0x00000000d5600000, 0x00000000d5600000| Untracked 
| 201|0x00000000d5700000, 0x00000000d5700000, 0x00000000d5800000|  0%| F|  |TAMS 0x00000000d5700000, 0x00000000d5700000| Untracked 
| 202|0x00000000d5800000, 0x00000000d5800000, 0x00000000d5900000|  0%| F|  |TAMS 0x00000000d5800000, 0x00000000d5800000| Untracked 
| 203|0x00000000d5900000, 0x00000000d5900000, 0x00000000d5a00000|  0%| F|  |TAMS 0x00000000d5900000, 0x00000000d5900000| Untracked 
| 204|0x00000000d5a00000, 0x00000000d5a00000, 0x00000000d5b00000|  0%| F|  |TAMS 0x00000000d5a00000, 0x00000000d5a00000| Untracked 
| 205|0x00000000d5b00000, 0x00000000d5b00000, 0x00000000d5c00000|  0%| F|  |TAMS 0x00000000d5b00000, 0x00000000d5b00000| Untracked 
| 206|0x00000000d5c00000, 0x00000000d5c00000, 0x00000000d5d00000|  0%| F|  |TAMS 0x00000000d5c00000, 0x00000000d5c00000| Untracked 
| 207|0x00000000d5d00000, 0x00000000d5d00000, 0x00000000d5e00000|  0%| F|  |TAMS 0x00000000d5d00000, 0x00000000d5d00000| Untracked 
| 208|0x00000000d5e00000, 0x00000000d5e00000, 0x00000000d5f00000|  0%| F|  |TAMS 0x00000000d5e00000, 0x00000000d5e00000| Untracked 
| 209|0x00000000d5f00000, 0x00000000d5f00000, 0x00000000d6000000|  0%| F|  |TAMS 0x00000000d5f00000, 0x00000000d5f00000| Untracked 
| 210|0x00000000d6000000, 0x00000000d6000000, 0x00000000d6100000|  0%| F|  |TAMS 0x00000000d6000000, 0x00000000d6000000| Untracked 
| 211|0x00000000d6100000, 0x00000000d6100000, 0x00000000d6200000|  0%| F|  |TAMS 0x00000000d6100000, 0x00000000d6100000| Untracked 
| 212|0x00000000d6200000, 0x00000000d6200000, 0x00000000d6300000|  0%| F|  |TAMS 0x00000000d6200000, 0x00000000d6200000| Untracked 
| 213|0x00000000d6300000, 0x00000000d6300000, 0x00000000d6400000|  0%| F|  |TAMS 0x00000000d6300000, 0x00000000d6300000| Untracked 
| 214|0x00000000d6400000, 0x00000000d6400000, 0x00000000d6500000|  0%| F|  |TAMS 0x00000000d6400000, 0x00000000d6400000| Untracked 
| 215|0x00000000d6500000, 0x00000000d6500000, 0x00000000d6600000|  0%| F|  |TAMS 0x00000000d6500000, 0x00000000d6500000| Untracked 
| 216|0x00000000d6600000, 0x00000000d6600000, 0x00000000d6700000|  0%| F|  |TAMS 0x00000000d6600000, 0x00000000d6600000| Untracked 
| 217|0x00000000d6700000, 0x00000000d6700000, 0x00000000d6800000|  0%| F|  |TAMS 0x00000000d6700000, 0x00000000d6700000| Untracked 
| 218|0x00000000d6800000, 0x00000000d6800000, 0x00000000d6900000|  0%| F|  |TAMS 0x00000000d6800000, 0x00000000d6800000| Untracked 
| 219|0x00000000d6900000, 0x00000000d6900000, 0x00000000d6a00000|  0%| F|  |TAMS 0x00000000d6900000, 0x00000000d6900000| Untracked 
| 220|0x00000000d6a00000, 0x00000000d6a00000, 0x00000000d6b00000|  0%| F|  |TAMS 0x00000000d6a00000, 0x00000000d6a00000| Untracked 
| 221|0x00000000d6b00000, 0x00000000d6b00000, 0x00000000d6c00000|  0%| F|  |TAMS 0x00000000d6b00000, 0x00000000d6b00000| Untracked 
| 222|0x00000000d6c00000, 0x00000000d6c00000, 0x00000000d6d00000|  0%| F|  |TAMS 0x00000000d6c00000, 0x00000000d6c00000| Untracked 
| 223|0x00000000d6d00000, 0x00000000d6d00000, 0x00000000d6e00000|  0%| F|  |TAMS 0x00000000d6d00000, 0x00000000d6d00000| Untracked 
| 224|0x00000000d6e00000, 0x00000000d6e00000, 0x00000000d6f00000|  0%| F|  |TAMS 0x00000000d6e00000, 0x00000000d6e00000| Untracked 
| 225|0x00000000d6f00000, 0x00000000d6f00000, 0x00000000d7000000|  0%| F|  |TAMS 0x00000000d6f00000, 0x00000000d6f00000| Untracked 
| 226|0x00000000d7000000, 0x00000000d7000000, 0x00000000d7100000|  0%| F|  |TAMS 0x00000000d7000000, 0x00000000d7000000| Untracked 
| 227|0x00000000d7100000, 0x00000000d7100000, 0x00000000d7200000|  0%| F|  |TAMS 0x00000000d7100000, 0x00000000d7100000| Untracked 
| 228|0x00000000d7200000, 0x00000000d7200000, 0x00000000d7300000|  0%| F|  |TAMS 0x00000000d7200000, 0x00000000d7200000| Untracked 
| 229|0x00000000d7300000, 0x00000000d7300000, 0x00000000d7400000|  0%| F|  |TAMS 0x00000000d7300000, 0x00000000d7300000| Untracked 
| 230|0x00000000d7400000, 0x00000000d7400000, 0x00000000d7500000|  0%| F|  |TAMS 0x00000000d7400000, 0x00000000d7400000| Untracked 

Card table byte_map: [0x00000282dcd10000,0x00000282dced0000] _byte_map_base: 0x00000282dc6c9000

Marking Bits (Prev, Next): (CMBitMap*) 0x00000282d527e140, (CMBitMap*) 0x00000282d527e100
 Prev Bits: [0x00000282dde60000, 0x00000282dec28000)
 Next Bits: [0x00000282dd090000, 0x00000282dde58000)

Polling page: 0x00000282d9690000

Metaspace:

Usage:
  Non-class:     39.74 MB used.
      Class:      5.60 MB used.
       Both:     45.35 MB used.

Virtual space:
  Non-class space:       48.00 MB reserved,      39.94 MB ( 83%) committed,  6 nodes.
      Class space:        1.00 GB reserved,       5.75 MB ( <1%) committed,  1 nodes.
             Both:        1.05 GB reserved,      45.69 MB (  4%) committed. 

Chunk freelists:
   Non-Class:  3.69 MB
       Class:  2.19 MB
        Both:  5.88 MB

MaxMetaspaceSize: unlimited
CompressedClassSpaceSize: 1.00 GB
Initial GC threshold: 21.00 MB
Current GC threshold: 65.25 MB
CDS: off
MetaspaceReclaimPolicy: balanced
 - commit_granule_bytes: 65536.
 - commit_granule_words: 8192.
 - virtual_space_node_default_size: 1048576.
 - enlarge_chunks_in_place: 1.
 - new_chunks_are_fully_committed: 0.
 - uncommit_free_chunks: 1.
 - use_allocation_guard: 0.
 - handle_deallocations: 1.


Internal statistics:

num_allocs_failed_limit: 3.
num_arena_births: 422.
num_arena_deaths: 0.
num_vsnodes_births: 7.
num_vsnodes_deaths: 0.
num_space_committed: 731.
num_space_uncommitted: 0.
num_chunks_returned_to_freelist: 3.
num_chunks_taken_from_freelist: 1842.
num_chunk_merges: 3.
num_chunk_splits: 1307.
num_chunks_enlarged: 1028.
num_purges: 0.
num_inconsistent_stats: 0.

CodeCache: size=49152Kb used=10779Kb max_used=10779Kb free=38372Kb
 bounds [0x00000282d96b0000, 0x00000282da140000, 0x00000282dc6b0000]
 total_blobs=5754 nmethods=5171 adapters=509
 compilation: enabled
              stopped_count=0, restarted_count=0
 full_count=0

Compilation events (20 events):
Event: 20.664 Thread 0x00000282e121fab0 nmethod 5162 0x00000282da131c90 code [0x00000282da131e40, 0x00000282da132048]
Event: 20.665 Thread 0x00000282e5c63cd0 nmethod 5161 0x00000282da132190 code [0x00000282da1323e0, 0x00000282da132c68]
Event: 20.695 Thread 0x00000282e121fab0 5163       1       java.util.stream.TerminalOp::getOpFlags (2 bytes)
Event: 20.695 Thread 0x00000282e121fab0 nmethod 5163 0x00000282da133290 code [0x00000282da133420, 0x00000282da1334f8]
Event: 20.697 Thread 0x00000282e121fab0 5164       1       java.util.HashSet::toArray (16 bytes)
Event: 20.698 Thread 0x00000282e121fab0 nmethod 5164 0x00000282da133590 code [0x00000282da133740, 0x00000282da133858]
Event: 20.698 Thread 0x00000282e121fab0 5165       1       org.eclipse.jdt.internal.compiler.lookup.SourceTypeBinding::isGenericType (29 bytes)
Event: 20.698 Thread 0x00000282e5c63cd0 5166       1       org.eclipse.jdt.internal.compiler.flow.UnconditionalFlowInfo::copy (307 bytes)
Event: 20.698 Thread 0x00000282e121fab0 nmethod 5165 0x00000282da133910 code [0x00000282da133ac0, 0x00000282da133ca8]
Event: 20.699 Thread 0x00000282e121fab0 5167       1       org.eclipse.jdt.core.dom.ASTConverter::convert (66 bytes)
Event: 20.699 Thread 0x00000282e121fab0 nmethod 5167 0x00000282da133d90 code [0x00000282da133fa0, 0x00000282da134448]
Event: 20.700 Thread 0x00000282e5c63cd0 nmethod 5166 0x00000282da134610 code [0x00000282da1348a0, 0x00000282da135928]
Event: 20.703 Thread 0x00000282e121fab0 5168       1       org.eclipse.jdt.core.dom.ASTVisitor::visit (2 bytes)
Event: 20.703 Thread 0x00000282e5c63cd0 5169       1       org.eclipse.lsp4j.jsonrpc.messages.Message::getJsonrpc (5 bytes)
Event: 20.703 Thread 0x00000282e121fab0 nmethod 5168 0x00000282da136010 code [0x00000282da1361a0, 0x00000282da136278]
Event: 20.703 Thread 0x00000282e5c63cd0 nmethod 5169 0x00000282da136310 code [0x00000282da1364a0, 0x00000282da136578]
Event: 20.705 Thread 0x00000282e5c63cd0 5170       1       java.io.BufferedOutputStream::flushBuffer (29 bytes)
Event: 20.705 Thread 0x00000282e5c63cd0 nmethod 5170 0x00000282da136610 code [0x00000282da1367a0, 0x00000282da1368a8]
Event: 20.897 Thread 0x00000282e121fab0 5171       1       java.util.concurrent.locks.AbstractQueuedSynchronizer::acquireInterruptibly (36 bytes)
Event: 20.898 Thread 0x00000282e121fab0 nmethod 5171 0x00000282da136910 code [0x00000282da136ae0, 0x00000282da136d38]

GC Heap History (20 events):
Event: 16.307 GC heap after
{Heap after GC invocations=29 (full 0):
 garbage-first heap   total 236544K, used 75237K [0x00000000c8e00000, 0x0000000100000000)
  region size 1024K, 4 young (4096K), 4 survivors (4096K)
 Metaspace       used 41447K, committed 41856K, reserved 1089536K
  class space    used 5157K, committed 5376K, reserved 1048576K
}
Event: 16.909 GC heap before
{Heap before GC invocations=29 (full 0):
 garbage-first heap   total 236544K, used 177637K [0x00000000c8e00000, 0x0000000100000000)
  region size 1024K, 105 young (107520K), 4 survivors (4096K)
 Metaspace       used 42018K, committed 42368K, reserved 1089536K
  class space    used 5209K, committed 5376K, reserved 1048576K
}
Event: 16.923 GC heap after
{Heap after GC invocations=30 (full 0):
 garbage-first heap   total 236544K, used 79334K [0x00000000c8e00000, 0x0000000100000000)
  region size 1024K, 8 young (8192K), 8 survivors (8192K)
 Metaspace       used 42018K, committed 42368K, reserved 1089536K
  class space    used 5209K, committed 5376K, reserved 1048576K
}
Event: 17.516 GC heap before
{Heap before GC invocations=30 (full 0):
 garbage-first heap   total 236544K, used 181734K [0x00000000c8e00000, 0x0000000100000000)
  region size 1024K, 109 young (111616K), 8 survivors (8192K)
 Metaspace       used 42600K, committed 43008K, reserved 1089536K
  class space    used 5292K, committed 5504K, reserved 1048576K
}
Event: 17.538 GC heap after
{Heap after GC invocations=31 (full 0):
 garbage-first heap   total 236544K, used 83253K [0x00000000c8e00000, 0x0000000100000000)
  region size 1024K, 8 young (8192K), 8 survivors (8192K)
 Metaspace       used 42600K, committed 43008K, reserved 1089536K
  class space    used 5292K, committed 5504K, reserved 1048576K
}
Event: 18.117 GC heap before
{Heap before GC invocations=31 (full 0):
 garbage-first heap   total 236544K, used 186677K [0x00000000c8e00000, 0x0000000100000000)
  region size 1024K, 110 young (112640K), 8 survivors (8192K)
 Metaspace       used 43218K, committed 43584K, reserved 1089536K
  class space    used 5377K, committed 5568K, reserved 1048576K
}
Event: 18.129 GC heap after
{Heap after GC invocations=32 (full 0):
 garbage-first heap   total 236544K, used 88177K [0x00000000c8e00000, 0x0000000100000000)
  region size 1024K, 9 young (9216K), 9 survivors (9216K)
 Metaspace       used 43218K, committed 43584K, reserved 1089536K
  class space    used 5377K, committed 5568K, reserved 1048576K
}
Event: 18.599 GC heap before
{Heap before GC invocations=32 (full 0):
 garbage-first heap   total 236544K, used 189553K [0x00000000c8e00000, 0x0000000100000000)
  region size 1024K, 109 young (111616K), 9 survivors (9216K)
 Metaspace       used 44651K, committed 45120K, reserved 1089536K
  class space    used 5544K, committed 5760K, reserved 1048576K
}
Event: 18.617 GC heap after
{Heap after GC invocations=33 (full 0):
 garbage-first heap   total 236544K, used 94160K [0x00000000c8e00000, 0x0000000100000000)
  region size 1024K, 11 young (11264K), 11 survivors (11264K)
 Metaspace       used 44651K, committed 45120K, reserved 1089536K
  class space    used 5544K, committed 5760K, reserved 1048576K
}
Event: 19.237 GC heap before
{Heap before GC invocations=33 (full 0):
 garbage-first heap   total 236544K, used 191440K [0x00000000c8e00000, 0x0000000100000000)
  region size 1024K, 107 young (109568K), 11 survivors (11264K)
 Metaspace       used 45683K, committed 46080K, reserved 1089536K
  class space    used 5648K, committed 5824K, reserved 1048576K
}
Event: 19.258 GC heap after
{Heap after GC invocations=34 (full 0):
 garbage-first heap   total 236544K, used 98780K [0x00000000c8e00000, 0x0000000100000000)
  region size 1024K, 11 young (11264K), 11 survivors (11264K)
 Metaspace       used 45683K, committed 46080K, reserved 1089536K
  class space    used 5648K, committed 5824K, reserved 1048576K
}
Event: 19.808 GC heap before
{Heap before GC invocations=34 (full 0):
 garbage-first heap   total 236544K, used 194012K [0x00000000c8e00000, 0x0000000100000000)
  region size 1024K, 105 young (107520K), 11 survivors (11264K)
 Metaspace       used 46210K, committed 46592K, reserved 1097728K
  class space    used 5709K, committed 5888K, reserved 1048576K
}
Event: 19.824 GC heap after
{Heap after GC invocations=35 (full 0):
 garbage-first heap   total 236544K, used 103042K [0x00000000c8e00000, 0x0000000100000000)
  region size 1024K, 9 young (9216K), 9 survivors (9216K)
 Metaspace       used 46210K, committed 46592K, reserved 1097728K
  class space    used 5709K, committed 5888K, reserved 1048576K
}
Event: 20.427 GC heap before
{Heap before GC invocations=35 (full 0):
 garbage-first heap   total 236544K, used 195202K [0x00000000c8e00000, 0x0000000100000000)
  region size 1024K, 100 young (102400K), 9 survivors (9216K)
 Metaspace       used 46417K, committed 46784K, reserved 1097728K
  class space    used 5735K, committed 5888K, reserved 1048576K
}
Event: 20.453 GC heap after
{Heap after GC invocations=36 (full 0):
 garbage-first heap   total 236544K, used 108971K [0x00000000c8e00000, 0x0000000100000000)
  region size 1024K, 11 young (11264K), 11 survivors (11264K)
 Metaspace       used 46417K, committed 46784K, reserved 1097728K
  class space    used 5735K, committed 5888K, reserved 1048576K
}
Event: 20.667 GC heap before
{Heap before GC invocations=36 (full 0):
 garbage-first heap   total 236544K, used 196011K [0x00000000c8e00000, 0x0000000100000000)
  region size 1024K, 97 young (99328K), 11 survivors (11264K)
 Metaspace       used 46437K, committed 46784K, reserved 1097728K
  class space    used 5738K, committed 5888K, reserved 1048576K
}
Event: 20.690 GC heap after
{Heap after GC invocations=37 (full 0):
 garbage-first heap   total 236544K, used 114775K [0x00000000c8e00000, 0x0000000100000000)
  region size 1024K, 12 young (12288K), 12 survivors (12288K)
 Metaspace       used 46437K, committed 46784K, reserved 1097728K
  class space    used 5738K, committed 5888K, reserved 1048576K
}
Event: 20.872 GC heap before
{Heap before GC invocations=37 (full 0):
 garbage-first heap   total 236544K, used 195671K [0x00000000c8e00000, 0x0000000100000000)
  region size 1024K, 92 young (94208K), 12 survivors (12288K)
 Metaspace       used 46437K, committed 46784K, reserved 1097728K
  class space    used 5738K, committed 5888K, reserved 1048576K
}
Event: 20.892 GC heap after
{Heap after GC invocations=38 (full 0):
 garbage-first heap   total 236544K, used 118918K [0x00000000c8e00000, 0x0000000100000000)
  region size 1024K, 10 young (10240K), 10 survivors (10240K)
 Metaspace       used 46437K, committed 46784K, reserved 1097728K
  class space    used 5738K, committed 5888K, reserved 1048576K
}
Event: 20.984 GC heap before
{Heap before GC invocations=38 (full 0):
 garbage-first heap   total 236544K, used 196742K [0x00000000c8e00000, 0x0000000100000000)
  region size 1024K, 87 young (89088K), 10 survivors (10240K)
 Metaspace       used 46437K, committed 46784K, reserved 1097728K
  class space    used 5738K, committed 5888K, reserved 1048576K
}

Deoptimization events (16 events):
Event: 5.249 Thread 0x00000282d52438b0 DEOPT PACKING pc=0x00000282d9ae9099 sp=0x000000eaafbfd500
Event: 5.249 Thread 0x00000282d52438b0 DEOPT UNPACKING pc=0x00000282d9702b43 sp=0x000000eaafbfc9e0 mode 3
Event: 10.673 Thread 0x00000282d52438b0 DEOPT PACKING pc=0x00000282d9cdcb19 sp=0x000000eaafbfc8e0
Event: 10.673 Thread 0x00000282d52438b0 DEOPT UNPACKING pc=0x00000282d9702b43 sp=0x000000eaafbfbdc0 mode 3
Event: 11.343 Thread 0x00000282e37048a0 DEOPT PACKING pc=0x00000282d9d95cb5 sp=0x000000eab16fe2a0
Event: 11.343 Thread 0x00000282e37048a0 DEOPT UNPACKING pc=0x00000282d9702b43 sp=0x000000eab16fd7c8 mode 3
Event: 11.675 Thread 0x00000282e3703090 DEOPT PACKING pc=0x00000282d9dbd5ab sp=0x000000eab17fe1f0
Event: 11.675 Thread 0x00000282e3703090 DEOPT UNPACKING pc=0x00000282d9702b43 sp=0x000000eab17fd738 mode 3
Event: 11.722 Thread 0x00000282e37048a0 DEOPT PACKING pc=0x00000282d9ae7881 sp=0x000000eab16fe130
Event: 11.722 Thread 0x00000282e37048a0 DEOPT UNPACKING pc=0x00000282d9702b43 sp=0x000000eab16fd5c0 mode 3
Event: 11.722 Thread 0x00000282e3a92720 DEOPT PACKING pc=0x00000282d9ae5697 sp=0x000000eab1aff200
Event: 11.722 Thread 0x00000282e3a92720 DEOPT UNPACKING pc=0x00000282d9702b43 sp=0x000000eab1afe658 mode 3
Event: 18.466 Thread 0x00000282e3a8f230 DEOPT PACKING pc=0x00000282da096d6e sp=0x000000eab2efc970
Event: 18.476 Thread 0x00000282e3a8f230 DEOPT UNPACKING pc=0x00000282d9702b43 sp=0x000000eab2efbe68 mode 3
Event: 20.253 Thread 0x00000282e3a8f230 DEOPT PACKING pc=0x00000282d97f8e44 sp=0x000000eab2efd790
Event: 20.253 Thread 0x00000282e3a8f230 DEOPT UNPACKING pc=0x00000282d9702b43 sp=0x000000eab2efcc80 mode 3

Classes unloaded (0 events):
No events

Classes redefined (0 events):
No events

Internal exceptions (20 events):
Event: 11.843 Thread 0x00000282e3a91d80 Exception <a 'sun/nio/fs/WindowsException'{0x00000000cc59d648}> (0x00000000cc59d648) 
thrown [s\src\hotspot\share\prims\jni.cpp, line 516]
Event: 11.843 Thread 0x00000282e3a91d80 Exception <a 'sun/nio/fs/WindowsException'{0x00000000cc59e070}> (0x00000000cc59e070) 
thrown [s\src\hotspot\share\prims\jni.cpp, line 516]
Event: 11.843 Thread 0x00000282e3a91d80 Exception <a 'sun/nio/fs/WindowsException'{0x00000000cc59e460}> (0x00000000cc59e460) 
thrown [s\src\hotspot\share\prims\jni.cpp, line 516]
Event: 14.295 Thread 0x00000282e37048a0 Exception <a 'java/lang/NoSuchMethodError'{0x00000000cf4f1198}: 'java.lang.Object java.lang.invoke.Invokers$Holder.invoke_MT(java.lang.Object, java.lang.Object, java.lang.Object)'> (0x00000000cf4f1198) 
thrown [s\src\hotspot\share\interpreter\linkResolver.cpp, line 759]
Event: 15.085 Thread 0x00000282e37048a0 Exception <a 'java/lang/NoSuchMethodError'{0x00000000cdde80d0}: 'java.lang.Object java.lang.invoke.DirectMethodHandle$Holder.newInvokeSpecial(java.lang.Object, java.lang.Object, int)'> (0x00000000cdde80d0) 
thrown [s\src\hotspot\share\interpreter\linkResolver.cpp, line 759]
Event: 15.159 Thread 0x00000282e3a948d0 Exception <a 'java/lang/NoSuchMethodError'{0x00000000cf37c6e8}: 'java.lang.Object java.lang.invoke.Invokers$Holder.linkToTargetMethod(java.lang.Object, long, java.lang.Object)'> (0x00000000cf37c6e8) 
thrown [s\src\hotspot\share\interpreter\linkResolver.cpp, line 759]
Event: 15.981 Thread 0x00000282e3a948d0 Exception <a 'sun/nio/fs/WindowsException'{0x00000000d3dfd830}> (0x00000000d3dfd830) 
thrown [s\src\hotspot\share\prims\jni.cpp, line 516]
Event: 15.982 Thread 0x00000282e3a948d0 Exception <a 'sun/nio/fs/WindowsException'{0x00000000d3dfe570}> (0x00000000d3dfe570) 
thrown [s\src\hotspot\share\prims\jni.cpp, line 516]
Event: 15.982 Thread 0x00000282e3a948d0 Exception <a 'sun/nio/fs/WindowsException'{0x00000000d3dff270}> (0x00000000d3dff270) 
thrown [s\src\hotspot\share\prims\jni.cpp, line 516]
Event: 15.990 Thread 0x00000282e3a948d0 Exception <a 'sun/nio/fs/WindowsException'{0x00000000d346a1d0}> (0x00000000d346a1d0) 
thrown [s\src\hotspot\share\prims\jni.cpp, line 516]
Event: 15.990 Thread 0x00000282e3a948d0 Exception <a 'sun/nio/fs/WindowsException'{0x00000000d346af10}> (0x00000000d346af10) 
thrown [s\src\hotspot\share\prims\jni.cpp, line 516]
Event: 15.990 Thread 0x00000282e3a948d0 Exception <a 'sun/nio/fs/WindowsException'{0x00000000d346bc10}> (0x00000000d346bc10) 
thrown [s\src\hotspot\share\prims\jni.cpp, line 516]
Event: 16.006 Thread 0x00000282e3a948d0 Exception <a 'sun/nio/fs/WindowsException'{0x00000000d3486120}> (0x00000000d3486120) 
thrown [s\src\hotspot\share\prims\jni.cpp, line 516]
Event: 17.987 Thread 0x00000282e3a930c0 Exception <a 'java/lang/IncompatibleClassChangeError'{0x00000000d2a14a90}: Found class java.lang.Object, but interface was expected> (0x00000000d2a14a90) 
thrown [s\src\hotspot\share\interpreter\linkResolver.cpp, line 826]
Event: 17.987 Thread 0x00000282e3a8d080 Exception <a 'java/lang/IncompatibleClassChangeError'{0x00000000d73bcc80}: Found class java.lang.Object, but interface was expected> (0x00000000d73bcc80) 
thrown [s\src\hotspot\share\interpreter\linkResolver.cpp, line 826]
Event: 17.987 Thread 0x00000282e3a8f230 Exception <a 'java/lang/IncompatibleClassChangeError'{0x00000000d30b2f18}: Found class java.lang.Object, but interface was expected> (0x00000000d30b2f18) 
thrown [s\src\hotspot\share\interpreter\linkResolver.cpp, line 826]
Event: 18.233 Thread 0x00000282e3a8f230 Exception <a 'java/lang/NoSuchMethodError'{0x00000000d5c9aed0}: 'int java.lang.invoke.DirectMethodHandle$Holder.invokeSpecialIFC(java.lang.Object, java.lang.Object, java.lang.Object)'> (0x00000000d5c9aed0) 
thrown [s\src\hotspot\share\interpreter\linkResolver.cpp, line 759]
Event: 18.233 Thread 0x00000282e3a930c0 Exception <a 'java/lang/NoSuchMethodError'{0x00000000d5c850a0}: 'int java.lang.invoke.DirectMethodHandle$Holder.invokeSpecialIFC(java.lang.Object, java.lang.Object, java.lang.Object)'> (0x00000000d5c850a0) 
thrown [s\src\hotspot\share\interpreter\linkResolver.cpp, line 759]
Event: 18.457 Thread 0x00000282e3a8f230 Implicit null exception at 0x00000282da096b44 to 0x00000282da096d69
Event: 20.253 Thread 0x00000282e3a8f230 Implicit null exception at 0x00000282d97f8890 to 0x00000282d97f8e3f

VM Operations (20 events):
Event: 19.776 Executing VM operation: HandshakeAllThreads done
Event: 19.776 Executing VM operation: HandshakeAllThreads
Event: 19.792 Executing VM operation: HandshakeAllThreads done
Event: 19.792 Executing VM operation: G1CollectForAllocation
Event: 19.825 Executing VM operation: G1CollectForAllocation done
Event: 19.922 Executing VM operation: HandshakeAllThreads
Event: 19.935 Executing VM operation: HandshakeAllThreads done
Event: 20.426 Executing VM operation: G1CollectForAllocation
Event: 20.427 Executing VM operation: G1CollectForAllocation done
Event: 20.427 Executing VM operation: G1CollectForAllocation
Event: 20.453 Executing VM operation: G1CollectForAllocation done
Event: 20.666 Executing VM operation: G1CollectForAllocation
Event: 20.691 Executing VM operation: G1CollectForAllocation done
Event: 20.872 Executing VM operation: G1CollectForAllocation
Event: 20.872 Executing VM operation: G1CollectForAllocation done
Event: 20.872 Executing VM operation: G1CollectForAllocation
Event: 20.892 Executing VM operation: G1CollectForAllocation done
Event: 20.983 Executing VM operation: G1CollectForAllocation
Event: 20.983 Executing VM operation: G1CollectForAllocation done
Event: 20.983 Executing VM operation: G1CollectForAllocation

Events (20 events):
Event: 18.231 loading class java/nio/file/Files$2 done
Event: 18.413 loading class sun/nio/cs/ThreadLocalCoders
Event: 18.413 loading class sun/nio/cs/ThreadLocalCoders done
Event: 18.413 loading class sun/nio/cs/ThreadLocalCoders$1
Event: 18.413 loading class sun/nio/cs/ThreadLocalCoders$Cache
Event: 18.413 loading class sun/nio/cs/ThreadLocalCoders$Cache done
Event: 18.413 loading class sun/nio/cs/ThreadLocalCoders$1 done
Event: 18.413 loading class sun/nio/cs/ThreadLocalCoders$2
Event: 18.413 loading class sun/nio/cs/ThreadLocalCoders$2 done
Event: 19.300 Thread 0x00000282e398a030 Thread exited: 0x00000282e398a030
Event: 19.300 Thread 0x00000282e1d857c0 Thread exited: 0x00000282e1d857c0
Event: 19.497 loading class java/util/Hashtable$ValueCollection
Event: 19.497 loading class java/util/Hashtable$ValueCollection done
Event: 19.557 loading class java/util/stream/SliceOps
Event: 19.623 loading class java/util/stream/SliceOps done
Event: 19.660 loading class java/util/stream/SliceOps$1
Event: 19.660 loading class java/util/stream/SliceOps$1 done
Event: 19.697 loading class java/util/stream/SliceOps$1$1
Event: 19.697 loading class java/util/stream/SliceOps$1$1 done
Event: 19.913 Thread 0x00000282e5c63cd0 Thread added: 0x00000282e5c63cd0


Dynamic libraries:
0x00007ff623550000 - 0x00007ff62355e000 	c:\Users\nicho\.vscode\extensions\redhat.java-1.12.0-win32-x64\jre\17.0.4.1-win32-x86_64\bin\java.exe
0x00007fff60990000 - 0x00007fff60b88000 	C:\WINDOWS\SYSTEM32\ntdll.dll
0x00007fff5f6c0000 - 0x00007fff5f77f000 	C:\WINDOWS\System32\KERNEL32.DLL
0x00007fff5e4a0000 - 0x00007fff5e772000 	C:\WINDOWS\System32\KERNELBASE.dll
0x00007fff5e3a0000 - 0x00007fff5e4a0000 	C:\WINDOWS\System32\ucrtbase.dll
0x00007fff102d0000 - 0x00007fff102e8000 	c:\Users\nicho\.vscode\extensions\redhat.java-1.12.0-win32-x64\jre\17.0.4.1-win32-x86_64\bin\jli.dll
0x00007fff102b0000 - 0x00007fff102c9000 	c:\Users\nicho\.vscode\extensions\redhat.java-1.12.0-win32-x64\jre\17.0.4.1-win32-x86_64\bin\VCRUNTIME140.dll
0x00007fff4b4e0000 - 0x00007fff4b77a000 	C:\WINDOWS\WinSxS\amd64_microsoft.windows.common-controls_6595b64144ccf1df_6.0.19041.1110_none_60b5254171f9507e\COMCTL32.dll
0x00007fff600a0000 - 0x00007fff6013e000 	C:\WINDOWS\System32\msvcrt.dll
0x00007fff60200000 - 0x00007fff6039d000 	C:\WINDOWS\System32\USER32.dll
0x00007fff608c0000 - 0x00007fff608eb000 	C:\WINDOWS\System32\GDI32.dll
0x00007fff5e2a0000 - 0x00007fff5e2c2000 	C:\WINDOWS\System32\win32u.dll
0x00007fff5e840000 - 0x00007fff5e94f000 	C:\WINDOWS\System32\gdi32full.dll
0x00007fff5e300000 - 0x00007fff5e39d000 	C:\WINDOWS\System32\msvcp_win.dll
0x00007fff5f680000 - 0x00007fff5f6b2000 	C:\WINDOWS\System32\IMM32.DLL
0x00007fff10bd0000 - 0x00007fff10bdc000 	c:\Users\nicho\.vscode\extensions\redhat.java-1.12.0-win32-x64\jre\17.0.4.1-win32-x86_64\bin\vcruntime140_1.dll
0x00007ffee6fe0000 - 0x00007ffee7071000 	c:\Users\nicho\.vscode\extensions\redhat.java-1.12.0-win32-x64\jre\17.0.4.1-win32-x86_64\bin\msvcp140.dll
0x00007ffee6390000 - 0x00007ffee6fd6000 	c:\Users\nicho\.vscode\extensions\redhat.java-1.12.0-win32-x64\jre\17.0.4.1-win32-x86_64\bin\server\jvm.dll
0x00007fff5f780000 - 0x00007fff5f82e000 	C:\WINDOWS\System32\ADVAPI32.dll
0x00007fff5f830000 - 0x00007fff5f8cc000 	C:\WINDOWS\System32\sechost.dll
0x00007fff5eae0000 - 0x00007fff5ec05000 	C:\WINDOWS\System32\RPCRT4.dll
0x00007fff5ea70000 - 0x00007fff5ea78000 	C:\WINDOWS\System32\PSAPI.DLL
0x00007ffef87f0000 - 0x00007ffef87f9000 	C:\WINDOWS\SYSTEM32\WSOCK32.dll
0x00007fff5f610000 - 0x00007fff5f67b000 	C:\WINDOWS\System32\WS2_32.dll
0x00007fff55f10000 - 0x00007fff55f37000 	C:\WINDOWS\SYSTEM32\WINMM.dll
0x00007fff55f00000 - 0x00007fff55f0a000 	C:\WINDOWS\SYSTEM32\VERSION.dll
0x00007fff5bf50000 - 0x00007fff5bf62000 	C:\WINDOWS\SYSTEM32\kernel.appcore.dll
0x00007fff59d40000 - 0x00007fff59d4a000 	c:\Users\nicho\.vscode\extensions\redhat.java-1.12.0-win32-x64\jre\17.0.4.1-win32-x86_64\bin\jimage.dll
0x00007fff4ce90000 - 0x00007fff4d074000 	C:\WINDOWS\SYSTEM32\DBGHELP.DLL
0x00007fff4cc50000 - 0x00007fff4cc7c000 	C:\WINDOWS\SYSTEM32\dbgcore.DLL
0x00007fff5e950000 - 0x00007fff5e9d2000 	C:\WINDOWS\System32\bcryptPrimitives.dll
0x00007fff394b0000 - 0x00007fff394d5000 	c:\Users\nicho\.vscode\extensions\redhat.java-1.12.0-win32-x64\jre\17.0.4.1-win32-x86_64\bin\java.dll
0x00007fff39450000 - 0x00007fff39468000 	c:\Users\nicho\.vscode\extensions\redhat.java-1.12.0-win32-x64\jre\17.0.4.1-win32-x86_64\bin\zip.dll
0x00007fff5ec10000 - 0x00007fff5f353000 	C:\WINDOWS\System32\SHELL32.dll
0x00007fff5c150000 - 0x00007fff5c8e2000 	C:\WINDOWS\SYSTEM32\windows.storage.dll
0x00007fff60560000 - 0x00007fff608b4000 	C:\WINDOWS\System32\combase.dll
0x00007fff5da10000 - 0x00007fff5da40000 	C:\WINDOWS\SYSTEM32\Wldp.dll
0x00007fff60150000 - 0x00007fff601fd000 	C:\WINDOWS\System32\SHCORE.dll
0x00007fff5ea80000 - 0x00007fff5ead5000 	C:\WINDOWS\System32\shlwapi.dll
0x00007fff5dfd0000 - 0x00007fff5dfef000 	C:\WINDOWS\SYSTEM32\profapi.dll
0x00007fff391e0000 - 0x00007fff391f9000 	C:\Users\nicho\.vscode\extensions\redhat.java-1.12.0-win32-x64\jre\17.0.4.1-win32-x86_64\bin\net.dll
0x00007fff4eb10000 - 0x00007fff4ec1c000 	C:\WINDOWS\SYSTEM32\WINHTTP.dll
0x00007fff5d770000 - 0x00007fff5d7da000 	C:\WINDOWS\system32\mswsock.dll
0x00007fff39430000 - 0x00007fff39445000 	C:\Users\nicho\.vscode\extensions\redhat.java-1.12.0-win32-x64\jre\17.0.4.1-win32-x86_64\bin\nio.dll
0x00007fff457f0000 - 0x00007fff45800000 	c:\Users\nicho\.vscode\extensions\redhat.java-1.12.0-win32-x64\jre\17.0.4.1-win32-x86_64\bin\verify.dll
0x00007fff3e500000 - 0x00007fff3e509000 	C:\Users\nicho\.vscode\extensions\redhat.java-1.12.0-win32-x64\jre\17.0.4.1-win32-x86_64\bin\management.dll
0x00007fff20ee0000 - 0x00007fff20eeb000 	C:\Users\nicho\.vscode\extensions\redhat.java-1.12.0-win32-x64\jre\17.0.4.1-win32-x86_64\bin\management_ext.dll
0x00007fff4a420000 - 0x00007fff4a437000 	C:\WINDOWS\system32\napinsp.dll
0x00007fff4a400000 - 0x00007fff4a41b000 	C:\WINDOWS\system32\pnrpnsp.dll
0x00007fff591d0000 - 0x00007fff591e5000 	C:\WINDOWS\system32\wshbth.dll
0x00007fff59a20000 - 0x00007fff59a3d000 	C:\WINDOWS\system32\NLAapi.dll
0x00007fff5d460000 - 0x00007fff5d49b000 	C:\WINDOWS\SYSTEM32\IPHLPAPI.DLL
0x00007fff5d4a0000 - 0x00007fff5d56a000 	C:\WINDOWS\SYSTEM32\DNSAPI.dll
0x00007fff5ea00000 - 0x00007fff5ea08000 	C:\WINDOWS\System32\NSI.dll
0x00007fff4a360000 - 0x00007fff4a372000 	C:\WINDOWS\System32\winrnr.dll
0x00007fff4ea90000 - 0x00007fff4ea9a000 	C:\Windows\System32\rasadhlp.dll
0x00007fff4ed30000 - 0x00007fff4edb0000 	C:\WINDOWS\System32\fwpuclnt.dll
0x00007fff5e2d0000 - 0x00007fff5e2f7000 	C:\WINDOWS\System32\bcrypt.dll
0x00007fff5d960000 - 0x00007fff5d978000 	C:\WINDOWS\SYSTEM32\CRYPTSP.dll
0x00007fff5d090000 - 0x00007fff5d0c4000 	C:\WINDOWS\system32\rsaenh.dll
0x00007fff5df50000 - 0x00007fff5df7e000 	C:\WINDOWS\SYSTEM32\USERENV.dll
0x00007fff5d980000 - 0x00007fff5d98c000 	C:\WINDOWS\SYSTEM32\CRYPTBASE.dll
0x00007fff52fd0000 - 0x00007fff52fe7000 	C:\WINDOWS\SYSTEM32\dhcpcsvc6.DLL
0x00007fff537e0000 - 0x00007fff537fd000 	C:\WINDOWS\SYSTEM32\dhcpcsvc.DLL

dbghelp: loaded successfully - version: 4.0.5 - missing functions: none
symbol engine: initialized successfully - sym options: 0x614 - pdb path: .;c:\Users\nicho\.vscode\extensions\redhat.java-1.12.0-win32-x64\jre\17.0.4.1-win32-x86_64\bin;C:\WINDOWS\SYSTEM32;C:\WINDOWS\WinSxS\amd64_microsoft.windows.common-controls_6595b64144ccf1df_6.0.19041.1110_none_60b5254171f9507e;c:\Users\nicho\.vscode\extensions\redhat.java-1.12.0-win32-x64\jre\17.0.4.1-win32-x86_64\bin\server

VM Arguments:
jvm_args: -Dsts.lsp.client=vscode -Dsts.log.file=/dev/null -XX:TieredStopAtLevel=1 -Xlog:jni+resolve=off -Dspring.config.location=file:c:\Users\nicho\.vscode\extensions\pivotal.vscode-spring-boot-1.40.0\language-server\BOOT-INF\classes\application.properties 
java_command: org.springframework.ide.vscode.boot.app.BootLanguageServerBootApp
java_class_path (initial): c:\Users\nicho\.vscode\extensions\pivotal.vscode-spring-boot-1.40.0\language-server\BOOT-INF\classes;c:\Users\nicho\.vscode\extensions\pivotal.vscode-spring-boot-1.40.0\language-server\BOOT-INF\lib\annotations-23.0.0.jar;c:\Users\nicho\.vscode\extensions\pivotal.vscode-spring-boot-1.40.0\language-server\BOOT-INF\lib\ant-1.10.12.jar;c:\Users\nicho\.vscode\extensions\pivotal.vscode-spring-boot-1.40.0\language-server\BOOT-INF\lib\ant-launcher-1.10.12.jar;c:\Users\nicho\.vscode\extensions\pivotal.vscode-spring-boot-1.40.0\language-server\BOOT-INF\lib\antlr-runtime-3.5.2.jar;c:\Users\nicho\.vscode\extensions\pivotal.vscode-spring-boot-1.40.0\language-server\BOOT-INF\lib\antlr4-4.9.3.jar;c:\Users\nicho\.vscode\extensions\pivotal.vscode-spring-boot-1.40.0\language-server\BOOT-INF\lib\antlr4-runtime-4.9.3.jar;c:\Users\nicho\.vscode\extensions\pivotal.vscode-spring-boot-1.40.0\language-server\BOOT-INF\lib\asm-9.3.jar;c:\Users\nicho\.vscode\extensions\pivotal.vscode-spring-boot-1.40.0\language-server\BOOT-INF\lib\asm-analysis-9.3.jar;c:\Users\nicho\.vscode\extensions\pivotal.vscode-spring-boot-1.40.0\language-server\BOOT-INF\lib\asm-tree-9.3.jar;c:\Users\nicho\.vscode\extensions\pivotal.vscode-spring-boot-1.40.0\language-server\BOOT-INF\lib\asm-util-9.3.jar;c:\Users\nicho\.vscode\extensions\pivotal.vscode-spring-boot-1.40.0\language-server\BOOT-INF\lib\byte-buddy-1.12.13.jar;c:\Users\nicho\.vscode\extensions\pivotal.vscode-spring-boot-1.40.0\language-server\BOOT-INF\lib\caffeine-2.9.3.jar;c:\Users\nicho\.vscode\extensions\pivotal.vscode-spring-boot-1.40.0\language-server\BOOT-INF\lib\checker-qual-3.12.0.jar;c:\Users\nicho\.vscode\extensions\pivotal.vscode-spring-boot-1.40.0\language-server\BOOT-INF\lib\classgraph-4.8.149.jar;c:\Users\nicho\.vscode\extensions\pivotal.vscode-spring-boot-1.40.0\language-server\BOOT-INF\lib\commons-codec-1.15.jar;c:\Users\nicho\.vscode\extensions\pivotal.vscode-spring-boot-1.40.0\language-server\BOOT-INF\lib\commons-c
Launcher Type: SUN_STANDARD

[Global flags]
     intx CICompilerCount                          = 3                                         {product} {ergonomic}
     uint ConcGCThreads                            = 1                                         {product} {ergonomic}
     uint G1ConcRefinementThreads                  = 4                                         {product} {ergonomic}
   size_t G1HeapRegionSize                         = 1048576                                   {product} {ergonomic}
    uintx GCDrainStackTargetSize                   = 64                                        {product} {ergonomic}
   size_t InitialHeapSize                          = 58720256                                  {product} {ergonomic}
   size_t MarkStackSize                            = 4194304                                   {product} {ergonomic}
   size_t MaxHeapSize                              = 924844032                                 {product} {ergonomic}
   size_t MaxNewSize                               = 554696704                                 {product} {ergonomic}
   size_t MinHeapDeltaBytes                        = 1048576                                   {product} {ergonomic}
   size_t MinHeapSize                              = 8388608                                   {product} {ergonomic}
    uintx NonProfiledCodeHeapSize                  = 0                                      {pd product} {ergonomic}
     bool ProfileInterpreter                       = false                                  {pd product} {command line}
    uintx ProfiledCodeHeapSize                     = 0                                      {pd product} {ergonomic}
   size_t SoftMaxHeapSize                          = 924844032                              {manageable} {ergonomic}
     intx TieredStopAtLevel                        = 1                                         {product} {command line}
     bool UseCompressedClassPointers               = true                           {product lp64_product} {ergonomic}
     bool UseCompressedOops                        = true                           {product lp64_product} {ergonomic}
     bool UseG1GC                                  = true                                      {product} {ergonomic}
     bool UseLargePagesIndividualAllocation        = false                                  {pd product} {ergonomic}

Logging:
Log output configuration:
 #0: stdout all=warning,jni+resolve=off uptime,level,tags
 #1: stderr all=off uptime,level,tags

Environment Variables:
PATH=C:\WINDOWS\system32;C:\WINDOWS;C:\WINDOWS\System32\Wbem;C:\WINDOWS\System32\WindowsPowerShell\v1.0\;C:\WINDOWS\System32\OpenSSH\;C:\Program Files\nodejs\;C:\Program Files\Go\bin;C:\Program Files\Git\cmd;C:\Program Files\dotnet\;C:\Program Files\Microsoft SQL Server\150\Tools\Binn\;C:\Program Files\Microsoft SQL Server\Client SDK\ODBC\170\Tools\Binn\;C:\Users\nicho\mongosh-1.6.0-win32-x64\bin\mongosh.exe\;C:\Users\nicho\AppData\Local\Programs\Python\Python39\Scripts\;C:\Users\nicho\AppData\Local\Programs\Python\Python39\;C:\Users\nicho\AppData\Local\Microsoft\WindowsApps;C:\Users\nicho\AppData\Local\GitHubDesktop\bin;C:\Users\nicho\AppData\Local\Programs\Microsoft VS Code\bin;C:\Users\nicho\AppData\Local\Microsoft\WindowsApps;C:\Users\nicho\AppData\Roaming\npm;C:\Users\nicho\go\bin;C:\Users\nicho\.dotnet\tools;C:\Users\nicho\mongosh-1.6.0-win32-x64\bin\mongosh.exe\;C:\Program Files\CodeBlocks\MinGW\bin;C:\Users\nicho\AppData\Local\Packages\PythonSoftwareFoundation.Python.3.9_qbz5n2kfra8p0\LocalCache\local-packages\Python39\Scripts;
USERNAME=nicho
OS=Windows_NT
PROCESSOR_IDENTIFIER=AMD64 Family 23 Model 24 Stepping 1, AuthenticAMD
TMP=C:\Users\nicho\AppData\Local\Temp
TEMP=C:\Users\nicho\AppData\Local\Temp



---------------  S Y S T E M  ---------------

OS:
 Windows 10 , 64 bit Build 19041 (10.0.19041.2251)
OS uptime: 1 days 1:11 hours

CPU: total 4 (initial active 4) (4 cores per cpu, 2 threads per core) family 23 model 24 stepping 1 microcode 0x0, cx8, cmov, fxsr, ht, mmx, 3dnowpref, sse, sse2, sse3, ssse3, sse4a, sse4.1, sse4.2, popcnt, lzcnt, tsc, tscinvbit, avx, avx2, aes, clmul, bmi1, bmi2, adx, sha, fma, vzeroupper, clflush, clflushopt

Memory: 4k page, system-wide physical 3522M (216M free)
TotalPageFile size 14274M (AvailPageFile size 45M)
current process WorkingSet (physical memory assigned to process): 286M, peak: 286M
current process commit charge ("private bytes"): 378M, peak: 405M

vm_info: OpenJDK 64-Bit Server VM (17.0.4.1+1) for windows-amd64 JRE (17.0.4.1+1), built on Aug 17 2022 07:42:43 by "temurin" with MS VC++ 16.7 (VS2019)

END.
