#
# There is insufficient memory for the Java Runtime Environment to continue.
# Native memory allocation (malloc) failed to allocate 1048576 bytes for AllocateHeap
# Possible reasons:
#   The system is out of physical RAM or swap space
#   The process is running with CompressedOops enabled, and the Java Heap may be blocking the growth of the native heap
# Possible solutions:
#   Reduce memory load on the system
#   Increase physical memory or swap space
#   Check if swap backing store is full
#   Decrease Java heap size (-Xmx/-Xms)
#   Decrease number of Java threads
#   Decrease Java thread stack sizes (-Xss)
#   Set larger code cache with -XX:ReservedCodeCacheSize=
#   JVM is running with Unscaled Compressed Oops mode in which the Java heap is
#     placed in the first 4GB address space. The Java Heap base address is the
#     maximum limit for the native heap growth. Please use -XX:HeapBaseMinAddress
#     to set the Java Heap base and to place the Java Heap above 4GB virtual address.
# This output file may be truncated or incomplete.
#
#  Out of Memory Error (allocation.cpp:44), pid=13544, tid=7052
#
# JRE version: OpenJDK Runtime Environment Temurin-17.0.4.1+1 (17.0.4.1+1) (build 17.0.4.1+1)
# Java VM: OpenJDK 64-Bit Server VM Temurin-17.0.4.1+1 (17.0.4.1+1, mixed mode, emulated-client, tiered, compressed oops, compressed class ptrs, g1 gc, windows-amd64)
# No core dump will be written. Minidumps are not enabled by default on client versions of Windows
#

---------------  S U M M A R Y ------------

Command Line: -Dsts.lsp.client=vscode -Dsts.log.file=/dev/null -XX:TieredStopAtLevel=1 -Xlog:jni+resolve=off -Dspring.config.location=file:c:\Users\nicho\.vscode\extensions\pivotal.vscode-spring-boot-1.40.0\language-server\BOOT-INF\classes\application.properties org.springframework.ide.vscode.boot.app.BootLanguageServerBootApp

Host: AMD Ryzen 3 3200U with Radeon Vega Mobile Gfx  , 4 cores, 3G,  Windows 10 , 64 bit Build 19041 (10.0.19041.2251)
Time: Mon Nov 28 19:54:30 2022 Haiti Standard Time elapsed time: 3477.683632 seconds (0d 0h 57m 57s)

---------------  T H R E A D  ---------------

Current thread (0x00000205f4be3540):  VMThread "VM Thread" [stack: 0x0000004fea500000,0x0000004fea600000] [id=7052]

Stack: [0x0000004fea500000,0x0000004fea600000]
Native frames: (J=compiled Java code, j=interpreted, Vv=VM code, C=native code)
V  [jvm.dll+0x67731a]
V  [jvm.dll+0x832284]
V  [jvm.dll+0x833a2e]
V  [jvm.dll+0x834093]
V  [jvm.dll+0x245775]
V  [jvm.dll+0xa6393]
V  [jvm.dll+0x2f5933]
V  [jvm.dll+0x2f1640]
V  [jvm.dll+0x2d9d27]
V  [jvm.dll+0x31ce37]
V  [jvm.dll+0x83853b]
V  [jvm.dll+0x839274]
V  [jvm.dll+0x83978c]
V  [jvm.dll+0x839b64]
V  [jvm.dll+0x839c30]
V  [jvm.dll+0x7e240a]
V  [jvm.dll+0x6761a5]
C  [ucrtbase.dll+0x21bb2]
C  [KERNEL32.DLL+0x174b4]
C  [ntdll.dll+0x526a1]

VM_Operation (0x0000004feb5fec50): G1CollectFull, mode: safepoint, requested by thread 0x00000205f7586320


---------------  P R O C E S S  ---------------

Threads class SMR info:
_java_thread_list=0x00000205f787b7c0, length=22, elements={
0x00000205f4bf9750, 0x00000205f4bfa5c0, 0x00000205f4c37130, 0x00000205f4c3ad60,
0x00000205f4c3c720, 0x00000205f4c3d0d0, 0x00000205f4c3ea50, 0x00000205f4c3f350,
0x00000205f59a60b0, 0x00000205f59b8010, 0x00000205f71d87a0, 0x00000205f7586320,
0x00000205f7281900, 0x00000205eabc3610, 0x00000205f72a99d0, 0x00000205f72282e0,
0x00000205f75b7590, 0x00000205f7884bd0, 0x00000205f7881210, 0x00000205f7880d40,
0x00000205f7881bb0, 0x00000205f7885a40
}

Java Threads: ( => current thread )
  0x00000205f4bf9750 JavaThread "Reference Handler" daemon [_thread_blocked, id=10648, stack(0x0000004fea600000,0x0000004fea700000)]
  0x00000205f4bfa5c0 JavaThread "Finalizer" daemon [_thread_blocked, id=13908, stack(0x0000004fea700000,0x0000004fea800000)]
  0x00000205f4c37130 JavaThread "Signal Dispatcher" daemon [_thread_blocked, id=11680, stack(0x0000004fea800000,0x0000004fea900000)]
  0x00000205f4c3ad60 JavaThread "Attach Listener" daemon [_thread_blocked, id=11380, stack(0x0000004fea900000,0x0000004feaa00000)]
  0x00000205f4c3c720 JavaThread "Service Thread" daemon [_thread_blocked, id=12732, stack(0x0000004feaa00000,0x0000004feab00000)]
  0x00000205f4c3d0d0 JavaThread "Monitor Deflation Thread" daemon [_thread_blocked, id=12528, stack(0x0000004feab00000,0x0000004feac00000)]
  0x00000205f4c3ea50 JavaThread "C1 CompilerThread0" daemon [_thread_blocked, id=2360, stack(0x0000004feac00000,0x0000004fead00000)]
  0x00000205f4c3f350 JavaThread "Sweeper thread" daemon [_thread_blocked, id=4644, stack(0x0000004fead00000,0x0000004feae00000)]
  0x00000205f59a60b0 JavaThread "Notification Thread" daemon [_thread_blocked, id=2712, stack(0x0000004feae00000,0x0000004feaf00000)]
  0x00000205f59b8010 JavaThread "Common-Cleaner" daemon [_thread_blocked, id=3640, stack(0x0000004feb000000,0x0000004feb100000)]
  0x00000205f71d87a0 JavaThread "boundedElastic-evictor-1" daemon [_thread_blocked, id=10740, stack(0x0000004feb400000,0x0000004feb500000)]
  0x00000205f7586320 JavaThread "pool-9-thread-1" [_thread_blocked, id=10916, stack(0x0000004feb500000,0x0000004feb600000)]
  0x00000205f7281900 JavaThread "LanguageServerApp-lifecycle" [_thread_blocked, id=12764, stack(0x0000004feb600000,0x0000004feb700000)]
  0x00000205eabc3610 JavaThread "DestroyJavaVM" [_thread_blocked, id=10696, stack(0x0000004fe9f00000,0x0000004fea000000)]
  0x00000205f72a99d0 JavaThread "pool-10-thread-1" [_thread_in_native, id=6896, stack(0x0000004feb700000,0x0000004feb800000)]
  0x00000205f72282e0 JavaThread "Simple-Language-Server main thread" daemon [_thread_blocked, id=13032, stack(0x0000004feb800000,0x0000004feb900000)]
  0x00000205f75b7590 JavaThread "parallel-1" daemon [_thread_blocked, id=6428, stack(0x0000004feba00000,0x0000004febb00000)]
  0x00000205f7884bd0 JavaThread "pool-7-thread-1" [_thread_blocked, id=7628, stack(0x0000004fec400000,0x0000004fec500000)]
  0x00000205f7881210 JavaThread "parallel-2" daemon [_thread_blocked, id=8364, stack(0x0000004fec500000,0x0000004fec600000)]
  0x00000205f7880d40 JavaThread "parallel-3" daemon [_thread_blocked, id=1136, stack(0x0000004fec600000,0x0000004fec700000)]
  0x00000205f7881bb0 JavaThread "parallel-4" daemon [_thread_blocked, id=8100, stack(0x0000004fec700000,0x0000004fec800000)]
  0x00000205f7885a40 JavaThread "Reconciler-1" daemon [_thread_blocked, id=220, stack(0x0000004fec800000,0x0000004fec900000)]

Other Threads:
=>0x00000205f4be3540 VMThread "VM Thread" [stack: 0x0000004fea500000,0x0000004fea600000] [id=7052]
  0x00000205f59a6580 WatcherThread [stack: 0x0000004feaf00000,0x0000004feb000000] [id=13968]
  0x00000205eabfb6c0 GCTaskThread "GC Thread#0" [stack: 0x0000004fea000000,0x0000004fea100000] [id=8580]
  0x00000205f61a4230 GCTaskThread "GC Thread#1" [stack: 0x0000004feb100000,0x0000004feb200000] [id=11692]
  0x00000205f61dda90 GCTaskThread "GC Thread#2" [stack: 0x0000004feb200000,0x0000004feb300000] [id=5340]
  0x00000205f6229550 GCTaskThread "GC Thread#3" [stack: 0x0000004feb300000,0x0000004feb400000] [id=12104]
  0x00000205eac03440 ConcurrentGCThread "G1 Main Marker" [stack: 0x0000004fea100000,0x0000004fea200000] [id=824]
  0x00000205eac06270 ConcurrentGCThread "G1 Conc#0" [stack: 0x0000004fea200000,0x0000004fea300000] [id=9760]
  0x00000205eac41ea0 ConcurrentGCThread "G1 Refine#0" [stack: 0x0000004fea300000,0x0000004fea400000] [id=13408]
  0x00000205f9034300 ConcurrentGCThread "G1 Refine#1" [stack: 0x0000004fec900000,0x0000004feca00000] [id=9868]
  0x00000205f9032c00 ConcurrentGCThread "G1 Refine#2" [stack: 0x0000004feca00000,0x0000004fecb00000] [id=11120]
  0x00000205f90331c0 ConcurrentGCThread "G1 Refine#3" [stack: 0x0000004fe9c00000,0x0000004fe9d00000] [id=14428]
  0x00000205eac428c0 ConcurrentGCThread "G1 Service" [stack: 0x0000004fea400000,0x0000004fea500000] [id=7040]

Threads with active compile tasks:

VM state: at safepoint (normal execution)

VM Mutex/Monitor currently owned by a thread:  ([mutex/lock_event])
[0x00000205e8a96900] Threads_lock - owner thread: 0x00000205f4be3540
[0x00000205eabc07b0] Heap_lock - owner thread: 0x00000205f7586320

Heap address: 0x00000000c8e00000, size: 882 MB, Compressed Oops mode: 32-bit

CDS archive(s) not mapped
Compressed class space mapped at: 0x0000000100000000-0x0000000140000000, reserved size: 1073741824
Narrow klass base: 0x0000000000000000, Narrow klass shift: 3, Narrow klass range: 0x140000000

GC Precious Log:
 CPUs: 4 total, 4 available
 Memory: 3522M
 Large Page Support: Disabled
 NUMA Support: Disabled
 Compressed Oops: Enabled (32-bit)
 Heap Region Size: 1M
 Heap Min Capacity: 8M
 Heap Initial Capacity: 56M
 Heap Max Capacity: 882M
 Pre-touch: Disabled
 Parallel Workers: 4
 Concurrent Workers: 1
 Concurrent Refinement Workers: 4
 Periodic GC: Disabled

Heap:
 garbage-first heap   total 81920K, used 24195K [0x00000000c8e00000, 0x0000000100000000)
  region size 1024K, 1 young (1024K), 0 survivors (0K)
 Metaspace       used 43796K, committed 44096K, reserved 1089536K
  class space    used 6137K, committed 6272K, reserved 1048576K

Heap Regions: E=young(eden), S=young(survivor), O=old, HS=humongous(starts), HC=humongous(continues), CS=collection set, F=free, OA=open archive, CA=closed archive, TAMS=top-at-mark-start (previous, next)
|   0|0x00000000c8e00000, 0x00000000c8f00000, 0x00000000c8f00000|100%| O|  |TAMS 0x00000000c8f00000, 0x00000000c8e00000| Untracked 
|   1|0x00000000c8f00000, 0x00000000c9000000, 0x00000000c9000000|100%| O|  |TAMS 0x00000000c9000000, 0x00000000c8f00000| Untracked 
|   2|0x00000000c9000000, 0x00000000c9100000, 0x00000000c9100000|100%| O|  |TAMS 0x00000000c9100000, 0x00000000c9000000| Untracked 
|   3|0x00000000c9100000, 0x00000000c91ffff0, 0x00000000c9200000| 99%| O|  |TAMS 0x00000000c91ffff0, 0x00000000c9100000| Untracked 
|   4|0x00000000c9200000, 0x00000000c92fffe8, 0x00000000c9300000| 99%| O|  |TAMS 0x00000000c92fffe8, 0x00000000c9200000| Untracked 
|   5|0x00000000c9300000, 0x00000000c9400000, 0x00000000c9400000|100%| O|  |TAMS 0x00000000c9400000, 0x00000000c9300000| Untracked 
|   6|0x00000000c9400000, 0x00000000c94fffd8, 0x00000000c9500000| 99%| O|  |TAMS 0x00000000c94fffd8, 0x00000000c9400000| Untracked 
|   7|0x00000000c9500000, 0x00000000c9600000, 0x00000000c9600000|100%| O|  |TAMS 0x00000000c9600000, 0x00000000c9500000| Untracked 
|   8|0x00000000c9600000, 0x00000000c96fffe8, 0x00000000c9700000| 99%| O|  |TAMS 0x00000000c96fffe8, 0x00000000c9600000| Untracked 
|   9|0x00000000c9700000, 0x00000000c9800000, 0x00000000c9800000|100%| O|  |TAMS 0x00000000c9800000, 0x00000000c9700000| Untracked 
|  10|0x00000000c9800000, 0x00000000c9900000, 0x00000000c9900000|100%| O|  |TAMS 0x00000000c9900000, 0x00000000c9800000| Untracked 
|  11|0x00000000c9900000, 0x00000000c9a00000, 0x00000000c9a00000|100%| O|  |TAMS 0x00000000c9a00000, 0x00000000c9900000| Untracked 
|  12|0x00000000c9a00000, 0x00000000c9afffd8, 0x00000000c9b00000| 99%| O|  |TAMS 0x00000000c9afffd8, 0x00000000c9a00000| Untracked 
|  13|0x00000000c9b00000, 0x00000000c9bffff8, 0x00000000c9c00000| 99%| O|  |TAMS 0x00000000c9bffff8, 0x00000000c9b00000| Untracked 
|  14|0x00000000c9c00000, 0x00000000c9cfffe8, 0x00000000c9d00000| 99%| O|  |TAMS 0x00000000c9cfffe8, 0x00000000c9c00000| Untracked 
|  15|0x00000000c9d00000, 0x00000000c9dffff8, 0x00000000c9e00000| 99%| O|  |TAMS 0x00000000c9dffff8, 0x00000000c9d00000| Untracked 
|  16|0x00000000c9e00000, 0x00000000c9f00000, 0x00000000c9f00000|100%| O|  |TAMS 0x00000000c9f00000, 0x00000000c9e00000| Untracked 
|  17|0x00000000c9f00000, 0x00000000c9ffff38, 0x00000000ca000000| 99%| O|  |TAMS 0x00000000c9ffff38, 0x00000000c9f00000| Untracked 
|  18|0x00000000ca000000, 0x00000000ca0fffb0, 0x00000000ca100000| 99%| O|  |TAMS 0x00000000ca0fffb0, 0x00000000ca000000| Untracked 
|  19|0x00000000ca100000, 0x00000000ca1fffc0, 0x00000000ca200000| 99%| O|  |TAMS 0x00000000ca1fffc0, 0x00000000ca100000| Untracked 
|  20|0x00000000ca200000, 0x00000000ca2ffff8, 0x00000000ca300000| 99%| O|  |TAMS 0x00000000ca2ffff8, 0x00000000ca200000| Untracked 
|  21|0x00000000ca300000, 0x00000000ca3ffff8, 0x00000000ca400000| 99%| O|  |TAMS 0x00000000ca3ffff8, 0x00000000ca300000| Untracked 
|  22|0x00000000ca400000, 0x00000000ca4fffe8, 0x00000000ca500000| 99%| O|  |TAMS 0x00000000ca4fffe8, 0x00000000ca400000| Untracked 
|  23|0x00000000ca500000, 0x00000000ca58aaa8, 0x00000000ca600000| 54%| O|  |TAMS 0x00000000ca500000, 0x00000000ca500000| Untracked 
|  24|0x00000000ca600000, 0x00000000ca616440, 0x00000000ca700000|  8%| O|  |TAMS 0x00000000ca600000, 0x00000000ca600000| Untracked 
|  25|0x00000000ca700000, 0x00000000ca700000, 0x00000000ca800000|  0%| F|  |TAMS 0x00000000ca700000, 0x00000000ca700000| Untracked 
|  26|0x00000000ca800000, 0x00000000ca800000, 0x00000000ca900000|  0%| F|  |TAMS 0x00000000ca800000, 0x00000000ca800000| Untracked 
|  27|0x00000000ca900000, 0x00000000ca900000, 0x00000000caa00000|  0%| F|  |TAMS 0x00000000ca900000, 0x00000000ca900000| Untracked 
|  28|0x00000000caa00000, 0x00000000caa00000, 0x00000000cab00000|  0%| F|  |TAMS 0x00000000caa00000, 0x00000000caa00000| Untracked 
|  29|0x00000000cab00000, 0x00000000cab00000, 0x00000000cac00000|  0%| F|  |TAMS 0x00000000cab00000, 0x00000000cab00000| Untracked 
|  30|0x00000000cac00000, 0x00000000cac00000, 0x00000000cad00000|  0%| F|  |TAMS 0x00000000cac00000, 0x00000000cac00000| Untracked 
|  31|0x00000000cad00000, 0x00000000cad00000, 0x00000000cae00000|  0%| F|  |TAMS 0x00000000cad00000, 0x00000000cad00000| Untracked 
|  32|0x00000000cae00000, 0x00000000cae00000, 0x00000000caf00000|  0%| F|  |TAMS 0x00000000cae00000, 0x00000000cae00000| Untracked 
|  33|0x00000000caf00000, 0x00000000caf00000, 0x00000000cb000000|  0%| F|  |TAMS 0x00000000caf00000, 0x00000000caf00000| Untracked 
|  34|0x00000000cb000000, 0x00000000cb000000, 0x00000000cb100000|  0%| F|  |TAMS 0x00000000cb000000, 0x00000000cb000000| Untracked 
|  35|0x00000000cb100000, 0x00000000cb100000, 0x00000000cb200000|  0%| F|  |TAMS 0x00000000cb100000, 0x00000000cb100000| Untracked 
|  36|0x00000000cb200000, 0x00000000cb200000, 0x00000000cb300000|  0%| F|  |TAMS 0x00000000cb200000, 0x00000000cb200000| Untracked 
|  37|0x00000000cb300000, 0x00000000cb300000, 0x00000000cb400000|  0%| F|  |TAMS 0x00000000cb300000, 0x00000000cb300000| Untracked 
|  38|0x00000000cb400000, 0x00000000cb400000, 0x00000000cb500000|  0%| F|  |TAMS 0x00000000cb400000, 0x00000000cb400000| Untracked 
|  39|0x00000000cb500000, 0x00000000cb500000, 0x00000000cb600000|  0%| F|  |TAMS 0x00000000cb500000, 0x00000000cb500000| Untracked 
|  40|0x00000000cb600000, 0x00000000cb600000, 0x00000000cb700000|  0%| F|  |TAMS 0x00000000cb600000, 0x00000000cb600000| Untracked 
|  41|0x00000000cb700000, 0x00000000cb700000, 0x00000000cb800000|  0%| F|  |TAMS 0x00000000cb700000, 0x00000000cb700000| Untracked 
|  42|0x00000000cb800000, 0x00000000cb800000, 0x00000000cb900000|  0%| F|  |TAMS 0x00000000cb800000, 0x00000000cb800000| Untracked 
|  43|0x00000000cb900000, 0x00000000cb900000, 0x00000000cba00000|  0%| F|  |TAMS 0x00000000cb900000, 0x00000000cb900000| Untracked 
|  44|0x00000000cba00000, 0x00000000cba00000, 0x00000000cbb00000|  0%| F|  |TAMS 0x00000000cba00000, 0x00000000cba00000| Untracked 
|  45|0x00000000cbb00000, 0x00000000cbb00000, 0x00000000cbc00000|  0%| F|  |TAMS 0x00000000cbb00000, 0x00000000cbb00000| Untracked 
|  46|0x00000000cbc00000, 0x00000000cbc00000, 0x00000000cbd00000|  0%| F|  |TAMS 0x00000000cbc00000, 0x00000000cbc00000| Untracked 
|  47|0x00000000cbd00000, 0x00000000cbd00000, 0x00000000cbe00000|  0%| F|  |TAMS 0x00000000cbd00000, 0x00000000cbd00000| Untracked 
|  48|0x00000000cbe00000, 0x00000000cbe00000, 0x00000000cbf00000|  0%| F|  |TAMS 0x00000000cbe00000, 0x00000000cbe00000| Untracked 
|  49|0x00000000cbf00000, 0x00000000cbf00000, 0x00000000cc000000|  0%| F|  |TAMS 0x00000000cbf00000, 0x00000000cbf00000| Untracked 
|  50|0x00000000cc000000, 0x00000000cc000000, 0x00000000cc100000|  0%| F|  |TAMS 0x00000000cc000000, 0x00000000cc000000| Untracked 
|  51|0x00000000cc100000, 0x00000000cc100000, 0x00000000cc200000|  0%| F|  |TAMS 0x00000000cc100000, 0x00000000cc100000| Untracked 
|  52|0x00000000cc200000, 0x00000000cc200000, 0x00000000cc300000|  0%| F|  |TAMS 0x00000000cc200000, 0x00000000cc200000| Untracked 
|  53|0x00000000cc300000, 0x00000000cc300000, 0x00000000cc400000|  0%| F|  |TAMS 0x00000000cc300000, 0x00000000cc300000| Untracked 
|  54|0x00000000cc400000, 0x00000000cc400000, 0x00000000cc500000|  0%| F|  |TAMS 0x00000000cc400000, 0x00000000cc400000| Untracked 
|  55|0x00000000cc500000, 0x00000000cc500000, 0x00000000cc600000|  0%| F|  |TAMS 0x00000000cc500000, 0x00000000cc500000| Untracked 
|  56|0x00000000cc600000, 0x00000000cc600000, 0x00000000cc700000|  0%| F|  |TAMS 0x00000000cc600000, 0x00000000cc600000| Untracked 
|  57|0x00000000cc700000, 0x00000000cc700000, 0x00000000cc800000|  0%| F|  |TAMS 0x00000000cc700000, 0x00000000cc700000| Untracked 
|  58|0x00000000cc800000, 0x00000000cc800000, 0x00000000cc900000|  0%| F|  |TAMS 0x00000000cc800000, 0x00000000cc800000| Untracked 
|  59|0x00000000cc900000, 0x00000000cc900000, 0x00000000cca00000|  0%| F|  |TAMS 0x00000000cc900000, 0x00000000cc900000| Untracked 
|  60|0x00000000cca00000, 0x00000000cca00000, 0x00000000ccb00000|  0%| F|  |TAMS 0x00000000cca00000, 0x00000000cca00000| Untracked 
|  61|0x00000000ccb00000, 0x00000000ccb00000, 0x00000000ccc00000|  0%| F|  |TAMS 0x00000000ccb00000, 0x00000000ccb00000| Untracked 
|  62|0x00000000ccc00000, 0x00000000ccc00000, 0x00000000ccd00000|  0%| F|  |TAMS 0x00000000ccc00000, 0x00000000ccc00000| Untracked 
|  63|0x00000000ccd00000, 0x00000000ccd00000, 0x00000000cce00000|  0%| F|  |TAMS 0x00000000ccd00000, 0x00000000ccd00000| Untracked 
|  64|0x00000000cce00000, 0x00000000cce00000, 0x00000000ccf00000|  0%| F|  |TAMS 0x00000000cce00000, 0x00000000cce00000| Untracked 
|  65|0x00000000ccf00000, 0x00000000ccf00000, 0x00000000cd000000|  0%| F|  |TAMS 0x00000000ccf00000, 0x00000000ccf00000| Untracked 
|  66|0x00000000cd000000, 0x00000000cd000000, 0x00000000cd100000|  0%| F|  |TAMS 0x00000000cd000000, 0x00000000cd000000| Untracked 
|  67|0x00000000cd100000, 0x00000000cd100000, 0x00000000cd200000|  0%| F|  |TAMS 0x00000000cd100000, 0x00000000cd100000| Untracked 
|  68|0x00000000cd200000, 0x00000000cd200000, 0x00000000cd300000|  0%| F|  |TAMS 0x00000000cd200000, 0x00000000cd200000| Untracked 
|  69|0x00000000cd300000, 0x00000000cd300000, 0x00000000cd400000|  0%| F|  |TAMS 0x00000000cd300000, 0x00000000cd300000| Untracked 
|  70|0x00000000cd400000, 0x00000000cd400000, 0x00000000cd500000|  0%| F|  |TAMS 0x00000000cd400000, 0x00000000cd400000| Untracked 
|  71|0x00000000cd500000, 0x00000000cd500000, 0x00000000cd600000|  0%| F|  |TAMS 0x00000000cd500000, 0x00000000cd500000| Untracked 
|  72|0x00000000cd600000, 0x00000000cd600000, 0x00000000cd700000|  0%| F|  |TAMS 0x00000000cd600000, 0x00000000cd600000| Untracked 
|  73|0x00000000cd700000, 0x00000000cd700000, 0x00000000cd800000|  0%| F|  |TAMS 0x00000000cd700000, 0x00000000cd700000| Untracked 
|  74|0x00000000cd800000, 0x00000000cd800000, 0x00000000cd900000|  0%| F|  |TAMS 0x00000000cd800000, 0x00000000cd800000| Untracked 
|  75|0x00000000cd900000, 0x00000000cd900000, 0x00000000cda00000|  0%| F|  |TAMS 0x00000000cd900000, 0x00000000cd900000| Untracked 
|  76|0x00000000cda00000, 0x00000000cda00000, 0x00000000cdb00000|  0%| F|  |TAMS 0x00000000cda00000, 0x00000000cda00000| Untracked 
|  77|0x00000000cdb00000, 0x00000000cdb00000, 0x00000000cdc00000|  0%| F|  |TAMS 0x00000000cdb00000, 0x00000000cdb00000| Untracked 
|  78|0x00000000cdc00000, 0x00000000cdc00000, 0x00000000cdd00000|  0%| F|  |TAMS 0x00000000cdc00000, 0x00000000cdc00000| Untracked 
|  79|0x00000000cdd00000, 0x00000000cdd06430, 0x00000000cde00000|  2%| E|  |TAMS 0x00000000cdd00000, 0x00000000cdd00000| Complete 

Card table byte_map: [0x00000205f0860000,0x00000205f0a20000] _byte_map_base: 0x00000205f0219000

Marking Bits (Prev, Next): (CMBitMap*) 0x00000205eabfbcd0, (CMBitMap*) 0x00000205eabfbd10
 Prev Bits: [0x00000205f0be0000, 0x00000205f19a8000)
 Next Bits: [0x00000205f19b0000, 0x00000205f2778000)

Polling page: 0x00000205e8b90000

Metaspace:

Usage:
  Non-class:     36.78 MB used.
      Class:      5.99 MB used.
       Both:     42.77 MB used.

Virtual space:
  Non-class space:       40.00 MB reserved,      36.94 MB ( 92%) committed,  5 nodes.
      Class space:        1.00 GB reserved,       6.12 MB ( <1%) committed,  1 nodes.
             Both:        1.04 GB reserved,      43.06 MB (  4%) committed. 

Chunk freelists:
   Non-Class:  2.19 MB
       Class:  1.70 MB
        Both:  3.89 MB

MaxMetaspaceSize: unlimited
CompressedClassSpaceSize: 1.00 GB
Initial GC threshold: 21.00 MB
Current GC threshold: 71.69 MB
CDS: off
MetaspaceReclaimPolicy: balanced
 - commit_granule_bytes: 65536.
 - commit_granule_words: 8192.
 - virtual_space_node_default_size: 1048576.
 - enlarge_chunks_in_place: 1.
 - new_chunks_are_fully_committed: 0.
 - uncommit_free_chunks: 1.
 - use_allocation_guard: 0.
 - handle_deallocations: 1.


Internal statistics:

num_allocs_failed_limit: 3.
num_arena_births: 514.
num_arena_deaths: 142.
num_vsnodes_births: 6.
num_vsnodes_deaths: 0.
num_space_committed: 689.
num_space_uncommitted: 0.
num_chunks_returned_to_freelist: 161.
num_chunks_taken_from_freelist: 1904.
num_chunk_merges: 48.
num_chunk_splits: 1281.
num_chunks_enlarged: 980.
num_purges: 18.
num_inconsistent_stats: 0.

CodeCache: size=49152Kb used=11640Kb max_used=12141Kb free=37512Kb
 bounds [0x00000205ed860000, 0x00000205ee440000, 0x00000205f0860000]
 total_blobs=6807 nmethods=6249 adapters=483
 compilation: enabled
              stopped_count=0, restarted_count=0
 full_count=0

Compilation events (20 events):
Event: 3137.080 Thread 0x00000205f4c3ea50 6259       1       org.springframework.ide.vscode.boot.java.BootJavaLanguageServerComponents::getHoverProvider (5 bytes)
Event: 3137.083 Thread 0x00000205f4c3ea50 nmethod 6259 0x00000205ee428c90 code [0x00000205ee428e20, 0x00000205ee428ef8]
Event: 3142.999 Thread 0x00000205f4c3ea50 6260   !   1       java.util.concurrent.CompletableFuture::uniExceptionally (76 bytes)
Event: 3143.032 Thread 0x00000205f4c3ea50 nmethod 6260 0x00000205ee427790 code [0x00000205ee427a40, 0x00000205ee428598]
Event: 3143.032 Thread 0x00000205f4c3ea50 6261       1       org.eclipse.lsp4j.jsonrpc.RemoteEndpoint$$Lambda$488/0x0000000100439f78::apply (16 bytes)
Event: 3143.039 Thread 0x00000205f4c3ea50 nmethod 6261 0x00000205ee427290 code [0x00000205ee427440, 0x00000205ee427648]
Event: 3143.039 Thread 0x00000205f4c3ea50 6262   !   1       org.eclipse.lsp4j.jsonrpc.RemoteEndpoint::lambda$handleRequest$3 (32 bytes)
Event: 3143.039 Thread 0x00000205f4c3ea50 nmethod 6262 0x00000205ee426e10 code [0x00000205ee426fc0, 0x00000205ee427188]
Event: 3180.348 Thread 0x00000205f4c3ea50 6263       1       com.google.gson.TypeAdapter$1::write (22 bytes)
Event: 3180.356 Thread 0x00000205f4c3ea50 nmethod 6263 0x00000205ee426a10 code [0x00000205ee426bc0, 0x00000205ee426cf8]
Event: 3181.580 Thread 0x00000205f4c3ea50 6264       1       org.eclipse.lsp4j.Hover::getContents (5 bytes)
Event: 3181.586 Thread 0x00000205f4c3ea50 nmethod 6264 0x00000205ee426710 code [0x00000205ee4268a0, 0x00000205ee426978]
Event: 3181.586 Thread 0x00000205f4c3ea50 6265       1       org.eclipse.lsp4j.Hover::getRange (5 bytes)
Event: 3181.589 Thread 0x00000205f4c3ea50 nmethod 6265 0x00000205ee426410 code [0x00000205ee4265a0, 0x00000205ee426678]
Event: 3322.503 Thread 0x00000205f4c3ea50 6266       1       java.lang.Runtime::exec (73 bytes)
Event: 3322.531 Thread 0x00000205f4c3ea50 nmethod 6266 0x00000205ee425910 code [0x00000205ee425b20, 0x00000205ee4260b8]
Event: 3322.531 Thread 0x00000205f4c3ea50 6267       1       java.lang.ProcessBuilder::<init> (56 bytes)
Event: 3322.538 Thread 0x00000205f4c3ea50 nmethod 6267 0x00000205ee425410 code [0x00000205ee4255c0, 0x00000205ee4257f8]
Event: 3417.257 Thread 0x00000205f4c3ea50 6268       1       java.util.Properties::getProperty (16 bytes)
Event: 3417.261 Thread 0x00000205f4c3ea50 nmethod 6268 0x00000205ee425110 code [0x00000205ee4252a0, 0x00000205ee4253a8]

GC Heap History (20 events):
Event: 3365.254 GC heap before
{Heap before GC invocations=263 (full 207):
 garbage-first heap   total 81920K, used 24195K [0x00000000c8e00000, 0x0000000100000000)
  region size 1024K, 1 young (1024K), 0 survivors (0K)
 Metaspace       used 43796K, committed 44096K, reserved 1089536K
  class space    used 6137K, committed 6272K, reserved 1048576K
}
Event: 3365.319 GC heap after
{Heap after GC invocations=264 (full 208):
 garbage-first heap   total 81920K, used 24195K [0x00000000c8e00000, 0x0000000100000000)
  region size 1024K, 0 young (0K), 0 survivors (0K)
 Metaspace       used 43796K, committed 44096K, reserved 1089536K
  class space    used 6137K, committed 6272K, reserved 1048576K
}
Event: 3375.823 GC heap before
{Heap before GC invocations=264 (full 208):
 garbage-first heap   total 81920K, used 24195K [0x00000000c8e00000, 0x0000000100000000)
  region size 1024K, 1 young (1024K), 0 survivors (0K)
 Metaspace       used 43796K, committed 44096K, reserved 1089536K
  class space    used 6137K, committed 6272K, reserved 1048576K
}
Event: 3375.880 GC heap after
{Heap after GC invocations=265 (full 209):
 garbage-first heap   total 81920K, used 24195K [0x00000000c8e00000, 0x0000000100000000)
  region size 1024K, 0 young (0K), 0 survivors (0K)
 Metaspace       used 43796K, committed 44096K, reserved 1089536K
  class space    used 6137K, committed 6272K, reserved 1048576K
}
Event: 3386.134 GC heap before
{Heap before GC invocations=265 (full 209):
 garbage-first heap   total 81920K, used 24195K [0x00000000c8e00000, 0x0000000100000000)
  region size 1024K, 1 young (1024K), 0 survivors (0K)
 Metaspace       used 43796K, committed 44096K, reserved 1089536K
  class space    used 6137K, committed 6272K, reserved 1048576K
}
Event: 3386.194 GC heap after
{Heap after GC invocations=266 (full 210):
 garbage-first heap   total 81920K, used 24195K [0x00000000c8e00000, 0x0000000100000000)
  region size 1024K, 0 young (0K), 0 survivors (0K)
 Metaspace       used 43796K, committed 44096K, reserved 1089536K
  class space    used 6137K, committed 6272K, reserved 1048576K
}
Event: 3396.578 GC heap before
{Heap before GC invocations=266 (full 210):
 garbage-first heap   total 81920K, used 24195K [0x00000000c8e00000, 0x0000000100000000)
  region size 1024K, 1 young (1024K), 0 survivors (0K)
 Metaspace       used 43796K, committed 44096K, reserved 1089536K
  class space    used 6137K, committed 6272K, reserved 1048576K
}
Event: 3396.636 GC heap after
{Heap after GC invocations=267 (full 211):
 garbage-first heap   total 81920K, used 24195K [0x00000000c8e00000, 0x0000000100000000)
  region size 1024K, 0 young (0K), 0 survivors (0K)
 Metaspace       used 43796K, committed 44096K, reserved 1089536K
  class space    used 6137K, committed 6272K, reserved 1048576K
}
Event: 3407.181 GC heap before
{Heap before GC invocations=267 (full 211):
 garbage-first heap   total 81920K, used 24195K [0x00000000c8e00000, 0x0000000100000000)
  region size 1024K, 1 young (1024K), 0 survivors (0K)
 Metaspace       used 43796K, committed 44096K, reserved 1089536K
  class space    used 6137K, committed 6272K, reserved 1048576K
}
Event: 3407.242 GC heap after
{Heap after GC invocations=268 (full 212):
 garbage-first heap   total 81920K, used 24195K [0x00000000c8e00000, 0x0000000100000000)
  region size 1024K, 0 young (0K), 0 survivors (0K)
 Metaspace       used 43796K, committed 44096K, reserved 1089536K
  class space    used 6137K, committed 6272K, reserved 1048576K
}
Event: 3417.536 GC heap before
{Heap before GC invocations=268 (full 212):
 garbage-first heap   total 81920K, used 24195K [0x00000000c8e00000, 0x0000000100000000)
  region size 1024K, 1 young (1024K), 0 survivors (0K)
 Metaspace       used 43796K, committed 44096K, reserved 1089536K
  class space    used 6137K, committed 6272K, reserved 1048576K
}
Event: 3417.594 GC heap after
{Heap after GC invocations=269 (full 213):
 garbage-first heap   total 81920K, used 24195K [0x00000000c8e00000, 0x0000000100000000)
  region size 1024K, 0 young (0K), 0 survivors (0K)
 Metaspace       used 43796K, committed 44096K, reserved 1089536K
  class space    used 6137K, committed 6272K, reserved 1048576K
}
Event: 3428.586 GC heap before
{Heap before GC invocations=269 (full 213):
 garbage-first heap   total 81920K, used 24195K [0x00000000c8e00000, 0x0000000100000000)
  region size 1024K, 1 young (1024K), 0 survivors (0K)
 Metaspace       used 43796K, committed 44096K, reserved 1089536K
  class space    used 6137K, committed 6272K, reserved 1048576K
}
Event: 3428.647 GC heap after
{Heap after GC invocations=270 (full 214):
 garbage-first heap   total 81920K, used 24195K [0x00000000c8e00000, 0x0000000100000000)
  region size 1024K, 0 young (0K), 0 survivors (0K)
 Metaspace       used 43796K, committed 44096K, reserved 1089536K
  class space    used 6137K, committed 6272K, reserved 1048576K
}
Event: 3440.024 GC heap before
{Heap before GC invocations=270 (full 214):
 garbage-first heap   total 81920K, used 24195K [0x00000000c8e00000, 0x0000000100000000)
  region size 1024K, 1 young (1024K), 0 survivors (0K)
 Metaspace       used 43796K, committed 44096K, reserved 1089536K
  class space    used 6137K, committed 6272K, reserved 1048576K
}
Event: 3440.088 GC heap after
{Heap after GC invocations=271 (full 215):
 garbage-first heap   total 81920K, used 24195K [0x00000000c8e00000, 0x0000000100000000)
  region size 1024K, 0 young (0K), 0 survivors (0K)
 Metaspace       used 43796K, committed 44096K, reserved 1089536K
  class space    used 6137K, committed 6272K, reserved 1048576K
}
Event: 3450.850 GC heap before
{Heap before GC invocations=271 (full 215):
 garbage-first heap   total 81920K, used 24195K [0x00000000c8e00000, 0x0000000100000000)
  region size 1024K, 1 young (1024K), 0 survivors (0K)
 Metaspace       used 43796K, committed 44096K, reserved 1089536K
  class space    used 6137K, committed 6272K, reserved 1048576K
}
Event: 3450.931 GC heap after
{Heap after GC invocations=272 (full 216):
 garbage-first heap   total 81920K, used 24195K [0x00000000c8e00000, 0x0000000100000000)
  region size 1024K, 0 young (0K), 0 survivors (0K)
 Metaspace       used 43796K, committed 44096K, reserved 1089536K
  class space    used 6137K, committed 6272K, reserved 1048576K
}
Event: 3462.066 GC heap before
{Heap before GC invocations=272 (full 216):
 garbage-first heap   total 81920K, used 24195K [0x00000000c8e00000, 0x0000000100000000)
  region size 1024K, 1 young (1024K), 0 survivors (0K)
 Metaspace       used 43796K, committed 44096K, reserved 1089536K
  class space    used 6137K, committed 6272K, reserved 1048576K
}
Event: 3462.172 GC heap after
{Heap after GC invocations=273 (full 217):
 garbage-first heap   total 81920K, used 24195K [0x00000000c8e00000, 0x0000000100000000)
  region size 1024K, 0 young (0K), 0 survivors (0K)
 Metaspace       used 43796K, committed 44096K, reserved 1089536K
  class space    used 6137K, committed 6272K, reserved 1048576K
}

Deoptimization events (20 events):
Event: 40.115 Thread 0x00000205f637b480 DEOPT PACKING pc=0x00000205edf48164 sp=0x0000004febefebd0
Event: 40.116 Thread 0x00000205f637b480 DEOPT UNPACKING pc=0x00000205ed8b2b43 sp=0x0000004febefe158 mode 0
Event: 40.122 Thread 0x00000205f75b7a60 DEOPT PACKING pc=0x00000205edf48164 sp=0x0000004febbfe7e0
Event: 40.122 Thread 0x00000205f75b7a60 DEOPT UNPACKING pc=0x00000205ed8b2b43 sp=0x0000004febbfdd68 mode 0
Event: 40.180 Thread 0x00000205f637b950 DEOPT PACKING pc=0x00000205edf48164 sp=0x0000004febffed30
Event: 40.180 Thread 0x00000205f637b950 DEOPT UNPACKING pc=0x00000205ed8b2b43 sp=0x0000004febffe2b8 mode 0
Event: 84.149 Thread 0x00000205f761e010 DEOPT PACKING pc=0x00000205edbea952 sp=0x0000004feb9fd2f0
Event: 84.150 Thread 0x00000205f761e010 DEOPT UNPACKING pc=0x00000205ed8b2b43 sp=0x0000004feb9fc7f8 mode 3
Event: 88.169 Thread 0x00000205f761e010 DEOPT PACKING pc=0x00000205ee21de74 sp=0x0000004feb9fdb50
Event: 88.171 Thread 0x00000205f761e010 DEOPT UNPACKING pc=0x00000205ed8b2b43 sp=0x0000004feb9fd048 mode 0
Event: 88.171 Thread 0x00000205f761e010 DEOPT PACKING pc=0x00000205ee1f7074 sp=0x0000004feb9fdc20
Event: 88.171 Thread 0x00000205f761e010 DEOPT UNPACKING pc=0x00000205ed8b2b43 sp=0x0000004feb9fd0f8 mode 0
Event: 88.171 Thread 0x00000205f761e010 DEOPT PACKING pc=0x00000205ee1f22a4 sp=0x0000004feb9fdcd0
Event: 88.171 Thread 0x00000205f761e010 DEOPT UNPACKING pc=0x00000205ed8b2b43 sp=0x0000004feb9fd250 mode 0
Event: 88.173 Thread 0x00000205f761e010 DEOPT PACKING pc=0x00000205ee24da2c sp=0x0000004feb9fdfd0
Event: 88.173 Thread 0x00000205f761e010 DEOPT UNPACKING pc=0x00000205ed8b2b43 sp=0x0000004feb9fd460 mode 0
Event: 89.120 Thread 0x00000205f761e010 DEOPT PACKING pc=0x00000205ee29e455 sp=0x0000004feb9fea70
Event: 89.120 Thread 0x00000205f761e010 DEOPT UNPACKING pc=0x00000205ed8b2b43 sp=0x0000004feb9fdf18 mode 3
Event: 91.339 Thread 0x00000205f72a99d0 DEOPT PACKING pc=0x00000205edd24854 sp=0x0000004feb7febd0
Event: 91.339 Thread 0x00000205f72a99d0 DEOPT UNPACKING pc=0x00000205ed8b2b43 sp=0x0000004feb7fe078 mode 0

Classes unloaded (20 events):
Event: 167.617 Thread 0x00000205f4be3540 Unloading class 0x0000000100635800 'jdk/internal/reflect/GeneratedConstructorAccessor23'
Event: 167.617 Thread 0x00000205f4be3540 Unloading class 0x0000000100635400 'jdk/internal/reflect/GeneratedConstructorAccessor22'
Event: 167.617 Thread 0x00000205f4be3540 Unloading class 0x0000000100635000 'jdk/internal/reflect/GeneratedConstructorAccessor21'
Event: 167.617 Thread 0x00000205f4be3540 Unloading class 0x0000000100634c00 'jdk/internal/reflect/GeneratedConstructorAccessor20'
Event: 167.617 Thread 0x00000205f4be3540 Unloading class 0x0000000100634800 'jdk/internal/reflect/GeneratedConstructorAccessor19'
Event: 167.617 Thread 0x00000205f4be3540 Unloading class 0x0000000100634400 'jdk/internal/reflect/GeneratedConstructorAccessor18'
Event: 167.617 Thread 0x00000205f4be3540 Unloading class 0x00000001005f4000 'jdk/internal/reflect/GeneratedMethodAccessor29'
Event: 952.561 Thread 0x00000205f4be3540 Unloading class 0x000000010049e000 'java/lang/invoke/LambdaForm$MH+0x000000010049e000'
Event: 952.562 Thread 0x00000205f4be3540 Unloading class 0x00000001005f4000 'java/lang/invoke/LambdaForm$MH+0x00000001005f4000'
Event: 952.562 Thread 0x00000205f4be3540 Unloading class 0x0000000100638800 'java/lang/invoke/LambdaForm$MH+0x0000000100638800'
Event: 1496.656 Thread 0x00000205f4be3540 Unloading class 0x000000010035ec00 'java/lang/invoke/LambdaForm$MH+0x000000010035ec00'
Event: 1496.656 Thread 0x00000205f4be3540 Unloading class 0x0000000100205800 'java/lang/invoke/LambdaForm$MH+0x0000000100205800'
Event: 1496.656 Thread 0x00000205f4be3540 Unloading class 0x0000000100638800 'java/lang/invoke/LambdaForm$MH+0x0000000100638800'
Event: 3058.249 Thread 0x00000205f4be3540 Unloading class 0x000000010035d400 'java/lang/invoke/LambdaForm$MH+0x000000010035d400'
Event: 3058.250 Thread 0x00000205f4be3540 Unloading class 0x000000010035d000 'java/lang/invoke/LambdaForm$MH+0x000000010035d000'
Event: 3058.250 Thread 0x00000205f4be3540 Unloading class 0x000000010048cc00 'java/lang/invoke/LambdaForm$MH+0x000000010048cc00'
Event: 3058.250 Thread 0x00000205f4be3540 Unloading class 0x000000010035e000 'java/lang/invoke/LambdaForm$MH+0x000000010035e000'
Event: 3058.250 Thread 0x00000205f4be3540 Unloading class 0x0000000100384400 'java/lang/invoke/LambdaForm$MH+0x0000000100384400'
Event: 3058.250 Thread 0x00000205f4be3540 Unloading class 0x0000000100384000 'java/lang/invoke/LambdaForm$MH+0x0000000100384000'
Event: 3058.251 Thread 0x00000205f4be3540 Unloading class 0x000000010049d400 'java/lang/invoke/LambdaForm$MH+0x000000010049d400'

Classes redefined (0 events):
No events

Internal exceptions (20 events):
Event: 82.419 Thread 0x00000205f7884700 Exception <a 'sun/nio/fs/WindowsException'{0x00000000e658d708}> (0x00000000e658d708) 
thrown [s\src\hotspot\share\prims\jni.cpp, line 516]
Event: 82.419 Thread 0x00000205f7884700 Exception <a 'sun/nio/fs/WindowsException'{0x00000000e658dae8}> (0x00000000e658dae8) 
thrown [s\src\hotspot\share\prims\jni.cpp, line 516]
Event: 82.419 Thread 0x00000205f7884700 Exception <a 'sun/nio/fs/WindowsException'{0x00000000e658e4d8}> (0x00000000e658e4d8) 
thrown [s\src\hotspot\share\prims\jni.cpp, line 516]
Event: 82.419 Thread 0x00000205f7884700 Exception <a 'sun/nio/fs/WindowsException'{0x00000000e658e880}> (0x00000000e658e880) 
thrown [s\src\hotspot\share\prims\jni.cpp, line 516]
Event: 82.419 Thread 0x00000205f7884700 Exception <a 'sun/nio/fs/WindowsException'{0x00000000e658f280}> (0x00000000e658f280) 
thrown [s\src\hotspot\share\prims\jni.cpp, line 516]
Event: 82.419 Thread 0x00000205f7884700 Exception <a 'sun/nio/fs/WindowsException'{0x00000000e658f640}> (0x00000000e658f640) 
thrown [s\src\hotspot\share\prims\jni.cpp, line 516]
Event: 82.420 Thread 0x00000205f7884700 Exception <a 'sun/nio/fs/WindowsException'{0x00000000e6590040}> (0x00000000e6590040) 
thrown [s\src\hotspot\share\prims\jni.cpp, line 516]
Event: 82.420 Thread 0x00000205f7884700 Exception <a 'sun/nio/fs/WindowsException'{0x00000000e65903f0}> (0x00000000e65903f0) 
thrown [s\src\hotspot\share\prims\jni.cpp, line 516]
Event: 82.420 Thread 0x00000205f7884700 Exception <a 'sun/nio/fs/WindowsException'{0x00000000e6590df0}> (0x00000000e6590df0) 
thrown [s\src\hotspot\share\prims\jni.cpp, line 516]
Event: 82.420 Thread 0x00000205f7884700 Exception <a 'sun/nio/fs/WindowsException'{0x00000000e65911b0}> (0x00000000e65911b0) 
thrown [s\src\hotspot\share\prims\jni.cpp, line 516]
Event: 82.420 Thread 0x00000205f7884700 Exception <a 'sun/nio/fs/WindowsException'{0x00000000e6591bd8}> (0x00000000e6591bd8) 
thrown [s\src\hotspot\share\prims\jni.cpp, line 516]
Event: 82.420 Thread 0x00000205f7884700 Exception <a 'sun/nio/fs/WindowsException'{0x00000000e6591fb8}> (0x00000000e6591fb8) 
thrown [s\src\hotspot\share\prims\jni.cpp, line 516]
Event: 82.420 Thread 0x00000205f7884700 Exception <a 'sun/nio/fs/WindowsException'{0x00000000e65929f0}> (0x00000000e65929f0) 
thrown [s\src\hotspot\share\prims\jni.cpp, line 516]
Event: 82.420 Thread 0x00000205f7884700 Exception <a 'sun/nio/fs/WindowsException'{0x00000000e6592de0}> (0x00000000e6592de0) 
thrown [s\src\hotspot\share\prims\jni.cpp, line 516]
Event: 82.420 Thread 0x00000205f7884700 Exception <a 'sun/nio/fs/WindowsException'{0x00000000e6593808}> (0x00000000e6593808) 
thrown [s\src\hotspot\share\prims\jni.cpp, line 516]
Event: 82.420 Thread 0x00000205f7884700 Exception <a 'sun/nio/fs/WindowsException'{0x00000000e6593bf8}> (0x00000000e6593bf8) 
thrown [s\src\hotspot\share\prims\jni.cpp, line 516]
Event: 82.427 Thread 0x00000205f7884700 Exception <a 'java/lang/NoSuchMethodError'{0x00000000e659c1a8}: 'java.lang.Object java.lang.invoke.Invokers$Holder.invoke_MT(java.lang.Object, java.lang.Object, java.lang.Object)'> (0x00000000e659c1a8) 
thrown [s\src\hotspot\share\interpreter\linkResolver.cpp, line 759]
Event: 2835.256 Thread 0x00000205f78816e0 Exception <a 'java/lang/NoSuchMethodError'{0x00000000cdb017b0}: 'java.lang.Object java.lang.invoke.DirectMethodHandle$Holder.invokeSpecial(java.lang.Object, java.lang.Object, int, java.lang.Object, java.lang.Object)'> (0x00000000cdb017b0) 
thrown [s\src\hotspot\share\interpreter\linkResolver.cpp, line 759]
Event: 2835.272 Thread 0x00000205f78816e0 Exception <a 'java/lang/NoSuchMethodError'{0x00000000cdb093f0}: 'java.lang.Object java.lang.invoke.DirectMethodHandle$Holder.newInvokeSpecial(java.lang.Object, java.lang.Object, int, java.lang.Object)'> (0x00000000cdb093f0) 
thrown [s\src\hotspot\share\interpreter\linkResolver.cpp, line 759]
Event: 2835.274 Thread 0x00000205f78816e0 Exception <a 'java/lang/NoSuchMethodError'{0x00000000cdb0cd10}: 'java.lang.Object java.lang.invoke.Invokers$Holder.linkToTargetMethod(java.lang.Object, int, java.lang.Object, java.lang.Object)'> (0x00000000cdb0cd10) 
thrown [s\src\hotspot\share\interpreter\linkResolver.cpp, line 759]

VM Operations (20 events):
Event: 3365.319 Executing VM operation: G1CollectFull done
Event: 3375.822 Executing VM operation: G1CollectFull
Event: 3375.880 Executing VM operation: G1CollectFull done
Event: 3386.134 Executing VM operation: G1CollectFull
Event: 3386.194 Executing VM operation: G1CollectFull done
Event: 3396.577 Executing VM operation: G1CollectFull
Event: 3396.637 Executing VM operation: G1CollectFull done
Event: 3407.181 Executing VM operation: G1CollectFull
Event: 3407.242 Executing VM operation: G1CollectFull done
Event: 3417.536 Executing VM operation: G1CollectFull
Event: 3417.594 Executing VM operation: G1CollectFull done
Event: 3428.585 Executing VM operation: G1CollectFull
Event: 3428.648 Executing VM operation: G1CollectFull done
Event: 3440.023 Executing VM operation: G1CollectFull
Event: 3440.089 Executing VM operation: G1CollectFull done
Event: 3450.849 Executing VM operation: G1CollectFull
Event: 3450.931 Executing VM operation: G1CollectFull done
Event: 3462.061 Executing VM operation: G1CollectFull
Event: 3462.172 Executing VM operation: G1CollectFull done
Event: 3477.612 Executing VM operation: G1CollectFull

Events (20 events):
Event: 2604.271 Thread 0x00000205f7882080 Thread added: 0x00000205f7882080
Event: 2604.275 Thread 0x00000205f7882ef0 Thread added: 0x00000205f7882ef0
Event: 2634.854 loading class java/util/concurrent/CompletableFuture$Signaller
Event: 2634.964 loading class java/util/concurrent/CompletableFuture$Signaller done
Event: 2696.569 Thread 0x00000205f7882ef0 Thread exited: 0x00000205f7882ef0
Event: 2717.011 Thread 0x00000205f7882080 Thread exited: 0x00000205f7882080
Event: 2830.312 Thread 0x00000205f787f060 Thread added: 0x00000205f787f060
Event: 2853.555 Thread 0x00000205f7884700 Thread added: 0x00000205f7884700
Event: 2957.735 Thread 0x00000205f7a3f970 Thread added: 0x00000205f7a3f970
Event: 2966.712 Thread 0x00000205f7a3f970 Thread exited: 0x00000205f7a3f970
Event: 3061.807 Thread 0x00000205f78816e0 Thread exited: 0x00000205f78816e0
Event: 3076.543 Thread 0x00000205f7884700 Thread exited: 0x00000205f7884700
Event: 3076.558 Thread 0x00000205f787f060 Thread exited: 0x00000205f787f060
Event: 3084.703 Thread 0x00000205f787fa00 Thread added: 0x00000205f787fa00
Event: 3085.725 Thread 0x00000205f78816e0 Thread added: 0x00000205f78816e0
Event: 3203.003 Thread 0x00000205f787fa00 Thread exited: 0x00000205f787fa00
Event: 3230.320 Thread 0x00000205f7883890 Thread exited: 0x00000205f7883890
Event: 3238.733 Thread 0x00000205f7882080 Thread added: 0x00000205f7882080
Event: 3298.761 Thread 0x00000205f7882080 Thread exited: 0x00000205f7882080
Event: 3340.774 Thread 0x00000205f78816e0 Thread exited: 0x00000205f78816e0


Dynamic libraries:
0x00007ff623550000 - 0x00007ff62355e000 	c:\Users\nicho\.vscode\extensions\redhat.java-1.12.0-win32-x64\jre\17.0.4.1-win32-x86_64\bin\java.exe
0x00007fff60990000 - 0x00007fff60b88000 	C:\WINDOWS\SYSTEM32\ntdll.dll
0x00007fff5f6c0000 - 0x00007fff5f77f000 	C:\WINDOWS\System32\KERNEL32.DLL
0x00007fff5e4a0000 - 0x00007fff5e772000 	C:\WINDOWS\System32\KERNELBASE.dll
0x00007fff5e3a0000 - 0x00007fff5e4a0000 	C:\WINDOWS\System32\ucrtbase.dll
0x00007fff102d0000 - 0x00007fff102e8000 	c:\Users\nicho\.vscode\extensions\redhat.java-1.12.0-win32-x64\jre\17.0.4.1-win32-x86_64\bin\jli.dll
0x00007fff102b0000 - 0x00007fff102c9000 	c:\Users\nicho\.vscode\extensions\redhat.java-1.12.0-win32-x64\jre\17.0.4.1-win32-x86_64\bin\VCRUNTIME140.dll
0x00007fff60200000 - 0x00007fff6039d000 	C:\WINDOWS\System32\USER32.dll
0x00007fff5e2a0000 - 0x00007fff5e2c2000 	C:\WINDOWS\System32\win32u.dll
0x00007fff608c0000 - 0x00007fff608eb000 	C:\WINDOWS\System32\GDI32.dll
0x00007fff5e840000 - 0x00007fff5e94f000 	C:\WINDOWS\System32\gdi32full.dll
0x00007fff5e300000 - 0x00007fff5e39d000 	C:\WINDOWS\System32\msvcp_win.dll
0x00007fff4b4e0000 - 0x00007fff4b77a000 	C:\WINDOWS\WinSxS\amd64_microsoft.windows.common-controls_6595b64144ccf1df_6.0.19041.1110_none_60b5254171f9507e\COMCTL32.dll
0x00007fff600a0000 - 0x00007fff6013e000 	C:\WINDOWS\System32\msvcrt.dll
0x00007fff5f680000 - 0x00007fff5f6b2000 	C:\WINDOWS\System32\IMM32.DLL
0x00007fff10bd0000 - 0x00007fff10bdc000 	c:\Users\nicho\.vscode\extensions\redhat.java-1.12.0-win32-x64\jre\17.0.4.1-win32-x86_64\bin\vcruntime140_1.dll
0x00007ffee6fe0000 - 0x00007ffee7071000 	c:\Users\nicho\.vscode\extensions\redhat.java-1.12.0-win32-x64\jre\17.0.4.1-win32-x86_64\bin\msvcp140.dll
0x00007ffee6390000 - 0x00007ffee6fd6000 	c:\Users\nicho\.vscode\extensions\redhat.java-1.12.0-win32-x64\jre\17.0.4.1-win32-x86_64\bin\server\jvm.dll
0x00007fff5f780000 - 0x00007fff5f82e000 	C:\WINDOWS\System32\ADVAPI32.dll
0x00007fff5f830000 - 0x00007fff5f8cc000 	C:\WINDOWS\System32\sechost.dll
0x00007fff5eae0000 - 0x00007fff5ec05000 	C:\WINDOWS\System32\RPCRT4.dll
0x00007fff5ea70000 - 0x00007fff5ea78000 	C:\WINDOWS\System32\PSAPI.DLL
0x00007ffef87f0000 - 0x00007ffef87f9000 	C:\WINDOWS\SYSTEM32\WSOCK32.dll
0x00007fff5f610000 - 0x00007fff5f67b000 	C:\WINDOWS\System32\WS2_32.dll
0x00007fff55f10000 - 0x00007fff55f37000 	C:\WINDOWS\SYSTEM32\WINMM.dll
0x00007fff55f00000 - 0x00007fff55f0a000 	C:\WINDOWS\SYSTEM32\VERSION.dll
0x00007fff5bf50000 - 0x00007fff5bf62000 	C:\WINDOWS\SYSTEM32\kernel.appcore.dll
0x00007fff59d40000 - 0x00007fff59d4a000 	c:\Users\nicho\.vscode\extensions\redhat.java-1.12.0-win32-x64\jre\17.0.4.1-win32-x86_64\bin\jimage.dll
0x00007fff4ce90000 - 0x00007fff4d074000 	C:\WINDOWS\SYSTEM32\DBGHELP.DLL
0x00007fff4cc50000 - 0x00007fff4cc7c000 	C:\WINDOWS\SYSTEM32\dbgcore.DLL
0x00007fff5e950000 - 0x00007fff5e9d2000 	C:\WINDOWS\System32\bcryptPrimitives.dll
0x00007fff394b0000 - 0x00007fff394d5000 	c:\Users\nicho\.vscode\extensions\redhat.java-1.12.0-win32-x64\jre\17.0.4.1-win32-x86_64\bin\java.dll
0x00007fff39450000 - 0x00007fff39468000 	c:\Users\nicho\.vscode\extensions\redhat.java-1.12.0-win32-x64\jre\17.0.4.1-win32-x86_64\bin\zip.dll
0x00007fff5ec10000 - 0x00007fff5f353000 	C:\WINDOWS\System32\SHELL32.dll
0x00007fff5c150000 - 0x00007fff5c8e2000 	C:\WINDOWS\SYSTEM32\windows.storage.dll
0x00007fff60560000 - 0x00007fff608b4000 	C:\WINDOWS\System32\combase.dll
0x00007fff5da10000 - 0x00007fff5da40000 	C:\WINDOWS\SYSTEM32\Wldp.dll
0x00007fff60150000 - 0x00007fff601fd000 	C:\WINDOWS\System32\SHCORE.dll
0x00007fff5ea80000 - 0x00007fff5ead5000 	C:\WINDOWS\System32\shlwapi.dll
0x00007fff5dfd0000 - 0x00007fff5dfef000 	C:\WINDOWS\SYSTEM32\profapi.dll
0x00007fff391e0000 - 0x00007fff391f9000 	C:\Users\nicho\.vscode\extensions\redhat.java-1.12.0-win32-x64\jre\17.0.4.1-win32-x86_64\bin\net.dll
0x00007fff4eb10000 - 0x00007fff4ec1c000 	C:\WINDOWS\SYSTEM32\WINHTTP.dll
0x00007fff5d770000 - 0x00007fff5d7da000 	C:\WINDOWS\system32\mswsock.dll
0x00007fff39430000 - 0x00007fff39445000 	C:\Users\nicho\.vscode\extensions\redhat.java-1.12.0-win32-x64\jre\17.0.4.1-win32-x86_64\bin\nio.dll
0x00007fff457f0000 - 0x00007fff45800000 	c:\Users\nicho\.vscode\extensions\redhat.java-1.12.0-win32-x64\jre\17.0.4.1-win32-x86_64\bin\verify.dll
0x00007fff3e500000 - 0x00007fff3e509000 	C:\Users\nicho\.vscode\extensions\redhat.java-1.12.0-win32-x64\jre\17.0.4.1-win32-x86_64\bin\management.dll
0x00007fff20ee0000 - 0x00007fff20eeb000 	C:\Users\nicho\.vscode\extensions\redhat.java-1.12.0-win32-x64\jre\17.0.4.1-win32-x86_64\bin\management_ext.dll
0x00007fff4a420000 - 0x00007fff4a437000 	C:\WINDOWS\system32\napinsp.dll
0x00007fff4a400000 - 0x00007fff4a41b000 	C:\WINDOWS\system32\pnrpnsp.dll
0x00007fff591d0000 - 0x00007fff591e5000 	C:\WINDOWS\system32\wshbth.dll
0x00007fff59a20000 - 0x00007fff59a3d000 	C:\WINDOWS\system32\NLAapi.dll
0x00007fff5d460000 - 0x00007fff5d49b000 	C:\WINDOWS\SYSTEM32\IPHLPAPI.DLL
0x00007fff5d4a0000 - 0x00007fff5d56a000 	C:\WINDOWS\SYSTEM32\DNSAPI.dll
0x00007fff5ea00000 - 0x00007fff5ea08000 	C:\WINDOWS\System32\NSI.dll
0x00007fff4a360000 - 0x00007fff4a372000 	C:\WINDOWS\System32\winrnr.dll
0x00007fff4ea90000 - 0x00007fff4ea9a000 	C:\Windows\System32\rasadhlp.dll
0x00007fff4ed30000 - 0x00007fff4edb0000 	C:\WINDOWS\System32\fwpuclnt.dll
0x00007fff5e2d0000 - 0x00007fff5e2f7000 	C:\WINDOWS\System32\bcrypt.dll
0x00007fff5d960000 - 0x00007fff5d978000 	C:\WINDOWS\SYSTEM32\CRYPTSP.dll
0x00007fff5d090000 - 0x00007fff5d0c4000 	C:\WINDOWS\system32\rsaenh.dll
0x00007fff5df50000 - 0x00007fff5df7e000 	C:\WINDOWS\SYSTEM32\USERENV.dll
0x00007fff5d980000 - 0x00007fff5d98c000 	C:\WINDOWS\SYSTEM32\CRYPTBASE.dll
0x00007fff52fd0000 - 0x00007fff52fe7000 	C:\WINDOWS\SYSTEM32\dhcpcsvc6.DLL
0x00007fff537e0000 - 0x00007fff537fd000 	C:\WINDOWS\SYSTEM32\dhcpcsvc.DLL

dbghelp: loaded successfully - version: 4.0.5 - missing functions: none
symbol engine: initialized successfully - sym options: 0x614 - pdb path: .;c:\Users\nicho\.vscode\extensions\redhat.java-1.12.0-win32-x64\jre\17.0.4.1-win32-x86_64\bin;C:\WINDOWS\SYSTEM32;C:\WINDOWS\WinSxS\amd64_microsoft.windows.common-controls_6595b64144ccf1df_6.0.19041.1110_none_60b5254171f9507e;c:\Users\nicho\.vscode\extensions\redhat.java-1.12.0-win32-x64\jre\17.0.4.1-win32-x86_64\bin\server

VM Arguments:
jvm_args: -Dsts.lsp.client=vscode -Dsts.log.file=/dev/null -XX:TieredStopAtLevel=1 -Xlog:jni+resolve=off -Dspring.config.location=file:c:\Users\nicho\.vscode\extensions\pivotal.vscode-spring-boot-1.40.0\language-server\BOOT-INF\classes\application.properties 
java_command: org.springframework.ide.vscode.boot.app.BootLanguageServerBootApp
java_class_path (initial): c:\Users\nicho\.vscode\extensions\pivotal.vscode-spring-boot-1.40.0\language-server\BOOT-INF\classes;c:\Users\nicho\.vscode\extensions\pivotal.vscode-spring-boot-1.40.0\language-server\BOOT-INF\lib\annotations-23.0.0.jar;c:\Users\nicho\.vscode\extensions\pivotal.vscode-spring-boot-1.40.0\language-server\BOOT-INF\lib\ant-1.10.12.jar;c:\Users\nicho\.vscode\extensions\pivotal.vscode-spring-boot-1.40.0\language-server\BOOT-INF\lib\ant-launcher-1.10.12.jar;c:\Users\nicho\.vscode\extensions\pivotal.vscode-spring-boot-1.40.0\language-server\BOOT-INF\lib\antlr-runtime-3.5.2.jar;c:\Users\nicho\.vscode\extensions\pivotal.vscode-spring-boot-1.40.0\language-server\BOOT-INF\lib\antlr4-4.9.3.jar;c:\Users\nicho\.vscode\extensions\pivotal.vscode-spring-boot-1.40.0\language-server\BOOT-INF\lib\antlr4-runtime-4.9.3.jar;c:\Users\nicho\.vscode\extensions\pivotal.vscode-spring-boot-1.40.0\language-server\BOOT-INF\lib\asm-9.3.jar;c:\Users\nicho\.vscode\extensions\pivotal.vscode-spring-boot-1.40.0\language-server\BOOT-INF\lib\asm-analysis-9.3.jar;c:\Users\nicho\.vscode\extensions\pivotal.vscode-spring-boot-1.40.0\language-server\BOOT-INF\lib\asm-tree-9.3.jar;c:\Users\nicho\.vscode\extensions\pivotal.vscode-spring-boot-1.40.0\language-server\BOOT-INF\lib\asm-util-9.3.jar;c:\Users\nicho\.vscode\extensions\pivotal.vscode-spring-boot-1.40.0\language-server\BOOT-INF\lib\byte-buddy-1.12.13.jar;c:\Users\nicho\.vscode\extensions\pivotal.vscode-spring-boot-1.40.0\language-server\BOOT-INF\lib\caffeine-2.9.3.jar;c:\Users\nicho\.vscode\extensions\pivotal.vscode-spring-boot-1.40.0\language-server\BOOT-INF\lib\checker-qual-3.12.0.jar;c:\Users\nicho\.vscode\extensions\pivotal.vscode-spring-boot-1.40.0\language-server\BOOT-INF\lib\classgraph-4.8.149.jar;c:\Users\nicho\.vscode\extensions\pivotal.vscode-spring-boot-1.40.0\language-server\BOOT-INF\lib\commons-codec-1.15.jar;c:\Users\nicho\.vscode\extensions\pivotal.vscode-spring-boot-1.40.0\language-server\BOOT-INF\lib\commons-c
Launcher Type: SUN_STANDARD

[Global flags]
     intx CICompilerCount                          = 3                                         {product} {ergonomic}
     uint ConcGCThreads                            = 1                                         {product} {ergonomic}
     uint G1ConcRefinementThreads                  = 4                                         {product} {ergonomic}
   size_t G1HeapRegionSize                         = 1048576                                   {product} {ergonomic}
    uintx GCDrainStackTargetSize                   = 64                                        {product} {ergonomic}
   size_t InitialHeapSize                          = 58720256                                  {product} {ergonomic}
   size_t MarkStackSize                            = 4194304                                   {product} {ergonomic}
   size_t MaxHeapSize                              = 924844032                                 {product} {ergonomic}
   size_t MaxNewSize                               = 554696704                                 {product} {ergonomic}
   size_t MinHeapDeltaBytes                        = 1048576                                   {product} {ergonomic}
   size_t MinHeapSize                              = 8388608                                   {product} {ergonomic}
    uintx NonProfiledCodeHeapSize                  = 0                                      {pd product} {ergonomic}
     bool ProfileInterpreter                       = false                                  {pd product} {command line}
    uintx ProfiledCodeHeapSize                     = 0                                      {pd product} {ergonomic}
   size_t SoftMaxHeapSize                          = 924844032                              {manageable} {ergonomic}
     intx TieredStopAtLevel                        = 1                                         {product} {command line}
     bool UseCompressedClassPointers               = true                           {product lp64_product} {ergonomic}
     bool UseCompressedOops                        = true                           {product lp64_product} {ergonomic}
     bool UseG1GC                                  = true                                      {product} {ergonomic}
     bool UseLargePagesIndividualAllocation        = false                                  {pd product} {ergonomic}

Logging:
Log output configuration:
 #0: stdout all=warning,jni+resolve=off uptime,level,tags
 #1: stderr all=off uptime,level,tags

Environment Variables:
PATH=C:\WINDOWS\system32;C:\WINDOWS;C:\WINDOWS\System32\Wbem;C:\WINDOWS\System32\WindowsPowerShell\v1.0\;C:\WINDOWS\System32\OpenSSH\;C:\Program Files\nodejs\;C:\Program Files\Go\bin;C:\Program Files\Git\cmd;C:\Program Files\dotnet\;C:\Program Files\Microsoft SQL Server\150\Tools\Binn\;C:\Program Files\Microsoft SQL Server\Client SDK\ODBC\170\Tools\Binn\;C:\Users\nicho\mongosh-1.6.0-win32-x64\bin\mongosh.exe\;C:\Users\nicho\AppData\Local\Programs\Python\Python39\Scripts\;C:\Users\nicho\AppData\Local\Programs\Python\Python39\;C:\Users\nicho\AppData\Local\Microsoft\WindowsApps;C:\Users\nicho\AppData\Local\GitHubDesktop\bin;C:\Users\nicho\AppData\Local\Programs\Microsoft VS Code\bin;C:\Users\nicho\AppData\Local\Microsoft\WindowsApps;C:\Users\nicho\AppData\Roaming\npm;C:\Users\nicho\go\bin;C:\Users\nicho\.dotnet\tools;C:\Users\nicho\mongosh-1.6.0-win32-x64\bin\mongosh.exe\;C:\Program Files\CodeBlocks\MinGW\bin;C:\Users\nicho\AppData\Local\Packages\PythonSoftwareFoundation.Python.3.9_qbz5n2kfra8p0\LocalCache\local-packages\Python39\Scripts;
USERNAME=nicho
OS=Windows_NT
PROCESSOR_IDENTIFIER=AMD64 Family 23 Model 24 Stepping 1, AuthenticAMD
TMP=C:\Users\nicho\AppData\Local\Temp
TEMP=C:\Users\nicho\AppData\Local\Temp



---------------  S Y S T E M  ---------------

OS:
 Windows 10 , 64 bit Build 19041 (10.0.19041.2251)
OS uptime: 1 days 1:10 hours

CPU: total 4 (initial active 4) (4 cores per cpu, 2 threads per core) family 23 model 24 stepping 1 microcode 0x0, cx8, cmov, fxsr, ht, mmx, 3dnowpref, sse, sse2, sse3, ssse3, sse4a, sse4.1, sse4.2, popcnt, lzcnt, tsc, tscinvbit, avx, avx2, aes, clmul, bmi1, bmi2, adx, sha, fma, vzeroupper, clflush, clflushopt

Memory: 4k page, system-wide physical 3522M (254M free)
TotalPageFile size 14274M (AvailPageFile size 85M)
current process WorkingSet (physical memory assigned to process): 17M, peak: 385M
current process commit charge ("private bytes"): 215M, peak: 660M

vm_info: OpenJDK 64-Bit Server VM (17.0.4.1+1) for windows-amd64 JRE (17.0.4.1+1), built on Aug 17 2022 07:42:43 by "temurin" with MS VC++ 16.7 (VS2019)

END.
