#
# There is insufficient memory for the Java Runtime Environment to continue.
# Native memory allocation (mmap) failed to map 109051904 bytes for G1 virtual space
# Possible reasons:
#   The system is out of physical RAM or swap space
#   The process is running with CompressedOops enabled, and the Java Heap may be blocking the growth of the native heap
# Possible solutions:
#   Reduce memory load on the system
#   Increase physical memory or swap space
#   Check if swap backing store is full
#   Decrease Java heap size (-Xmx/-Xms)
#   Decrease number of Java threads
#   Decrease Java thread stack sizes (-Xss)
#   Set larger code cache with -XX:ReservedCodeCacheSize=
#   JVM is running with Unscaled Compressed Oops mode in which the Java heap is
#     placed in the first 4GB address space. The Java Heap base address is the
#     maximum limit for the native heap growth. Please use -XX:HeapBaseMinAddress
#     to set the Java Heap base and to place the Java Heap above 4GB virtual address.
# This output file may be truncated or incomplete.
#
#  Out of Memory Error (os_windows.cpp:3541), pid=7860, tid=4224
#
# JRE version: OpenJDK Runtime Environment Temurin-17.0.4.1+1 (17.0.4.1+1) (build 17.0.4.1+1)
# Java VM: OpenJDK 64-Bit Server VM Temurin-17.0.4.1+1 (17.0.4.1+1, mixed mode, emulated-client, tiered, compressed oops, compressed class ptrs, g1 gc, windows-amd64)
# No core dump will be written. Minidumps are not enabled by default on client versions of Windows
#

---------------  S U M M A R Y ------------

Command Line: -Dsts.lsp.client=vscode -Dsts.log.file=/dev/null -XX:TieredStopAtLevel=1 -Xlog:jni+resolve=off -Dspring.config.location=file:c:\Users\nicho\.vscode\extensions\pivotal.vscode-spring-boot-1.40.0\language-server\BOOT-INF\classes\application.properties org.springframework.ide.vscode.boot.app.BootLanguageServerBootApp

Host: AMD Ryzen 3 3200U with Radeon Vega Mobile Gfx  , 4 cores, 3G,  Windows 10 , 64 bit Build 19041 (10.0.19041.2251)
Time: Mon Nov 28 19:54:48 2022 Haiti Standard Time elapsed time: 15.645208 seconds (0d 0h 0m 15s)

---------------  T H R E A D  ---------------

Current thread (0x00000253a3ea4e80):  VMThread "VM Thread" [stack: 0x000000d1da600000,0x000000d1da700000] [id=4224]

Stack: [0x000000d1da600000,0x000000d1da700000]
Native frames: (J=compiled Java code, j=interpreted, Vv=VM code, C=native code)
V  [jvm.dll+0x67731a]
V  [jvm.dll+0x832284]
V  [jvm.dll+0x833a2e]
V  [jvm.dll+0x834093]
V  [jvm.dll+0x245775]
V  [jvm.dll+0x674209]
V  [jvm.dll+0x668a92]
V  [jvm.dll+0x30471b]
V  [jvm.dll+0x30bc66]
V  [jvm.dll+0x35ba9e]
V  [jvm.dll+0x35bccf]
V  [jvm.dll+0x2db5b8]
V  [jvm.dll+0x2d986c]
V  [jvm.dll+0x2d8e3c]
V  [jvm.dll+0x31cd9b]
V  [jvm.dll+0x83853b]
V  [jvm.dll+0x839274]
V  [jvm.dll+0x83978c]
V  [jvm.dll+0x839b64]
V  [jvm.dll+0x839c30]
V  [jvm.dll+0x7e240a]
V  [jvm.dll+0x6761a5]
C  [ucrtbase.dll+0x21bb2]
C  [KERNEL32.DLL+0x174b4]
C  [ntdll.dll+0x526a1]

VM_Operation (0x000000d1dc9fe2f0): G1CollectForAllocation, mode: safepoint, requested by thread 0x00000253a69b5750


---------------  P R O C E S S  ---------------

Threads class SMR info:
_java_thread_list=0x00000253a6a9aca0, length=37, elements={
0x00000253a3eca760, 0x00000253a3ecbff0, 0x00000253a3f08130, 0x00000253a3f0aeb0,
0x00000253a3f0e020, 0x00000253a3f2e9e0, 0x00000253a3f30360, 0x00000253a3f30c60,
0x00000253a4ac7890, 0x00000253a4ace7b0, 0x00000253a5476790, 0x00000253a6525660,
0x00000253a66f2b10, 0x00000253a66f2fe0, 0x0000025397f03610, 0x00000253a6746200,
0x00000253a635a440, 0x00000253a635a910, 0x00000253a6804de0, 0x00000253a68203b0,
0x00000253a681e3f0, 0x00000253a681e8c0, 0x00000253a681ed90, 0x00000253a681f260,
0x00000253a681f730, 0x00000253a681fc00, 0x00000253a69b1d90, 0x00000253a69b2260,
0x00000253a69ae8a0, 0x00000253a69b0f20, 0x00000253a69b00b0, 0x00000253a69b5750,
0x00000253a69b2730, 0x00000253a69b5c20, 0x00000253a69b0a50, 0x00000253a69b3f40,
0x00000253a69b3a70
}

Java Threads: ( => current thread )
  0x00000253a3eca760 JavaThread "Reference Handler" daemon [_thread_blocked, id=3652, stack(0x000000d1da700000,0x000000d1da800000)]
  0x00000253a3ecbff0 JavaThread "Finalizer" daemon [_thread_blocked, id=10344, stack(0x000000d1da800000,0x000000d1da900000)]
  0x00000253a3f08130 JavaThread "Signal Dispatcher" daemon [_thread_blocked, id=13392, stack(0x000000d1da900000,0x000000d1daa00000)]
  0x00000253a3f0aeb0 JavaThread "Attach Listener" daemon [_thread_blocked, id=12928, stack(0x000000d1daa00000,0x000000d1dab00000)]
  0x00000253a3f0e020 JavaThread "Service Thread" daemon [_thread_blocked, id=8392, stack(0x000000d1dab00000,0x000000d1dac00000)]
  0x00000253a3f2e9e0 JavaThread "Monitor Deflation Thread" daemon [_thread_blocked, id=7112, stack(0x000000d1dac00000,0x000000d1dad00000)]
  0x00000253a3f30360 JavaThread "C1 CompilerThread0" daemon [_thread_blocked, id=14596, stack(0x000000d1dad00000,0x000000d1dae00000)]
  0x00000253a3f30c60 JavaThread "Sweeper thread" daemon [_thread_blocked, id=13036, stack(0x000000d1dae00000,0x000000d1daf00000)]
  0x00000253a4ac7890 JavaThread "Notification Thread" daemon [_thread_blocked, id=7608, stack(0x000000d1daf00000,0x000000d1db000000)]
  0x00000253a4ace7b0 JavaThread "Common-Cleaner" daemon [_thread_blocked, id=13724, stack(0x000000d1db100000,0x000000d1db200000)]
  0x00000253a5476790 JavaThread "C1 CompilerThread1" daemon [_thread_blocked, id=11108, stack(0x000000d1db500000,0x000000d1db600000)]
  0x00000253a6525660 JavaThread "boundedElastic-evictor-1" daemon [_thread_blocked, id=6680, stack(0x000000d1db600000,0x000000d1db700000)]
  0x00000253a66f2b10 JavaThread "pool-9-thread-1" [_thread_blocked, id=15216, stack(0x000000d1db700000,0x000000d1db800000)]
  0x00000253a66f2fe0 JavaThread "LanguageServerApp-lifecycle" [_thread_blocked, id=15236, stack(0x000000d1db800000,0x000000d1db900000)]
  0x0000025397f03610 JavaThread "DestroyJavaVM" [_thread_blocked, id=4932, stack(0x000000d1da000000,0x000000d1da100000)]
  0x00000253a6746200 JavaThread "pool-10-thread-1" [_thread_in_native, id=8188, stack(0x000000d1db900000,0x000000d1dba00000)]
  0x00000253a635a440 JavaThread "Simple-Language-Server main thread" daemon [_thread_blocked, id=14808, stack(0x000000d1dba00000,0x000000d1dbb00000)]
  0x00000253a635a910 JavaThread "ForkJoinPool.commonPool-worker-1" daemon [_thread_blocked, id=12396, stack(0x000000d1dbb00000,0x000000d1dbc00000)]
  0x00000253a6804de0 JavaThread "pool-7-thread-1" [_thread_blocked, id=4384, stack(0x000000d1dbc00000,0x000000d1dbd00000)]
  0x00000253a68203b0 JavaThread "parallel-1" daemon [_thread_blocked, id=7648, stack(0x000000d1dbd00000,0x000000d1dbe00000)]
  0x00000253a681e3f0 JavaThread "parallel-2" daemon [_thread_blocked, id=13028, stack(0x000000d1dbe00000,0x000000d1dbf00000)]
  0x00000253a681e8c0 JavaThread "parallel-3" daemon [_thread_blocked, id=5148, stack(0x000000d1dbf00000,0x000000d1dc000000)]
  0x00000253a681ed90 JavaThread "parallel-4" daemon [_thread_blocked, id=8964, stack(0x000000d1dc000000,0x000000d1dc100000)]
  0x00000253a681f260 JavaThread "Reconciler-1" daemon [_thread_blocked, id=5488, stack(0x000000d1dc100000,0x000000d1dc200000)]
  0x00000253a681f730 JavaThread "pool-4-thread-1" [_thread_blocked, id=13084, stack(0x000000d1dc200000,0x000000d1dc300000)]
  0x00000253a681fc00 JavaThread "ForkJoinPool.commonPool-worker-2" daemon [_thread_blocked, id=3368, stack(0x000000d1dc300000,0x000000d1dc400000)]
  0x00000253a69b1d90 JavaThread "ClassGraph-worker-0" daemon [_thread_blocked, id=7700, stack(0x000000d1dc400000,0x000000d1dc500000)]
  0x00000253a69b2260 JavaThread "pool-4-thread-2" [_thread_blocked, id=6636, stack(0x000000d1dc500000,0x000000d1dc600000)]
  0x00000253a69ae8a0 JavaThread "ClassGraph-worker-1" daemon [_thread_blocked, id=12444, stack(0x000000d1dc600000,0x000000d1dc700000)]
  0x00000253a69b0f20 JavaThread "ClassGraph-worker-2" daemon [_thread_blocked, id=15040, stack(0x000000d1dc700000,0x000000d1dc800000)]
  0x00000253a69b00b0 JavaThread "ClassGraph-worker-3" daemon [_thread_blocked, id=14792, stack(0x000000d1dc800000,0x000000d1dc900000)]
  0x00000253a69b5750 JavaThread "ClassGraph-worker-4" daemon [_thread_blocked, id=14484, stack(0x000000d1dc900000,0x000000d1dca00000)]
  0x00000253a69b2730 JavaThread "ClassGraph-worker-5" daemon [_thread_blocked, id=15328, stack(0x000000d1dca00000,0x000000d1dcb00000)]
  0x00000253a69b5c20 JavaThread "ClassGraph-worker-6" daemon [_thread_blocked, id=12892, stack(0x000000d1dcb00000,0x000000d1dcc00000)]
  0x00000253a69b0a50 JavaThread "ClassGraph-worker-7" daemon [_thread_blocked, id=13120, stack(0x000000d1dcc00000,0x000000d1dcd00000)]
  0x00000253a69b3f40 JavaThread "pool-5-thread-1" [_thread_blocked, id=6820, stack(0x000000d1dce00000,0x000000d1dcf00000)]
  0x00000253a69b3a70 JavaThread "Project-Reconciler-1" daemon [_thread_blocked, id=1500, stack(0x000000d1dcf00000,0x000000d1dd000000)]

Other Threads:
=>0x00000253a3ea4e80 VMThread "VM Thread" [stack: 0x000000d1da600000,0x000000d1da700000] [id=4224]
  0x00000253a4ac7d60 WatcherThread [stack: 0x000000d1db000000,0x000000d1db100000] [id=11840]
  0x0000025397f3b9b0 GCTaskThread "GC Thread#0" [stack: 0x000000d1da100000,0x000000d1da200000] [id=652]
  0x00000253a52c7750 GCTaskThread "GC Thread#1" [stack: 0x000000d1db200000,0x000000d1db300000] [id=11756]
  0x00000253a52e3740 GCTaskThread "GC Thread#2" [stack: 0x000000d1db300000,0x000000d1db400000] [id=14716]
  0x00000253a5433020 GCTaskThread "GC Thread#3" [stack: 0x000000d1db400000,0x000000d1db500000] [id=12844]
  0x0000025397f44740 ConcurrentGCThread "G1 Main Marker" [stack: 0x000000d1da200000,0x000000d1da300000] [id=14304]
  0x0000025397f45150 ConcurrentGCThread "G1 Conc#0" [stack: 0x000000d1da300000,0x000000d1da400000] [id=13528]
  0x0000025397f845c0 ConcurrentGCThread "G1 Refine#0" [stack: 0x000000d1da400000,0x000000d1da500000] [id=11656]
  0x00000253a8430c10 ConcurrentGCThread "G1 Refine#1" [stack: 0x000000d1dcd00000,0x000000d1dce00000] [id=9984]
  0x0000025397f84fe0 ConcurrentGCThread "G1 Service" [stack: 0x000000d1da500000,0x000000d1da600000] [id=224]

Threads with active compile tasks:
C1 CompilerThread0    15707 5149   !   1       org.eclipse.jdt.internal.compiler.lookup.Scope::getBinding (1395 bytes)

VM state: at safepoint (normal execution)

VM Mutex/Monitor currently owned by a thread:  ([mutex/lock_event])
[0x0000025397de6f20] Threads_lock - owner thread: 0x00000253a3ea4e80
[0x0000025397f00210] Heap_lock - owner thread: 0x00000253a69b5750

Heap address: 0x00000000c8e00000, size: 882 MB, Compressed Oops mode: 32-bit

CDS archive(s) not mapped
Compressed class space mapped at: 0x0000000100000000-0x0000000140000000, reserved size: 1073741824
Narrow klass base: 0x0000000000000000, Narrow klass shift: 3, Narrow klass range: 0x140000000

GC Precious Log:
 CPUs: 4 total, 4 available
 Memory: 3522M
 Large Page Support: Disabled
 NUMA Support: Disabled
 Compressed Oops: Enabled (32-bit)
 Heap Region Size: 1M
 Heap Min Capacity: 8M
 Heap Initial Capacity: 56M
 Heap Max Capacity: 882M
 Pre-touch: Disabled
 Parallel Workers: 4
 Concurrent Workers: 1
 Concurrent Refinement Workers: 4
 Periodic GC: Disabled

Heap:
 garbage-first heap   total 243712K, used 110728K [0x00000000c8e00000, 0x0000000100000000)
  region size 1024K, 13 young (13312K), 13 survivors (13312K)
 Metaspace       used 46346K, committed 46720K, reserved 1097728K
  class space    used 5702K, committed 5888K, reserved 1048576K

Heap Regions: E=young(eden), S=young(survivor), O=old, HS=humongous(starts), HC=humongous(continues), CS=collection set, F=free, OA=open archive, CA=closed archive, TAMS=top-at-mark-start (previous, next)
|   0|0x00000000c8e00000, 0x00000000c8f00000, 0x00000000c8f00000|100%| O|  |TAMS 0x00000000c8f00000, 0x00000000c8e00000| Untracked 
|   1|0x00000000c8f00000, 0x00000000c9000000, 0x00000000c9000000|100%| O|  |TAMS 0x00000000c9000000, 0x00000000c8f00000| Untracked 
|   2|0x00000000c9000000, 0x00000000c9100000, 0x00000000c9100000|100%| O|  |TAMS 0x00000000c9100000, 0x00000000c9000000| Untracked 
|   3|0x00000000c9100000, 0x00000000c9200000, 0x00000000c9200000|100%| O|  |TAMS 0x00000000c9200000, 0x00000000c9100000| Untracked 
|   4|0x00000000c9200000, 0x00000000c9300000, 0x00000000c9300000|100%| O|  |TAMS 0x00000000c9300000, 0x00000000c9200000| Untracked 
|   5|0x00000000c9300000, 0x00000000c9400000, 0x00000000c9400000|100%| O|  |TAMS 0x00000000c9400000, 0x00000000c9300000| Untracked 
|   6|0x00000000c9400000, 0x00000000c9500000, 0x00000000c9500000|100%| O|  |TAMS 0x00000000c9500000, 0x00000000c9400000| Untracked 
|   7|0x00000000c9500000, 0x00000000c9600000, 0x00000000c9600000|100%| O|  |TAMS 0x00000000c9600000, 0x00000000c9500000| Untracked 
|   8|0x00000000c9600000, 0x00000000c9700000, 0x00000000c9700000|100%| O|  |TAMS 0x00000000c9700000, 0x00000000c9600000| Untracked 
|   9|0x00000000c9700000, 0x00000000c97e0a00, 0x00000000c9800000| 87%| O|  |TAMS 0x00000000c97e0a00, 0x00000000c9700000| Untracked 
|  10|0x00000000c9800000, 0x00000000c9900000, 0x00000000c9900000|100%| O|  |TAMS 0x00000000c9900000, 0x00000000c9800000| Untracked 
|  11|0x00000000c9900000, 0x00000000c9a00000, 0x00000000c9a00000|100%| O|  |TAMS 0x00000000c9a00000, 0x00000000c9900000| Untracked 
|  12|0x00000000c9a00000, 0x00000000c9b00000, 0x00000000c9b00000|100%| O|  |TAMS 0x00000000c9b00000, 0x00000000c9a00000| Untracked 
|  13|0x00000000c9b00000, 0x00000000c9c00000, 0x00000000c9c00000|100%| O|  |TAMS 0x00000000c9c00000, 0x00000000c9b00000| Untracked 
|  14|0x00000000c9c00000, 0x00000000c9d00000, 0x00000000c9d00000|100%| O|  |TAMS 0x00000000c9d00000, 0x00000000c9c00000| Untracked 
|  15|0x00000000c9d00000, 0x00000000c9e00000, 0x00000000c9e00000|100%| O|  |TAMS 0x00000000c9e00000, 0x00000000c9d00000| Untracked 
|  16|0x00000000c9e00000, 0x00000000c9f00000, 0x00000000c9f00000|100%| O|  |TAMS 0x00000000c9f00000, 0x00000000c9e00000| Untracked 
|  17|0x00000000c9f00000, 0x00000000ca000000, 0x00000000ca000000|100%| O|  |TAMS 0x00000000ca000000, 0x00000000c9f00000| Untracked 
|  18|0x00000000ca000000, 0x00000000ca100000, 0x00000000ca100000|100%| O|  |TAMS 0x00000000ca100000, 0x00000000ca000000| Untracked 
|  19|0x00000000ca100000, 0x00000000ca200000, 0x00000000ca200000|100%| O|  |TAMS 0x00000000ca200000, 0x00000000ca100000| Untracked 
|  20|0x00000000ca200000, 0x00000000ca300000, 0x00000000ca300000|100%| O|  |TAMS 0x00000000ca300000, 0x00000000ca200000| Untracked 
|  21|0x00000000ca300000, 0x00000000ca400000, 0x00000000ca400000|100%| O|  |TAMS 0x00000000ca400000, 0x00000000ca300000| Untracked 
|  22|0x00000000ca400000, 0x00000000ca500000, 0x00000000ca500000|100%| O|  |TAMS 0x00000000ca500000, 0x00000000ca400000| Untracked 
|  23|0x00000000ca500000, 0x00000000ca600000, 0x00000000ca600000|100%| O|  |TAMS 0x00000000ca600000, 0x00000000ca500000| Untracked 
|  24|0x00000000ca600000, 0x00000000ca700000, 0x00000000ca700000|100%| O|  |TAMS 0x00000000ca700000, 0x00000000ca600000| Untracked 
|  25|0x00000000ca700000, 0x00000000ca800000, 0x00000000ca800000|100%| O|  |TAMS 0x00000000ca800000, 0x00000000ca700000| Untracked 
|  26|0x00000000ca800000, 0x00000000ca900000, 0x00000000ca900000|100%| O|  |TAMS 0x00000000ca900000, 0x00000000ca800000| Untracked 
|  27|0x00000000ca900000, 0x00000000caa00000, 0x00000000caa00000|100%| O|  |TAMS 0x00000000caa00000, 0x00000000ca900000| Untracked 
|  28|0x00000000caa00000, 0x00000000cab00000, 0x00000000cab00000|100%| O|  |TAMS 0x00000000cab00000, 0x00000000caa00000| Untracked 
|  29|0x00000000cab00000, 0x00000000cac00000, 0x00000000cac00000|100%| O|  |TAMS 0x00000000cac00000, 0x00000000cab00000| Untracked 
|  30|0x00000000cac00000, 0x00000000cad00000, 0x00000000cad00000|100%| O|  |TAMS 0x00000000cad00000, 0x00000000cac00000| Untracked 
|  31|0x00000000cad00000, 0x00000000cae00000, 0x00000000cae00000|100%| O|  |TAMS 0x00000000cae00000, 0x00000000cad00000| Untracked 
|  32|0x00000000cae00000, 0x00000000caf00000, 0x00000000caf00000|100%| O|  |TAMS 0x00000000caf00000, 0x00000000cae00000| Untracked 
|  33|0x00000000caf00000, 0x00000000cb000000, 0x00000000cb000000|100%| O|  |TAMS 0x00000000cb000000, 0x00000000caf00000| Untracked 
|  34|0x00000000cb000000, 0x00000000cb100000, 0x00000000cb100000|100%| O|  |TAMS 0x00000000cb100000, 0x00000000cb000000| Untracked 
|  35|0x00000000cb100000, 0x00000000cb200000, 0x00000000cb200000|100%| O|  |TAMS 0x00000000cb200000, 0x00000000cb100000| Untracked 
|  36|0x00000000cb200000, 0x00000000cb300000, 0x00000000cb300000|100%| O|  |TAMS 0x00000000cb300000, 0x00000000cb200000| Untracked 
|  37|0x00000000cb300000, 0x00000000cb400000, 0x00000000cb400000|100%| O|  |TAMS 0x00000000cb400000, 0x00000000cb300000| Untracked 
|  38|0x00000000cb400000, 0x00000000cb500000, 0x00000000cb500000|100%| O|  |TAMS 0x00000000cb500000, 0x00000000cb400000| Untracked 
|  39|0x00000000cb500000, 0x00000000cb600000, 0x00000000cb600000|100%| O|  |TAMS 0x00000000cb600000, 0x00000000cb500000| Untracked 
|  40|0x00000000cb600000, 0x00000000cb700000, 0x00000000cb700000|100%| O|  |TAMS 0x00000000cb700000, 0x00000000cb600000| Untracked 
|  41|0x00000000cb700000, 0x00000000cb800000, 0x00000000cb800000|100%| O|  |TAMS 0x00000000cb800000, 0x00000000cb700000| Untracked 
|  42|0x00000000cb800000, 0x00000000cb900000, 0x00000000cb900000|100%| O|  |TAMS 0x00000000cb900000, 0x00000000cb800000| Untracked 
|  43|0x00000000cb900000, 0x00000000cba00000, 0x00000000cba00000|100%| O|  |TAMS 0x00000000cba00000, 0x00000000cb900000| Untracked 
|  44|0x00000000cba00000, 0x00000000cbb00000, 0x00000000cbb00000|100%| O|  |TAMS 0x00000000cba00000, 0x00000000cba00000| Untracked 
|  45|0x00000000cbb00000, 0x00000000cbc00000, 0x00000000cbc00000|100%| O|  |TAMS 0x00000000cbc00000, 0x00000000cbb00000| Untracked 
|  46|0x00000000cbc00000, 0x00000000cbd00000, 0x00000000cbd00000|100%| O|  |TAMS 0x00000000cbd00000, 0x00000000cbc00000| Untracked 
|  47|0x00000000cbd00000, 0x00000000cbe00000, 0x00000000cbe00000|100%| O|  |TAMS 0x00000000cbe00000, 0x00000000cbd00000| Untracked 
|  48|0x00000000cbe00000, 0x00000000cbf00000, 0x00000000cbf00000|100%| O|  |TAMS 0x00000000cbf00000, 0x00000000cbe00000| Untracked 
|  49|0x00000000cbf00000, 0x00000000cc000000, 0x00000000cc000000|100%| O|  |TAMS 0x00000000cc000000, 0x00000000cbf00000| Untracked 
|  50|0x00000000cc000000, 0x00000000cc100000, 0x00000000cc100000|100%| O|  |TAMS 0x00000000cc000000, 0x00000000cc000000| Untracked 
|  51|0x00000000cc100000, 0x00000000cc200000, 0x00000000cc200000|100%| O|  |TAMS 0x00000000cc100000, 0x00000000cc100000| Untracked 
|  52|0x00000000cc200000, 0x00000000cc300000, 0x00000000cc300000|100%| O|  |TAMS 0x00000000cc300000, 0x00000000cc200000| Untracked 
|  53|0x00000000cc300000, 0x00000000cc400000, 0x00000000cc400000|100%| O|  |TAMS 0x00000000cc400000, 0x00000000cc300000| Untracked 
|  54|0x00000000cc400000, 0x00000000cc500000, 0x00000000cc500000|100%| O|  |TAMS 0x00000000cc500000, 0x00000000cc400000| Untracked 
|  55|0x00000000cc500000, 0x00000000cc600000, 0x00000000cc600000|100%| O|  |TAMS 0x00000000cc600000, 0x00000000cc500000| Untracked 
|  56|0x00000000cc600000, 0x00000000cc700000, 0x00000000cc700000|100%| O|  |TAMS 0x00000000cc700000, 0x00000000cc600000| Untracked 
|  57|0x00000000cc700000, 0x00000000cc800000, 0x00000000cc800000|100%| O|  |TAMS 0x00000000cc7a5a00, 0x00000000cc700000| Untracked 
|  58|0x00000000cc800000, 0x00000000cc900000, 0x00000000cc900000|100%| O|  |TAMS 0x00000000cc800000, 0x00000000cc800000| Untracked 
|  59|0x00000000cc900000, 0x00000000cca00000, 0x00000000cca00000|100%| O|  |TAMS 0x00000000cc900000, 0x00000000cc900000| Untracked 
|  60|0x00000000cca00000, 0x00000000ccb00000, 0x00000000ccb00000|100%| O|  |TAMS 0x00000000cca00000, 0x00000000cca00000| Untracked 
|  61|0x00000000ccb00000, 0x00000000ccc00000, 0x00000000ccc00000|100%| O|  |TAMS 0x00000000ccb00000, 0x00000000ccb00000| Untracked 
|  62|0x00000000ccc00000, 0x00000000ccd00000, 0x00000000ccd00000|100%| O|  |TAMS 0x00000000ccc00000, 0x00000000ccc00000| Untracked 
|  63|0x00000000ccd00000, 0x00000000cce00000, 0x00000000cce00000|100%|HS|  |TAMS 0x00000000ccd00000, 0x00000000ccd00000| Complete 
|  64|0x00000000cce00000, 0x00000000ccf00000, 0x00000000ccf00000|100%| O|  |TAMS 0x00000000cce00000, 0x00000000cce00000| Untracked 
|  65|0x00000000ccf00000, 0x00000000cd000000, 0x00000000cd000000|100%| O|  |TAMS 0x00000000ccf00000, 0x00000000ccf00000| Untracked 
|  66|0x00000000cd000000, 0x00000000cd100000, 0x00000000cd100000|100%| O|  |TAMS 0x00000000cd000000, 0x00000000cd000000| Untracked 
|  67|0x00000000cd100000, 0x00000000cd200000, 0x00000000cd200000|100%| O|  |TAMS 0x00000000cd100000, 0x00000000cd100000| Untracked 
|  68|0x00000000cd200000, 0x00000000cd300000, 0x00000000cd300000|100%| O|  |TAMS 0x00000000cd200000, 0x00000000cd200000| Untracked 
|  69|0x00000000cd300000, 0x00000000cd400000, 0x00000000cd400000|100%| O|  |TAMS 0x00000000cd300000, 0x00000000cd300000| Untracked 
|  70|0x00000000cd400000, 0x00000000cd500000, 0x00000000cd500000|100%| O|  |TAMS 0x00000000cd400000, 0x00000000cd400000| Untracked 
|  71|0x00000000cd500000, 0x00000000cd600000, 0x00000000cd600000|100%| O|  |TAMS 0x00000000cd500000, 0x00000000cd500000| Untracked 
|  72|0x00000000cd600000, 0x00000000cd700000, 0x00000000cd700000|100%| O|  |TAMS 0x00000000cd600000, 0x00000000cd600000| Untracked 
|  73|0x00000000cd700000, 0x00000000cd800000, 0x00000000cd800000|100%| O|  |TAMS 0x00000000cd700000, 0x00000000cd700000| Untracked 
|  74|0x00000000cd800000, 0x00000000cd900000, 0x00000000cd900000|100%| O|  |TAMS 0x00000000cd800000, 0x00000000cd800000| Untracked 
|  75|0x00000000cd900000, 0x00000000cda00000, 0x00000000cda00000|100%| O|  |TAMS 0x00000000cd900000, 0x00000000cd900000| Untracked 
|  76|0x00000000cda00000, 0x00000000cdb00000, 0x00000000cdb00000|100%| O|  |TAMS 0x00000000cda00000, 0x00000000cda00000| Untracked 
|  77|0x00000000cdb00000, 0x00000000cdc00000, 0x00000000cdc00000|100%| O|  |TAMS 0x00000000cdb00000, 0x00000000cdb00000| Untracked 
|  78|0x00000000cdc00000, 0x00000000cdd00000, 0x00000000cdd00000|100%| O|  |TAMS 0x00000000cdc00000, 0x00000000cdc00000| Untracked 
|  79|0x00000000cdd00000, 0x00000000cde00000, 0x00000000cde00000|100%| O|  |TAMS 0x00000000cdd00000, 0x00000000cdd00000| Untracked 
|  80|0x00000000cde00000, 0x00000000cdf00000, 0x00000000cdf00000|100%| O|  |TAMS 0x00000000cde00000, 0x00000000cde00000| Untracked 
|  81|0x00000000cdf00000, 0x00000000ce000000, 0x00000000ce000000|100%| O|  |TAMS 0x00000000cdf00000, 0x00000000cdf00000| Untracked 
|  82|0x00000000ce000000, 0x00000000ce100000, 0x00000000ce100000|100%| O|  |TAMS 0x00000000ce000000, 0x00000000ce000000| Untracked 
|  83|0x00000000ce100000, 0x00000000ce200000, 0x00000000ce200000|100%| O|  |TAMS 0x00000000ce100000, 0x00000000ce100000| Untracked 
|  84|0x00000000ce200000, 0x00000000ce300000, 0x00000000ce300000|100%| O|  |TAMS 0x00000000ce200000, 0x00000000ce200000| Untracked 
|  85|0x00000000ce300000, 0x00000000ce400000, 0x00000000ce400000|100%| O|  |TAMS 0x00000000ce300000, 0x00000000ce300000| Untracked 
|  86|0x00000000ce400000, 0x00000000ce500000, 0x00000000ce500000|100%| O|  |TAMS 0x00000000ce400000, 0x00000000ce400000| Untracked 
|  87|0x00000000ce500000, 0x00000000ce600000, 0x00000000ce600000|100%| O|  |TAMS 0x00000000ce500000, 0x00000000ce500000| Untracked 
|  88|0x00000000ce600000, 0x00000000ce700000, 0x00000000ce700000|100%| O|  |TAMS 0x00000000ce600000, 0x00000000ce600000| Untracked 
|  89|0x00000000ce700000, 0x00000000ce800000, 0x00000000ce800000|100%| O|  |TAMS 0x00000000ce700000, 0x00000000ce700000| Untracked 
|  90|0x00000000ce800000, 0x00000000ce900000, 0x00000000ce900000|100%| O|  |TAMS 0x00000000ce800000, 0x00000000ce800000| Untracked 
|  91|0x00000000ce900000, 0x00000000cea00000, 0x00000000cea00000|100%| O|  |TAMS 0x00000000ce900000, 0x00000000ce900000| Untracked 
|  92|0x00000000cea00000, 0x00000000ceb00000, 0x00000000ceb00000|100%| O|  |TAMS 0x00000000cea00000, 0x00000000cea00000| Untracked 
|  93|0x00000000ceb00000, 0x00000000cec00000, 0x00000000cec00000|100%| O|  |TAMS 0x00000000ceb00000, 0x00000000ceb00000| Untracked 
|  94|0x00000000cec00000, 0x00000000ced00000, 0x00000000ced00000|100%| O|  |TAMS 0x00000000cec00000, 0x00000000cec00000| Untracked 
|  95|0x00000000ced00000, 0x00000000ced45a00, 0x00000000cee00000| 27%| O|  |TAMS 0x00000000ced00000, 0x00000000ced00000| Untracked 
|  96|0x00000000cee00000, 0x00000000cee00000, 0x00000000cef00000|  0%| F|  |TAMS 0x00000000cee00000, 0x00000000cee00000| Untracked 
|  97|0x00000000cef00000, 0x00000000cef00000, 0x00000000cf000000|  0%| F|  |TAMS 0x00000000cef00000, 0x00000000cef00000| Untracked 
|  98|0x00000000cf000000, 0x00000000cf000000, 0x00000000cf100000|  0%| F|  |TAMS 0x00000000cf000000, 0x00000000cf000000| Untracked 
|  99|0x00000000cf100000, 0x00000000cf100000, 0x00000000cf200000|  0%| F|  |TAMS 0x00000000cf100000, 0x00000000cf100000| Untracked 
| 100|0x00000000cf200000, 0x00000000cf200000, 0x00000000cf300000|  0%| F|  |TAMS 0x00000000cf200000, 0x00000000cf200000| Untracked 
| 101|0x00000000cf300000, 0x00000000cf300000, 0x00000000cf400000|  0%| F|  |TAMS 0x00000000cf300000, 0x00000000cf300000| Untracked 
| 102|0x00000000cf400000, 0x00000000cf400000, 0x00000000cf500000|  0%| F|  |TAMS 0x00000000cf400000, 0x00000000cf400000| Untracked 
| 103|0x00000000cf500000, 0x00000000cf500000, 0x00000000cf600000|  0%| F|  |TAMS 0x00000000cf500000, 0x00000000cf500000| Untracked 
| 104|0x00000000cf600000, 0x00000000cf600000, 0x00000000cf700000|  0%| F|  |TAMS 0x00000000cf600000, 0x00000000cf600000| Untracked 
| 105|0x00000000cf700000, 0x00000000cf700000, 0x00000000cf800000|  0%| F|  |TAMS 0x00000000cf700000, 0x00000000cf700000| Untracked 
| 106|0x00000000cf800000, 0x00000000cf800000, 0x00000000cf900000|  0%| F|  |TAMS 0x00000000cf800000, 0x00000000cf800000| Untracked 
| 107|0x00000000cf900000, 0x00000000cf900000, 0x00000000cfa00000|  0%| F|  |TAMS 0x00000000cf900000, 0x00000000cf900000| Untracked 
| 108|0x00000000cfa00000, 0x00000000cfa00000, 0x00000000cfb00000|  0%| F|  |TAMS 0x00000000cfa00000, 0x00000000cfa00000| Untracked 
| 109|0x00000000cfb00000, 0x00000000cfb00000, 0x00000000cfc00000|  0%| F|  |TAMS 0x00000000cfb00000, 0x00000000cfb00000| Untracked 
| 110|0x00000000cfc00000, 0x00000000cfc00000, 0x00000000cfd00000|  0%| F|  |TAMS 0x00000000cfc00000, 0x00000000cfc00000| Untracked 
| 111|0x00000000cfd00000, 0x00000000cfd00000, 0x00000000cfe00000|  0%| F|  |TAMS 0x00000000cfd00000, 0x00000000cfd00000| Untracked 
| 112|0x00000000cfe00000, 0x00000000cfe00000, 0x00000000cff00000|  0%| F|  |TAMS 0x00000000cfe00000, 0x00000000cfe00000| Untracked 
| 113|0x00000000cff00000, 0x00000000cff00000, 0x00000000d0000000|  0%| F|  |TAMS 0x00000000cff00000, 0x00000000cff00000| Untracked 
| 114|0x00000000d0000000, 0x00000000d0000000, 0x00000000d0100000|  0%| F|  |TAMS 0x00000000d0000000, 0x00000000d0000000| Untracked 
| 115|0x00000000d0100000, 0x00000000d0100000, 0x00000000d0200000|  0%| F|  |TAMS 0x00000000d0100000, 0x00000000d0100000| Untracked 
| 116|0x00000000d0200000, 0x00000000d0200000, 0x00000000d0300000|  0%| F|  |TAMS 0x00000000d0200000, 0x00000000d0200000| Untracked 
| 117|0x00000000d0300000, 0x00000000d0300000, 0x00000000d0400000|  0%| F|  |TAMS 0x00000000d0300000, 0x00000000d0300000| Untracked 
| 118|0x00000000d0400000, 0x00000000d0400000, 0x00000000d0500000|  0%| F|  |TAMS 0x00000000d0400000, 0x00000000d0400000| Untracked 
| 119|0x00000000d0500000, 0x00000000d0500000, 0x00000000d0600000|  0%| F|  |TAMS 0x00000000d0500000, 0x00000000d0500000| Untracked 
| 120|0x00000000d0600000, 0x00000000d0600000, 0x00000000d0700000|  0%| F|  |TAMS 0x00000000d0600000, 0x00000000d0600000| Untracked 
| 121|0x00000000d0700000, 0x00000000d0700000, 0x00000000d0800000|  0%| F|  |TAMS 0x00000000d0700000, 0x00000000d0700000| Untracked 
| 122|0x00000000d0800000, 0x00000000d0800000, 0x00000000d0900000|  0%| F|  |TAMS 0x00000000d0800000, 0x00000000d0800000| Untracked 
| 123|0x00000000d0900000, 0x00000000d0900000, 0x00000000d0a00000|  0%| F|  |TAMS 0x00000000d0900000, 0x00000000d0900000| Untracked 
| 124|0x00000000d0a00000, 0x00000000d0a00000, 0x00000000d0b00000|  0%| F|  |TAMS 0x00000000d0a00000, 0x00000000d0a00000| Untracked 
| 125|0x00000000d0b00000, 0x00000000d0b00000, 0x00000000d0c00000|  0%| F|  |TAMS 0x00000000d0b00000, 0x00000000d0b00000| Untracked 
| 126|0x00000000d0c00000, 0x00000000d0c00000, 0x00000000d0d00000|  0%| F|  |TAMS 0x00000000d0c00000, 0x00000000d0c00000| Untracked 
| 127|0x00000000d0d00000, 0x00000000d0d00000, 0x00000000d0e00000|  0%| F|  |TAMS 0x00000000d0d00000, 0x00000000d0d00000| Untracked 
| 128|0x00000000d0e00000, 0x00000000d0e00000, 0x00000000d0f00000|  0%| F|  |TAMS 0x00000000d0e00000, 0x00000000d0e00000| Untracked 
| 129|0x00000000d0f00000, 0x00000000d0ffbc70, 0x00000000d1000000| 98%| S|CS|TAMS 0x00000000d0f00000, 0x00000000d0f00000| Complete 
| 130|0x00000000d1000000, 0x00000000d1100000, 0x00000000d1100000|100%| S|CS|TAMS 0x00000000d1000000, 0x00000000d1000000| Complete 
| 131|0x00000000d1100000, 0x00000000d1200000, 0x00000000d1200000|100%| S|CS|TAMS 0x00000000d1100000, 0x00000000d1100000| Complete 
| 132|0x00000000d1200000, 0x00000000d1300000, 0x00000000d1300000|100%| S|CS|TAMS 0x00000000d1200000, 0x00000000d1200000| Complete 
| 133|0x00000000d1300000, 0x00000000d1300000, 0x00000000d1400000|  0%| F|  |TAMS 0x00000000d1300000, 0x00000000d1300000| Untracked 
| 134|0x00000000d1400000, 0x00000000d1500000, 0x00000000d1500000|100%| S|CS|TAMS 0x00000000d1400000, 0x00000000d1400000| Complete 
| 135|0x00000000d1500000, 0x00000000d1600000, 0x00000000d1600000|100%| S|CS|TAMS 0x00000000d1500000, 0x00000000d1500000| Complete 
| 136|0x00000000d1600000, 0x00000000d1700000, 0x00000000d1700000|100%| S|CS|TAMS 0x00000000d1600000, 0x00000000d1600000| Complete 
| 137|0x00000000d1700000, 0x00000000d1800000, 0x00000000d1800000|100%| S|CS|TAMS 0x00000000d1700000, 0x00000000d1700000| Complete 
| 138|0x00000000d1800000, 0x00000000d1800000, 0x00000000d1900000|  0%| F|  |TAMS 0x00000000d1800000, 0x00000000d1800000| Untracked 
| 139|0x00000000d1900000, 0x00000000d1900000, 0x00000000d1a00000|  0%| F|  |TAMS 0x00000000d1900000, 0x00000000d1900000| Untracked 
| 140|0x00000000d1a00000, 0x00000000d1b00000, 0x00000000d1b00000|100%| S|CS|TAMS 0x00000000d1a00000, 0x00000000d1a00000| Complete 
| 141|0x00000000d1b00000, 0x00000000d1c00000, 0x00000000d1c00000|100%| S|CS|TAMS 0x00000000d1b00000, 0x00000000d1b00000| Complete 
| 142|0x00000000d1c00000, 0x00000000d1d00000, 0x00000000d1d00000|100%| S|CS|TAMS 0x00000000d1c00000, 0x00000000d1c00000| Complete 
| 143|0x00000000d1d00000, 0x00000000d1e00000, 0x00000000d1e00000|100%| S|CS|TAMS 0x00000000d1d00000, 0x00000000d1d00000| Complete 
| 144|0x00000000d1e00000, 0x00000000d1f00000, 0x00000000d1f00000|100%| S|CS|TAMS 0x00000000d1e00000, 0x00000000d1e00000| Complete 
| 145|0x00000000d1f00000, 0x00000000d1f00000, 0x00000000d2000000|  0%| F|  |TAMS 0x00000000d1f00000, 0x00000000d1f00000| Untracked 
| 146|0x00000000d2000000, 0x00000000d2000000, 0x00000000d2100000|  0%| F|  |TAMS 0x00000000d2000000, 0x00000000d2000000| Untracked 
| 147|0x00000000d2100000, 0x00000000d2100000, 0x00000000d2200000|  0%| F|  |TAMS 0x00000000d2100000, 0x00000000d2100000| Untracked 
| 148|0x00000000d2200000, 0x00000000d2200000, 0x00000000d2300000|  0%| F|  |TAMS 0x00000000d2200000, 0x00000000d2200000| Untracked 
| 149|0x00000000d2300000, 0x00000000d2300000, 0x00000000d2400000|  0%| F|  |TAMS 0x00000000d2300000, 0x00000000d2300000| Untracked 
| 150|0x00000000d2400000, 0x00000000d2400000, 0x00000000d2500000|  0%| F|  |TAMS 0x00000000d2400000, 0x00000000d2400000| Untracked 
| 151|0x00000000d2500000, 0x00000000d2500000, 0x00000000d2600000|  0%| F|  |TAMS 0x00000000d2500000, 0x00000000d2500000| Untracked 
| 152|0x00000000d2600000, 0x00000000d2600000, 0x00000000d2700000|  0%| F|  |TAMS 0x00000000d2600000, 0x00000000d2600000| Untracked 
| 153|0x00000000d2700000, 0x00000000d2700000, 0x00000000d2800000|  0%| F|  |TAMS 0x00000000d2700000, 0x00000000d2700000| Untracked 
| 154|0x00000000d2800000, 0x00000000d2800000, 0x00000000d2900000|  0%| F|  |TAMS 0x00000000d2800000, 0x00000000d2800000| Untracked 
| 155|0x00000000d2900000, 0x00000000d2900000, 0x00000000d2a00000|  0%| F|  |TAMS 0x00000000d2900000, 0x00000000d2900000| Untracked 
| 156|0x00000000d2a00000, 0x00000000d2a00000, 0x00000000d2b00000|  0%| F|  |TAMS 0x00000000d2a00000, 0x00000000d2a00000| Untracked 
| 157|0x00000000d2b00000, 0x00000000d2b00000, 0x00000000d2c00000|  0%| F|  |TAMS 0x00000000d2b00000, 0x00000000d2b00000| Untracked 
| 158|0x00000000d2c00000, 0x00000000d2c00000, 0x00000000d2d00000|  0%| F|  |TAMS 0x00000000d2c00000, 0x00000000d2c00000| Untracked 
| 159|0x00000000d2d00000, 0x00000000d2d00000, 0x00000000d2e00000|  0%| F|  |TAMS 0x00000000d2d00000, 0x00000000d2d00000| Untracked 
| 160|0x00000000d2e00000, 0x00000000d2e00000, 0x00000000d2f00000|  0%| F|  |TAMS 0x00000000d2e00000, 0x00000000d2e00000| Untracked 
| 161|0x00000000d2f00000, 0x00000000d2f00000, 0x00000000d3000000|  0%| F|  |TAMS 0x00000000d2f00000, 0x00000000d2f00000| Untracked 
| 162|0x00000000d3000000, 0x00000000d3000000, 0x00000000d3100000|  0%| F|  |TAMS 0x00000000d3000000, 0x00000000d3000000| Untracked 
| 163|0x00000000d3100000, 0x00000000d3100000, 0x00000000d3200000|  0%| F|  |TAMS 0x00000000d3100000, 0x00000000d3100000| Untracked 
| 164|0x00000000d3200000, 0x00000000d3200000, 0x00000000d3300000|  0%| F|  |TAMS 0x00000000d3200000, 0x00000000d3200000| Untracked 
| 165|0x00000000d3300000, 0x00000000d3300000, 0x00000000d3400000|  0%| F|  |TAMS 0x00000000d3300000, 0x00000000d3300000| Untracked 
| 166|0x00000000d3400000, 0x00000000d3400000, 0x00000000d3500000|  0%| F|  |TAMS 0x00000000d3400000, 0x00000000d3400000| Untracked 
| 167|0x00000000d3500000, 0x00000000d3500000, 0x00000000d3600000|  0%| F|  |TAMS 0x00000000d3500000, 0x00000000d3500000| Untracked 
| 168|0x00000000d3600000, 0x00000000d3600000, 0x00000000d3700000|  0%| F|  |TAMS 0x00000000d3600000, 0x00000000d3600000| Untracked 
| 169|0x00000000d3700000, 0x00000000d3700000, 0x00000000d3800000|  0%| F|  |TAMS 0x00000000d3700000, 0x00000000d3700000| Untracked 
| 170|0x00000000d3800000, 0x00000000d3800000, 0x00000000d3900000|  0%| F|  |TAMS 0x00000000d3800000, 0x00000000d3800000| Untracked 
| 171|0x00000000d3900000, 0x00000000d3900000, 0x00000000d3a00000|  0%| F|  |TAMS 0x00000000d3900000, 0x00000000d3900000| Untracked 
| 172|0x00000000d3a00000, 0x00000000d3a00000, 0x00000000d3b00000|  0%| F|  |TAMS 0x00000000d3a00000, 0x00000000d3a00000| Untracked 
| 173|0x00000000d3b00000, 0x00000000d3b00000, 0x00000000d3c00000|  0%| F|  |TAMS 0x00000000d3b00000, 0x00000000d3b00000| Untracked 
| 174|0x00000000d3c00000, 0x00000000d3c00000, 0x00000000d3d00000|  0%| F|  |TAMS 0x00000000d3c00000, 0x00000000d3c00000| Untracked 
| 175|0x00000000d3d00000, 0x00000000d3d00000, 0x00000000d3e00000|  0%| F|  |TAMS 0x00000000d3d00000, 0x00000000d3d00000| Untracked 
| 176|0x00000000d3e00000, 0x00000000d3e00000, 0x00000000d3f00000|  0%| F|  |TAMS 0x00000000d3e00000, 0x00000000d3e00000| Untracked 
| 177|0x00000000d3f00000, 0x00000000d3f00000, 0x00000000d4000000|  0%| F|  |TAMS 0x00000000d3f00000, 0x00000000d3f00000| Untracked 
| 178|0x00000000d4000000, 0x00000000d4000000, 0x00000000d4100000|  0%| F|  |TAMS 0x00000000d4000000, 0x00000000d4000000| Untracked 
| 179|0x00000000d4100000, 0x00000000d4100000, 0x00000000d4200000|  0%| F|  |TAMS 0x00000000d4100000, 0x00000000d4100000| Untracked 
| 180|0x00000000d4200000, 0x00000000d4200000, 0x00000000d4300000|  0%| F|  |TAMS 0x00000000d4200000, 0x00000000d4200000| Untracked 
| 181|0x00000000d4300000, 0x00000000d4300000, 0x00000000d4400000|  0%| F|  |TAMS 0x00000000d4300000, 0x00000000d4300000| Untracked 
| 182|0x00000000d4400000, 0x00000000d4400000, 0x00000000d4500000|  0%| F|  |TAMS 0x00000000d4400000, 0x00000000d4400000| Untracked 
| 183|0x00000000d4500000, 0x00000000d4500000, 0x00000000d4600000|  0%| F|  |TAMS 0x00000000d4500000, 0x00000000d4500000| Untracked 
| 184|0x00000000d4600000, 0x00000000d4600000, 0x00000000d4700000|  0%| F|  |TAMS 0x00000000d4600000, 0x00000000d4600000| Untracked 
| 185|0x00000000d4700000, 0x00000000d4700000, 0x00000000d4800000|  0%| F|  |TAMS 0x00000000d4700000, 0x00000000d4700000| Untracked 
| 186|0x00000000d4800000, 0x00000000d4800000, 0x00000000d4900000|  0%| F|  |TAMS 0x00000000d4800000, 0x00000000d4800000| Untracked 
| 187|0x00000000d4900000, 0x00000000d4900000, 0x00000000d4a00000|  0%| F|  |TAMS 0x00000000d4900000, 0x00000000d4900000| Untracked 
| 188|0x00000000d4a00000, 0x00000000d4a00000, 0x00000000d4b00000|  0%| F|  |TAMS 0x00000000d4a00000, 0x00000000d4a00000| Untracked 
| 189|0x00000000d4b00000, 0x00000000d4b00000, 0x00000000d4c00000|  0%| F|  |TAMS 0x00000000d4b00000, 0x00000000d4b00000| Untracked 
| 190|0x00000000d4c00000, 0x00000000d4c00000, 0x00000000d4d00000|  0%| F|  |TAMS 0x00000000d4c00000, 0x00000000d4c00000| Untracked 
| 191|0x00000000d4d00000, 0x00000000d4d00000, 0x00000000d4e00000|  0%| F|  |TAMS 0x00000000d4d00000, 0x00000000d4d00000| Untracked 
| 192|0x00000000d4e00000, 0x00000000d4e00000, 0x00000000d4f00000|  0%| F|  |TAMS 0x00000000d4e00000, 0x00000000d4e00000| Untracked 
| 193|0x00000000d4f00000, 0x00000000d4f00000, 0x00000000d5000000|  0%| F|  |TAMS 0x00000000d4f00000, 0x00000000d4f00000| Untracked 
| 194|0x00000000d5000000, 0x00000000d5000000, 0x00000000d5100000|  0%| F|  |TAMS 0x00000000d5000000, 0x00000000d5000000| Untracked 
| 195|0x00000000d5100000, 0x00000000d5100000, 0x00000000d5200000|  0%| F|  |TAMS 0x00000000d5100000, 0x00000000d5100000| Untracked 
| 196|0x00000000d5200000, 0x00000000d5200000, 0x00000000d5300000|  0%| F|  |TAMS 0x00000000d5200000, 0x00000000d5200000| Untracked 
| 197|0x00000000d5300000, 0x00000000d5300000, 0x00000000d5400000|  0%| F|  |TAMS 0x00000000d5300000, 0x00000000d5300000| Untracked 
| 198|0x00000000d5400000, 0x00000000d5400000, 0x00000000d5500000|  0%| F|  |TAMS 0x00000000d5400000, 0x00000000d5400000| Untracked 
| 199|0x00000000d5500000, 0x00000000d5500000, 0x00000000d5600000|  0%| F|  |TAMS 0x00000000d5500000, 0x00000000d5500000| Untracked 
| 200|0x00000000d5600000, 0x00000000d5600000, 0x00000000d5700000|  0%| F|  |TAMS 0x00000000d5600000, 0x00000000d5600000| Untracked 
| 201|0x00000000d5700000, 0x00000000d5700000, 0x00000000d5800000|  0%| F|  |TAMS 0x00000000d5700000, 0x00000000d5700000| Untracked 
| 202|0x00000000d5800000, 0x00000000d5800000, 0x00000000d5900000|  0%| F|  |TAMS 0x00000000d5800000, 0x00000000d5800000| Untracked 
| 203|0x00000000d5900000, 0x00000000d5900000, 0x00000000d5a00000|  0%| F|  |TAMS 0x00000000d5900000, 0x00000000d5900000| Untracked 
| 204|0x00000000d5a00000, 0x00000000d5a00000, 0x00000000d5b00000|  0%| F|  |TAMS 0x00000000d5a00000, 0x00000000d5a00000| Untracked 
| 205|0x00000000d5b00000, 0x00000000d5b00000, 0x00000000d5c00000|  0%| F|  |TAMS 0x00000000d5b00000, 0x00000000d5b00000| Untracked 
| 206|0x00000000d5c00000, 0x00000000d5c00000, 0x00000000d5d00000|  0%| F|  |TAMS 0x00000000d5c00000, 0x00000000d5c00000| Untracked 
| 207|0x00000000d5d00000, 0x00000000d5d00000, 0x00000000d5e00000|  0%| F|  |TAMS 0x00000000d5d00000, 0x00000000d5d00000| Untracked 
| 208|0x00000000d5e00000, 0x00000000d5e00000, 0x00000000d5f00000|  0%| F|  |TAMS 0x00000000d5e00000, 0x00000000d5e00000| Untracked 
| 209|0x00000000d5f00000, 0x00000000d5f00000, 0x00000000d6000000|  0%| F|  |TAMS 0x00000000d5f00000, 0x00000000d5f00000| Untracked 
| 210|0x00000000d6000000, 0x00000000d6000000, 0x00000000d6100000|  0%| F|  |TAMS 0x00000000d6000000, 0x00000000d6000000| Untracked 
| 211|0x00000000d6100000, 0x00000000d6100000, 0x00000000d6200000|  0%| F|  |TAMS 0x00000000d6100000, 0x00000000d6100000| Untracked 
| 212|0x00000000d6200000, 0x00000000d6200000, 0x00000000d6300000|  0%| F|  |TAMS 0x00000000d6200000, 0x00000000d6200000| Untracked 
| 213|0x00000000d6300000, 0x00000000d6300000, 0x00000000d6400000|  0%| F|  |TAMS 0x00000000d6300000, 0x00000000d6300000| Untracked 
| 214|0x00000000d6400000, 0x00000000d6400000, 0x00000000d6500000|  0%| F|  |TAMS 0x00000000d6400000, 0x00000000d6400000| Untracked 
| 215|0x00000000d6500000, 0x00000000d6500000, 0x00000000d6600000|  0%| F|  |TAMS 0x00000000d6500000, 0x00000000d6500000| Untracked 
| 216|0x00000000d6600000, 0x00000000d6600000, 0x00000000d6700000|  0%| F|  |TAMS 0x00000000d6600000, 0x00000000d6600000| Untracked 
| 217|0x00000000d6700000, 0x00000000d6700000, 0x00000000d6800000|  0%| F|  |TAMS 0x00000000d6700000, 0x00000000d6700000| Untracked 
| 218|0x00000000d6800000, 0x00000000d6800000, 0x00000000d6900000|  0%| F|  |TAMS 0x00000000d6800000, 0x00000000d6800000| Untracked 
| 219|0x00000000d6900000, 0x00000000d6900000, 0x00000000d6a00000|  0%| F|  |TAMS 0x00000000d6900000, 0x00000000d6900000| Untracked 
| 220|0x00000000d6a00000, 0x00000000d6a00000, 0x00000000d6b00000|  0%| F|  |TAMS 0x00000000d6a00000, 0x00000000d6a00000| Untracked 
| 221|0x00000000d6b00000, 0x00000000d6b00000, 0x00000000d6c00000|  0%| F|  |TAMS 0x00000000d6b00000, 0x00000000d6b00000| Untracked 
| 222|0x00000000d6c00000, 0x00000000d6c00000, 0x00000000d6d00000|  0%| F|  |TAMS 0x00000000d6c00000, 0x00000000d6c00000| Untracked 
| 223|0x00000000d6d00000, 0x00000000d6d00000, 0x00000000d6e00000|  0%| F|  |TAMS 0x00000000d6d00000, 0x00000000d6d00000| Untracked 
| 224|0x00000000d6e00000, 0x00000000d6e00000, 0x00000000d6f00000|  0%| F|  |TAMS 0x00000000d6e00000, 0x00000000d6e00000| Untracked 
| 225|0x00000000d6f00000, 0x00000000d6f00000, 0x00000000d7000000|  0%| F|  |TAMS 0x00000000d6f00000, 0x00000000d6f00000| Untracked 
| 226|0x00000000d7000000, 0x00000000d7000000, 0x00000000d7100000|  0%| F|  |TAMS 0x00000000d7000000, 0x00000000d7000000| Untracked 
| 227|0x00000000d7100000, 0x00000000d7100000, 0x00000000d7200000|  0%| F|  |TAMS 0x00000000d7100000, 0x00000000d7100000| Untracked 
| 228|0x00000000d7200000, 0x00000000d7200000, 0x00000000d7300000|  0%| F|  |TAMS 0x00000000d7200000, 0x00000000d7200000| Untracked 
| 229|0x00000000d7300000, 0x00000000d7300000, 0x00000000d7400000|  0%| F|  |TAMS 0x00000000d7300000, 0x00000000d7300000| Untracked 
| 230|0x00000000d7400000, 0x00000000d7400000, 0x00000000d7500000|  0%| F|  |TAMS 0x00000000d7400000, 0x00000000d7400000| Untracked 
| 231|0x00000000d7500000, 0x00000000d7500000, 0x00000000d7600000|  0%| F|  |TAMS 0x00000000d7500000, 0x00000000d7500000| Untracked 
| 232|0x00000000d7600000, 0x00000000d7600000, 0x00000000d7700000|  0%| F|  |TAMS 0x00000000d7600000, 0x00000000d7600000| Untracked 
| 233|0x00000000d7700000, 0x00000000d7700000, 0x00000000d7800000|  0%| F|  |TAMS 0x00000000d7700000, 0x00000000d7700000| Untracked 
| 234|0x00000000d7800000, 0x00000000d7800000, 0x00000000d7900000|  0%| F|  |TAMS 0x00000000d7800000, 0x00000000d7800000| Untracked 
| 235|0x00000000d7900000, 0x00000000d7900000, 0x00000000d7a00000|  0%| F|  |TAMS 0x00000000d7900000, 0x00000000d7900000| Untracked 
| 236|0x00000000d7a00000, 0x00000000d7a00000, 0x00000000d7b00000|  0%| F|  |TAMS 0x00000000d7a00000, 0x00000000d7a00000| Untracked 
| 237|0x00000000d7b00000, 0x00000000d7b00000, 0x00000000d7c00000|  0%| F|  |TAMS 0x00000000d7b00000, 0x00000000d7b00000| Untracked 

Card table byte_map: [0x000002539fa20000,0x000002539fbe0000] _byte_map_base: 0x000002539f3d9000

Marking Bits (Prev, Next): (CMBitMap*) 0x0000025397f3d010, (CMBitMap*) 0x0000025397f3cfd0
 Prev Bits: [0x00000253a0b70000, 0x00000253a1938000)
 Next Bits: [0x000002539fda0000, 0x00000253a0b68000)

Polling page: 0x0000025397fe0000

Metaspace:

Usage:
  Non-class:     39.69 MB used.
      Class:      5.57 MB used.
       Both:     45.26 MB used.

Virtual space:
  Non-class space:       48.00 MB reserved,      39.88 MB ( 83%) committed,  6 nodes.
      Class space:        1.00 GB reserved,       5.75 MB ( <1%) committed,  1 nodes.
             Both:        1.05 GB reserved,      45.62 MB (  4%) committed. 

Chunk freelists:
   Non-Class:  3.75 MB
       Class:  2.14 MB
        Both:  5.89 MB

MaxMetaspaceSize: unlimited
CompressedClassSpaceSize: 1.00 GB
Initial GC threshold: 21.00 MB
Current GC threshold: 65.62 MB
CDS: off
MetaspaceReclaimPolicy: balanced
 - commit_granule_bytes: 65536.
 - commit_granule_words: 8192.
 - virtual_space_node_default_size: 1048576.
 - enlarge_chunks_in_place: 1.
 - new_chunks_are_fully_committed: 0.
 - uncommit_free_chunks: 1.
 - use_allocation_guard: 0.
 - handle_deallocations: 1.


Internal statistics:

num_allocs_failed_limit: 5.
num_arena_births: 408.
num_arena_deaths: 0.
num_vsnodes_births: 7.
num_vsnodes_deaths: 0.
num_space_committed: 730.
num_space_uncommitted: 0.
num_chunks_returned_to_freelist: 5.
num_chunks_taken_from_freelist: 1835.
num_chunk_merges: 5.
num_chunk_splits: 1285.
num_chunks_enlarged: 1019.
num_purges: 0.
num_inconsistent_stats: 0.

CodeCache: size=49152Kb used=10779Kb max_used=10779Kb free=38372Kb
 bounds [0x000002539c3b0000, 0x000002539ce40000, 0x000002539f3b0000]
 total_blobs=5728 nmethods=5145 adapters=509
 compilation: enabled
              stopped_count=0, restarted_count=0
 full_count=0

Compilation events (20 events):
Event: 15.594 Thread 0x00000253a5476790 nmethod 5139 0x000002539ce33f90 code [0x000002539ce34120, 0x000002539ce34208]
Event: 15.594 Thread 0x00000253a5476790 5140       1       org.eclipse.jdt.core.dom.DefaultASTVisitor::endVisit (6 bytes)
Event: 15.595 Thread 0x00000253a5476790 nmethod 5140 0x000002539ce34290 code [0x000002539ce34420, 0x000002539ce34508]
Event: 15.595 Thread 0x00000253a3f30360 5141       1       org.eclipse.jdt.core.dom.Block::accept0 (25 bytes)
Event: 15.595 Thread 0x00000253a3f30360 nmethod 5141 0x000002539ce34590 code [0x000002539ce34740, 0x000002539ce348a8]
Event: 15.595 Thread 0x00000253a3f30360 5142       1       org.eclipse.jdt.internal.compiler.lookup.CompilationUnitScope::module (67 bytes)
Event: 15.596 Thread 0x00000253a3f30360 nmethod 5142 0x000002539ce34990 code [0x000002539ce34b40, 0x000002539ce34d38]
Event: 15.597 Thread 0x00000253a5476790 5143       1       com.google.common.base.Preconditions::checkPositionIndex (8 bytes)
Event: 15.597 Thread 0x00000253a3f30360 5144       1       com.google.common.base.Preconditions::checkPositionIndex (25 bytes)
Event: 15.597 Thread 0x00000253a5476790 nmethod 5143 0x000002539ce34f10 code [0x000002539ce350c0, 0x000002539ce35238]
Event: 15.597 Thread 0x00000253a3f30360 nmethod 5144 0x000002539ce35390 code [0x000002539ce35540, 0x000002539ce356b8]
Event: 15.599 Thread 0x00000253a3f30360 5145       1       org.eclipse.jdt.internal.compiler.env.ITypeAnnotationWalker$1::toThrows (2 bytes)
Event: 15.599 Thread 0x00000253a3f30360 nmethod 5145 0x000002539ce35790 code [0x000002539ce35920, 0x000002539ce359f8]
Event: 15.599 Thread 0x00000253a3f30360 5146       1       org.eclipse.jdt.internal.compiler.problem.ProblemHandler::resumeTempErrorHandlingPolicy (6 bytes)
Event: 15.599 Thread 0x00000253a3f30360 nmethod 5146 0x000002539ce35a90 code [0x000002539ce35c20, 0x000002539ce35d38]
Event: 15.600 Thread 0x00000253a3f30360 5147       1       org.eclipse.jdt.internal.compiler.lookup.BinaryTypeBinding::getMethods (237 bytes)
Event: 15.601 Thread 0x00000253a3f30360 nmethod 5147 0x000002539ce35d90 code [0x000002539ce35fa0, 0x000002539ce36678]
Event: 15.601 Thread 0x00000253a5476790 5148       1       org.eclipse.jdt.internal.compiler.lookup.MethodBinding::getTypeVariable (41 bytes)
Event: 15.602 Thread 0x00000253a5476790 nmethod 5148 0x000002539ce36990 code [0x000002539ce36b40, 0x000002539ce36d08]
Event: 15.603 Thread 0x00000253a3f30360 5149   !   1       org.eclipse.jdt.internal.compiler.lookup.Scope::getBinding (1395 bytes)

GC Heap History (20 events):
Event: 11.866 GC heap after
{Heap after GC invocations=20 (full 0):
 garbage-first heap   total 106496K, used 66213K [0x00000000c8e00000, 0x0000000100000000)
  region size 1024K, 2 young (2048K), 2 survivors (2048K)
 Metaspace       used 39566K, committed 39936K, reserved 1089536K
  class space    used 4985K, committed 5184K, reserved 1048576K
}
Event: 12.186 GC heap before
{Heap before GC invocations=21 (full 0):
 garbage-first heap   total 121856K, used 78501K [0x00000000c8e00000, 0x0000000100000000)
  region size 1024K, 15 young (15360K), 2 survivors (2048K)
 Metaspace       used 40082K, committed 40512K, reserved 1089536K
  class space    used 5012K, committed 5248K, reserved 1048576K
}
Event: 12.205 GC heap after
{Heap after GC invocations=22 (full 0):
 garbage-first heap   total 121856K, used 71091K [0x00000000c8e00000, 0x0000000100000000)
  region size 1024K, 2 young (2048K), 2 survivors (2048K)
 Metaspace       used 40082K, committed 40512K, reserved 1089536K
  class space    used 5012K, committed 5248K, reserved 1048576K
}
Event: 12.233 GC heap before
{Heap before GC invocations=22 (full 0):
 garbage-first heap   total 121856K, used 73139K [0x00000000c8e00000, 0x0000000100000000)
  region size 1024K, 5 young (5120K), 2 survivors (2048K)
 Metaspace       used 40113K, committed 40512K, reserved 1089536K
  class space    used 5015K, committed 5248K, reserved 1048576K
}
Event: 12.241 GC heap after
{Heap after GC invocations=23 (full 0):
 garbage-first heap   total 243712K, used 70352K [0x00000000c8e00000, 0x0000000100000000)
  region size 1024K, 1 young (1024K), 1 survivors (1024K)
 Metaspace       used 40113K, committed 40512K, reserved 1089536K
  class space    used 5015K, committed 5248K, reserved 1048576K
}
Event: 12.554 GC heap before
{Heap before GC invocations=23 (full 0):
 garbage-first heap   total 243712K, used 141008K [0x00000000c8e00000, 0x0000000100000000)
  region size 1024K, 71 young (72704K), 1 survivors (1024K)
 Metaspace       used 41036K, committed 41472K, reserved 1089536K
  class space    used 5092K, committed 5312K, reserved 1048576K
}
Event: 12.564 GC heap after
{Heap after GC invocations=24 (full 0):
 garbage-first heap   total 243712K, used 73616K [0x00000000c8e00000, 0x0000000100000000)
  region size 1024K, 4 young (4096K), 4 survivors (4096K)
 Metaspace       used 41036K, committed 41472K, reserved 1089536K
  class space    used 5092K, committed 5312K, reserved 1048576K
}
Event: 12.821 GC heap before
{Heap before GC invocations=24 (full 0):
 garbage-first heap   total 243712K, used 171920K [0x00000000c8e00000, 0x0000000100000000)
  region size 1024K, 101 young (103424K), 4 survivors (4096K)
 Metaspace       used 42133K, committed 42560K, reserved 1089536K
  class space    used 5212K, committed 5440K, reserved 1048576K
}
Event: 12.844 GC heap after
{Heap after GC invocations=25 (full 0):
 garbage-first heap   total 243712K, used 77761K [0x00000000c8e00000, 0x0000000100000000)
  region size 1024K, 8 young (8192K), 8 survivors (8192K)
 Metaspace       used 42133K, committed 42560K, reserved 1089536K
  class space    used 5212K, committed 5440K, reserved 1048576K
}
Event: 13.077 GC heap before
{Heap before GC invocations=25 (full 0):
 garbage-first heap   total 243712K, used 178113K [0x00000000c8e00000, 0x0000000100000000)
  region size 1024K, 107 young (109568K), 8 survivors (8192K)
 Metaspace       used 42543K, committed 42944K, reserved 1089536K
  class space    used 5273K, committed 5504K, reserved 1048576K
}
Event: 13.096 GC heap after
{Heap after GC invocations=26 (full 0):
 garbage-first heap   total 243712K, used 81548K [0x00000000c8e00000, 0x0000000100000000)
  region size 1024K, 8 young (8192K), 8 survivors (8192K)
 Metaspace       used 42543K, committed 42944K, reserved 1089536K
  class space    used 5273K, committed 5504K, reserved 1048576K
}
Event: 13.647 GC heap before
{Heap before GC invocations=26 (full 0):
 garbage-first heap   total 243712K, used 185996K [0x00000000c8e00000, 0x0000000100000000)
  region size 1024K, 111 young (113664K), 8 survivors (8192K)
 Metaspace       used 43213K, committed 43584K, reserved 1089536K
  class space    used 5364K, committed 5568K, reserved 1048576K
}
Event: 13.659 GC heap after
{Heap after GC invocations=27 (full 0):
 garbage-first heap   total 243712K, used 85728K [0x00000000c8e00000, 0x0000000100000000)
  region size 1024K, 8 young (8192K), 8 survivors (8192K)
 Metaspace       used 43213K, committed 43584K, reserved 1089536K
  class space    used 5364K, committed 5568K, reserved 1048576K
}
Event: 14.436 GC heap before
{Heap before GC invocations=27 (full 0):
 garbage-first heap   total 243712K, used 191200K [0x00000000c8e00000, 0x0000000100000000)
  region size 1024K, 112 young (114688K), 8 survivors (8192K)
 Metaspace       used 44326K, committed 44800K, reserved 1089536K
  class space    used 5479K, committed 5696K, reserved 1048576K
}
Event: 14.452 GC heap after
{Heap after GC invocations=28 (full 0):
 garbage-first heap   total 243712K, used 92712K [0x00000000c8e00000, 0x0000000100000000)
  region size 1024K, 11 young (11264K), 11 survivors (11264K)
 Metaspace       used 44326K, committed 44800K, reserved 1089536K
  class space    used 5479K, committed 5696K, reserved 1048576K
}
Event: 14.969 GC heap before
{Heap before GC invocations=28 (full 0):
 garbage-first heap   total 243712K, used 194088K [0x00000000c8e00000, 0x0000000100000000)
  region size 1024K, 111 young (113664K), 11 survivors (11264K)
 Metaspace       used 45259K, committed 45696K, reserved 1089536K
  class space    used 5582K, committed 5760K, reserved 1048576K
}
Event: 14.981 GC heap after
{Heap after GC invocations=29 (full 0):
 garbage-first heap   total 243712K, used 96786K [0x00000000c8e00000, 0x0000000100000000)
  region size 1024K, 11 young (11264K), 11 survivors (11264K)
 Metaspace       used 45259K, committed 45696K, reserved 1089536K
  class space    used 5582K, committed 5760K, reserved 1048576K
}
Event: 15.371 GC heap before
{Heap before GC invocations=29 (full 0):
 garbage-first heap   total 243712K, used 196114K [0x00000000c8e00000, 0x0000000100000000)
  region size 1024K, 109 young (111616K), 11 survivors (11264K)
 Metaspace       used 46277K, committed 46720K, reserved 1097728K
  class space    used 5691K, committed 5888K, reserved 1048576K
}
Event: 15.389 GC heap after
{Heap after GC invocations=30 (full 0):
 garbage-first heap   total 243712K, used 103876K [0x00000000c8e00000, 0x0000000100000000)
  region size 1024K, 11 young (11264K), 11 survivors (11264K)
 Metaspace       used 46277K, committed 46720K, reserved 1097728K
  class space    used 5691K, committed 5888K, reserved 1048576K
}
Event: 15.605 GC heap before
{Heap before GC invocations=30 (full 0):
 garbage-first heap   total 243712K, used 198084K [0x00000000c8e00000, 0x0000000100000000)
  region size 1024K, 104 young (106496K), 11 survivors (11264K)
 Metaspace       used 46346K, committed 46720K, reserved 1097728K
  class space    used 5702K, committed 5888K, reserved 1048576K
}

Deoptimization events (16 events):
Event: 5.776 Thread 0x0000025397f03610 DEOPT PACKING pc=0x000002539c7e6119 sp=0x000000d1da0fd720
Event: 5.776 Thread 0x0000025397f03610 DEOPT UNPACKING pc=0x000002539c402b43 sp=0x000000d1da0fcc00 mode 3
Event: 8.287 Thread 0x0000025397f03610 DEOPT PACKING pc=0x000002539c94fb99 sp=0x000000d1da0fca80
Event: 8.287 Thread 0x0000025397f03610 DEOPT UNPACKING pc=0x000002539c402b43 sp=0x000000d1da0fbf68 mode 3
Event: 8.961 Thread 0x00000253a635a440 DEOPT PACKING pc=0x000002539ca02bb5 sp=0x000000d1dbafd5f0
Event: 8.962 Thread 0x00000253a635a440 DEOPT UNPACKING pc=0x000002539c402b43 sp=0x000000d1dbafcb18 mode 3
Event: 9.344 Thread 0x00000253a635a910 DEOPT PACKING pc=0x000002539ca2ae2b sp=0x000000d1dbbfe7c0
Event: 9.344 Thread 0x00000253a635a910 DEOPT UNPACKING pc=0x000002539c402b43 sp=0x000000d1dbbfdd08 mode 3
Event: 9.449 Thread 0x00000253a635a440 DEOPT PACKING pc=0x000002539c7e4f81 sp=0x000000d1dbafdcc0
Event: 9.449 Thread 0x00000253a635a440 DEOPT UNPACKING pc=0x000002539c402b43 sp=0x000000d1dbafd150 mode 3
Event: 9.449 Thread 0x00000253a681e3f0 DEOPT PACKING pc=0x000002539c7e2097 sp=0x000000d1dbefee40
Event: 9.449 Thread 0x00000253a681e3f0 DEOPT UNPACKING pc=0x000002539c402b43 sp=0x000000d1dbefe298 mode 3
Event: 14.200 Thread 0x00000253a681fc00 DEOPT PACKING pc=0x000002539ccff1ee sp=0x000000d1dc3fddd0
Event: 14.200 Thread 0x00000253a681fc00 DEOPT UNPACKING pc=0x000002539c402b43 sp=0x000000d1dc3fd2c8 mode 3
Event: 15.354 Thread 0x00000253a681fc00 DEOPT PACKING pc=0x000002539cdcc044 sp=0x000000d1dc3fd6f0
Event: 15.354 Thread 0x00000253a681fc00 DEOPT UNPACKING pc=0x000002539c402b43 sp=0x000000d1dc3fcbe0 mode 3

Classes unloaded (0 events):
No events

Classes redefined (0 events):
No events

Internal exceptions (20 events):
Event: 9.533 Thread 0x00000253a69b1d90 Exception <a 'sun/nio/fs/WindowsException'{0x00000000cc548520}> (0x00000000cc548520) 
thrown [s\src\hotspot\share\prims\jni.cpp, line 516]
Event: 9.533 Thread 0x00000253a69b1d90 Exception <a 'sun/nio/fs/WindowsException'{0x00000000cc548f20}> (0x00000000cc548f20) 
thrown [s\src\hotspot\share\prims\jni.cpp, line 516]
Event: 9.533 Thread 0x00000253a69b1d90 Exception <a 'sun/nio/fs/WindowsException'{0x00000000cc5492e0}> (0x00000000cc5492e0) 
thrown [s\src\hotspot\share\prims\jni.cpp, line 516]
Event: 9.533 Thread 0x00000253a69b1d90 Exception <a 'sun/nio/fs/WindowsException'{0x00000000cc549d08}> (0x00000000cc549d08) 
thrown [s\src\hotspot\share\prims\jni.cpp, line 516]
Event: 9.534 Thread 0x00000253a69b1d90 Exception <a 'sun/nio/fs/WindowsException'{0x00000000cc54a0e8}> (0x00000000cc54a0e8) 
thrown [s\src\hotspot\share\prims\jni.cpp, line 516]
Event: 9.534 Thread 0x00000253a69b1d90 Exception <a 'sun/nio/fs/WindowsException'{0x00000000cc54ab20}> (0x00000000cc54ab20) 
thrown [s\src\hotspot\share\prims\jni.cpp, line 516]
Event: 9.534 Thread 0x00000253a69b1d90 Exception <a 'sun/nio/fs/WindowsException'{0x00000000cc54af10}> (0x00000000cc54af10) 
thrown [s\src\hotspot\share\prims\jni.cpp, line 516]
Event: 9.535 Thread 0x00000253a69b1d90 Exception <a 'sun/nio/fs/WindowsException'{0x00000000cc54b938}> (0x00000000cc54b938) 
thrown [s\src\hotspot\share\prims\jni.cpp, line 516]
Event: 9.535 Thread 0x00000253a69b1d90 Exception <a 'sun/nio/fs/WindowsException'{0x00000000cc54bd28}> (0x00000000cc54bd28) 
thrown [s\src\hotspot\share\prims\jni.cpp, line 516]
Event: 11.296 Thread 0x00000253a635a440 Exception <a 'java/lang/NoSuchMethodError'{0x00000000cdedef78}: 'java.lang.Object java.lang.invoke.Invokers$Holder.invoke_MT(java.lang.Object, java.lang.Object, java.lang.Object)'> (0x00000000cdedef78) 
thrown [s\src\hotspot\share\interpreter\linkResolver.cpp, line 759]
Event: 11.625 Thread 0x00000253a635a440 Exception <a 'java/lang/NoSuchMethodError'{0x00000000ceaace18}: 'java.lang.Object java.lang.invoke.DirectMethodHandle$Holder.newInvokeSpecial(java.lang.Object, java.lang.Object, int)'> (0x00000000ceaace18) 
thrown [s\src\hotspot\share\interpreter\linkResolver.cpp, line 759]
Event: 11.669 Thread 0x00000253a69b3f40 Exception <a 'java/lang/NoSuchMethodError'{0x00000000ce201550}: 'java.lang.Object java.lang.invoke.Invokers$Holder.linkToTargetMethod(java.lang.Object, long, java.lang.Object)'> (0x00000000ce201550) 
thrown [s\src\hotspot\share\interpreter\linkResolver.cpp, line 759]
Event: 13.388 Thread 0x00000253a681fc00 Exception <a 'java/lang/IncompatibleClassChangeError'{0x00000000d4f689b0}: Found class java.lang.Object, but interface was expected> (0x00000000d4f689b0) 
thrown [s\src\hotspot\share\interpreter\linkResolver.cpp, line 826]
Event: 13.388 Thread 0x00000253a681f730 Exception <a 'java/lang/IncompatibleClassChangeError'{0x00000000d4f9a900}: Found class java.lang.Object, but interface was expected> (0x00000000d4f9a900) 
thrown [s\src\hotspot\share\interpreter\linkResolver.cpp, line 826]
Event: 13.810 Thread 0x00000253a681f730 Exception <a 'java/lang/NoSuchMethodError'{0x00000000d6e5e000}: 'int java.lang.invoke.DirectMethodHandle$Holder.invokeSpecialIFC(java.lang.Object, java.lang.Object, java.lang.Object)'> (0x00000000d6e5e000) 
thrown [s\src\hotspot\share\interpreter\linkResolver.cpp, line 759]
Event: 13.810 Thread 0x00000253a69b3f40 Exception <a 'java/lang/NoSuchMethodError'{0x00000000d6fc78c0}: 'int java.lang.invoke.DirectMethodHandle$Holder.invokeSpecialIFC(java.lang.Object, java.lang.Object, java.lang.Object)'> (0x00000000d6fc78c0) 
thrown [s\src\hotspot\share\interpreter\linkResolver.cpp, line 759]
Event: 13.823 Thread 0x00000253a681fc00 Exception <a 'java/lang/NoSuchMethodError'{0x00000000d6f1ee18}: 'int java.lang.invoke.DirectMethodHandle$Holder.invokeSpecialIFC(java.lang.Object, java.lang.Object, java.lang.Object)'> (0x00000000d6f1ee18) 
thrown [s\src\hotspot\share\interpreter\linkResolver.cpp, line 759]
Event: 14.189 Thread 0x00000253a681fc00 Implicit null exception at 0x000002539ccfefc4 to 0x000002539ccff1e9
Event: 14.872 Thread 0x00000253a681f730 Exception <a 'java/lang/NoSuchMethodError'{0x00000000d2e01040}: 'int java.lang.invoke.DirectMethodHandle$Holder.invokeStatic(java.lang.Object, int, java.lang.Object)'> (0x00000000d2e01040) 
thrown [s\src\hotspot\share\interpreter\linkResolver.cpp, line 759]
Event: 15.354 Thread 0x00000253a681fc00 Implicit null exception at 0x000002539cdcba90 to 0x000002539cdcc03f

VM Operations (20 events):
Event: 14.099 Executing VM operation: HandshakeAllThreads done
Event: 14.201 Executing VM operation: HandshakeAllThreads
Event: 14.226 Executing VM operation: HandshakeAllThreads done
Event: 14.226 Executing VM operation: HandshakeAllThreads
Event: 14.354 Executing VM operation: HandshakeAllThreads done
Event: 14.435 Executing VM operation: G1CollectForAllocation
Event: 14.436 Executing VM operation: G1CollectForAllocation done
Event: 14.436 Executing VM operation: G1CollectForAllocation
Event: 14.452 Executing VM operation: G1CollectForAllocation done
Event: 14.964 Executing VM operation: G1CollectForAllocation
Event: 14.983 Executing VM operation: G1CollectForAllocation done
Event: 15.180 Executing VM operation: HandshakeAllThreads
Event: 15.186 Executing VM operation: HandshakeAllThreads done
Event: 15.240 Executing VM operation: HandshakeAllThreads
Event: 15.257 Executing VM operation: HandshakeAllThreads done
Event: 15.364 Executing VM operation: G1CollectForAllocation
Event: 15.371 Executing VM operation: G1CollectForAllocation done
Event: 15.371 Executing VM operation: G1CollectForAllocation
Event: 15.390 Executing VM operation: G1CollectForAllocation done
Event: 15.604 Executing VM operation: G1CollectForAllocation

Events (20 events):
Event: 13.242 loading class sun/nio/cs/ThreadLocalCoders$Cache done
Event: 13.242 loading class sun/nio/cs/ThreadLocalCoders$1 done
Event: 13.242 loading class sun/nio/cs/ThreadLocalCoders$2
Event: 13.242 loading class sun/nio/cs/ThreadLocalCoders$2 done
Event: 13.348 loading class java/lang/NegativeArraySizeException
Event: 13.363 loading class java/lang/NegativeArraySizeException done
Event: 13.784 loading class java/util/stream/ReduceOps$4
Event: 13.784 loading class java/util/stream/ReduceOps$4 done
Event: 13.784 loading class java/util/stream/ReduceOps$4ReducingSink
Event: 13.784 loading class java/util/stream/ReduceOps$4ReducingSink done
Event: 13.788 loading class java/nio/file/Files$2
Event: 13.788 loading class java/nio/file/Files$2 done
Event: 15.187 loading class java/util/Hashtable$ValueCollection
Event: 15.187 loading class java/util/Hashtable$ValueCollection done
Event: 15.238 loading class java/util/stream/SliceOps
Event: 15.238 loading class java/util/stream/SliceOps done
Event: 15.238 loading class java/util/stream/SliceOps$1
Event: 15.238 loading class java/util/stream/SliceOps$1 done
Event: 15.261 loading class java/util/stream/SliceOps$1$1
Event: 15.261 loading class java/util/stream/SliceOps$1$1 done


Dynamic libraries:
0x00007ff623550000 - 0x00007ff62355e000 	c:\Users\nicho\.vscode\extensions\redhat.java-1.12.0-win32-x64\jre\17.0.4.1-win32-x86_64\bin\java.exe
0x00007fff60990000 - 0x00007fff60b88000 	C:\WINDOWS\SYSTEM32\ntdll.dll
0x00007fff5f6c0000 - 0x00007fff5f77f000 	C:\WINDOWS\System32\KERNEL32.DLL
0x00007fff5e4a0000 - 0x00007fff5e772000 	C:\WINDOWS\System32\KERNELBASE.dll
0x00007fff5e3a0000 - 0x00007fff5e4a0000 	C:\WINDOWS\System32\ucrtbase.dll
0x00007fff102b0000 - 0x00007fff102c9000 	c:\Users\nicho\.vscode\extensions\redhat.java-1.12.0-win32-x64\jre\17.0.4.1-win32-x86_64\bin\VCRUNTIME140.dll
0x00007fff102d0000 - 0x00007fff102e8000 	c:\Users\nicho\.vscode\extensions\redhat.java-1.12.0-win32-x64\jre\17.0.4.1-win32-x86_64\bin\jli.dll
0x00007fff60200000 - 0x00007fff6039d000 	C:\WINDOWS\System32\USER32.dll
0x00007fff5e2a0000 - 0x00007fff5e2c2000 	C:\WINDOWS\System32\win32u.dll
0x00007fff608c0000 - 0x00007fff608eb000 	C:\WINDOWS\System32\GDI32.dll
0x00007fff5e840000 - 0x00007fff5e94f000 	C:\WINDOWS\System32\gdi32full.dll
0x00007fff5e300000 - 0x00007fff5e39d000 	C:\WINDOWS\System32\msvcp_win.dll
0x00007fff4b4e0000 - 0x00007fff4b77a000 	C:\WINDOWS\WinSxS\amd64_microsoft.windows.common-controls_6595b64144ccf1df_6.0.19041.1110_none_60b5254171f9507e\COMCTL32.dll
0x00007fff600a0000 - 0x00007fff6013e000 	C:\WINDOWS\System32\msvcrt.dll
0x00007fff5f680000 - 0x00007fff5f6b2000 	C:\WINDOWS\System32\IMM32.DLL
0x00007fff10bd0000 - 0x00007fff10bdc000 	c:\Users\nicho\.vscode\extensions\redhat.java-1.12.0-win32-x64\jre\17.0.4.1-win32-x86_64\bin\vcruntime140_1.dll
0x00007ffee6fe0000 - 0x00007ffee7071000 	c:\Users\nicho\.vscode\extensions\redhat.java-1.12.0-win32-x64\jre\17.0.4.1-win32-x86_64\bin\msvcp140.dll
0x00007ffee6390000 - 0x00007ffee6fd6000 	c:\Users\nicho\.vscode\extensions\redhat.java-1.12.0-win32-x64\jre\17.0.4.1-win32-x86_64\bin\server\jvm.dll
0x00007fff5f780000 - 0x00007fff5f82e000 	C:\WINDOWS\System32\ADVAPI32.dll
0x00007fff5f830000 - 0x00007fff5f8cc000 	C:\WINDOWS\System32\sechost.dll
0x00007fff5eae0000 - 0x00007fff5ec05000 	C:\WINDOWS\System32\RPCRT4.dll
0x00007fff5ea70000 - 0x00007fff5ea78000 	C:\WINDOWS\System32\PSAPI.DLL
0x00007ffef87f0000 - 0x00007ffef87f9000 	C:\WINDOWS\SYSTEM32\WSOCK32.dll
0x00007fff5f610000 - 0x00007fff5f67b000 	C:\WINDOWS\System32\WS2_32.dll
0x00007fff55f10000 - 0x00007fff55f37000 	C:\WINDOWS\SYSTEM32\WINMM.dll
0x00007fff55f00000 - 0x00007fff55f0a000 	C:\WINDOWS\SYSTEM32\VERSION.dll
0x00007fff5bf50000 - 0x00007fff5bf62000 	C:\WINDOWS\SYSTEM32\kernel.appcore.dll
0x00007fff59d40000 - 0x00007fff59d4a000 	c:\Users\nicho\.vscode\extensions\redhat.java-1.12.0-win32-x64\jre\17.0.4.1-win32-x86_64\bin\jimage.dll
0x00007fff4ce90000 - 0x00007fff4d074000 	C:\WINDOWS\SYSTEM32\DBGHELP.DLL
0x00007fff4cc50000 - 0x00007fff4cc7c000 	C:\WINDOWS\SYSTEM32\dbgcore.DLL
0x00007fff5e950000 - 0x00007fff5e9d2000 	C:\WINDOWS\System32\bcryptPrimitives.dll
0x00007fff394b0000 - 0x00007fff394d5000 	c:\Users\nicho\.vscode\extensions\redhat.java-1.12.0-win32-x64\jre\17.0.4.1-win32-x86_64\bin\java.dll
0x00007fff39450000 - 0x00007fff39468000 	c:\Users\nicho\.vscode\extensions\redhat.java-1.12.0-win32-x64\jre\17.0.4.1-win32-x86_64\bin\zip.dll
0x00007fff5ec10000 - 0x00007fff5f353000 	C:\WINDOWS\System32\SHELL32.dll
0x00007fff5c150000 - 0x00007fff5c8e2000 	C:\WINDOWS\SYSTEM32\windows.storage.dll
0x00007fff60560000 - 0x00007fff608b4000 	C:\WINDOWS\System32\combase.dll
0x00007fff5da10000 - 0x00007fff5da40000 	C:\WINDOWS\SYSTEM32\Wldp.dll
0x00007fff60150000 - 0x00007fff601fd000 	C:\WINDOWS\System32\SHCORE.dll
0x00007fff5ea80000 - 0x00007fff5ead5000 	C:\WINDOWS\System32\shlwapi.dll
0x00007fff5dfd0000 - 0x00007fff5dfef000 	C:\WINDOWS\SYSTEM32\profapi.dll
0x00007fff391e0000 - 0x00007fff391f9000 	C:\Users\nicho\.vscode\extensions\redhat.java-1.12.0-win32-x64\jre\17.0.4.1-win32-x86_64\bin\net.dll
0x00007fff4eb10000 - 0x00007fff4ec1c000 	C:\WINDOWS\SYSTEM32\WINHTTP.dll
0x00007fff5d770000 - 0x00007fff5d7da000 	C:\WINDOWS\system32\mswsock.dll
0x00007fff39430000 - 0x00007fff39445000 	C:\Users\nicho\.vscode\extensions\redhat.java-1.12.0-win32-x64\jre\17.0.4.1-win32-x86_64\bin\nio.dll
0x00007fff457f0000 - 0x00007fff45800000 	c:\Users\nicho\.vscode\extensions\redhat.java-1.12.0-win32-x64\jre\17.0.4.1-win32-x86_64\bin\verify.dll
0x00007fff3e500000 - 0x00007fff3e509000 	C:\Users\nicho\.vscode\extensions\redhat.java-1.12.0-win32-x64\jre\17.0.4.1-win32-x86_64\bin\management.dll
0x00007fff20ee0000 - 0x00007fff20eeb000 	C:\Users\nicho\.vscode\extensions\redhat.java-1.12.0-win32-x64\jre\17.0.4.1-win32-x86_64\bin\management_ext.dll
0x00007fff4a420000 - 0x00007fff4a437000 	C:\WINDOWS\system32\napinsp.dll
0x00007fff4a400000 - 0x00007fff4a41b000 	C:\WINDOWS\system32\pnrpnsp.dll
0x00007fff591d0000 - 0x00007fff591e5000 	C:\WINDOWS\system32\wshbth.dll
0x00007fff59a20000 - 0x00007fff59a3d000 	C:\WINDOWS\system32\NLAapi.dll
0x00007fff5d460000 - 0x00007fff5d49b000 	C:\WINDOWS\SYSTEM32\IPHLPAPI.DLL
0x00007fff5d4a0000 - 0x00007fff5d56a000 	C:\WINDOWS\SYSTEM32\DNSAPI.dll
0x00007fff5ea00000 - 0x00007fff5ea08000 	C:\WINDOWS\System32\NSI.dll
0x00007fff4a360000 - 0x00007fff4a372000 	C:\WINDOWS\System32\winrnr.dll
0x00007fff4ea90000 - 0x00007fff4ea9a000 	C:\Windows\System32\rasadhlp.dll
0x00007fff4ed30000 - 0x00007fff4edb0000 	C:\WINDOWS\System32\fwpuclnt.dll
0x00007fff5e2d0000 - 0x00007fff5e2f7000 	C:\WINDOWS\System32\bcrypt.dll
0x00007fff5d960000 - 0x00007fff5d978000 	C:\WINDOWS\SYSTEM32\CRYPTSP.dll
0x00007fff5d090000 - 0x00007fff5d0c4000 	C:\WINDOWS\system32\rsaenh.dll
0x00007fff5df50000 - 0x00007fff5df7e000 	C:\WINDOWS\SYSTEM32\USERENV.dll
0x00007fff5d980000 - 0x00007fff5d98c000 	C:\WINDOWS\SYSTEM32\CRYPTBASE.dll
0x00007fff52fd0000 - 0x00007fff52fe7000 	C:\WINDOWS\SYSTEM32\dhcpcsvc6.DLL
0x00007fff537e0000 - 0x00007fff537fd000 	C:\WINDOWS\SYSTEM32\dhcpcsvc.DLL

dbghelp: loaded successfully - version: 4.0.5 - missing functions: none
symbol engine: initialized successfully - sym options: 0x614 - pdb path: .;c:\Users\nicho\.vscode\extensions\redhat.java-1.12.0-win32-x64\jre\17.0.4.1-win32-x86_64\bin;C:\WINDOWS\SYSTEM32;C:\WINDOWS\WinSxS\amd64_microsoft.windows.common-controls_6595b64144ccf1df_6.0.19041.1110_none_60b5254171f9507e;c:\Users\nicho\.vscode\extensions\redhat.java-1.12.0-win32-x64\jre\17.0.4.1-win32-x86_64\bin\server

VM Arguments:
jvm_args: -Dsts.lsp.client=vscode -Dsts.log.file=/dev/null -XX:TieredStopAtLevel=1 -Xlog:jni+resolve=off -Dspring.config.location=file:c:\Users\nicho\.vscode\extensions\pivotal.vscode-spring-boot-1.40.0\language-server\BOOT-INF\classes\application.properties 
java_command: org.springframework.ide.vscode.boot.app.BootLanguageServerBootApp
java_class_path (initial): c:\Users\nicho\.vscode\extensions\pivotal.vscode-spring-boot-1.40.0\language-server\BOOT-INF\classes;c:\Users\nicho\.vscode\extensions\pivotal.vscode-spring-boot-1.40.0\language-server\BOOT-INF\lib\annotations-23.0.0.jar;c:\Users\nicho\.vscode\extensions\pivotal.vscode-spring-boot-1.40.0\language-server\BOOT-INF\lib\ant-1.10.12.jar;c:\Users\nicho\.vscode\extensions\pivotal.vscode-spring-boot-1.40.0\language-server\BOOT-INF\lib\ant-launcher-1.10.12.jar;c:\Users\nicho\.vscode\extensions\pivotal.vscode-spring-boot-1.40.0\language-server\BOOT-INF\lib\antlr-runtime-3.5.2.jar;c:\Users\nicho\.vscode\extensions\pivotal.vscode-spring-boot-1.40.0\language-server\BOOT-INF\lib\antlr4-4.9.3.jar;c:\Users\nicho\.vscode\extensions\pivotal.vscode-spring-boot-1.40.0\language-server\BOOT-INF\lib\antlr4-runtime-4.9.3.jar;c:\Users\nicho\.vscode\extensions\pivotal.vscode-spring-boot-1.40.0\language-server\BOOT-INF\lib\asm-9.3.jar;c:\Users\nicho\.vscode\extensions\pivotal.vscode-spring-boot-1.40.0\language-server\BOOT-INF\lib\asm-analysis-9.3.jar;c:\Users\nicho\.vscode\extensions\pivotal.vscode-spring-boot-1.40.0\language-server\BOOT-INF\lib\asm-tree-9.3.jar;c:\Users\nicho\.vscode\extensions\pivotal.vscode-spring-boot-1.40.0\language-server\BOOT-INF\lib\asm-util-9.3.jar;c:\Users\nicho\.vscode\extensions\pivotal.vscode-spring-boot-1.40.0\language-server\BOOT-INF\lib\byte-buddy-1.12.13.jar;c:\Users\nicho\.vscode\extensions\pivotal.vscode-spring-boot-1.40.0\language-server\BOOT-INF\lib\caffeine-2.9.3.jar;c:\Users\nicho\.vscode\extensions\pivotal.vscode-spring-boot-1.40.0\language-server\BOOT-INF\lib\checker-qual-3.12.0.jar;c:\Users\nicho\.vscode\extensions\pivotal.vscode-spring-boot-1.40.0\language-server\BOOT-INF\lib\classgraph-4.8.149.jar;c:\Users\nicho\.vscode\extensions\pivotal.vscode-spring-boot-1.40.0\language-server\BOOT-INF\lib\commons-codec-1.15.jar;c:\Users\nicho\.vscode\extensions\pivotal.vscode-spring-boot-1.40.0\language-server\BOOT-INF\lib\commons-c
Launcher Type: SUN_STANDARD

[Global flags]
     intx CICompilerCount                          = 3                                         {product} {ergonomic}
     uint ConcGCThreads                            = 1                                         {product} {ergonomic}
     uint G1ConcRefinementThreads                  = 4                                         {product} {ergonomic}
   size_t G1HeapRegionSize                         = 1048576                                   {product} {ergonomic}
    uintx GCDrainStackTargetSize                   = 64                                        {product} {ergonomic}
   size_t InitialHeapSize                          = 58720256                                  {product} {ergonomic}
   size_t MarkStackSize                            = 4194304                                   {product} {ergonomic}
   size_t MaxHeapSize                              = 924844032                                 {product} {ergonomic}
   size_t MaxNewSize                               = 554696704                                 {product} {ergonomic}
   size_t MinHeapDeltaBytes                        = 1048576                                   {product} {ergonomic}
   size_t MinHeapSize                              = 8388608                                   {product} {ergonomic}
    uintx NonProfiledCodeHeapSize                  = 0                                      {pd product} {ergonomic}
     bool ProfileInterpreter                       = false                                  {pd product} {command line}
    uintx ProfiledCodeHeapSize                     = 0                                      {pd product} {ergonomic}
   size_t SoftMaxHeapSize                          = 924844032                              {manageable} {ergonomic}
     intx TieredStopAtLevel                        = 1                                         {product} {command line}
     bool UseCompressedClassPointers               = true                           {product lp64_product} {ergonomic}
     bool UseCompressedOops                        = true                           {product lp64_product} {ergonomic}
     bool UseG1GC                                  = true                                      {product} {ergonomic}
     bool UseLargePagesIndividualAllocation        = false                                  {pd product} {ergonomic}

Logging:
Log output configuration:
 #0: stdout all=warning,jni+resolve=off uptime,level,tags
 #1: stderr all=off uptime,level,tags

Environment Variables:
PATH=C:\WINDOWS\system32;C:\WINDOWS;C:\WINDOWS\System32\Wbem;C:\WINDOWS\System32\WindowsPowerShell\v1.0\;C:\WINDOWS\System32\OpenSSH\;C:\Program Files\nodejs\;C:\Program Files\Go\bin;C:\Program Files\Git\cmd;C:\Program Files\dotnet\;C:\Program Files\Microsoft SQL Server\150\Tools\Binn\;C:\Program Files\Microsoft SQL Server\Client SDK\ODBC\170\Tools\Binn\;C:\Users\nicho\mongosh-1.6.0-win32-x64\bin\mongosh.exe\;C:\Users\nicho\AppData\Local\Programs\Python\Python39\Scripts\;C:\Users\nicho\AppData\Local\Programs\Python\Python39\;C:\Users\nicho\AppData\Local\Microsoft\WindowsApps;C:\Users\nicho\AppData\Local\GitHubDesktop\bin;C:\Users\nicho\AppData\Local\Programs\Microsoft VS Code\bin;C:\Users\nicho\AppData\Local\Microsoft\WindowsApps;C:\Users\nicho\AppData\Roaming\npm;C:\Users\nicho\go\bin;C:\Users\nicho\.dotnet\tools;C:\Users\nicho\mongosh-1.6.0-win32-x64\bin\mongosh.exe\;C:\Program Files\CodeBlocks\MinGW\bin;C:\Users\nicho\AppData\Local\Packages\PythonSoftwareFoundation.Python.3.9_qbz5n2kfra8p0\LocalCache\local-packages\Python39\Scripts;
USERNAME=nicho
OS=Windows_NT
PROCESSOR_IDENTIFIER=AMD64 Family 23 Model 24 Stepping 1, AuthenticAMD
TMP=C:\Users\nicho\AppData\Local\Temp
TEMP=C:\Users\nicho\AppData\Local\Temp



---------------  S Y S T E M  ---------------

OS:
 Windows 10 , 64 bit Build 19041 (10.0.19041.2251)
OS uptime: 1 days 1:10 hours

CPU: total 4 (initial active 4) (4 cores per cpu, 2 threads per core) family 23 model 24 stepping 1 microcode 0x0, cx8, cmov, fxsr, ht, mmx, 3dnowpref, sse, sse2, sse3, ssse3, sse4a, sse4.1, sse4.2, popcnt, lzcnt, tsc, tscinvbit, avx, avx2, aes, clmul, bmi1, bmi2, adx, sha, fma, vzeroupper, clflush, clflushopt

Memory: 4k page, system-wide physical 3522M (226M free)
TotalPageFile size 14274M (AvailPageFile size 85M)
current process WorkingSet (physical memory assigned to process): 251M, peak: 254M
current process commit charge ("private bytes"): 386M, peak: 490M

vm_info: OpenJDK 64-Bit Server VM (17.0.4.1+1) for windows-amd64 JRE (17.0.4.1+1), built on Aug 17 2022 07:42:43 by "temurin" with MS VC++ 16.7 (VS2019)

END.
