#
# There is insufficient memory for the Java Runtime Environment to continue.
# Native memory allocation (mmap) failed to map 161480704 bytes for G1 virtual space
# Possible reasons:
#   The system is out of physical RAM or swap space
#   The process is running with CompressedOops enabled, and the Java Heap may be blocking the growth of the native heap
# Possible solutions:
#   Reduce memory load on the system
#   Increase physical memory or swap space
#   Check if swap backing store is full
#   Decrease Java heap size (-Xmx/-Xms)
#   Decrease number of Java threads
#   Decrease Java thread stack sizes (-Xss)
#   Set larger code cache with -XX:ReservedCodeCacheSize=
#   JVM is running with Unscaled Compressed Oops mode in which the Java heap is
#     placed in the first 4GB address space. The Java Heap base address is the
#     maximum limit for the native heap growth. Please use -XX:HeapBaseMinAddress
#     to set the Java Heap base and to place the Java Heap above 4GB virtual address.
# This output file may be truncated or incomplete.
#
#  Out of Memory Error (os_windows.cpp:3541), pid=9164, tid=6956
#
# JRE version: OpenJDK Runtime Environment Temurin-17.0.4.1+1 (17.0.4.1+1) (build 17.0.4.1+1)
# Java VM: OpenJDK 64-Bit Server VM Temurin-17.0.4.1+1 (17.0.4.1+1, mixed mode, emulated-client, tiered, compressed oops, compressed class ptrs, g1 gc, windows-amd64)
# No core dump will be written. Minidumps are not enabled by default on client versions of Windows
#

---------------  S U M M A R Y ------------

Command Line: -Dsts.lsp.client=vscode -Dsts.log.file=/dev/null -XX:TieredStopAtLevel=1 -Xlog:jni+resolve=off -Dspring.config.location=file:c:\Users\nicho\.vscode\extensions\pivotal.vscode-spring-boot-1.40.0\language-server\BOOT-INF\classes\application.properties org.springframework.ide.vscode.boot.app.BootLanguageServerBootApp

Host: AMD Ryzen 3 3200U with Radeon Vega Mobile Gfx  , 4 cores, 3G,  Windows 10 , 64 bit Build 19041 (10.0.19041.2251)
Time: Mon Nov 28 19:54:58 2022 Haiti Standard Time elapsed time: 9.337026 seconds (0d 0h 0m 9s)

---------------  T H R E A D  ---------------

Current thread (0x000001727f914ef0):  VMThread "VM Thread" [stack: 0x000000357af00000,0x000000357b000000] [id=6956]

Stack: [0x000000357af00000,0x000000357b000000]
Native frames: (J=compiled Java code, j=interpreted, Vv=VM code, C=native code)
V  [jvm.dll+0x67731a]
V  [jvm.dll+0x832284]
V  [jvm.dll+0x833a2e]
V  [jvm.dll+0x834093]
V  [jvm.dll+0x245775]
V  [jvm.dll+0x674209]
V  [jvm.dll+0x668a92]
V  [jvm.dll+0x30471b]
V  [jvm.dll+0x30bc66]
V  [jvm.dll+0x35ba9e]
V  [jvm.dll+0x35bccf]
V  [jvm.dll+0x2db5b8]
V  [jvm.dll+0x2d986c]
V  [jvm.dll+0x2d8e3c]
V  [jvm.dll+0x31cd9b]
V  [jvm.dll+0x83853b]
V  [jvm.dll+0x839274]
V  [jvm.dll+0x83978c]
V  [jvm.dll+0x839b64]
V  [jvm.dll+0x839c30]
V  [jvm.dll+0x7e240a]
V  [jvm.dll+0x6761a5]
C  [ucrtbase.dll+0x21bb2]
C  [KERNEL32.DLL+0x174b4]
C  [ntdll.dll+0x526a1]

VM_Operation (0x000000357d1fe230): G1CollectForAllocation, mode: safepoint, requested by thread 0x0000017208935f60


---------------  P R O C E S S  ---------------

Threads class SMR info:
_java_thread_list=0x0000017208974a50, length=39, elements={
0x000001727f93a760, 0x000001727f93bff0, 0x000001727f978130, 0x000001727f97aeb0,
0x000001727f97d880, 0x000001727f97e230, 0x000001727f97fbb0, 0x000001727f980c50,
0x000001727b8554f0, 0x00000172068f8380, 0x0000017206997cc0, 0x00000172069ad010,
0x000001720855fae0, 0x00000172084d3ba0, 0x00000172084d4070, 0x000001727b7836b0,
0x00000172082ba3c0, 0x0000017207174740, 0x00000172086cefd0, 0x00000172086cf4a0,
0x00000172086cf970, 0x0000017206832a10, 0x0000017206833880, 0x0000017206832ee0,
0x00000172068333b0, 0x0000017206832070, 0x0000017206832540, 0x00000172089385e0,
0x0000017208936430, 0x0000017208937770, 0x0000017208935f60, 0x0000017208936900,
0x0000017208937c40, 0x0000017208938110, 0x0000017208938ab0, 0x0000017208939920,
0x0000017208938f80, 0x000001720893bfa0, 0x0000017208939450
}

Java Threads: ( => current thread )
  0x000001727f93a760 JavaThread "Reference Handler" daemon [_thread_blocked, id=120, stack(0x000000357b000000,0x000000357b100000)]
  0x000001727f93bff0 JavaThread "Finalizer" daemon [_thread_blocked, id=13308, stack(0x000000357b100000,0x000000357b200000)]
  0x000001727f978130 JavaThread "Signal Dispatcher" daemon [_thread_blocked, id=660, stack(0x000000357b200000,0x000000357b300000)]
  0x000001727f97aeb0 JavaThread "Attach Listener" daemon [_thread_blocked, id=6700, stack(0x000000357b300000,0x000000357b400000)]
  0x000001727f97d880 JavaThread "Service Thread" daemon [_thread_blocked, id=600, stack(0x000000357b400000,0x000000357b500000)]
  0x000001727f97e230 JavaThread "Monitor Deflation Thread" daemon [_thread_blocked, id=11744, stack(0x000000357b500000,0x000000357b600000)]
  0x000001727f97fbb0 JavaThread "C1 CompilerThread0" daemon [_thread_blocked, id=5136, stack(0x000000357b600000,0x000000357b700000)]
  0x000001727f980c50 JavaThread "Sweeper thread" daemon [_thread_blocked, id=13260, stack(0x000000357b700000,0x000000357b800000)]
  0x000001727b8554f0 JavaThread "C1 CompilerThread1" daemon [_thread_blocked, id=2824, stack(0x000000357b800000,0x000000357b900000)]
  0x00000172068f8380 JavaThread "C1 CompilerThread2" daemon [_thread_blocked, id=12476, stack(0x000000357b900000,0x000000357ba00000)]
  0x0000017206997cc0 JavaThread "Notification Thread" daemon [_thread_blocked, id=13936, stack(0x000000357ba00000,0x000000357bb00000)]
  0x00000172069ad010 JavaThread "Common-Cleaner" daemon [_thread_blocked, id=15256, stack(0x000000357bc00000,0x000000357bd00000)]
  0x000001720855fae0 JavaThread "boundedElastic-evictor-1" daemon [_thread_blocked, id=2704, stack(0x000000357c000000,0x000000357c100000)]
  0x00000172084d3ba0 JavaThread "pool-9-thread-1" [_thread_blocked, id=7180, stack(0x000000357c100000,0x000000357c200000)]
  0x00000172084d4070 JavaThread "LanguageServerApp-lifecycle" [_thread_blocked, id=13216, stack(0x000000357c200000,0x000000357c300000)]
  0x000001727b7836b0 JavaThread "DestroyJavaVM" [_thread_blocked, id=7620, stack(0x000000357a900000,0x000000357aa00000)]
  0x00000172082ba3c0 JavaThread "pool-10-thread-1" [_thread_in_native, id=12656, stack(0x000000357c300000,0x000000357c400000)]
  0x0000017207174740 JavaThread "Simple-Language-Server main thread" daemon [_thread_blocked, id=11888, stack(0x000000357c400000,0x000000357c500000)]
  0x00000172086cefd0 JavaThread "ForkJoinPool.commonPool-worker-1" daemon [_thread_blocked, id=13168, stack(0x000000357c500000,0x000000357c600000)]
  0x00000172086cf4a0 JavaThread "pool-7-thread-1" [_thread_blocked, id=7912, stack(0x000000357c600000,0x000000357c700000)]
  0x00000172086cf970 JavaThread "parallel-1" daemon [_thread_blocked, id=14564, stack(0x000000357c700000,0x000000357c800000)]
  0x0000017206832a10 JavaThread "parallel-2" daemon [_thread_blocked, id=12028, stack(0x000000357c800000,0x000000357c900000)]
  0x0000017206833880 JavaThread "parallel-3" daemon [_thread_blocked, id=10788, stack(0x000000357c900000,0x000000357ca00000)]
  0x0000017206832ee0 JavaThread "parallel-4" daemon [_thread_blocked, id=2124, stack(0x000000357ca00000,0x000000357cb00000)]
  0x00000172068333b0 JavaThread "Reconciler-1" daemon [_thread_blocked, id=14404, stack(0x000000357cb00000,0x000000357cc00000)]
  0x0000017206832070 JavaThread "pool-4-thread-1" [_thread_blocked, id=1732, stack(0x000000357cc00000,0x000000357cd00000)]
  0x0000017206832540 JavaThread "ForkJoinPool.commonPool-worker-2" daemon [_thread_blocked, id=10020, stack(0x000000357cd00000,0x000000357ce00000)]
  0x00000172089385e0 JavaThread "pool-4-thread-2" [_thread_blocked, id=9536, stack(0x000000357ce00000,0x000000357cf00000)]
  0x0000017208936430 JavaThread "ClassGraph-worker-0" daemon [_thread_blocked, id=15148, stack(0x000000357cf00000,0x000000357d000000)]
  0x0000017208937770 JavaThread "ClassGraph-worker-1" daemon [_thread_blocked, id=1176, stack(0x000000357d000000,0x000000357d100000)]
  0x0000017208935f60 JavaThread "ClassGraph-worker-2" daemon [_thread_blocked, id=12580, stack(0x000000357d100000,0x000000357d200000)]
  0x0000017208936900 JavaThread "ClassGraph-worker-3" daemon [_thread_blocked, id=12524, stack(0x000000357d200000,0x000000357d300000)]
  0x0000017208937c40 JavaThread "ClassGraph-worker-4" daemon [_thread_blocked, id=4820, stack(0x000000357d300000,0x000000357d400000)]
  0x0000017208938110 JavaThread "ClassGraph-worker-5" daemon [_thread_blocked, id=2272, stack(0x000000357d400000,0x000000357d500000)]
  0x0000017208938ab0 JavaThread "ClassGraph-worker-6" daemon [_thread_blocked, id=14084, stack(0x000000357d500000,0x000000357d600000)]
  0x0000017208939920 JavaThread "ClassGraph-worker-7" daemon [_thread_blocked, id=7440, stack(0x000000357d600000,0x000000357d700000)]
  0x0000017208938f80 JavaThread "pool-5-thread-1" [_thread_blocked, id=13744, stack(0x000000357d800000,0x000000357d900000)]
  0x000001720893bfa0 JavaThread "ForkJoinPool.commonPool-worker-3" daemon [_thread_blocked, id=7184, stack(0x000000357d900000,0x000000357da00000)]
  0x0000017208939450 JavaThread "Project-Reconciler-1" daemon [_thread_blocked, id=13304, stack(0x000000357da00000,0x000000357db00000)]

Other Threads:
=>0x000001727f914ef0 VMThread "VM Thread" [stack: 0x000000357af00000,0x000000357b000000] [id=6956]
  0x000001720699a1a0 WatcherThread [stack: 0x000000357bb00000,0x000000357bc00000] [id=10880]
  0x000001727b7bca70 GCTaskThread "GC Thread#0" [stack: 0x000000357aa00000,0x000000357ab00000] [id=2592]
  0x00000172071aa070 GCTaskThread "GC Thread#1" [stack: 0x000000357bd00000,0x000000357be00000] [id=12628]
  0x00000172071c1c20 GCTaskThread "GC Thread#2" [stack: 0x000000357be00000,0x000000357bf00000] [id=13172]
  0x00000172072b8810 GCTaskThread "GC Thread#3" [stack: 0x000000357bf00000,0x000000357c000000] [id=14192]
  0x000001727b7c5800 ConcurrentGCThread "G1 Main Marker" [stack: 0x000000357ab00000,0x000000357ac00000] [id=2496]
  0x000001727b7c6210 ConcurrentGCThread "G1 Conc#0" [stack: 0x000000357ac00000,0x000000357ad00000] [id=15272]
  0x000001727b802720 ConcurrentGCThread "G1 Refine#0" [stack: 0x000000357ad00000,0x000000357ae00000] [id=3024]
  0x00000172086c1e50 ConcurrentGCThread "G1 Refine#1" [stack: 0x000000357d700000,0x000000357d800000] [id=1508]
  0x00000172086c26f0 ConcurrentGCThread "G1 Refine#2" [stack: 0x000000357db00000,0x000000357dc00000] [id=15276]
  0x000001727b803140 ConcurrentGCThread "G1 Service" [stack: 0x000000357ae00000,0x000000357af00000] [id=7148]

Threads with active compile tasks:

VM state: at safepoint (normal execution)

VM Mutex/Monitor currently owned by a thread:  ([mutex/lock_event])
[0x00000172795f7350] Threads_lock - owner thread: 0x000001727f914ef0
[0x000001727b7811e0] Heap_lock - owner thread: 0x0000017208935f60

Heap address: 0x00000000c8e00000, size: 882 MB, Compressed Oops mode: 32-bit

CDS archive(s) not mapped
Compressed class space mapped at: 0x0000000100000000-0x0000000140000000, reserved size: 1073741824
Narrow klass base: 0x0000000000000000, Narrow klass shift: 3, Narrow klass range: 0x140000000

GC Precious Log:
 CPUs: 4 total, 4 available
 Memory: 3522M
 Large Page Support: Disabled
 NUMA Support: Disabled
 Compressed Oops: Enabled (32-bit)
 Heap Region Size: 1M
 Heap Min Capacity: 8M
 Heap Initial Capacity: 56M
 Heap Max Capacity: 882M
 Pre-touch: Disabled
 Parallel Workers: 4
 Concurrent Workers: 1
 Concurrent Refinement Workers: 4
 Periodic GC: Disabled

Heap:
 garbage-first heap   total 203776K, used 83272K [0x00000000c8e00000, 0x0000000100000000)
  region size 1024K, 6 young (6144K), 6 survivors (6144K)
 Metaspace       used 42703K, committed 43072K, reserved 1089536K
  class space    used 5289K, committed 5504K, reserved 1048576K

Heap Regions: E=young(eden), S=young(survivor), O=old, HS=humongous(starts), HC=humongous(continues), CS=collection set, F=free, OA=open archive, CA=closed archive, TAMS=top-at-mark-start (previous, next)
|   0|0x00000000c8e00000, 0x00000000c8f00000, 0x00000000c8f00000|100%| O|  |TAMS 0x00000000c8f00000, 0x00000000c8e00000| Untracked 
|   1|0x00000000c8f00000, 0x00000000c9000000, 0x00000000c9000000|100%| O|  |TAMS 0x00000000c9000000, 0x00000000c8f00000| Untracked 
|   2|0x00000000c9000000, 0x00000000c9100000, 0x00000000c9100000|100%| O|  |TAMS 0x00000000c9100000, 0x00000000c9000000| Untracked 
|   3|0x00000000c9100000, 0x00000000c9200000, 0x00000000c9200000|100%| O|  |TAMS 0x00000000c9200000, 0x00000000c9100000| Untracked 
|   4|0x00000000c9200000, 0x00000000c9300000, 0x00000000c9300000|100%| O|  |TAMS 0x00000000c9300000, 0x00000000c9200000| Untracked 
|   5|0x00000000c9300000, 0x00000000c9400000, 0x00000000c9400000|100%| O|  |TAMS 0x00000000c9400000, 0x00000000c9300000| Untracked 
|   6|0x00000000c9400000, 0x00000000c9500000, 0x00000000c9500000|100%| O|  |TAMS 0x00000000c9500000, 0x00000000c9400000| Untracked 
|   7|0x00000000c9500000, 0x00000000c9600000, 0x00000000c9600000|100%| O|  |TAMS 0x00000000c9600000, 0x00000000c9500000| Untracked 
|   8|0x00000000c9600000, 0x00000000c9700000, 0x00000000c9700000|100%| O|  |TAMS 0x00000000c9700000, 0x00000000c9600000| Untracked 
|   9|0x00000000c9700000, 0x00000000c9800000, 0x00000000c9800000|100%| O|  |TAMS 0x00000000c9800000, 0x00000000c9700000| Untracked 
|  10|0x00000000c9800000, 0x00000000c9900000, 0x00000000c9900000|100%| O|  |TAMS 0x00000000c9900000, 0x00000000c9800000| Untracked 
|  11|0x00000000c9900000, 0x00000000c9a00000, 0x00000000c9a00000|100%| O|  |TAMS 0x00000000c9a00000, 0x00000000c9900000| Untracked 
|  12|0x00000000c9a00000, 0x00000000c9b00000, 0x00000000c9b00000|100%| O|  |TAMS 0x00000000c9b00000, 0x00000000c9a00000| Untracked 
|  13|0x00000000c9b00000, 0x00000000c9c00000, 0x00000000c9c00000|100%| O|  |TAMS 0x00000000c9c00000, 0x00000000c9b00000| Untracked 
|  14|0x00000000c9c00000, 0x00000000c9d00000, 0x00000000c9d00000|100%| O|  |TAMS 0x00000000c9d00000, 0x00000000c9c00000| Untracked 
|  15|0x00000000c9d00000, 0x00000000c9e00000, 0x00000000c9e00000|100%| O|  |TAMS 0x00000000c9e00000, 0x00000000c9d00000| Untracked 
|  16|0x00000000c9e00000, 0x00000000c9f00000, 0x00000000c9f00000|100%| O|  |TAMS 0x00000000c9f00000, 0x00000000c9e00000| Untracked 
|  17|0x00000000c9f00000, 0x00000000ca000000, 0x00000000ca000000|100%| O|  |TAMS 0x00000000ca000000, 0x00000000c9f00000| Untracked 
|  18|0x00000000ca000000, 0x00000000ca100000, 0x00000000ca100000|100%| O|  |TAMS 0x00000000ca100000, 0x00000000ca000000| Untracked 
|  19|0x00000000ca100000, 0x00000000ca200000, 0x00000000ca200000|100%| O|  |TAMS 0x00000000ca200000, 0x00000000ca100000| Untracked 
|  20|0x00000000ca200000, 0x00000000ca300000, 0x00000000ca300000|100%| O|  |TAMS 0x00000000ca300000, 0x00000000ca200000| Untracked 
|  21|0x00000000ca300000, 0x00000000ca400000, 0x00000000ca400000|100%| O|  |TAMS 0x00000000ca400000, 0x00000000ca300000| Untracked 
|  22|0x00000000ca400000, 0x00000000ca500000, 0x00000000ca500000|100%| O|  |TAMS 0x00000000ca500000, 0x00000000ca400000| Untracked 
|  23|0x00000000ca500000, 0x00000000ca600000, 0x00000000ca600000|100%| O|  |TAMS 0x00000000ca600000, 0x00000000ca500000| Untracked 
|  24|0x00000000ca600000, 0x00000000ca700000, 0x00000000ca700000|100%| O|  |TAMS 0x00000000ca700000, 0x00000000ca600000| Untracked 
|  25|0x00000000ca700000, 0x00000000ca800000, 0x00000000ca800000|100%| O|  |TAMS 0x00000000ca800000, 0x00000000ca700000| Untracked 
|  26|0x00000000ca800000, 0x00000000ca900000, 0x00000000ca900000|100%| O|  |TAMS 0x00000000ca900000, 0x00000000ca800000| Untracked 
|  27|0x00000000ca900000, 0x00000000caa00000, 0x00000000caa00000|100%| O|  |TAMS 0x00000000caa00000, 0x00000000ca900000| Untracked 
|  28|0x00000000caa00000, 0x00000000cab00000, 0x00000000cab00000|100%| O|  |TAMS 0x00000000cab00000, 0x00000000caa00000| Untracked 
|  29|0x00000000cab00000, 0x00000000cac00000, 0x00000000cac00000|100%| O|  |TAMS 0x00000000cac00000, 0x00000000cab00000| Untracked 
|  30|0x00000000cac00000, 0x00000000cad00000, 0x00000000cad00000|100%| O|  |TAMS 0x00000000cad00000, 0x00000000cac00000| Untracked 
|  31|0x00000000cad00000, 0x00000000cae00000, 0x00000000cae00000|100%| O|  |TAMS 0x00000000cae00000, 0x00000000cad00000| Untracked 
|  32|0x00000000cae00000, 0x00000000caf00000, 0x00000000caf00000|100%| O|  |TAMS 0x00000000caf00000, 0x00000000cae00000| Untracked 
|  33|0x00000000caf00000, 0x00000000cb000000, 0x00000000cb000000|100%| O|  |TAMS 0x00000000cb000000, 0x00000000caf00000| Untracked 
|  34|0x00000000cb000000, 0x00000000cb100000, 0x00000000cb100000|100%| O|  |TAMS 0x00000000cb100000, 0x00000000cb000000| Untracked 
|  35|0x00000000cb100000, 0x00000000cb200000, 0x00000000cb200000|100%| O|  |TAMS 0x00000000cb100000, 0x00000000cb100000| Untracked 
|  36|0x00000000cb200000, 0x00000000cb300000, 0x00000000cb300000|100%| O|  |TAMS 0x00000000cb300000, 0x00000000cb200000| Untracked 
|  37|0x00000000cb300000, 0x00000000cb400000, 0x00000000cb400000|100%| O|  |TAMS 0x00000000cb400000, 0x00000000cb300000| Untracked 
|  38|0x00000000cb400000, 0x00000000cb500000, 0x00000000cb500000|100%| O|  |TAMS 0x00000000cb500000, 0x00000000cb400000| Untracked 
|  39|0x00000000cb500000, 0x00000000cb600000, 0x00000000cb600000|100%| O|  |TAMS 0x00000000cb600000, 0x00000000cb500000| Untracked 
|  40|0x00000000cb600000, 0x00000000cb700000, 0x00000000cb700000|100%| O|  |TAMS 0x00000000cb700000, 0x00000000cb600000| Untracked 
|  41|0x00000000cb700000, 0x00000000cb800000, 0x00000000cb800000|100%| O|  |TAMS 0x00000000cb800000, 0x00000000cb700000| Untracked 
|  42|0x00000000cb800000, 0x00000000cb900000, 0x00000000cb900000|100%| O|  |TAMS 0x00000000cb900000, 0x00000000cb800000| Untracked 
|  43|0x00000000cb900000, 0x00000000cba00000, 0x00000000cba00000|100%| O|  |TAMS 0x00000000cba00000, 0x00000000cb900000| Untracked 
|  44|0x00000000cba00000, 0x00000000cbb00000, 0x00000000cbb00000|100%| O|  |TAMS 0x00000000cbb00000, 0x00000000cba00000| Untracked 
|  45|0x00000000cbb00000, 0x00000000cbc00000, 0x00000000cbc00000|100%| O|  |TAMS 0x00000000cbc00000, 0x00000000cbb00000| Untracked 
|  46|0x00000000cbc00000, 0x00000000cbd00000, 0x00000000cbd00000|100%| O|  |TAMS 0x00000000cbd00000, 0x00000000cbc00000| Untracked 
|  47|0x00000000cbd00000, 0x00000000cbe00000, 0x00000000cbe00000|100%| O|  |TAMS 0x00000000cbe00000, 0x00000000cbd00000| Untracked 
|  48|0x00000000cbe00000, 0x00000000cbf00000, 0x00000000cbf00000|100%| O|  |TAMS 0x00000000cbf00000, 0x00000000cbe00000| Untracked 
|  49|0x00000000cbf00000, 0x00000000cc000000, 0x00000000cc000000|100%|HS|  |TAMS 0x00000000cc000000, 0x00000000cbf00000| Complete 
|  50|0x00000000cc000000, 0x00000000cc100000, 0x00000000cc100000|100%| O|  |TAMS 0x00000000cc100000, 0x00000000cc000000| Untracked 
|  51|0x00000000cc100000, 0x00000000cc200000, 0x00000000cc200000|100%| O|  |TAMS 0x00000000cc200000, 0x00000000cc100000| Untracked 
|  52|0x00000000cc200000, 0x00000000cc300000, 0x00000000cc300000|100%| O|  |TAMS 0x00000000cc300000, 0x00000000cc200000| Untracked 
|  53|0x00000000cc300000, 0x00000000cc400000, 0x00000000cc400000|100%| O|  |TAMS 0x00000000cc400000, 0x00000000cc300000| Untracked 
|  54|0x00000000cc400000, 0x00000000cc500000, 0x00000000cc500000|100%| O|  |TAMS 0x00000000cc500000, 0x00000000cc400000| Untracked 
|  55|0x00000000cc500000, 0x00000000cc600000, 0x00000000cc600000|100%| O|  |TAMS 0x00000000cc600000, 0x00000000cc500000| Untracked 
|  56|0x00000000cc600000, 0x00000000cc700000, 0x00000000cc700000|100%| O|  |TAMS 0x00000000cc700000, 0x00000000cc600000| Untracked 
|  57|0x00000000cc700000, 0x00000000cc800000, 0x00000000cc800000|100%| O|  |TAMS 0x00000000cc800000, 0x00000000cc700000| Untracked 
|  58|0x00000000cc800000, 0x00000000cc900000, 0x00000000cc900000|100%| O|  |TAMS 0x00000000cc900000, 0x00000000cc800000| Untracked 
|  59|0x00000000cc900000, 0x00000000cca00000, 0x00000000cca00000|100%| O|  |TAMS 0x00000000cca00000, 0x00000000cc900000| Untracked 
|  60|0x00000000cca00000, 0x00000000ccb00000, 0x00000000ccb00000|100%| O|  |TAMS 0x00000000ccb00000, 0x00000000cca00000| Untracked 
|  61|0x00000000ccb00000, 0x00000000ccc00000, 0x00000000ccc00000|100%| O|  |TAMS 0x00000000ccc00000, 0x00000000ccb00000| Untracked 
|  62|0x00000000ccc00000, 0x00000000ccd00000, 0x00000000ccd00000|100%| O|  |TAMS 0x00000000ccd00000, 0x00000000ccc00000| Untracked 
|  63|0x00000000ccd00000, 0x00000000cce00000, 0x00000000cce00000|100%| O|  |TAMS 0x00000000ccd00000, 0x00000000ccd00000| Untracked 
|  64|0x00000000cce00000, 0x00000000ccf00000, 0x00000000ccf00000|100%| O|  |TAMS 0x00000000cce00000, 0x00000000cce00000| Untracked 
|  65|0x00000000ccf00000, 0x00000000cd000000, 0x00000000cd000000|100%| O|  |TAMS 0x00000000ccf00000, 0x00000000ccf00000| Untracked 
|  66|0x00000000cd000000, 0x00000000cd100000, 0x00000000cd100000|100%| O|  |TAMS 0x00000000cd000000, 0x00000000cd000000| Untracked 
|  67|0x00000000cd100000, 0x00000000cd200000, 0x00000000cd200000|100%| O|  |TAMS 0x00000000cd100000, 0x00000000cd100000| Untracked 
|  68|0x00000000cd200000, 0x00000000cd300000, 0x00000000cd300000|100%| O|  |TAMS 0x00000000cd200000, 0x00000000cd200000| Untracked 
|  69|0x00000000cd300000, 0x00000000cd400000, 0x00000000cd400000|100%| O|  |TAMS 0x00000000cd300000, 0x00000000cd300000| Untracked 
|  70|0x00000000cd400000, 0x00000000cd500000, 0x00000000cd500000|100%| O|  |TAMS 0x00000000cd400000, 0x00000000cd400000| Untracked 
|  71|0x00000000cd500000, 0x00000000cd600000, 0x00000000cd600000|100%| O|  |TAMS 0x00000000cd500000, 0x00000000cd500000| Untracked 
|  72|0x00000000cd600000, 0x00000000cd700000, 0x00000000cd700000|100%| O|  |TAMS 0x00000000cd600000, 0x00000000cd600000| Untracked 
|  73|0x00000000cd700000, 0x00000000cd800000, 0x00000000cd800000|100%| O|  |TAMS 0x00000000cd700000, 0x00000000cd700000| Untracked 
|  74|0x00000000cd800000, 0x00000000cd900000, 0x00000000cd900000|100%| O|  |TAMS 0x00000000cd800000, 0x00000000cd800000| Untracked 
|  75|0x00000000cd900000, 0x00000000cd996600, 0x00000000cda00000| 58%| O|  |TAMS 0x00000000cd900000, 0x00000000cd900000| Untracked 
|  76|0x00000000cda00000, 0x00000000cda00000, 0x00000000cdb00000|  0%| F|  |TAMS 0x00000000cda00000, 0x00000000cda00000| Untracked 
|  77|0x00000000cdb00000, 0x00000000cdb00000, 0x00000000cdc00000|  0%| F|  |TAMS 0x00000000cdb00000, 0x00000000cdb00000| Untracked 
|  78|0x00000000cdc00000, 0x00000000cdc00000, 0x00000000cdd00000|  0%| F|  |TAMS 0x00000000cdc00000, 0x00000000cdc00000| Untracked 
|  79|0x00000000cdd00000, 0x00000000cdd00000, 0x00000000cde00000|  0%| F|  |TAMS 0x00000000cdd00000, 0x00000000cdd00000| Untracked 
|  80|0x00000000cde00000, 0x00000000cde00000, 0x00000000cdf00000|  0%| F|  |TAMS 0x00000000cde00000, 0x00000000cde00000| Untracked 
|  81|0x00000000cdf00000, 0x00000000cdf00000, 0x00000000ce000000|  0%| F|  |TAMS 0x00000000cdf00000, 0x00000000cdf00000| Untracked 
|  82|0x00000000ce000000, 0x00000000ce000000, 0x00000000ce100000|  0%| F|  |TAMS 0x00000000ce000000, 0x00000000ce000000| Untracked 
|  83|0x00000000ce100000, 0x00000000ce100000, 0x00000000ce200000|  0%| F|  |TAMS 0x00000000ce100000, 0x00000000ce100000| Untracked 
|  84|0x00000000ce200000, 0x00000000ce200000, 0x00000000ce300000|  0%| F|  |TAMS 0x00000000ce200000, 0x00000000ce200000| Untracked 
|  85|0x00000000ce300000, 0x00000000ce300000, 0x00000000ce400000|  0%| F|  |TAMS 0x00000000ce300000, 0x00000000ce300000| Untracked 
|  86|0x00000000ce400000, 0x00000000ce400000, 0x00000000ce500000|  0%| F|  |TAMS 0x00000000ce400000, 0x00000000ce400000| Untracked 
|  87|0x00000000ce500000, 0x00000000ce500000, 0x00000000ce600000|  0%| F|  |TAMS 0x00000000ce500000, 0x00000000ce500000| Untracked 
|  88|0x00000000ce600000, 0x00000000ce600000, 0x00000000ce700000|  0%| F|  |TAMS 0x00000000ce600000, 0x00000000ce600000| Untracked 
|  89|0x00000000ce700000, 0x00000000ce700000, 0x00000000ce800000|  0%| F|  |TAMS 0x00000000ce700000, 0x00000000ce700000| Untracked 
|  90|0x00000000ce800000, 0x00000000ce800000, 0x00000000ce900000|  0%| F|  |TAMS 0x00000000ce800000, 0x00000000ce800000| Untracked 
|  91|0x00000000ce900000, 0x00000000ce900000, 0x00000000cea00000|  0%| F|  |TAMS 0x00000000ce900000, 0x00000000ce900000| Untracked 
|  92|0x00000000cea00000, 0x00000000cea00000, 0x00000000ceb00000|  0%| F|  |TAMS 0x00000000cea00000, 0x00000000cea00000| Untracked 
|  93|0x00000000ceb00000, 0x00000000ceb00000, 0x00000000cec00000|  0%| F|  |TAMS 0x00000000ceb00000, 0x00000000ceb00000| Untracked 
|  94|0x00000000cec00000, 0x00000000cec00000, 0x00000000ced00000|  0%| F|  |TAMS 0x00000000cec00000, 0x00000000cec00000| Untracked 
|  95|0x00000000ced00000, 0x00000000ced00000, 0x00000000cee00000|  0%| F|  |TAMS 0x00000000ced00000, 0x00000000ced00000| Untracked 
|  96|0x00000000cee00000, 0x00000000cee00000, 0x00000000cef00000|  0%| F|  |TAMS 0x00000000cee00000, 0x00000000cee00000| Untracked 
|  97|0x00000000cef00000, 0x00000000cef00000, 0x00000000cf000000|  0%| F|  |TAMS 0x00000000cef00000, 0x00000000cef00000| Untracked 
|  98|0x00000000cf000000, 0x00000000cf000000, 0x00000000cf100000|  0%| F|  |TAMS 0x00000000cf000000, 0x00000000cf000000| Untracked 
|  99|0x00000000cf100000, 0x00000000cf100000, 0x00000000cf200000|  0%| F|  |TAMS 0x00000000cf100000, 0x00000000cf100000| Untracked 
| 100|0x00000000cf200000, 0x00000000cf200000, 0x00000000cf300000|  0%| F|  |TAMS 0x00000000cf200000, 0x00000000cf200000| Untracked 
| 101|0x00000000cf300000, 0x00000000cf300000, 0x00000000cf400000|  0%| F|  |TAMS 0x00000000cf300000, 0x00000000cf300000| Untracked 
| 102|0x00000000cf400000, 0x00000000cf400000, 0x00000000cf500000|  0%| F|  |TAMS 0x00000000cf400000, 0x00000000cf400000| Untracked 
| 103|0x00000000cf500000, 0x00000000cf500000, 0x00000000cf600000|  0%| F|  |TAMS 0x00000000cf500000, 0x00000000cf500000| Untracked 
| 104|0x00000000cf600000, 0x00000000cf600000, 0x00000000cf700000|  0%| F|  |TAMS 0x00000000cf600000, 0x00000000cf600000| Untracked 
| 105|0x00000000cf700000, 0x00000000cf700000, 0x00000000cf800000|  0%| F|  |TAMS 0x00000000cf700000, 0x00000000cf700000| Untracked 
| 106|0x00000000cf800000, 0x00000000cf800000, 0x00000000cf900000|  0%| F|  |TAMS 0x00000000cf800000, 0x00000000cf800000| Untracked 
| 107|0x00000000cf900000, 0x00000000cf900000, 0x00000000cfa00000|  0%| F|  |TAMS 0x00000000cf900000, 0x00000000cf900000| Untracked 
| 108|0x00000000cfa00000, 0x00000000cfa00000, 0x00000000cfb00000|  0%| F|  |TAMS 0x00000000cfa00000, 0x00000000cfa00000| Untracked 
| 109|0x00000000cfb00000, 0x00000000cfb00000, 0x00000000cfc00000|  0%| F|  |TAMS 0x00000000cfb00000, 0x00000000cfb00000| Untracked 
| 110|0x00000000cfc00000, 0x00000000cfc00000, 0x00000000cfd00000|  0%| F|  |TAMS 0x00000000cfc00000, 0x00000000cfc00000| Untracked 
| 111|0x00000000cfd00000, 0x00000000cfd00000, 0x00000000cfe00000|  0%| F|  |TAMS 0x00000000cfd00000, 0x00000000cfd00000| Untracked 
| 112|0x00000000cfe00000, 0x00000000cfebbb18, 0x00000000cff00000| 73%| S|CS|TAMS 0x00000000cfe00000, 0x00000000cfe00000| Complete 
| 113|0x00000000cff00000, 0x00000000d0000000, 0x00000000d0000000|100%| S|CS|TAMS 0x00000000cff00000, 0x00000000cff00000| Complete 
| 114|0x00000000d0000000, 0x00000000d0100000, 0x00000000d0100000|100%| S|CS|TAMS 0x00000000d0000000, 0x00000000d0000000| Complete 
| 115|0x00000000d0100000, 0x00000000d0200000, 0x00000000d0200000|100%| S|CS|TAMS 0x00000000d0100000, 0x00000000d0100000| Complete 
| 116|0x00000000d0200000, 0x00000000d0200000, 0x00000000d0300000|  0%| F|  |TAMS 0x00000000d0200000, 0x00000000d0200000| Untracked 
| 117|0x00000000d0300000, 0x00000000d0300000, 0x00000000d0400000|  0%| F|  |TAMS 0x00000000d0300000, 0x00000000d0300000| Untracked 
| 118|0x00000000d0400000, 0x00000000d0400000, 0x00000000d0500000|  0%| F|  |TAMS 0x00000000d0400000, 0x00000000d0400000| Untracked 
| 119|0x00000000d0500000, 0x00000000d0500000, 0x00000000d0600000|  0%| F|  |TAMS 0x00000000d0500000, 0x00000000d0500000| Untracked 
| 120|0x00000000d0600000, 0x00000000d0600000, 0x00000000d0700000|  0%| F|  |TAMS 0x00000000d0600000, 0x00000000d0600000| Untracked 
| 121|0x00000000d0700000, 0x00000000d0700000, 0x00000000d0800000|  0%| F|  |TAMS 0x00000000d0700000, 0x00000000d0700000| Untracked 
| 122|0x00000000d0800000, 0x00000000d0800000, 0x00000000d0900000|  0%| F|  |TAMS 0x00000000d0800000, 0x00000000d0800000| Untracked 
| 123|0x00000000d0900000, 0x00000000d0a00000, 0x00000000d0a00000|100%| S|CS|TAMS 0x00000000d0900000, 0x00000000d0900000| Complete 
| 124|0x00000000d0a00000, 0x00000000d0b00000, 0x00000000d0b00000|100%| S|CS|TAMS 0x00000000d0a00000, 0x00000000d0a00000| Complete 
| 125|0x00000000d0b00000, 0x00000000d0b00000, 0x00000000d0c00000|  0%| F|  |TAMS 0x00000000d0b00000, 0x00000000d0b00000| Untracked 
| 126|0x00000000d0c00000, 0x00000000d0c00000, 0x00000000d0d00000|  0%| F|  |TAMS 0x00000000d0c00000, 0x00000000d0c00000| Untracked 
| 127|0x00000000d0d00000, 0x00000000d0d00000, 0x00000000d0e00000|  0%| F|  |TAMS 0x00000000d0d00000, 0x00000000d0d00000| Untracked 
| 128|0x00000000d0e00000, 0x00000000d0e00000, 0x00000000d0f00000|  0%| F|  |TAMS 0x00000000d0e00000, 0x00000000d0e00000| Untracked 
| 129|0x00000000d0f00000, 0x00000000d0f00000, 0x00000000d1000000|  0%| F|  |TAMS 0x00000000d0f00000, 0x00000000d0f00000| Untracked 
| 130|0x00000000d1000000, 0x00000000d1000000, 0x00000000d1100000|  0%| F|  |TAMS 0x00000000d1000000, 0x00000000d1000000| Untracked 
| 131|0x00000000d1100000, 0x00000000d1100000, 0x00000000d1200000|  0%| F|  |TAMS 0x00000000d1100000, 0x00000000d1100000| Untracked 
| 132|0x00000000d1200000, 0x00000000d1200000, 0x00000000d1300000|  0%| F|  |TAMS 0x00000000d1200000, 0x00000000d1200000| Untracked 
| 133|0x00000000d1300000, 0x00000000d1300000, 0x00000000d1400000|  0%| F|  |TAMS 0x00000000d1300000, 0x00000000d1300000| Untracked 
| 134|0x00000000d1400000, 0x00000000d1400000, 0x00000000d1500000|  0%| F|  |TAMS 0x00000000d1400000, 0x00000000d1400000| Untracked 
| 135|0x00000000d1500000, 0x00000000d1500000, 0x00000000d1600000|  0%| F|  |TAMS 0x00000000d1500000, 0x00000000d1500000| Untracked 
| 136|0x00000000d1600000, 0x00000000d1600000, 0x00000000d1700000|  0%| F|  |TAMS 0x00000000d1600000, 0x00000000d1600000| Untracked 
| 137|0x00000000d1700000, 0x00000000d1700000, 0x00000000d1800000|  0%| F|  |TAMS 0x00000000d1700000, 0x00000000d1700000| Untracked 
| 138|0x00000000d1800000, 0x00000000d1800000, 0x00000000d1900000|  0%| F|  |TAMS 0x00000000d1800000, 0x00000000d1800000| Untracked 
| 139|0x00000000d1900000, 0x00000000d1900000, 0x00000000d1a00000|  0%| F|  |TAMS 0x00000000d1900000, 0x00000000d1900000| Untracked 
| 140|0x00000000d1a00000, 0x00000000d1a00000, 0x00000000d1b00000|  0%| F|  |TAMS 0x00000000d1a00000, 0x00000000d1a00000| Untracked 
| 141|0x00000000d1b00000, 0x00000000d1b00000, 0x00000000d1c00000|  0%| F|  |TAMS 0x00000000d1b00000, 0x00000000d1b00000| Untracked 
| 142|0x00000000d1c00000, 0x00000000d1c00000, 0x00000000d1d00000|  0%| F|  |TAMS 0x00000000d1c00000, 0x00000000d1c00000| Untracked 
| 143|0x00000000d1d00000, 0x00000000d1d00000, 0x00000000d1e00000|  0%| F|  |TAMS 0x00000000d1d00000, 0x00000000d1d00000| Untracked 
| 144|0x00000000d1e00000, 0x00000000d1e00000, 0x00000000d1f00000|  0%| F|  |TAMS 0x00000000d1e00000, 0x00000000d1e00000| Untracked 
| 145|0x00000000d1f00000, 0x00000000d1f00000, 0x00000000d2000000|  0%| F|  |TAMS 0x00000000d1f00000, 0x00000000d1f00000| Untracked 
| 146|0x00000000d2000000, 0x00000000d2000000, 0x00000000d2100000|  0%| F|  |TAMS 0x00000000d2000000, 0x00000000d2000000| Untracked 
| 147|0x00000000d2100000, 0x00000000d2100000, 0x00000000d2200000|  0%| F|  |TAMS 0x00000000d2100000, 0x00000000d2100000| Untracked 
| 148|0x00000000d2200000, 0x00000000d2200000, 0x00000000d2300000|  0%| F|  |TAMS 0x00000000d2200000, 0x00000000d2200000| Untracked 
| 149|0x00000000d2300000, 0x00000000d2300000, 0x00000000d2400000|  0%| F|  |TAMS 0x00000000d2300000, 0x00000000d2300000| Untracked 
| 150|0x00000000d2400000, 0x00000000d2400000, 0x00000000d2500000|  0%| F|  |TAMS 0x00000000d2400000, 0x00000000d2400000| Untracked 
| 151|0x00000000d2500000, 0x00000000d2500000, 0x00000000d2600000|  0%| F|  |TAMS 0x00000000d2500000, 0x00000000d2500000| Untracked 
| 152|0x00000000d2600000, 0x00000000d2600000, 0x00000000d2700000|  0%| F|  |TAMS 0x00000000d2600000, 0x00000000d2600000| Untracked 
| 153|0x00000000d2700000, 0x00000000d2700000, 0x00000000d2800000|  0%| F|  |TAMS 0x00000000d2700000, 0x00000000d2700000| Untracked 
| 154|0x00000000d2800000, 0x00000000d2800000, 0x00000000d2900000|  0%| F|  |TAMS 0x00000000d2800000, 0x00000000d2800000| Untracked 
| 155|0x00000000d2900000, 0x00000000d2900000, 0x00000000d2a00000|  0%| F|  |TAMS 0x00000000d2900000, 0x00000000d2900000| Untracked 
| 156|0x00000000d2a00000, 0x00000000d2a00000, 0x00000000d2b00000|  0%| F|  |TAMS 0x00000000d2a00000, 0x00000000d2a00000| Untracked 
| 157|0x00000000d2b00000, 0x00000000d2b00000, 0x00000000d2c00000|  0%| F|  |TAMS 0x00000000d2b00000, 0x00000000d2b00000| Untracked 
| 158|0x00000000d2c00000, 0x00000000d2c00000, 0x00000000d2d00000|  0%| F|  |TAMS 0x00000000d2c00000, 0x00000000d2c00000| Untracked 
| 159|0x00000000d2d00000, 0x00000000d2d00000, 0x00000000d2e00000|  0%| F|  |TAMS 0x00000000d2d00000, 0x00000000d2d00000| Untracked 
| 160|0x00000000d2e00000, 0x00000000d2e00000, 0x00000000d2f00000|  0%| F|  |TAMS 0x00000000d2e00000, 0x00000000d2e00000| Untracked 
| 161|0x00000000d2f00000, 0x00000000d2f00000, 0x00000000d3000000|  0%| F|  |TAMS 0x00000000d2f00000, 0x00000000d2f00000| Untracked 
| 162|0x00000000d3000000, 0x00000000d3000000, 0x00000000d3100000|  0%| F|  |TAMS 0x00000000d3000000, 0x00000000d3000000| Untracked 
| 163|0x00000000d3100000, 0x00000000d3100000, 0x00000000d3200000|  0%| F|  |TAMS 0x00000000d3100000, 0x00000000d3100000| Untracked 
| 164|0x00000000d3200000, 0x00000000d3200000, 0x00000000d3300000|  0%| F|  |TAMS 0x00000000d3200000, 0x00000000d3200000| Untracked 
| 165|0x00000000d3300000, 0x00000000d3300000, 0x00000000d3400000|  0%| F|  |TAMS 0x00000000d3300000, 0x00000000d3300000| Untracked 
| 166|0x00000000d3400000, 0x00000000d3400000, 0x00000000d3500000|  0%| F|  |TAMS 0x00000000d3400000, 0x00000000d3400000| Untracked 
| 167|0x00000000d3500000, 0x00000000d3500000, 0x00000000d3600000|  0%| F|  |TAMS 0x00000000d3500000, 0x00000000d3500000| Untracked 
| 168|0x00000000d3600000, 0x00000000d3600000, 0x00000000d3700000|  0%| F|  |TAMS 0x00000000d3600000, 0x00000000d3600000| Untracked 
| 169|0x00000000d3700000, 0x00000000d3700000, 0x00000000d3800000|  0%| F|  |TAMS 0x00000000d3700000, 0x00000000d3700000| Untracked 
| 170|0x00000000d3800000, 0x00000000d3800000, 0x00000000d3900000|  0%| F|  |TAMS 0x00000000d3800000, 0x00000000d3800000| Untracked 
| 171|0x00000000d3900000, 0x00000000d3900000, 0x00000000d3a00000|  0%| F|  |TAMS 0x00000000d3900000, 0x00000000d3900000| Untracked 
| 172|0x00000000d3a00000, 0x00000000d3a00000, 0x00000000d3b00000|  0%| F|  |TAMS 0x00000000d3a00000, 0x00000000d3a00000| Untracked 
| 173|0x00000000d3b00000, 0x00000000d3b00000, 0x00000000d3c00000|  0%| F|  |TAMS 0x00000000d3b00000, 0x00000000d3b00000| Untracked 
| 174|0x00000000d3c00000, 0x00000000d3c00000, 0x00000000d3d00000|  0%| F|  |TAMS 0x00000000d3c00000, 0x00000000d3c00000| Untracked 
| 175|0x00000000d3d00000, 0x00000000d3d00000, 0x00000000d3e00000|  0%| F|  |TAMS 0x00000000d3d00000, 0x00000000d3d00000| Untracked 
| 176|0x00000000d3e00000, 0x00000000d3e00000, 0x00000000d3f00000|  0%| F|  |TAMS 0x00000000d3e00000, 0x00000000d3e00000| Untracked 
| 177|0x00000000d3f00000, 0x00000000d3f00000, 0x00000000d4000000|  0%| F|  |TAMS 0x00000000d3f00000, 0x00000000d3f00000| Untracked 
| 178|0x00000000d4000000, 0x00000000d4000000, 0x00000000d4100000|  0%| F|  |TAMS 0x00000000d4000000, 0x00000000d4000000| Untracked 
| 179|0x00000000d4100000, 0x00000000d4100000, 0x00000000d4200000|  0%| F|  |TAMS 0x00000000d4100000, 0x00000000d4100000| Untracked 
| 180|0x00000000d4200000, 0x00000000d4200000, 0x00000000d4300000|  0%| F|  |TAMS 0x00000000d4200000, 0x00000000d4200000| Untracked 
| 181|0x00000000d4300000, 0x00000000d4300000, 0x00000000d4400000|  0%| F|  |TAMS 0x00000000d4300000, 0x00000000d4300000| Untracked 
| 182|0x00000000d4400000, 0x00000000d4400000, 0x00000000d4500000|  0%| F|  |TAMS 0x00000000d4400000, 0x00000000d4400000| Untracked 
| 183|0x00000000d4500000, 0x00000000d4500000, 0x00000000d4600000|  0%| F|  |TAMS 0x00000000d4500000, 0x00000000d4500000| Untracked 
| 184|0x00000000d4600000, 0x00000000d4600000, 0x00000000d4700000|  0%| F|  |TAMS 0x00000000d4600000, 0x00000000d4600000| Untracked 
| 185|0x00000000d4700000, 0x00000000d4700000, 0x00000000d4800000|  0%| F|  |TAMS 0x00000000d4700000, 0x00000000d4700000| Untracked 
| 186|0x00000000d4800000, 0x00000000d4800000, 0x00000000d4900000|  0%| F|  |TAMS 0x00000000d4800000, 0x00000000d4800000| Untracked 
| 187|0x00000000d4900000, 0x00000000d4900000, 0x00000000d4a00000|  0%| F|  |TAMS 0x00000000d4900000, 0x00000000d4900000| Untracked 
| 188|0x00000000d4a00000, 0x00000000d4a00000, 0x00000000d4b00000|  0%| F|  |TAMS 0x00000000d4a00000, 0x00000000d4a00000| Untracked 
| 189|0x00000000d4b00000, 0x00000000d4b00000, 0x00000000d4c00000|  0%| F|  |TAMS 0x00000000d4b00000, 0x00000000d4b00000| Untracked 
| 190|0x00000000d4c00000, 0x00000000d4c00000, 0x00000000d4d00000|  0%| F|  |TAMS 0x00000000d4c00000, 0x00000000d4c00000| Untracked 
| 191|0x00000000d4d00000, 0x00000000d4d00000, 0x00000000d4e00000|  0%| F|  |TAMS 0x00000000d4d00000, 0x00000000d4d00000| Untracked 
| 192|0x00000000d4e00000, 0x00000000d4e00000, 0x00000000d4f00000|  0%| F|  |TAMS 0x00000000d4e00000, 0x00000000d4e00000| Untracked 
| 193|0x00000000d4f00000, 0x00000000d4f00000, 0x00000000d5000000|  0%| F|  |TAMS 0x00000000d4f00000, 0x00000000d4f00000| Untracked 
| 194|0x00000000d5000000, 0x00000000d5000000, 0x00000000d5100000|  0%| F|  |TAMS 0x00000000d5000000, 0x00000000d5000000| Untracked 
| 195|0x00000000d5100000, 0x00000000d5100000, 0x00000000d5200000|  0%| F|  |TAMS 0x00000000d5100000, 0x00000000d5100000| Untracked 
| 196|0x00000000d5200000, 0x00000000d5200000, 0x00000000d5300000|  0%| F|  |TAMS 0x00000000d5200000, 0x00000000d5200000| Untracked 
| 197|0x00000000d5300000, 0x00000000d5300000, 0x00000000d5400000|  0%| F|  |TAMS 0x00000000d5300000, 0x00000000d5300000| Untracked 
| 198|0x00000000d5400000, 0x00000000d5400000, 0x00000000d5500000|  0%| F|  |TAMS 0x00000000d5400000, 0x00000000d5400000| Untracked 

Card table byte_map: [0x000001727b570000,0x000001727b730000] _byte_map_base: 0x000001727af29000

Marking Bits (Prev, Next): (CMBitMap*) 0x000001727b7be090, (CMBitMap*) 0x000001727b7be0d0
 Prev Bits: [0x000001727e5e0000, 0x000001727f3a8000)
 Next Bits: [0x0000017203000000, 0x0000017203dc8000)

Polling page: 0x0000017279540000

Metaspace:

Usage:
  Non-class:     36.54 MB used.
      Class:      5.17 MB used.
       Both:     41.70 MB used.

Virtual space:
  Non-class space:       40.00 MB reserved,      36.69 MB ( 92%) committed,  5 nodes.
      Class space:        1.00 GB reserved,       5.38 MB ( <1%) committed,  1 nodes.
             Both:        1.04 GB reserved,      42.06 MB (  4%) committed. 

Chunk freelists:
   Non-Class:  2.88 MB
       Class:  2.55 MB
        Both:  5.42 MB

MaxMetaspaceSize: unlimited
CompressedClassSpaceSize: 1.00 GB
Initial GC threshold: 21.00 MB
Current GC threshold: 67.19 MB
CDS: off
MetaspaceReclaimPolicy: balanced
 - commit_granule_bytes: 65536.
 - commit_granule_words: 8192.
 - virtual_space_node_default_size: 1048576.
 - enlarge_chunks_in_place: 1.
 - new_chunks_are_fully_committed: 0.
 - uncommit_free_chunks: 1.
 - use_allocation_guard: 0.
 - handle_deallocations: 1.


Internal statistics:

num_allocs_failed_limit: 8.
num_arena_births: 398.
num_arena_deaths: 0.
num_vsnodes_births: 6.
num_vsnodes_deaths: 0.
num_space_committed: 673.
num_space_uncommitted: 0.
num_chunks_returned_to_freelist: 8.
num_chunks_taken_from_freelist: 1705.
num_chunk_merges: 8.
num_chunk_splits: 1175.
num_chunks_enlarged: 904.
num_purges: 0.
num_inconsistent_stats: 0.

CodeCache: size=49152Kb used=9568Kb max_used=9568Kb free=39583Kb
 bounds [0x0000017200000000, 0x0000017200960000, 0x0000017203000000]
 total_blobs=4880 nmethods=4325 adapters=480
 compilation: enabled
              stopped_count=0, restarted_count=0
 full_count=0

Compilation events (20 events):
Event: 9.240 Thread 0x000001727f97fbb0 4316       1       java.util.concurrent.ConcurrentHashMap$ValueIterator::<init> (12 bytes)
Event: 9.240 Thread 0x00000172068f8380 4317       1       java.util.concurrent.ConcurrentHashMap$ValuesView::iterator (34 bytes)
Event: 9.241 Thread 0x000001727f97fbb0 nmethod 4316 0x0000017200953110 code [0x00000172009532c0, 0x0000017200953418]
Event: 9.241 Thread 0x00000172068f8380 nmethod 4317 0x0000017200953510 code [0x00000172009536c0, 0x00000172009538d8]
Event: 9.256 Thread 0x00000172068f8380 4318       1       java.net.URLConnection::getUseCaches (5 bytes)
Event: 9.257 Thread 0x00000172068f8380 nmethod 4318 0x0000017200953a10 code [0x0000017200953ba0, 0x0000017200953c78]
Event: 9.258 Thread 0x00000172068f8380 4319       1       jdk.internal.loader.BuiltinClassLoader::checkURL (5 bytes)
Event: 9.259 Thread 0x00000172068f8380 nmethod 4319 0x0000017200953d10 code [0x0000017200953ea0, 0x0000017200953fa8]
Event: 9.265 Thread 0x000001727f97fbb0 4320 % !   1       org.eclipse.jdt.internal.compiler.parser.Parser::readTable @ 101 (145 bytes)
Event: 9.267 Thread 0x000001727f97fbb0 nmethod 4320% 0x0000017200954090 code [0x00000172009542e0, 0x0000017200954a48]
Event: 9.267 Thread 0x000001727f97fbb0 4321   !   1       jdk.internal.loader.BuiltinClassLoader::findResource (154 bytes)
Event: 9.267 Thread 0x000001727b8554f0 4322       1       jdk.internal.loader.BuiltinClassLoader::findResourceOnClassPath (41 bytes)
Event: 9.268 Thread 0x000001727b8554f0 nmethod 4322 0x0000017200954f10 code [0x00000172009550e0, 0x0000017200955338]
Event: 9.268 Thread 0x000001727f97fbb0 nmethod 4321 0x0000017200955490 code [0x0000017200955700, 0x0000017200955ce8]
Event: 9.268 Thread 0x000001727f97fbb0 4323       1       jdk.internal.loader.URLClassPath$JarLoader$2::getURL (5 bytes)
Event: 9.268 Thread 0x000001727f97fbb0 nmethod 4323 0x0000017200956210 code [0x00000172009563a0, 0x0000017200956478]
Event: 9.273 Thread 0x00000172068f8380 4324 %     1       org.eclipse.jdt.internal.compiler.parser.Parser::computeReverseTable @ 17 (92 bytes)
Event: 9.274 Thread 0x00000172068f8380 nmethod 4324% 0x0000017200956510 code [0x00000172009566c0, 0x00000172009569d8]
Event: 9.275 Thread 0x000001727b8554f0 4325   !   1       org.eclipse.jdt.internal.compiler.parser.Parser::readTable (145 bytes)
Event: 9.276 Thread 0x000001727b8554f0 nmethod 4325 0x0000017200956c90 code [0x0000017200956ec0, 0x00000172009575a8]

GC Heap History (20 events):
Event: 6.896 GC heap after
{Heap after GC invocations=16 (full 0):
 garbage-first heap   total 122880K, used 31338K [0x00000000c8e00000, 0x0000000100000000)
  region size 1024K, 2 young (2048K), 2 survivors (2048K)
 Metaspace       used 36671K, committed 36992K, reserved 1081344K
  class space    used 4716K, committed 4864K, reserved 1048576K
}
Event: 7.284 GC heap before
{Heap before GC invocations=17 (full 0):
 garbage-first heap   total 122880K, used 87658K [0x00000000c8e00000, 0x0000000100000000)
  region size 1024K, 57 young (58368K), 2 survivors (2048K)
 Metaspace       used 37513K, committed 37888K, reserved 1089536K
  class space    used 4753K, committed 4928K, reserved 1048576K
}
Event: 7.309 GC heap after
{Heap after GC invocations=18 (full 0):
 garbage-first heap   total 122880K, used 43910K [0x00000000c8e00000, 0x0000000100000000)
  region size 1024K, 8 young (8192K), 8 survivors (8192K)
 Metaspace       used 37513K, committed 37888K, reserved 1089536K
  class space    used 4753K, committed 4928K, reserved 1048576K
}
Event: 7.813 GC heap before
{Heap before GC invocations=18 (full 0):
 garbage-first heap   total 122880K, used 84870K [0x00000000c8e00000, 0x0000000100000000)
  region size 1024K, 48 young (49152K), 8 survivors (8192K)
 Metaspace       used 38763K, committed 39104K, reserved 1089536K
  class space    used 4911K, committed 5056K, reserved 1048576K
}
Event: 7.837 GC heap after
{Heap after GC invocations=19 (full 0):
 garbage-first heap   total 122880K, used 56320K [0x00000000c8e00000, 0x0000000100000000)
  region size 1024K, 6 young (6144K), 6 survivors (6144K)
 Metaspace       used 38763K, committed 39104K, reserved 1089536K
  class space    used 4911K, committed 5056K, reserved 1048576K
}
Event: 8.213 GC heap before
{Heap before GC invocations=19 (full 0):
 garbage-first heap   total 122880K, used 88064K [0x00000000c8e00000, 0x0000000100000000)
  region size 1024K, 37 young (37888K), 6 survivors (6144K)
 Metaspace       used 40212K, committed 40640K, reserved 1089536K
  class space    used 5019K, committed 5248K, reserved 1048576K
}
Event: 8.251 GC heap after
{Heap after GC invocations=20 (full 0):
 garbage-first heap   total 122880K, used 70656K [0x00000000c8e00000, 0x0000000100000000)
  region size 1024K, 5 young (5120K), 5 survivors (5120K)
 Metaspace       used 40212K, committed 40640K, reserved 1089536K
  class space    used 5019K, committed 5248K, reserved 1048576K
}
Event: 8.365 GC heap before
{Heap before GC invocations=20 (full 0):
 garbage-first heap   total 122880K, used 91136K [0x00000000c8e00000, 0x0000000100000000)
  region size 1024K, 26 young (26624K), 5 survivors (5120K)
 Metaspace       used 40542K, committed 40960K, reserved 1089536K
  class space    used 5047K, committed 5248K, reserved 1048576K
}
Event: 8.376 GC heap after
{Heap after GC invocations=21 (full 0):
 garbage-first heap   total 122880K, used 73141K [0x00000000c8e00000, 0x0000000100000000)
  region size 1024K, 2 young (2048K), 2 survivors (2048K)
 Metaspace       used 40542K, committed 40960K, reserved 1089536K
  class space    used 5047K, committed 5248K, reserved 1048576K
}
Event: 8.444 GC heap before
{Heap before GC invocations=21 (full 0):
 garbage-first heap   total 122880K, used 92597K [0x00000000c8e00000, 0x0000000100000000)
  region size 1024K, 22 young (22528K), 2 survivors (2048K)
 Metaspace       used 40641K, committed 41024K, reserved 1089536K
  class space    used 5053K, committed 5248K, reserved 1048576K
}
Event: 8.449 GC heap after
{Heap after GC invocations=22 (full 0):
 garbage-first heap   total 203776K, used 74006K [0x00000000c8e00000, 0x0000000100000000)
  region size 1024K, 3 young (3072K), 3 survivors (3072K)
 Metaspace       used 40641K, committed 41024K, reserved 1089536K
  class space    used 5053K, committed 5248K, reserved 1048576K
}
Event: 8.714 GC heap before
{Heap before GC invocations=23 (full 0):
 garbage-first heap   total 203776K, used 133398K [0x00000000c8e00000, 0x0000000100000000)
  region size 1024K, 63 young (64512K), 3 survivors (3072K)
 Metaspace       used 41273K, committed 41664K, reserved 1089536K
  class space    used 5125K, committed 5312K, reserved 1048576K
}
Event: 8.792 GC heap after
{Heap after GC invocations=24 (full 0):
 garbage-first heap   total 203776K, used 75178K [0x00000000c8e00000, 0x0000000100000000)
  region size 1024K, 5 young (5120K), 5 survivors (5120K)
 Metaspace       used 41273K, committed 41664K, reserved 1089536K
  class space    used 5125K, committed 5312K, reserved 1048576K
}
Event: 8.841 GC heap before
{Heap before GC invocations=24 (full 0):
 garbage-first heap   total 203776K, used 78250K [0x00000000c8e00000, 0x0000000100000000)
  region size 1024K, 9 young (9216K), 5 survivors (5120K)
 Metaspace       used 41275K, committed 41664K, reserved 1089536K
  class space    used 5126K, committed 5312K, reserved 1048576K
}
Event: 8.850 GC heap after
{Heap after GC invocations=25 (full 0):
 garbage-first heap   total 203776K, used 74785K [0x00000000c8e00000, 0x0000000100000000)
  region size 1024K, 1 young (1024K), 1 survivors (1024K)
 Metaspace       used 41275K, committed 41664K, reserved 1089536K
  class space    used 5126K, committed 5312K, reserved 1048576K
}
Event: 9.003 GC heap before
{Heap before GC invocations=25 (full 0):
 garbage-first heap   total 203776K, used 146465K [0x00000000c8e00000, 0x0000000100000000)
  region size 1024K, 72 young (73728K), 1 survivors (1024K)
 Metaspace       used 41832K, committed 42240K, reserved 1089536K
  class space    used 5177K, committed 5376K, reserved 1048576K
}
Event: 9.010 GC heap after
{Heap after GC invocations=26 (full 0):
 garbage-first heap   total 203776K, used 77502K [0x00000000c8e00000, 0x0000000100000000)
  region size 1024K, 4 young (4096K), 4 survivors (4096K)
 Metaspace       used 41832K, committed 42240K, reserved 1089536K
  class space    used 5177K, committed 5376K, reserved 1048576K
}
Event: 9.141 GC heap before
{Heap before GC invocations=26 (full 0):
 garbage-first heap   total 203776K, used 150206K [0x00000000c8e00000, 0x0000000100000000)
  region size 1024K, 76 young (77824K), 4 survivors (4096K)
 Metaspace       used 42388K, committed 42752K, reserved 1089536K
  class space    used 5257K, committed 5440K, reserved 1048576K
}
Event: 9.159 GC heap after
{Heap after GC invocations=27 (full 0):
 garbage-first heap   total 203776K, used 80470K [0x00000000c8e00000, 0x0000000100000000)
  region size 1024K, 7 young (7168K), 7 survivors (7168K)
 Metaspace       used 42388K, committed 42752K, reserved 1089536K
  class space    used 5257K, committed 5440K, reserved 1048576K
}
Event: 9.308 GC heap before
{Heap before GC invocations=27 (full 0):
 garbage-first heap   total 203776K, used 155222K [0x00000000c8e00000, 0x0000000100000000)
  region size 1024K, 81 young (82944K), 7 survivors (7168K)
 Metaspace       used 42703K, committed 43072K, reserved 1089536K
  class space    used 5289K, committed 5504K, reserved 1048576K
}

Deoptimization events (12 events):
Event: 2.883 Thread 0x000001727b7836b0 DEOPT PACKING pc=0x00000172004c8819 sp=0x000000357a9fd530
Event: 2.883 Thread 0x000001727b7836b0 DEOPT UNPACKING pc=0x0000017200052b43 sp=0x000000357a9fca10 mode 3
Event: 4.998 Thread 0x000001727b7836b0 DEOPT PACKING pc=0x0000017200636199 sp=0x000000357a9fc890
Event: 4.998 Thread 0x000001727b7836b0 DEOPT UNPACKING pc=0x0000017200052b43 sp=0x000000357a9fbd78 mode 3
Event: 5.753 Thread 0x0000017207174740 DEOPT PACKING pc=0x00000172006f3035 sp=0x000000357c4fdd40
Event: 5.753 Thread 0x0000017207174740 DEOPT UNPACKING pc=0x0000017200052b43 sp=0x000000357c4fd268 mode 3
Event: 6.076 Thread 0x00000172082ba3c0 DEOPT PACKING pc=0x00000172004c9881 sp=0x000000357c3fe110
Event: 6.076 Thread 0x00000172082ba3c0 DEOPT UNPACKING pc=0x0000017200052b43 sp=0x000000357c3fd5a0 mode 3
Event: 6.080 Thread 0x00000172086cf4a0 DEOPT PACKING pc=0x00000172004c5397 sp=0x000000357c6ff430
Event: 6.080 Thread 0x00000172086cf4a0 DEOPT UNPACKING pc=0x0000017200052b43 sp=0x000000357c6fe888 mode 3
Event: 6.128 Thread 0x00000172086cefd0 DEOPT PACKING pc=0x00000172007192ab sp=0x000000357c5fe390
Event: 6.128 Thread 0x00000172086cefd0 DEOPT UNPACKING pc=0x0000017200052b43 sp=0x000000357c5fd8d8 mode 3

Classes unloaded (0 events):
No events

Classes redefined (0 events):
No events

Internal exceptions (20 events):
Event: 6.216 Thread 0x0000017208936430 Exception <a 'sun/nio/fs/WindowsException'{0x00000000cb7ff8e8}> (0x00000000cb7ff8e8) 
thrown [s\src\hotspot\share\prims\jni.cpp, line 516]
Event: 6.216 Thread 0x0000017208936430 Exception <a 'sun/nio/fs/WindowsException'{0x00000000cb60fc08}> (0x00000000cb60fc08) 
thrown [s\src\hotspot\share\prims\jni.cpp, line 516]
Event: 6.216 Thread 0x0000017208936430 Exception <a 'sun/nio/fs/WindowsException'{0x00000000cb60ffe8}> (0x00000000cb60ffe8) 
thrown [s\src\hotspot\share\prims\jni.cpp, line 516]
Event: 6.216 Thread 0x0000017208936430 Exception <a 'sun/nio/fs/WindowsException'{0x00000000cb6109d8}> (0x00000000cb6109d8) 
thrown [s\src\hotspot\share\prims\jni.cpp, line 516]
Event: 6.216 Thread 0x0000017208936430 Exception <a 'sun/nio/fs/WindowsException'{0x00000000cb610d80}> (0x00000000cb610d80) 
thrown [s\src\hotspot\share\prims\jni.cpp, line 516]
Event: 6.216 Thread 0x0000017208936430 Exception <a 'sun/nio/fs/WindowsException'{0x00000000cb611780}> (0x00000000cb611780) 
thrown [s\src\hotspot\share\prims\jni.cpp, line 516]
Event: 6.216 Thread 0x0000017208936430 Exception <a 'sun/nio/fs/WindowsException'{0x00000000cb611b40}> (0x00000000cb611b40) 
thrown [s\src\hotspot\share\prims\jni.cpp, line 516]
Event: 6.216 Thread 0x0000017208936430 Exception <a 'sun/nio/fs/WindowsException'{0x00000000cb612540}> (0x00000000cb612540) 
thrown [s\src\hotspot\share\prims\jni.cpp, line 516]
Event: 6.216 Thread 0x0000017208936430 Exception <a 'sun/nio/fs/WindowsException'{0x00000000cb6128f0}> (0x00000000cb6128f0) 
thrown [s\src\hotspot\share\prims\jni.cpp, line 516]
Event: 6.217 Thread 0x0000017208936430 Exception <a 'sun/nio/fs/WindowsException'{0x00000000cb6132f0}> (0x00000000cb6132f0) 
thrown [s\src\hotspot\share\prims\jni.cpp, line 516]
Event: 6.217 Thread 0x0000017208936430 Exception <a 'sun/nio/fs/WindowsException'{0x00000000cb6136b0}> (0x00000000cb6136b0) 
thrown [s\src\hotspot\share\prims\jni.cpp, line 516]
Event: 6.217 Thread 0x0000017208936430 Exception <a 'sun/nio/fs/WindowsException'{0x00000000cb6140d8}> (0x00000000cb6140d8) 
thrown [s\src\hotspot\share\prims\jni.cpp, line 516]
Event: 6.217 Thread 0x0000017208936430 Exception <a 'sun/nio/fs/WindowsException'{0x00000000cb6144b8}> (0x00000000cb6144b8) 
thrown [s\src\hotspot\share\prims\jni.cpp, line 516]
Event: 6.217 Thread 0x0000017208936430 Exception <a 'sun/nio/fs/WindowsException'{0x00000000cb614ef0}> (0x00000000cb614ef0) 
thrown [s\src\hotspot\share\prims\jni.cpp, line 516]
Event: 6.217 Thread 0x0000017208936430 Exception <a 'sun/nio/fs/WindowsException'{0x00000000cb6152e0}> (0x00000000cb6152e0) 
thrown [s\src\hotspot\share\prims\jni.cpp, line 516]
Event: 6.218 Thread 0x0000017208936430 Exception <a 'sun/nio/fs/WindowsException'{0x00000000cb615d08}> (0x00000000cb615d08) 
thrown [s\src\hotspot\share\prims\jni.cpp, line 516]
Event: 6.218 Thread 0x0000017208936430 Exception <a 'sun/nio/fs/WindowsException'{0x00000000cb6160f8}> (0x00000000cb6160f8) 
thrown [s\src\hotspot\share\prims\jni.cpp, line 516]
Event: 7.500 Thread 0x0000017207174740 Exception <a 'java/lang/NoSuchMethodError'{0x00000000cf13ef90}: 'java.lang.Object java.lang.invoke.Invokers$Holder.invoke_MT(java.lang.Object, java.lang.Object, java.lang.Object)'> (0x00000000cf13ef90) 
thrown [s\src\hotspot\share\interpreter\linkResolver.cpp, line 759]
Event: 7.738 Thread 0x0000017207174740 Exception <a 'java/lang/NoSuchMethodError'{0x00000000ce3a8530}: 'java.lang.Object java.lang.invoke.DirectMethodHandle$Holder.newInvokeSpecial(java.lang.Object, java.lang.Object, int)'> (0x00000000ce3a8530) 
thrown [s\src\hotspot\share\interpreter\linkResolver.cpp, line 759]
Event: 7.787 Thread 0x0000017208938f80 Exception <a 'java/lang/NoSuchMethodError'{0x00000000cde2e880}: 'java.lang.Object java.lang.invoke.Invokers$Holder.linkToTargetMethod(java.lang.Object, long, java.lang.Object)'> (0x00000000cde2e880) 
thrown [s\src\hotspot\share\interpreter\linkResolver.cpp, line 759]

VM Operations (20 events):
Event: 8.450 Executing VM operation: G1CollectForAllocation done
Event: 8.451 Executing VM operation: HandshakeAllThreads
Event: 8.451 Executing VM operation: HandshakeAllThreads done
Event: 8.516 Executing VM operation: G1Concurrent
Event: 8.534 Executing VM operation: G1Concurrent done
Event: 8.595 Executing VM operation: G1Concurrent
Event: 8.597 Executing VM operation: G1Concurrent done
Event: 8.700 Executing VM operation: G1CollectForAllocation
Event: 8.794 Executing VM operation: G1CollectForAllocation done
Event: 8.803 Executing VM operation: G1CollectForAllocation
Event: 8.826 Executing VM operation: G1CollectForAllocation done
Event: 8.826 Executing VM operation: G1CollectForAllocation
Event: 8.850 Executing VM operation: G1CollectForAllocation done
Event: 8.998 Executing VM operation: G1CollectForAllocation
Event: 9.003 Executing VM operation: G1CollectForAllocation done
Event: 9.003 Executing VM operation: G1CollectForAllocation
Event: 9.010 Executing VM operation: G1CollectForAllocation done
Event: 9.138 Executing VM operation: G1CollectForAllocation
Event: 9.160 Executing VM operation: G1CollectForAllocation done
Event: 9.308 Executing VM operation: G1CollectForAllocation

Events (20 events):
Event: 7.842 loading class sun/security/provider/ByteArrayAccess$LE
Event: 7.842 loading class sun/security/provider/ByteArrayAccess$LE done
Event: 7.855 loading class java/util/concurrent/CompletableFuture$AsyncSupply
Event: 7.855 loading class java/util/concurrent/CompletableFuture$AsyncSupply done
Event: 7.880 Thread 0x000001720893bfa0 Thread added: 0x000001720893bfa0
Event: 7.931 loading class jdk/internal/reflect/UnsafeQualifiedObjectFieldAccessorImpl
Event: 7.931 loading class jdk/internal/reflect/UnsafeQualifiedObjectFieldAccessorImpl done
Event: 7.932 loading class jdk/internal/reflect/UnsafeQualifiedLongFieldAccessorImpl
Event: 7.932 loading class jdk/internal/reflect/UnsafeQualifiedLongFieldAccessorImpl done
Event: 7.975 Thread 0x0000017208939450 Thread added: 0x0000017208939450
Event: 8.039 loading class sun/util/ResourceBundleEnumeration
Event: 8.039 loading class sun/util/ResourceBundleEnumeration done
Event: 8.169 loading class java/lang/AbstractMethodError
Event: 8.169 loading class java/lang/AbstractMethodError done
Event: 8.960 loading class java/io/FileWriter
Event: 8.960 loading class java/io/FileWriter done
Event: 9.179 loading class java/lang/ExceptionInInitializerError
Event: 9.180 loading class java/lang/ExceptionInInitializerError done
Event: 9.287 loading class java/lang/ThreadLocal$SuppliedThreadLocal
Event: 9.288 loading class java/lang/ThreadLocal$SuppliedThreadLocal done


Dynamic libraries:
0x00007ff623550000 - 0x00007ff62355e000 	c:\Users\nicho\.vscode\extensions\redhat.java-1.12.0-win32-x64\jre\17.0.4.1-win32-x86_64\bin\java.exe
0x00007fff60990000 - 0x00007fff60b88000 	C:\WINDOWS\SYSTEM32\ntdll.dll
0x00007fff5f6c0000 - 0x00007fff5f77f000 	C:\WINDOWS\System32\KERNEL32.DLL
0x00007fff5e4a0000 - 0x00007fff5e772000 	C:\WINDOWS\System32\KERNELBASE.dll
0x00007fff102d0000 - 0x00007fff102e8000 	c:\Users\nicho\.vscode\extensions\redhat.java-1.12.0-win32-x64\jre\17.0.4.1-win32-x86_64\bin\jli.dll
0x00007fff5e3a0000 - 0x00007fff5e4a0000 	C:\WINDOWS\System32\ucrtbase.dll
0x00007fff102b0000 - 0x00007fff102c9000 	c:\Users\nicho\.vscode\extensions\redhat.java-1.12.0-win32-x64\jre\17.0.4.1-win32-x86_64\bin\VCRUNTIME140.dll
0x00007fff60200000 - 0x00007fff6039d000 	C:\WINDOWS\System32\USER32.dll
0x00007fff4b4e0000 - 0x00007fff4b77a000 	C:\WINDOWS\WinSxS\amd64_microsoft.windows.common-controls_6595b64144ccf1df_6.0.19041.1110_none_60b5254171f9507e\COMCTL32.dll
0x00007fff600a0000 - 0x00007fff6013e000 	C:\WINDOWS\System32\msvcrt.dll
0x00007fff5e2a0000 - 0x00007fff5e2c2000 	C:\WINDOWS\System32\win32u.dll
0x00007fff608c0000 - 0x00007fff608eb000 	C:\WINDOWS\System32\GDI32.dll
0x00007fff5e840000 - 0x00007fff5e94f000 	C:\WINDOWS\System32\gdi32full.dll
0x00007fff5e300000 - 0x00007fff5e39d000 	C:\WINDOWS\System32\msvcp_win.dll
0x00007fff5f680000 - 0x00007fff5f6b2000 	C:\WINDOWS\System32\IMM32.DLL
0x00007fff10bd0000 - 0x00007fff10bdc000 	c:\Users\nicho\.vscode\extensions\redhat.java-1.12.0-win32-x64\jre\17.0.4.1-win32-x86_64\bin\vcruntime140_1.dll
0x00007ffee6fe0000 - 0x00007ffee7071000 	c:\Users\nicho\.vscode\extensions\redhat.java-1.12.0-win32-x64\jre\17.0.4.1-win32-x86_64\bin\msvcp140.dll
0x00007ffee6390000 - 0x00007ffee6fd6000 	c:\Users\nicho\.vscode\extensions\redhat.java-1.12.0-win32-x64\jre\17.0.4.1-win32-x86_64\bin\server\jvm.dll
0x00007fff5f780000 - 0x00007fff5f82e000 	C:\WINDOWS\System32\ADVAPI32.dll
0x00007fff5f830000 - 0x00007fff5f8cc000 	C:\WINDOWS\System32\sechost.dll
0x00007fff5eae0000 - 0x00007fff5ec05000 	C:\WINDOWS\System32\RPCRT4.dll
0x00007fff5ea70000 - 0x00007fff5ea78000 	C:\WINDOWS\System32\PSAPI.DLL
0x00007ffef87f0000 - 0x00007ffef87f9000 	C:\WINDOWS\SYSTEM32\WSOCK32.dll
0x00007fff5f610000 - 0x00007fff5f67b000 	C:\WINDOWS\System32\WS2_32.dll
0x00007fff55f10000 - 0x00007fff55f37000 	C:\WINDOWS\SYSTEM32\WINMM.dll
0x00007fff55f00000 - 0x00007fff55f0a000 	C:\WINDOWS\SYSTEM32\VERSION.dll
0x00007fff5bf50000 - 0x00007fff5bf62000 	C:\WINDOWS\SYSTEM32\kernel.appcore.dll
0x00007fff59d40000 - 0x00007fff59d4a000 	c:\Users\nicho\.vscode\extensions\redhat.java-1.12.0-win32-x64\jre\17.0.4.1-win32-x86_64\bin\jimage.dll
0x00007fff4ce90000 - 0x00007fff4d074000 	C:\WINDOWS\SYSTEM32\DBGHELP.DLL
0x00007fff4cc50000 - 0x00007fff4cc7c000 	C:\WINDOWS\SYSTEM32\dbgcore.DLL
0x00007fff5e950000 - 0x00007fff5e9d2000 	C:\WINDOWS\System32\bcryptPrimitives.dll
0x00007fff394b0000 - 0x00007fff394d5000 	c:\Users\nicho\.vscode\extensions\redhat.java-1.12.0-win32-x64\jre\17.0.4.1-win32-x86_64\bin\java.dll
0x00007fff39450000 - 0x00007fff39468000 	c:\Users\nicho\.vscode\extensions\redhat.java-1.12.0-win32-x64\jre\17.0.4.1-win32-x86_64\bin\zip.dll
0x00007fff5ec10000 - 0x00007fff5f353000 	C:\WINDOWS\System32\SHELL32.dll
0x00007fff5c150000 - 0x00007fff5c8e2000 	C:\WINDOWS\SYSTEM32\windows.storage.dll
0x00007fff60560000 - 0x00007fff608b4000 	C:\WINDOWS\System32\combase.dll
0x00007fff5da10000 - 0x00007fff5da40000 	C:\WINDOWS\SYSTEM32\Wldp.dll
0x00007fff60150000 - 0x00007fff601fd000 	C:\WINDOWS\System32\SHCORE.dll
0x00007fff5ea80000 - 0x00007fff5ead5000 	C:\WINDOWS\System32\shlwapi.dll
0x00007fff5dfd0000 - 0x00007fff5dfef000 	C:\WINDOWS\SYSTEM32\profapi.dll
0x00007fff391e0000 - 0x00007fff391f9000 	C:\Users\nicho\.vscode\extensions\redhat.java-1.12.0-win32-x64\jre\17.0.4.1-win32-x86_64\bin\net.dll
0x00007fff4eb10000 - 0x00007fff4ec1c000 	C:\WINDOWS\SYSTEM32\WINHTTP.dll
0x00007fff5d770000 - 0x00007fff5d7da000 	C:\WINDOWS\system32\mswsock.dll
0x00007fff39430000 - 0x00007fff39445000 	C:\Users\nicho\.vscode\extensions\redhat.java-1.12.0-win32-x64\jre\17.0.4.1-win32-x86_64\bin\nio.dll
0x00007fff457f0000 - 0x00007fff45800000 	c:\Users\nicho\.vscode\extensions\redhat.java-1.12.0-win32-x64\jre\17.0.4.1-win32-x86_64\bin\verify.dll
0x00007fff3e500000 - 0x00007fff3e509000 	C:\Users\nicho\.vscode\extensions\redhat.java-1.12.0-win32-x64\jre\17.0.4.1-win32-x86_64\bin\management.dll
0x00007fff20ee0000 - 0x00007fff20eeb000 	C:\Users\nicho\.vscode\extensions\redhat.java-1.12.0-win32-x64\jre\17.0.4.1-win32-x86_64\bin\management_ext.dll
0x00007fff4a420000 - 0x00007fff4a437000 	C:\WINDOWS\system32\napinsp.dll
0x00007fff4a400000 - 0x00007fff4a41b000 	C:\WINDOWS\system32\pnrpnsp.dll
0x00007fff591d0000 - 0x00007fff591e5000 	C:\WINDOWS\system32\wshbth.dll
0x00007fff59a20000 - 0x00007fff59a3d000 	C:\WINDOWS\system32\NLAapi.dll
0x00007fff5d460000 - 0x00007fff5d49b000 	C:\WINDOWS\SYSTEM32\IPHLPAPI.DLL
0x00007fff5d4a0000 - 0x00007fff5d56a000 	C:\WINDOWS\SYSTEM32\DNSAPI.dll
0x00007fff5ea00000 - 0x00007fff5ea08000 	C:\WINDOWS\System32\NSI.dll
0x00007fff4a360000 - 0x00007fff4a372000 	C:\WINDOWS\System32\winrnr.dll
0x00007fff4ea90000 - 0x00007fff4ea9a000 	C:\Windows\System32\rasadhlp.dll
0x00007fff4ed30000 - 0x00007fff4edb0000 	C:\WINDOWS\System32\fwpuclnt.dll
0x00007fff5e2d0000 - 0x00007fff5e2f7000 	C:\WINDOWS\System32\bcrypt.dll
0x00007fff5d960000 - 0x00007fff5d978000 	C:\WINDOWS\SYSTEM32\CRYPTSP.dll
0x00007fff5d090000 - 0x00007fff5d0c4000 	C:\WINDOWS\system32\rsaenh.dll
0x00007fff5df50000 - 0x00007fff5df7e000 	C:\WINDOWS\SYSTEM32\USERENV.dll
0x00007fff5d980000 - 0x00007fff5d98c000 	C:\WINDOWS\SYSTEM32\CRYPTBASE.dll
0x00007fff52fd0000 - 0x00007fff52fe7000 	C:\WINDOWS\SYSTEM32\dhcpcsvc6.DLL
0x00007fff537e0000 - 0x00007fff537fd000 	C:\WINDOWS\SYSTEM32\dhcpcsvc.DLL

dbghelp: loaded successfully - version: 4.0.5 - missing functions: none
symbol engine: initialized successfully - sym options: 0x614 - pdb path: .;c:\Users\nicho\.vscode\extensions\redhat.java-1.12.0-win32-x64\jre\17.0.4.1-win32-x86_64\bin;C:\WINDOWS\SYSTEM32;C:\WINDOWS\WinSxS\amd64_microsoft.windows.common-controls_6595b64144ccf1df_6.0.19041.1110_none_60b5254171f9507e;c:\Users\nicho\.vscode\extensions\redhat.java-1.12.0-win32-x64\jre\17.0.4.1-win32-x86_64\bin\server

VM Arguments:
jvm_args: -Dsts.lsp.client=vscode -Dsts.log.file=/dev/null -XX:TieredStopAtLevel=1 -Xlog:jni+resolve=off -Dspring.config.location=file:c:\Users\nicho\.vscode\extensions\pivotal.vscode-spring-boot-1.40.0\language-server\BOOT-INF\classes\application.properties 
java_command: org.springframework.ide.vscode.boot.app.BootLanguageServerBootApp
java_class_path (initial): c:\Users\nicho\.vscode\extensions\pivotal.vscode-spring-boot-1.40.0\language-server\BOOT-INF\classes;c:\Users\nicho\.vscode\extensions\pivotal.vscode-spring-boot-1.40.0\language-server\BOOT-INF\lib\annotations-23.0.0.jar;c:\Users\nicho\.vscode\extensions\pivotal.vscode-spring-boot-1.40.0\language-server\BOOT-INF\lib\ant-1.10.12.jar;c:\Users\nicho\.vscode\extensions\pivotal.vscode-spring-boot-1.40.0\language-server\BOOT-INF\lib\ant-launcher-1.10.12.jar;c:\Users\nicho\.vscode\extensions\pivotal.vscode-spring-boot-1.40.0\language-server\BOOT-INF\lib\antlr-runtime-3.5.2.jar;c:\Users\nicho\.vscode\extensions\pivotal.vscode-spring-boot-1.40.0\language-server\BOOT-INF\lib\antlr4-4.9.3.jar;c:\Users\nicho\.vscode\extensions\pivotal.vscode-spring-boot-1.40.0\language-server\BOOT-INF\lib\antlr4-runtime-4.9.3.jar;c:\Users\nicho\.vscode\extensions\pivotal.vscode-spring-boot-1.40.0\language-server\BOOT-INF\lib\asm-9.3.jar;c:\Users\nicho\.vscode\extensions\pivotal.vscode-spring-boot-1.40.0\language-server\BOOT-INF\lib\asm-analysis-9.3.jar;c:\Users\nicho\.vscode\extensions\pivotal.vscode-spring-boot-1.40.0\language-server\BOOT-INF\lib\asm-tree-9.3.jar;c:\Users\nicho\.vscode\extensions\pivotal.vscode-spring-boot-1.40.0\language-server\BOOT-INF\lib\asm-util-9.3.jar;c:\Users\nicho\.vscode\extensions\pivotal.vscode-spring-boot-1.40.0\language-server\BOOT-INF\lib\byte-buddy-1.12.13.jar;c:\Users\nicho\.vscode\extensions\pivotal.vscode-spring-boot-1.40.0\language-server\BOOT-INF\lib\caffeine-2.9.3.jar;c:\Users\nicho\.vscode\extensions\pivotal.vscode-spring-boot-1.40.0\language-server\BOOT-INF\lib\checker-qual-3.12.0.jar;c:\Users\nicho\.vscode\extensions\pivotal.vscode-spring-boot-1.40.0\language-server\BOOT-INF\lib\classgraph-4.8.149.jar;c:\Users\nicho\.vscode\extensions\pivotal.vscode-spring-boot-1.40.0\language-server\BOOT-INF\lib\commons-codec-1.15.jar;c:\Users\nicho\.vscode\extensions\pivotal.vscode-spring-boot-1.40.0\language-server\BOOT-INF\lib\commons-c
Launcher Type: SUN_STANDARD

[Global flags]
     intx CICompilerCount                          = 3                                         {product} {ergonomic}
     uint ConcGCThreads                            = 1                                         {product} {ergonomic}
     uint G1ConcRefinementThreads                  = 4                                         {product} {ergonomic}
   size_t G1HeapRegionSize                         = 1048576                                   {product} {ergonomic}
    uintx GCDrainStackTargetSize                   = 64                                        {product} {ergonomic}
   size_t InitialHeapSize                          = 58720256                                  {product} {ergonomic}
   size_t MarkStackSize                            = 4194304                                   {product} {ergonomic}
   size_t MaxHeapSize                              = 924844032                                 {product} {ergonomic}
   size_t MaxNewSize                               = 554696704                                 {product} {ergonomic}
   size_t MinHeapDeltaBytes                        = 1048576                                   {product} {ergonomic}
   size_t MinHeapSize                              = 8388608                                   {product} {ergonomic}
    uintx NonProfiledCodeHeapSize                  = 0                                      {pd product} {ergonomic}
     bool ProfileInterpreter                       = false                                  {pd product} {command line}
    uintx ProfiledCodeHeapSize                     = 0                                      {pd product} {ergonomic}
   size_t SoftMaxHeapSize                          = 924844032                              {manageable} {ergonomic}
     intx TieredStopAtLevel                        = 1                                         {product} {command line}
     bool UseCompressedClassPointers               = true                           {product lp64_product} {ergonomic}
     bool UseCompressedOops                        = true                           {product lp64_product} {ergonomic}
     bool UseG1GC                                  = true                                      {product} {ergonomic}
     bool UseLargePagesIndividualAllocation        = false                                  {pd product} {ergonomic}

Logging:
Log output configuration:
 #0: stdout all=warning,jni+resolve=off uptime,level,tags
 #1: stderr all=off uptime,level,tags

Environment Variables:
PATH=C:\WINDOWS\system32;C:\WINDOWS;C:\WINDOWS\System32\Wbem;C:\WINDOWS\System32\WindowsPowerShell\v1.0\;C:\WINDOWS\System32\OpenSSH\;C:\Program Files\nodejs\;C:\Program Files\Go\bin;C:\Program Files\Git\cmd;C:\Program Files\dotnet\;C:\Program Files\Microsoft SQL Server\150\Tools\Binn\;C:\Program Files\Microsoft SQL Server\Client SDK\ODBC\170\Tools\Binn\;C:\Users\nicho\mongosh-1.6.0-win32-x64\bin\mongosh.exe\;C:\Users\nicho\AppData\Local\Programs\Python\Python39\Scripts\;C:\Users\nicho\AppData\Local\Programs\Python\Python39\;C:\Users\nicho\AppData\Local\Microsoft\WindowsApps;C:\Users\nicho\AppData\Local\GitHubDesktop\bin;C:\Users\nicho\AppData\Local\Programs\Microsoft VS Code\bin;C:\Users\nicho\AppData\Local\Microsoft\WindowsApps;C:\Users\nicho\AppData\Roaming\npm;C:\Users\nicho\go\bin;C:\Users\nicho\.dotnet\tools;C:\Users\nicho\mongosh-1.6.0-win32-x64\bin\mongosh.exe\;C:\Program Files\CodeBlocks\MinGW\bin;C:\Users\nicho\AppData\Local\Packages\PythonSoftwareFoundation.Python.3.9_qbz5n2kfra8p0\LocalCache\local-packages\Python39\Scripts;
USERNAME=nicho
OS=Windows_NT
PROCESSOR_IDENTIFIER=AMD64 Family 23 Model 24 Stepping 1, AuthenticAMD
TMP=C:\Users\nicho\AppData\Local\Temp
TEMP=C:\Users\nicho\AppData\Local\Temp



---------------  S Y S T E M  ---------------

OS:
 Windows 10 , 64 bit Build 19041 (10.0.19041.2251)
OS uptime: 1 days 1:10 hours

CPU: total 4 (initial active 4) (4 cores per cpu, 2 threads per core) family 23 model 24 stepping 1 microcode 0x0, cx8, cmov, fxsr, ht, mmx, 3dnowpref, sse, sse2, sse3, ssse3, sse4a, sse4.1, sse4.2, popcnt, lzcnt, tsc, tscinvbit, avx, avx2, aes, clmul, bmi1, bmi2, adx, sha, fma, vzeroupper, clflush, clflushopt

Memory: 4k page, system-wide physical 3522M (182M free)
TotalPageFile size 14274M (AvailPageFile size 162M)
current process WorkingSet (physical memory assigned to process): 181M, peak: 277M
current process commit charge ("private bytes"): 341M, peak: 495M

vm_info: OpenJDK 64-Bit Server VM (17.0.4.1+1) for windows-amd64 JRE (17.0.4.1+1), built on Aug 17 2022 07:42:43 by "temurin" with MS VC++ 16.7 (VS2019)

END.
