#
# There is insufficient memory for the Java Runtime Environment to continue.
# Native memory allocation (mmap) failed to map 92274688 bytes for G1 virtual space
# Possible reasons:
#   The system is out of physical RAM or swap space
#   The process is running with CompressedOops enabled, and the Java Heap may be blocking the growth of the native heap
# Possible solutions:
#   Reduce memory load on the system
#   Increase physical memory or swap space
#   Check if swap backing store is full
#   Decrease Java heap size (-Xmx/-Xms)
#   Decrease number of Java threads
#   Decrease Java thread stack sizes (-Xss)
#   Set larger code cache with -XX:ReservedCodeCacheSize=
#   JVM is running with Unscaled Compressed Oops mode in which the Java heap is
#     placed in the first 4GB address space. The Java Heap base address is the
#     maximum limit for the native heap growth. Please use -XX:HeapBaseMinAddress
#     to set the Java Heap base and to place the Java Heap above 4GB virtual address.
# This output file may be truncated or incomplete.
#
#  Out of Memory Error (os_windows.cpp:3541), pid=7472, tid=6172
#
# JRE version: OpenJDK Runtime Environment Temurin-17.0.4.1+1 (17.0.4.1+1) (build 17.0.4.1+1)
# Java VM: OpenJDK 64-Bit Server VM Temurin-17.0.4.1+1 (17.0.4.1+1, mixed mode, emulated-client, tiered, compressed oops, compressed class ptrs, g1 gc, windows-amd64)
# No core dump will be written. Minidumps are not enabled by default on client versions of Windows
#

---------------  S U M M A R Y ------------

Command Line: -Dsts.lsp.client=vscode -Dsts.log.file=/dev/null -XX:TieredStopAtLevel=1 -Xlog:jni+resolve=off -Dspring.config.location=file:c:\Users\nicho\.vscode\extensions\pivotal.vscode-spring-boot-1.40.0\language-server\BOOT-INF\classes\application.properties org.springframework.ide.vscode.boot.app.BootLanguageServerBootApp

Host: AMD Ryzen 3 3200U with Radeon Vega Mobile Gfx  , 4 cores, 3G,  Windows 10 , 64 bit Build 19041 (10.0.19041.2251)
Time: Mon Nov 28 19:55:09 2022 Haiti Standard Time elapsed time: 11.032109 seconds (0d 0h 0m 11s)

---------------  T H R E A D  ---------------

Current thread (0x0000025e6e584660):  VMThread "VM Thread" [stack: 0x0000007208b00000,0x0000007208c00000] [id=6172]

Stack: [0x0000007208b00000,0x0000007208c00000]
Native frames: (J=compiled Java code, j=interpreted, Vv=VM code, C=native code)
V  [jvm.dll+0x67731a]
V  [jvm.dll+0x832284]
V  [jvm.dll+0x833a2e]
V  [jvm.dll+0x834093]
V  [jvm.dll+0x245775]
V  [jvm.dll+0x674209]
V  [jvm.dll+0x668a92]
V  [jvm.dll+0x30471b]
V  [jvm.dll+0x30bc66]
V  [jvm.dll+0x35ba9e]
V  [jvm.dll+0x35bccf]
V  [jvm.dll+0x2db5b8]
V  [jvm.dll+0x2d986c]
V  [jvm.dll+0x2d8e3c]
V  [jvm.dll+0x31cd9b]
V  [jvm.dll+0x83853b]
V  [jvm.dll+0x839274]
V  [jvm.dll+0x83978c]
V  [jvm.dll+0x839b64]
V  [jvm.dll+0x839c30]
V  [jvm.dll+0x7e240a]
V  [jvm.dll+0x6761a5]
C  [ucrtbase.dll+0x21bb2]
C  [KERNEL32.DLL+0x174b4]
C  [ntdll.dll+0x526a1]

VM_Operation (0x000000720b2fdfa0): G1CollectForAllocation, mode: safepoint, requested by thread 0x0000025e7114b0f0


---------------  P R O C E S S  ---------------

Threads class SMR info:
_java_thread_list=0x0000025e72f2f910, length=39, elements={
0x0000025e6e59a750, 0x0000025e6e59bef0, 0x0000025e6e5ec010, 0x0000025e6e5eeca0,
0x0000025e6e5f1d20, 0x0000025e6e5f6280, 0x0000025e6e5f7a80, 0x0000025e6e5fab30,
0x0000025e6e64eac0, 0x0000025e6f1b2560, 0x0000025e6f1cc020, 0x0000025e6fa4b680,
0x0000025e70ddac10, 0x0000025e70fdc480, 0x0000025e70fdc950, 0x0000025e64613540,
0x0000025e70fbd050, 0x0000025e71056d90, 0x0000025e71057660, 0x0000025e71057b30,
0x0000025e7109f020, 0x0000025e7100c730, 0x0000025e7100cc00, 0x0000025e7100d0d0,
0x0000025e7100c260, 0x0000025e7100d5a0, 0x0000025e7100da70, 0x0000025e7114bf60,
0x0000025e71148a70, 0x0000025e711468c0, 0x0000025e7114a280, 0x0000025e71145580,
0x0000025e71145f20, 0x0000025e7114a750, 0x0000025e711498e0, 0x0000025e7114b0f0,
0x0000025e71148f40, 0x0000025e7114b5c0, 0x0000025e711480d0
}

Java Threads: ( => current thread )
  0x0000025e6e59a750 JavaThread "Reference Handler" daemon [_thread_blocked, id=14200, stack(0x0000007208c00000,0x0000007208d00000)]
  0x0000025e6e59bef0 JavaThread "Finalizer" daemon [_thread_blocked, id=8440, stack(0x0000007208d00000,0x0000007208e00000)]
  0x0000025e6e5ec010 JavaThread "Signal Dispatcher" daemon [_thread_blocked, id=13364, stack(0x0000007208e00000,0x0000007208f00000)]
  0x0000025e6e5eeca0 JavaThread "Attach Listener" daemon [_thread_blocked, id=9316, stack(0x0000007208f00000,0x0000007209000000)]
  0x0000025e6e5f1d20 JavaThread "Service Thread" daemon [_thread_blocked, id=11708, stack(0x0000007209000000,0x0000007209100000)]
  0x0000025e6e5f6280 JavaThread "Monitor Deflation Thread" daemon [_thread_blocked, id=13096, stack(0x0000007209100000,0x0000007209200000)]
  0x0000025e6e5f7a80 JavaThread "C1 CompilerThread0" daemon [_thread_blocked, id=12968, stack(0x0000007209200000,0x0000007209300000)]
  0x0000025e6e5fab30 JavaThread "Sweeper thread" daemon [_thread_blocked, id=5520, stack(0x0000007209300000,0x0000007209400000)]
  0x0000025e6e64eac0 JavaThread "C1 CompilerThread1" daemon [_thread_blocked, id=5060, stack(0x0000007209400000,0x0000007209500000)]
  0x0000025e6f1b2560 JavaThread "Notification Thread" daemon [_thread_blocked, id=676, stack(0x0000007209500000,0x0000007209600000)]
  0x0000025e6f1cc020 JavaThread "Common-Cleaner" daemon [_thread_blocked, id=12120, stack(0x0000007209700000,0x0000007209800000)]
  0x0000025e6fa4b680 JavaThread "C1 CompilerThread2" daemon [_thread_blocked, id=4628, stack(0x0000007209a00000,0x0000007209b00000)]
  0x0000025e70ddac10 JavaThread "boundedElastic-evictor-1" daemon [_thread_blocked, id=10780, stack(0x0000007209c00000,0x0000007209d00000)]
  0x0000025e70fdc480 JavaThread "pool-9-thread-1" [_thread_blocked, id=2780, stack(0x0000007209d00000,0x0000007209e00000)]
  0x0000025e70fdc950 JavaThread "LanguageServerApp-lifecycle" [_thread_blocked, id=10604, stack(0x0000007209e00000,0x0000007209f00000)]
  0x0000025e64613540 JavaThread "DestroyJavaVM" [_thread_blocked, id=12912, stack(0x0000007208500000,0x0000007208600000)]
  0x0000025e70fbd050 JavaThread "pool-10-thread-1" [_thread_in_native, id=12824, stack(0x0000007209f00000,0x000000720a000000)]
  0x0000025e71056d90 JavaThread "Simple-Language-Server main thread" daemon [_thread_blocked, id=12884, stack(0x000000720a000000,0x000000720a100000)]
  0x0000025e71057660 JavaThread "ForkJoinPool.commonPool-worker-1" daemon [_thread_blocked, id=13776, stack(0x000000720a100000,0x000000720a200000)]
  0x0000025e71057b30 JavaThread "pool-7-thread-1" [_thread_blocked, id=13752, stack(0x000000720a200000,0x000000720a300000)]
  0x0000025e7109f020 JavaThread "parallel-1" daemon [_thread_blocked, id=15080, stack(0x000000720a300000,0x000000720a400000)]
  0x0000025e7100c730 JavaThread "parallel-2" daemon [_thread_blocked, id=5964, stack(0x000000720a400000,0x000000720a500000)]
  0x0000025e7100cc00 JavaThread "parallel-3" daemon [_thread_blocked, id=2332, stack(0x000000720a500000,0x000000720a600000)]
  0x0000025e7100d0d0 JavaThread "parallel-4" daemon [_thread_blocked, id=15336, stack(0x000000720a600000,0x000000720a700000)]
  0x0000025e7100c260 JavaThread "pool-4-thread-1" [_thread_blocked, id=12644, stack(0x000000720a700000,0x000000720a800000)]
  0x0000025e7100d5a0 JavaThread "ForkJoinPool.commonPool-worker-2" daemon [_thread_blocked, id=15128, stack(0x000000720a800000,0x000000720a900000)]
  0x0000025e7100da70 JavaThread "Reconciler-1" daemon [_thread_blocked, id=14496, stack(0x000000720a900000,0x000000720aa00000)]
  0x0000025e7114bf60 JavaThread "pool-4-thread-2" [_thread_blocked, id=11716, stack(0x000000720aa00000,0x000000720ab00000)]
  0x0000025e71148a70 JavaThread "ClassGraph-worker-0" daemon [_thread_blocked, id=12304, stack(0x000000720ab00000,0x000000720ac00000)]
  0x0000025e711468c0 JavaThread "ClassGraph-worker-1" daemon [_thread_blocked, id=3120, stack(0x000000720ac00000,0x000000720ad00000)]
  0x0000025e7114a280 JavaThread "ClassGraph-worker-2" daemon [_thread_blocked, id=3824, stack(0x000000720ad00000,0x000000720ae00000)]
  0x0000025e71145580 JavaThread "ClassGraph-worker-3" daemon [_thread_blocked, id=4088, stack(0x000000720ae00000,0x000000720af00000)]
  0x0000025e71145f20 JavaThread "ClassGraph-worker-4" daemon [_thread_blocked, id=14016, stack(0x000000720af00000,0x000000720b000000)]
  0x0000025e7114a750 JavaThread "ClassGraph-worker-5" daemon [_thread_blocked, id=14432, stack(0x000000720b000000,0x000000720b100000)]
  0x0000025e711498e0 JavaThread "ClassGraph-worker-6" daemon [_thread_blocked, id=9804, stack(0x000000720b100000,0x000000720b200000)]
  0x0000025e7114b0f0 JavaThread "ClassGraph-worker-7" daemon [_thread_blocked, id=13696, stack(0x000000720b200000,0x000000720b300000)]
  0x0000025e71148f40 JavaThread "pool-5-thread-1" [_thread_blocked, id=9076, stack(0x000000720b300000,0x000000720b400000)]
  0x0000025e7114b5c0 JavaThread "Project-Reconciler-1" daemon [_thread_blocked, id=15068, stack(0x000000720b400000,0x000000720b500000)]
  0x0000025e711480d0 JavaThread "ForkJoinPool.commonPool-worker-3" daemon [_thread_blocked, id=3748, stack(0x000000720b500000,0x000000720b600000)]

Other Threads:
=>0x0000025e6e584660 VMThread "VM Thread" [stack: 0x0000007208b00000,0x0000007208c00000] [id=6172]
  0x0000025e6f1b2a30 WatcherThread [stack: 0x0000007209600000,0x0000007209700000] [id=14196]
  0x0000025e6464d2c0 GCTaskThread "GC Thread#0" [stack: 0x0000007208600000,0x0000007208700000] [id=14492]
  0x0000025e6f9f4c50 GCTaskThread "GC Thread#1" [stack: 0x0000007209800000,0x0000007209900000] [id=12316]
  0x0000025e6f8b6370 GCTaskThread "GC Thread#2" [stack: 0x0000007209900000,0x0000007209a00000] [id=5792]
  0x0000025e6fb30a60 GCTaskThread "GC Thread#3" [stack: 0x0000007209b00000,0x0000007209c00000] [id=12920]
  0x0000025e64655f60 ConcurrentGCThread "G1 Main Marker" [stack: 0x0000007208700000,0x0000007208800000] [id=7548]
  0x0000025e64657890 ConcurrentGCThread "G1 Conc#0" [stack: 0x0000007208800000,0x0000007208900000] [id=5452]
  0x0000025e646923c0 ConcurrentGCThread "G1 Refine#0" [stack: 0x0000007208900000,0x0000007208a00000] [id=14592]
  0x0000025e71650f30 ConcurrentGCThread "G1 Refine#1" [stack: 0x000000720b600000,0x000000720b700000] [id=5532]
  0x0000025e64692cf0 ConcurrentGCThread "G1 Service" [stack: 0x0000007208a00000,0x0000007208b00000] [id=15020]

Threads with active compile tasks:

VM state: at safepoint (normal execution)

VM Mutex/Monitor currently owned by a thread:  ([mutex/lock_event])
[0x0000025e62578580] Threads_lock - owner thread: 0x0000025e6e584660
[0x0000025e64601030] Heap_lock - owner thread: 0x0000025e7114b0f0

Heap address: 0x00000000c8e00000, size: 882 MB, Compressed Oops mode: 32-bit

CDS archive(s) not mapped
Compressed class space mapped at: 0x0000000100000000-0x0000000140000000, reserved size: 1073741824
Narrow klass base: 0x0000000000000000, Narrow klass shift: 3, Narrow klass range: 0x140000000

GC Precious Log:
 CPUs: 4 total, 4 available
 Memory: 3522M
 Large Page Support: Disabled
 NUMA Support: Disabled
 Compressed Oops: Enabled (32-bit)
 Heap Region Size: 1M
 Heap Min Capacity: 8M
 Heap Initial Capacity: 56M
 Heap Max Capacity: 882M
 Pre-touch: Disabled
 Parallel Workers: 4
 Concurrent Workers: 1
 Concurrent Refinement Workers: 4
 Periodic GC: Disabled

Heap:
 garbage-first heap   total 277504K, used 121874K [0x00000000c8e00000, 0x0000000100000000)
  region size 1024K, 10 young (10240K), 10 survivors (10240K)
 Metaspace       used 46459K, committed 46848K, reserved 1097728K
  class space    used 5732K, committed 5888K, reserved 1048576K

Heap Regions: E=young(eden), S=young(survivor), O=old, HS=humongous(starts), HC=humongous(continues), CS=collection set, F=free, OA=open archive, CA=closed archive, TAMS=top-at-mark-start (previous, next)
|   0|0x00000000c8e00000, 0x00000000c8f00000, 0x00000000c8f00000|100%| O|  |TAMS 0x00000000c8f00000, 0x00000000c8e00000| Untracked 
|   1|0x00000000c8f00000, 0x00000000c9000000, 0x00000000c9000000|100%| O|  |TAMS 0x00000000c9000000, 0x00000000c8f00000| Untracked 
|   2|0x00000000c9000000, 0x00000000c9100000, 0x00000000c9100000|100%| O|  |TAMS 0x00000000c9100000, 0x00000000c9000000| Untracked 
|   3|0x00000000c9100000, 0x00000000c9200000, 0x00000000c9200000|100%| O|  |TAMS 0x00000000c9200000, 0x00000000c9100000| Untracked 
|   4|0x00000000c9200000, 0x00000000c9300000, 0x00000000c9300000|100%| O|  |TAMS 0x00000000c9300000, 0x00000000c9200000| Untracked 
|   5|0x00000000c9300000, 0x00000000c9400000, 0x00000000c9400000|100%| O|  |TAMS 0x00000000c9400000, 0x00000000c9300000| Untracked 
|   6|0x00000000c9400000, 0x00000000c9500000, 0x00000000c9500000|100%| O|  |TAMS 0x00000000c9500000, 0x00000000c9400000| Untracked 
|   7|0x00000000c9500000, 0x00000000c9600000, 0x00000000c9600000|100%| O|  |TAMS 0x00000000c9600000, 0x00000000c9500000| Untracked 
|   8|0x00000000c9600000, 0x00000000c9700000, 0x00000000c9700000|100%| O|  |TAMS 0x00000000c9700000, 0x00000000c9600000| Untracked 
|   9|0x00000000c9700000, 0x00000000c9798200, 0x00000000c9800000| 59%| O|  |TAMS 0x00000000c9798200, 0x00000000c9700000| Untracked 
|  10|0x00000000c9800000, 0x00000000c9900000, 0x00000000c9900000|100%| O|  |TAMS 0x00000000c9900000, 0x00000000c9800000| Untracked 
|  11|0x00000000c9900000, 0x00000000c9a00000, 0x00000000c9a00000|100%| O|  |TAMS 0x00000000c9a00000, 0x00000000c9900000| Untracked 
|  12|0x00000000c9a00000, 0x00000000c9b00000, 0x00000000c9b00000|100%| O|  |TAMS 0x00000000c9b00000, 0x00000000c9a00000| Untracked 
|  13|0x00000000c9b00000, 0x00000000c9c00000, 0x00000000c9c00000|100%| O|  |TAMS 0x00000000c9c00000, 0x00000000c9b00000| Untracked 
|  14|0x00000000c9c00000, 0x00000000c9d00000, 0x00000000c9d00000|100%| O|  |TAMS 0x00000000c9d00000, 0x00000000c9c00000| Untracked 
|  15|0x00000000c9d00000, 0x00000000c9e00000, 0x00000000c9e00000|100%| O|  |TAMS 0x00000000c9e00000, 0x00000000c9d00000| Untracked 
|  16|0x00000000c9e00000, 0x00000000c9f00000, 0x00000000c9f00000|100%| O|  |TAMS 0x00000000c9f00000, 0x00000000c9e00000| Untracked 
|  17|0x00000000c9f00000, 0x00000000ca000000, 0x00000000ca000000|100%| O|  |TAMS 0x00000000ca000000, 0x00000000c9f00000| Untracked 
|  18|0x00000000ca000000, 0x00000000ca100000, 0x00000000ca100000|100%| O|  |TAMS 0x00000000ca100000, 0x00000000ca000000| Untracked 
|  19|0x00000000ca100000, 0x00000000ca200000, 0x00000000ca200000|100%| O|  |TAMS 0x00000000ca200000, 0x00000000ca100000| Untracked 
|  20|0x00000000ca200000, 0x00000000ca300000, 0x00000000ca300000|100%| O|  |TAMS 0x00000000ca300000, 0x00000000ca200000| Untracked 
|  21|0x00000000ca300000, 0x00000000ca400000, 0x00000000ca400000|100%| O|  |TAMS 0x00000000ca400000, 0x00000000ca300000| Untracked 
|  22|0x00000000ca400000, 0x00000000ca500000, 0x00000000ca500000|100%| O|  |TAMS 0x00000000ca500000, 0x00000000ca400000| Untracked 
|  23|0x00000000ca500000, 0x00000000ca600000, 0x00000000ca600000|100%| O|  |TAMS 0x00000000ca600000, 0x00000000ca500000| Untracked 
|  24|0x00000000ca600000, 0x00000000ca700000, 0x00000000ca700000|100%| O|  |TAMS 0x00000000ca700000, 0x00000000ca600000| Untracked 
|  25|0x00000000ca700000, 0x00000000ca800000, 0x00000000ca800000|100%| O|  |TAMS 0x00000000ca800000, 0x00000000ca700000| Untracked 
|  26|0x00000000ca800000, 0x00000000ca900000, 0x00000000ca900000|100%| O|  |TAMS 0x00000000ca900000, 0x00000000ca800000| Untracked 
|  27|0x00000000ca900000, 0x00000000caa00000, 0x00000000caa00000|100%| O|  |TAMS 0x00000000caa00000, 0x00000000ca900000| Untracked 
|  28|0x00000000caa00000, 0x00000000cab00000, 0x00000000cab00000|100%| O|  |TAMS 0x00000000cab00000, 0x00000000caa00000| Untracked 
|  29|0x00000000cab00000, 0x00000000cac00000, 0x00000000cac00000|100%| O|  |TAMS 0x00000000cac00000, 0x00000000cab00000| Untracked 
|  30|0x00000000cac00000, 0x00000000cad00000, 0x00000000cad00000|100%| O|  |TAMS 0x00000000cad00000, 0x00000000cac00000| Untracked 
|  31|0x00000000cad00000, 0x00000000cae00000, 0x00000000cae00000|100%| O|  |TAMS 0x00000000cae00000, 0x00000000cad00000| Untracked 
|  32|0x00000000cae00000, 0x00000000caf00000, 0x00000000caf00000|100%| O|  |TAMS 0x00000000caf00000, 0x00000000cae00000| Untracked 
|  33|0x00000000caf00000, 0x00000000cb000000, 0x00000000cb000000|100%| O|  |TAMS 0x00000000cb000000, 0x00000000caf00000| Untracked 
|  34|0x00000000cb000000, 0x00000000cb100000, 0x00000000cb100000|100%| O|  |TAMS 0x00000000cb100000, 0x00000000cb000000| Untracked 
|  35|0x00000000cb100000, 0x00000000cb200000, 0x00000000cb200000|100%| O|  |TAMS 0x00000000cb200000, 0x00000000cb100000| Untracked 
|  36|0x00000000cb200000, 0x00000000cb300000, 0x00000000cb300000|100%| O|  |TAMS 0x00000000cb200000, 0x00000000cb200000| Untracked 
|  37|0x00000000cb300000, 0x00000000cb400000, 0x00000000cb400000|100%| O|  |TAMS 0x00000000cb400000, 0x00000000cb300000| Untracked 
|  38|0x00000000cb400000, 0x00000000cb500000, 0x00000000cb500000|100%| O|  |TAMS 0x00000000cb500000, 0x00000000cb400000| Untracked 
|  39|0x00000000cb500000, 0x00000000cb600000, 0x00000000cb600000|100%| O|  |TAMS 0x00000000cb600000, 0x00000000cb500000| Untracked 
|  40|0x00000000cb600000, 0x00000000cb700000, 0x00000000cb700000|100%| O|  |TAMS 0x00000000cb700000, 0x00000000cb600000| Untracked 
|  41|0x00000000cb700000, 0x00000000cb800000, 0x00000000cb800000|100%| O|  |TAMS 0x00000000cb800000, 0x00000000cb700000| Untracked 
|  42|0x00000000cb800000, 0x00000000cb900000, 0x00000000cb900000|100%| O|  |TAMS 0x00000000cb900000, 0x00000000cb800000| Untracked 
|  43|0x00000000cb900000, 0x00000000cba00000, 0x00000000cba00000|100%| O|  |TAMS 0x00000000cba00000, 0x00000000cb900000| Untracked 
|  44|0x00000000cba00000, 0x00000000cbb00000, 0x00000000cbb00000|100%| O|  |TAMS 0x00000000cbb00000, 0x00000000cba00000| Untracked 
|  45|0x00000000cbb00000, 0x00000000cbc00000, 0x00000000cbc00000|100%| O|  |TAMS 0x00000000cbb00000, 0x00000000cbb00000| Untracked 
|  46|0x00000000cbc00000, 0x00000000cbd00000, 0x00000000cbd00000|100%| O|  |TAMS 0x00000000cbd00000, 0x00000000cbc00000| Untracked 
|  47|0x00000000cbd00000, 0x00000000cbe00000, 0x00000000cbe00000|100%| O|  |TAMS 0x00000000cbe00000, 0x00000000cbd00000| Untracked 
|  48|0x00000000cbe00000, 0x00000000cbf00000, 0x00000000cbf00000|100%|HS|  |TAMS 0x00000000cbf00000, 0x00000000cbe00000| Complete 
|  49|0x00000000cbf00000, 0x00000000cc000000, 0x00000000cc000000|100%| O|  |TAMS 0x00000000cc000000, 0x00000000cbf00000| Untracked 
|  50|0x00000000cc000000, 0x00000000cc100000, 0x00000000cc100000|100%| O|  |TAMS 0x00000000cc100000, 0x00000000cc000000| Untracked 
|  51|0x00000000cc100000, 0x00000000cc200000, 0x00000000cc200000|100%| O|  |TAMS 0x00000000cc200000, 0x00000000cc100000| Untracked 
|  52|0x00000000cc200000, 0x00000000cc300000, 0x00000000cc300000|100%| O|  |TAMS 0x00000000cc300000, 0x00000000cc200000| Untracked 
|  53|0x00000000cc300000, 0x00000000cc400000, 0x00000000cc400000|100%| O|  |TAMS 0x00000000cc400000, 0x00000000cc300000| Untracked 
|  54|0x00000000cc400000, 0x00000000cc500000, 0x00000000cc500000|100%| O|  |TAMS 0x00000000cc500000, 0x00000000cc400000| Untracked 
|  55|0x00000000cc500000, 0x00000000cc600000, 0x00000000cc600000|100%| O|  |TAMS 0x00000000cc600000, 0x00000000cc500000| Untracked 
|  56|0x00000000cc600000, 0x00000000cc700000, 0x00000000cc700000|100%| O|  |TAMS 0x00000000cc700000, 0x00000000cc600000| Untracked 
|  57|0x00000000cc700000, 0x00000000cc800000, 0x00000000cc800000|100%| O|  |TAMS 0x00000000cc800000, 0x00000000cc700000| Untracked 
|  58|0x00000000cc800000, 0x00000000cc900000, 0x00000000cc900000|100%| O|  |TAMS 0x00000000cc900000, 0x00000000cc800000| Untracked 
|  59|0x00000000cc900000, 0x00000000cca00000, 0x00000000cca00000|100%| O|  |TAMS 0x00000000cca00000, 0x00000000cc900000| Untracked 
|  60|0x00000000cca00000, 0x00000000ccb00000, 0x00000000ccb00000|100%| O|  |TAMS 0x00000000ccb00000, 0x00000000cca00000| Untracked 
|  61|0x00000000ccb00000, 0x00000000ccc00000, 0x00000000ccc00000|100%| O|  |TAMS 0x00000000ccc00000, 0x00000000ccb00000| Untracked 
|  62|0x00000000ccc00000, 0x00000000ccd00000, 0x00000000ccd00000|100%| O|  |TAMS 0x00000000ccd00000, 0x00000000ccc00000| Untracked 
|  63|0x00000000ccd00000, 0x00000000cce00000, 0x00000000cce00000|100%| O|  |TAMS 0x00000000cce00000, 0x00000000ccd00000| Untracked 
|  64|0x00000000cce00000, 0x00000000ccf00000, 0x00000000ccf00000|100%| O|  |TAMS 0x00000000ccf00000, 0x00000000cce00000| Untracked 
|  65|0x00000000ccf00000, 0x00000000cd000000, 0x00000000cd000000|100%| O|  |TAMS 0x00000000cd000000, 0x00000000ccf00000| Untracked 
|  66|0x00000000cd000000, 0x00000000cd100000, 0x00000000cd100000|100%| O|  |TAMS 0x00000000cd100000, 0x00000000cd000000| Untracked 
|  67|0x00000000cd100000, 0x00000000cd200000, 0x00000000cd200000|100%| O|  |TAMS 0x00000000cd200000, 0x00000000cd100000| Untracked 
|  68|0x00000000cd200000, 0x00000000cd300000, 0x00000000cd300000|100%| O|  |TAMS 0x00000000cd300000, 0x00000000cd200000| Untracked 
|  69|0x00000000cd300000, 0x00000000cd400000, 0x00000000cd400000|100%| O|  |TAMS 0x00000000cd400000, 0x00000000cd300000| Untracked 
|  70|0x00000000cd400000, 0x00000000cd500000, 0x00000000cd500000|100%| O|  |TAMS 0x00000000cd500000, 0x00000000cd400000| Untracked 
|  71|0x00000000cd500000, 0x00000000cd600000, 0x00000000cd600000|100%| O|  |TAMS 0x00000000cd600000, 0x00000000cd500000| Untracked 
|  72|0x00000000cd600000, 0x00000000cd700000, 0x00000000cd700000|100%| O|  |TAMS 0x00000000cd700000, 0x00000000cd600000| Untracked 
|  73|0x00000000cd700000, 0x00000000cd800000, 0x00000000cd800000|100%| O|  |TAMS 0x00000000cd800000, 0x00000000cd700000| Untracked 
|  74|0x00000000cd800000, 0x00000000cd900000, 0x00000000cd900000|100%| O|  |TAMS 0x00000000cd900000, 0x00000000cd800000| Untracked 
|  75|0x00000000cd900000, 0x00000000cda00000, 0x00000000cda00000|100%| O|  |TAMS 0x00000000cda00000, 0x00000000cd900000| Untracked 
|  76|0x00000000cda00000, 0x00000000cdb00000, 0x00000000cdb00000|100%| O|  |TAMS 0x00000000cda00000, 0x00000000cda00000| Untracked 
|  77|0x00000000cdb00000, 0x00000000cdc00000, 0x00000000cdc00000|100%| O|  |TAMS 0x00000000cdb6a600, 0x00000000cdb00000| Untracked 
|  78|0x00000000cdc00000, 0x00000000cdd00000, 0x00000000cdd00000|100%| O|  |TAMS 0x00000000cdc00000, 0x00000000cdc00000| Untracked 
|  79|0x00000000cdd00000, 0x00000000cde00000, 0x00000000cde00000|100%| O|  |TAMS 0x00000000cdd00000, 0x00000000cdd00000| Untracked 
|  80|0x00000000cde00000, 0x00000000cdf00000, 0x00000000cdf00000|100%| O|  |TAMS 0x00000000cde00000, 0x00000000cde00000| Untracked 
|  81|0x00000000cdf00000, 0x00000000ce000000, 0x00000000ce000000|100%| O|  |TAMS 0x00000000cdf00000, 0x00000000cdf00000| Untracked 
|  82|0x00000000ce000000, 0x00000000ce100000, 0x00000000ce100000|100%| O|  |TAMS 0x00000000ce000000, 0x00000000ce000000| Untracked 
|  83|0x00000000ce100000, 0x00000000ce200000, 0x00000000ce200000|100%| O|  |TAMS 0x00000000ce100000, 0x00000000ce100000| Untracked 
|  84|0x00000000ce200000, 0x00000000ce300000, 0x00000000ce300000|100%| O|  |TAMS 0x00000000ce200000, 0x00000000ce200000| Untracked 
|  85|0x00000000ce300000, 0x00000000ce400000, 0x00000000ce400000|100%| O|  |TAMS 0x00000000ce300000, 0x00000000ce300000| Untracked 
|  86|0x00000000ce400000, 0x00000000ce500000, 0x00000000ce500000|100%| O|  |TAMS 0x00000000ce400000, 0x00000000ce400000| Untracked 
|  87|0x00000000ce500000, 0x00000000ce600000, 0x00000000ce600000|100%| O|  |TAMS 0x00000000ce500000, 0x00000000ce500000| Untracked 
|  88|0x00000000ce600000, 0x00000000ce700000, 0x00000000ce700000|100%| O|  |TAMS 0x00000000ce600000, 0x00000000ce600000| Untracked 
|  89|0x00000000ce700000, 0x00000000ce800000, 0x00000000ce800000|100%| O|  |TAMS 0x00000000ce700000, 0x00000000ce700000| Untracked 
|  90|0x00000000ce800000, 0x00000000ce900000, 0x00000000ce900000|100%| O|  |TAMS 0x00000000ce800000, 0x00000000ce800000| Untracked 
|  91|0x00000000ce900000, 0x00000000cea00000, 0x00000000cea00000|100%| O|  |TAMS 0x00000000ce900000, 0x00000000ce900000| Untracked 
|  92|0x00000000cea00000, 0x00000000ceb00000, 0x00000000ceb00000|100%| O|  |TAMS 0x00000000cea00000, 0x00000000cea00000| Untracked 
|  93|0x00000000ceb00000, 0x00000000cec00000, 0x00000000cec00000|100%| O|  |TAMS 0x00000000ceb00000, 0x00000000ceb00000| Untracked 
|  94|0x00000000cec00000, 0x00000000ced00000, 0x00000000ced00000|100%| O|  |TAMS 0x00000000cec00000, 0x00000000cec00000| Untracked 
|  95|0x00000000ced00000, 0x00000000cee00000, 0x00000000cee00000|100%| O|  |TAMS 0x00000000ced00000, 0x00000000ced00000| Untracked 
|  96|0x00000000cee00000, 0x00000000cef00000, 0x00000000cef00000|100%| O|  |TAMS 0x00000000cee00000, 0x00000000cee00000| Untracked 
|  97|0x00000000cef00000, 0x00000000cf000000, 0x00000000cf000000|100%| O|  |TAMS 0x00000000cef00000, 0x00000000cef00000| Untracked 
|  98|0x00000000cf000000, 0x00000000cf100000, 0x00000000cf100000|100%| O|  |TAMS 0x00000000cf000000, 0x00000000cf000000| Untracked 
|  99|0x00000000cf100000, 0x00000000cf200000, 0x00000000cf200000|100%| O|  |TAMS 0x00000000cf100000, 0x00000000cf100000| Untracked 
| 100|0x00000000cf200000, 0x00000000cf300000, 0x00000000cf300000|100%| O|  |TAMS 0x00000000cf200000, 0x00000000cf200000| Untracked 
| 101|0x00000000cf300000, 0x00000000cf400000, 0x00000000cf400000|100%| O|  |TAMS 0x00000000cf300000, 0x00000000cf300000| Untracked 
| 102|0x00000000cf400000, 0x00000000cf500000, 0x00000000cf500000|100%| O|  |TAMS 0x00000000cf400000, 0x00000000cf400000| Untracked 
| 103|0x00000000cf500000, 0x00000000cf600000, 0x00000000cf600000|100%| O|  |TAMS 0x00000000cf500000, 0x00000000cf500000| Untracked 
| 104|0x00000000cf600000, 0x00000000cf700000, 0x00000000cf700000|100%| O|  |TAMS 0x00000000cf600000, 0x00000000cf600000| Untracked 
| 105|0x00000000cf700000, 0x00000000cf800000, 0x00000000cf800000|100%| O|  |TAMS 0x00000000cf700000, 0x00000000cf700000| Untracked 
| 106|0x00000000cf800000, 0x00000000cf900000, 0x00000000cf900000|100%| O|  |TAMS 0x00000000cf800000, 0x00000000cf800000| Untracked 
| 107|0x00000000cf900000, 0x00000000cfa00000, 0x00000000cfa00000|100%| O|  |TAMS 0x00000000cf900000, 0x00000000cf900000| Untracked 
| 108|0x00000000cfa00000, 0x00000000cfb00000, 0x00000000cfb00000|100%| O|  |TAMS 0x00000000cfa00000, 0x00000000cfa00000| Untracked 
| 109|0x00000000cfb00000, 0x00000000cfb7c200, 0x00000000cfc00000| 48%| O|  |TAMS 0x00000000cfb00000, 0x00000000cfb00000| Untracked 
| 110|0x00000000cfc00000, 0x00000000cfc00000, 0x00000000cfd00000|  0%| F|  |TAMS 0x00000000cfc00000, 0x00000000cfc00000| Untracked 
| 111|0x00000000cfd00000, 0x00000000cfd00000, 0x00000000cfe00000|  0%| F|  |TAMS 0x00000000cfd00000, 0x00000000cfd00000| Untracked 
| 112|0x00000000cfe00000, 0x00000000cfe00000, 0x00000000cff00000|  0%| F|  |TAMS 0x00000000cfe00000, 0x00000000cfe00000| Untracked 
| 113|0x00000000cff00000, 0x00000000cff00000, 0x00000000d0000000|  0%| F|  |TAMS 0x00000000cff00000, 0x00000000cff00000| Untracked 
| 114|0x00000000d0000000, 0x00000000d0000000, 0x00000000d0100000|  0%| F|  |TAMS 0x00000000d0000000, 0x00000000d0000000| Untracked 
| 115|0x00000000d0100000, 0x00000000d0100000, 0x00000000d0200000|  0%| F|  |TAMS 0x00000000d0100000, 0x00000000d0100000| Untracked 
| 116|0x00000000d0200000, 0x00000000d0200000, 0x00000000d0300000|  0%| F|  |TAMS 0x00000000d0200000, 0x00000000d0200000| Untracked 
| 117|0x00000000d0300000, 0x00000000d0300000, 0x00000000d0400000|  0%| F|  |TAMS 0x00000000d0300000, 0x00000000d0300000| Untracked 
| 118|0x00000000d0400000, 0x00000000d0400000, 0x00000000d0500000|  0%| F|  |TAMS 0x00000000d0400000, 0x00000000d0400000| Untracked 
| 119|0x00000000d0500000, 0x00000000d0500000, 0x00000000d0600000|  0%| F|  |TAMS 0x00000000d0500000, 0x00000000d0500000| Untracked 
| 120|0x00000000d0600000, 0x00000000d0600000, 0x00000000d0700000|  0%| F|  |TAMS 0x00000000d0600000, 0x00000000d0600000| Untracked 
| 121|0x00000000d0700000, 0x00000000d0700000, 0x00000000d0800000|  0%| F|  |TAMS 0x00000000d0700000, 0x00000000d0700000| Untracked 
| 122|0x00000000d0800000, 0x00000000d0800000, 0x00000000d0900000|  0%| F|  |TAMS 0x00000000d0800000, 0x00000000d0800000| Untracked 
| 123|0x00000000d0900000, 0x00000000d0900000, 0x00000000d0a00000|  0%| F|  |TAMS 0x00000000d0900000, 0x00000000d0900000| Untracked 
| 124|0x00000000d0a00000, 0x00000000d0a00000, 0x00000000d0b00000|  0%| F|  |TAMS 0x00000000d0a00000, 0x00000000d0a00000| Untracked 
| 125|0x00000000d0b00000, 0x00000000d0b00000, 0x00000000d0c00000|  0%| F|  |TAMS 0x00000000d0b00000, 0x00000000d0b00000| Untracked 
| 126|0x00000000d0c00000, 0x00000000d0c00000, 0x00000000d0d00000|  0%| F|  |TAMS 0x00000000d0c00000, 0x00000000d0c00000| Untracked 
| 127|0x00000000d0d00000, 0x00000000d0d00000, 0x00000000d0e00000|  0%| F|  |TAMS 0x00000000d0d00000, 0x00000000d0d00000| Untracked 
| 128|0x00000000d0e00000, 0x00000000d0e00000, 0x00000000d0f00000|  0%| F|  |TAMS 0x00000000d0e00000, 0x00000000d0e00000| Untracked 
| 129|0x00000000d0f00000, 0x00000000d0f00000, 0x00000000d1000000|  0%| F|  |TAMS 0x00000000d0f00000, 0x00000000d0f00000| Untracked 
| 130|0x00000000d1000000, 0x00000000d1000000, 0x00000000d1100000|  0%| F|  |TAMS 0x00000000d1000000, 0x00000000d1000000| Untracked 
| 131|0x00000000d1100000, 0x00000000d1100000, 0x00000000d1200000|  0%| F|  |TAMS 0x00000000d1100000, 0x00000000d1100000| Untracked 
| 132|0x00000000d1200000, 0x00000000d1200000, 0x00000000d1300000|  0%| F|  |TAMS 0x00000000d1200000, 0x00000000d1200000| Untracked 
| 133|0x00000000d1300000, 0x00000000d1300000, 0x00000000d1400000|  0%| F|  |TAMS 0x00000000d1300000, 0x00000000d1300000| Untracked 
| 134|0x00000000d1400000, 0x00000000d1400000, 0x00000000d1500000|  0%| F|  |TAMS 0x00000000d1400000, 0x00000000d1400000| Untracked 
| 135|0x00000000d1500000, 0x00000000d1500000, 0x00000000d1600000|  0%| F|  |TAMS 0x00000000d1500000, 0x00000000d1500000| Untracked 
| 136|0x00000000d1600000, 0x00000000d1600000, 0x00000000d1700000|  0%| F|  |TAMS 0x00000000d1600000, 0x00000000d1600000| Untracked 
| 137|0x00000000d1700000, 0x00000000d1700000, 0x00000000d1800000|  0%| F|  |TAMS 0x00000000d1700000, 0x00000000d1700000| Untracked 
| 138|0x00000000d1800000, 0x00000000d1800000, 0x00000000d1900000|  0%| F|  |TAMS 0x00000000d1800000, 0x00000000d1800000| Untracked 
| 139|0x00000000d1900000, 0x00000000d1900000, 0x00000000d1a00000|  0%| F|  |TAMS 0x00000000d1900000, 0x00000000d1900000| Untracked 
| 140|0x00000000d1a00000, 0x00000000d1a00000, 0x00000000d1b00000|  0%| F|  |TAMS 0x00000000d1a00000, 0x00000000d1a00000| Untracked 
| 141|0x00000000d1b00000, 0x00000000d1b00000, 0x00000000d1c00000|  0%| F|  |TAMS 0x00000000d1b00000, 0x00000000d1b00000| Untracked 
| 142|0x00000000d1c00000, 0x00000000d1cf0750, 0x00000000d1d00000| 93%| S|CS|TAMS 0x00000000d1c00000, 0x00000000d1c00000| Complete 
| 143|0x00000000d1d00000, 0x00000000d1e00000, 0x00000000d1e00000|100%| S|CS|TAMS 0x00000000d1d00000, 0x00000000d1d00000| Complete 
| 144|0x00000000d1e00000, 0x00000000d1f00000, 0x00000000d1f00000|100%| S|CS|TAMS 0x00000000d1e00000, 0x00000000d1e00000| Complete 
| 145|0x00000000d1f00000, 0x00000000d2000000, 0x00000000d2000000|100%| S|CS|TAMS 0x00000000d1f00000, 0x00000000d1f00000| Complete 
| 146|0x00000000d2000000, 0x00000000d2100000, 0x00000000d2100000|100%| S|CS|TAMS 0x00000000d2000000, 0x00000000d2000000| Complete 
| 147|0x00000000d2100000, 0x00000000d2200000, 0x00000000d2200000|100%| S|CS|TAMS 0x00000000d2100000, 0x00000000d2100000| Complete 
| 148|0x00000000d2200000, 0x00000000d2200000, 0x00000000d2300000|  0%| F|  |TAMS 0x00000000d2200000, 0x00000000d2200000| Untracked 
| 149|0x00000000d2300000, 0x00000000d2300000, 0x00000000d2400000|  0%| F|  |TAMS 0x00000000d2300000, 0x00000000d2300000| Untracked 
| 150|0x00000000d2400000, 0x00000000d2400000, 0x00000000d2500000|  0%| F|  |TAMS 0x00000000d2400000, 0x00000000d2400000| Untracked 
| 151|0x00000000d2500000, 0x00000000d2500000, 0x00000000d2600000|  0%| F|  |TAMS 0x00000000d2500000, 0x00000000d2500000| Untracked 
| 152|0x00000000d2600000, 0x00000000d2700000, 0x00000000d2700000|100%| S|CS|TAMS 0x00000000d2600000, 0x00000000d2600000| Complete 
| 153|0x00000000d2700000, 0x00000000d2700000, 0x00000000d2800000|  0%| F|  |TAMS 0x00000000d2700000, 0x00000000d2700000| Untracked 
| 154|0x00000000d2800000, 0x00000000d2800000, 0x00000000d2900000|  0%| F|  |TAMS 0x00000000d2800000, 0x00000000d2800000| Untracked 
| 155|0x00000000d2900000, 0x00000000d2900000, 0x00000000d2a00000|  0%| F|  |TAMS 0x00000000d2900000, 0x00000000d2900000| Untracked 
| 156|0x00000000d2a00000, 0x00000000d2a00000, 0x00000000d2b00000|  0%| F|  |TAMS 0x00000000d2a00000, 0x00000000d2a00000| Untracked 
| 157|0x00000000d2b00000, 0x00000000d2b00000, 0x00000000d2c00000|  0%| F|  |TAMS 0x00000000d2b00000, 0x00000000d2b00000| Untracked 
| 158|0x00000000d2c00000, 0x00000000d2c00000, 0x00000000d2d00000|  0%| F|  |TAMS 0x00000000d2c00000, 0x00000000d2c00000| Untracked 
| 159|0x00000000d2d00000, 0x00000000d2e00000, 0x00000000d2e00000|100%| S|CS|TAMS 0x00000000d2d00000, 0x00000000d2d00000| Complete 
| 160|0x00000000d2e00000, 0x00000000d2f00000, 0x00000000d2f00000|100%| S|CS|TAMS 0x00000000d2e00000, 0x00000000d2e00000| Complete 
| 161|0x00000000d2f00000, 0x00000000d3000000, 0x00000000d3000000|100%| S|CS|TAMS 0x00000000d2f00000, 0x00000000d2f00000| Complete 
| 162|0x00000000d3000000, 0x00000000d3000000, 0x00000000d3100000|  0%| F|  |TAMS 0x00000000d3000000, 0x00000000d3000000| Untracked 
| 163|0x00000000d3100000, 0x00000000d3100000, 0x00000000d3200000|  0%| F|  |TAMS 0x00000000d3100000, 0x00000000d3100000| Untracked 
| 164|0x00000000d3200000, 0x00000000d3200000, 0x00000000d3300000|  0%| F|  |TAMS 0x00000000d3200000, 0x00000000d3200000| Untracked 
| 165|0x00000000d3300000, 0x00000000d3300000, 0x00000000d3400000|  0%| F|  |TAMS 0x00000000d3300000, 0x00000000d3300000| Untracked 
| 166|0x00000000d3400000, 0x00000000d3400000, 0x00000000d3500000|  0%| F|  |TAMS 0x00000000d3400000, 0x00000000d3400000| Untracked 
| 167|0x00000000d3500000, 0x00000000d3500000, 0x00000000d3600000|  0%| F|  |TAMS 0x00000000d3500000, 0x00000000d3500000| Untracked 
| 168|0x00000000d3600000, 0x00000000d3600000, 0x00000000d3700000|  0%| F|  |TAMS 0x00000000d3600000, 0x00000000d3600000| Untracked 
| 169|0x00000000d3700000, 0x00000000d3700000, 0x00000000d3800000|  0%| F|  |TAMS 0x00000000d3700000, 0x00000000d3700000| Untracked 
| 170|0x00000000d3800000, 0x00000000d3800000, 0x00000000d3900000|  0%| F|  |TAMS 0x00000000d3800000, 0x00000000d3800000| Untracked 
| 171|0x00000000d3900000, 0x00000000d3900000, 0x00000000d3a00000|  0%| F|  |TAMS 0x00000000d3900000, 0x00000000d3900000| Untracked 
| 172|0x00000000d3a00000, 0x00000000d3a00000, 0x00000000d3b00000|  0%| F|  |TAMS 0x00000000d3a00000, 0x00000000d3a00000| Untracked 
| 173|0x00000000d3b00000, 0x00000000d3b00000, 0x00000000d3c00000|  0%| F|  |TAMS 0x00000000d3b00000, 0x00000000d3b00000| Untracked 
| 174|0x00000000d3c00000, 0x00000000d3c00000, 0x00000000d3d00000|  0%| F|  |TAMS 0x00000000d3c00000, 0x00000000d3c00000| Untracked 
| 175|0x00000000d3d00000, 0x00000000d3d00000, 0x00000000d3e00000|  0%| F|  |TAMS 0x00000000d3d00000, 0x00000000d3d00000| Untracked 
| 176|0x00000000d3e00000, 0x00000000d3e00000, 0x00000000d3f00000|  0%| F|  |TAMS 0x00000000d3e00000, 0x00000000d3e00000| Untracked 
| 177|0x00000000d3f00000, 0x00000000d3f00000, 0x00000000d4000000|  0%| F|  |TAMS 0x00000000d3f00000, 0x00000000d3f00000| Untracked 
| 178|0x00000000d4000000, 0x00000000d4000000, 0x00000000d4100000|  0%| F|  |TAMS 0x00000000d4000000, 0x00000000d4000000| Untracked 
| 179|0x00000000d4100000, 0x00000000d4100000, 0x00000000d4200000|  0%| F|  |TAMS 0x00000000d4100000, 0x00000000d4100000| Untracked 
| 180|0x00000000d4200000, 0x00000000d4200000, 0x00000000d4300000|  0%| F|  |TAMS 0x00000000d4200000, 0x00000000d4200000| Untracked 
| 181|0x00000000d4300000, 0x00000000d4300000, 0x00000000d4400000|  0%| F|  |TAMS 0x00000000d4300000, 0x00000000d4300000| Untracked 
| 182|0x00000000d4400000, 0x00000000d4400000, 0x00000000d4500000|  0%| F|  |TAMS 0x00000000d4400000, 0x00000000d4400000| Untracked 
| 183|0x00000000d4500000, 0x00000000d4500000, 0x00000000d4600000|  0%| F|  |TAMS 0x00000000d4500000, 0x00000000d4500000| Untracked 
| 184|0x00000000d4600000, 0x00000000d4600000, 0x00000000d4700000|  0%| F|  |TAMS 0x00000000d4600000, 0x00000000d4600000| Untracked 
| 185|0x00000000d4700000, 0x00000000d4700000, 0x00000000d4800000|  0%| F|  |TAMS 0x00000000d4700000, 0x00000000d4700000| Untracked 
| 186|0x00000000d4800000, 0x00000000d4800000, 0x00000000d4900000|  0%| F|  |TAMS 0x00000000d4800000, 0x00000000d4800000| Untracked 
| 187|0x00000000d4900000, 0x00000000d4900000, 0x00000000d4a00000|  0%| F|  |TAMS 0x00000000d4900000, 0x00000000d4900000| Untracked 
| 188|0x00000000d4a00000, 0x00000000d4a00000, 0x00000000d4b00000|  0%| F|  |TAMS 0x00000000d4a00000, 0x00000000d4a00000| Untracked 
| 189|0x00000000d4b00000, 0x00000000d4b00000, 0x00000000d4c00000|  0%| F|  |TAMS 0x00000000d4b00000, 0x00000000d4b00000| Untracked 
| 190|0x00000000d4c00000, 0x00000000d4c00000, 0x00000000d4d00000|  0%| F|  |TAMS 0x00000000d4c00000, 0x00000000d4c00000| Untracked 
| 191|0x00000000d4d00000, 0x00000000d4d00000, 0x00000000d4e00000|  0%| F|  |TAMS 0x00000000d4d00000, 0x00000000d4d00000| Untracked 
| 192|0x00000000d4e00000, 0x00000000d4e00000, 0x00000000d4f00000|  0%| F|  |TAMS 0x00000000d4e00000, 0x00000000d4e00000| Untracked 
| 193|0x00000000d4f00000, 0x00000000d4f00000, 0x00000000d5000000|  0%| F|  |TAMS 0x00000000d4f00000, 0x00000000d4f00000| Untracked 
| 194|0x00000000d5000000, 0x00000000d5000000, 0x00000000d5100000|  0%| F|  |TAMS 0x00000000d5000000, 0x00000000d5000000| Untracked 
| 195|0x00000000d5100000, 0x00000000d5100000, 0x00000000d5200000|  0%| F|  |TAMS 0x00000000d5100000, 0x00000000d5100000| Untracked 
| 196|0x00000000d5200000, 0x00000000d5200000, 0x00000000d5300000|  0%| F|  |TAMS 0x00000000d5200000, 0x00000000d5200000| Untracked 
| 197|0x00000000d5300000, 0x00000000d5300000, 0x00000000d5400000|  0%| F|  |TAMS 0x00000000d5300000, 0x00000000d5300000| Untracked 
| 198|0x00000000d5400000, 0x00000000d5400000, 0x00000000d5500000|  0%| F|  |TAMS 0x00000000d5400000, 0x00000000d5400000| Untracked 
| 199|0x00000000d5500000, 0x00000000d5500000, 0x00000000d5600000|  0%| F|  |TAMS 0x00000000d5500000, 0x00000000d5500000| Untracked 
| 200|0x00000000d5600000, 0x00000000d5600000, 0x00000000d5700000|  0%| F|  |TAMS 0x00000000d5600000, 0x00000000d5600000| Untracked 
| 201|0x00000000d5700000, 0x00000000d5700000, 0x00000000d5800000|  0%| F|  |TAMS 0x00000000d5700000, 0x00000000d5700000| Untracked 
| 202|0x00000000d5800000, 0x00000000d5800000, 0x00000000d5900000|  0%| F|  |TAMS 0x00000000d5800000, 0x00000000d5800000| Untracked 
| 203|0x00000000d5900000, 0x00000000d5900000, 0x00000000d5a00000|  0%| F|  |TAMS 0x00000000d5900000, 0x00000000d5900000| Untracked 
| 204|0x00000000d5a00000, 0x00000000d5a00000, 0x00000000d5b00000|  0%| F|  |TAMS 0x00000000d5a00000, 0x00000000d5a00000| Untracked 
| 205|0x00000000d5b00000, 0x00000000d5b00000, 0x00000000d5c00000|  0%| F|  |TAMS 0x00000000d5b00000, 0x00000000d5b00000| Untracked 
| 206|0x00000000d5c00000, 0x00000000d5c00000, 0x00000000d5d00000|  0%| F|  |TAMS 0x00000000d5c00000, 0x00000000d5c00000| Untracked 
| 207|0x00000000d5d00000, 0x00000000d5d00000, 0x00000000d5e00000|  0%| F|  |TAMS 0x00000000d5d00000, 0x00000000d5d00000| Untracked 
| 208|0x00000000d5e00000, 0x00000000d5e00000, 0x00000000d5f00000|  0%| F|  |TAMS 0x00000000d5e00000, 0x00000000d5e00000| Untracked 
| 209|0x00000000d5f00000, 0x00000000d5f00000, 0x00000000d6000000|  0%| F|  |TAMS 0x00000000d5f00000, 0x00000000d5f00000| Untracked 
| 210|0x00000000d6000000, 0x00000000d6000000, 0x00000000d6100000|  0%| F|  |TAMS 0x00000000d6000000, 0x00000000d6000000| Untracked 
| 211|0x00000000d6100000, 0x00000000d6100000, 0x00000000d6200000|  0%| F|  |TAMS 0x00000000d6100000, 0x00000000d6100000| Untracked 
| 212|0x00000000d6200000, 0x00000000d6200000, 0x00000000d6300000|  0%| F|  |TAMS 0x00000000d6200000, 0x00000000d6200000| Untracked 
| 213|0x00000000d6300000, 0x00000000d6300000, 0x00000000d6400000|  0%| F|  |TAMS 0x00000000d6300000, 0x00000000d6300000| Untracked 
| 214|0x00000000d6400000, 0x00000000d6400000, 0x00000000d6500000|  0%| F|  |TAMS 0x00000000d6400000, 0x00000000d6400000| Untracked 
| 215|0x00000000d6500000, 0x00000000d6500000, 0x00000000d6600000|  0%| F|  |TAMS 0x00000000d6500000, 0x00000000d6500000| Untracked 
| 216|0x00000000d6600000, 0x00000000d6600000, 0x00000000d6700000|  0%| F|  |TAMS 0x00000000d6600000, 0x00000000d6600000| Untracked 
| 217|0x00000000d6700000, 0x00000000d6700000, 0x00000000d6800000|  0%| F|  |TAMS 0x00000000d6700000, 0x00000000d6700000| Untracked 
| 218|0x00000000d6800000, 0x00000000d6800000, 0x00000000d6900000|  0%| F|  |TAMS 0x00000000d6800000, 0x00000000d6800000| Untracked 
| 219|0x00000000d6900000, 0x00000000d6900000, 0x00000000d6a00000|  0%| F|  |TAMS 0x00000000d6900000, 0x00000000d6900000| Untracked 
| 220|0x00000000d6a00000, 0x00000000d6a00000, 0x00000000d6b00000|  0%| F|  |TAMS 0x00000000d6a00000, 0x00000000d6a00000| Untracked 
| 221|0x00000000d6b00000, 0x00000000d6b00000, 0x00000000d6c00000|  0%| F|  |TAMS 0x00000000d6b00000, 0x00000000d6b00000| Untracked 
| 222|0x00000000d6c00000, 0x00000000d6c00000, 0x00000000d6d00000|  0%| F|  |TAMS 0x00000000d6c00000, 0x00000000d6c00000| Untracked 
| 223|0x00000000d6d00000, 0x00000000d6d00000, 0x00000000d6e00000|  0%| F|  |TAMS 0x00000000d6d00000, 0x00000000d6d00000| Untracked 
| 224|0x00000000d6e00000, 0x00000000d6e00000, 0x00000000d6f00000|  0%| F|  |TAMS 0x00000000d6e00000, 0x00000000d6e00000| Untracked 
| 225|0x00000000d6f00000, 0x00000000d6f00000, 0x00000000d7000000|  0%| F|  |TAMS 0x00000000d6f00000, 0x00000000d6f00000| Untracked 
| 226|0x00000000d7000000, 0x00000000d7000000, 0x00000000d7100000|  0%| F|  |TAMS 0x00000000d7000000, 0x00000000d7000000| Untracked 
| 227|0x00000000d7100000, 0x00000000d7100000, 0x00000000d7200000|  0%| F|  |TAMS 0x00000000d7100000, 0x00000000d7100000| Untracked 
| 228|0x00000000d7200000, 0x00000000d7200000, 0x00000000d7300000|  0%| F|  |TAMS 0x00000000d7200000, 0x00000000d7200000| Untracked 
| 229|0x00000000d7300000, 0x00000000d7300000, 0x00000000d7400000|  0%| F|  |TAMS 0x00000000d7300000, 0x00000000d7300000| Untracked 
| 230|0x00000000d7400000, 0x00000000d7400000, 0x00000000d7500000|  0%| F|  |TAMS 0x00000000d7400000, 0x00000000d7400000| Untracked 
| 231|0x00000000d7500000, 0x00000000d7500000, 0x00000000d7600000|  0%| F|  |TAMS 0x00000000d7500000, 0x00000000d7500000| Untracked 
| 232|0x00000000d7600000, 0x00000000d7600000, 0x00000000d7700000|  0%| F|  |TAMS 0x00000000d7600000, 0x00000000d7600000| Untracked 
| 233|0x00000000d7700000, 0x00000000d7700000, 0x00000000d7800000|  0%| F|  |TAMS 0x00000000d7700000, 0x00000000d7700000| Untracked 
| 234|0x00000000d7800000, 0x00000000d7800000, 0x00000000d7900000|  0%| F|  |TAMS 0x00000000d7800000, 0x00000000d7800000| Untracked 
| 235|0x00000000d7900000, 0x00000000d7900000, 0x00000000d7a00000|  0%| F|  |TAMS 0x00000000d7900000, 0x00000000d7900000| Untracked 
| 236|0x00000000d7a00000, 0x00000000d7a00000, 0x00000000d7b00000|  0%| F|  |TAMS 0x00000000d7a00000, 0x00000000d7a00000| Untracked 
| 237|0x00000000d7b00000, 0x00000000d7b00000, 0x00000000d7c00000|  0%| F|  |TAMS 0x00000000d7b00000, 0x00000000d7b00000| Untracked 
| 238|0x00000000d7c00000, 0x00000000d7c00000, 0x00000000d7d00000|  0%| F|  |TAMS 0x00000000d7c00000, 0x00000000d7c00000| Untracked 
| 239|0x00000000d7d00000, 0x00000000d7d00000, 0x00000000d7e00000|  0%| F|  |TAMS 0x00000000d7d00000, 0x00000000d7d00000| Untracked 
| 240|0x00000000d7e00000, 0x00000000d7e00000, 0x00000000d7f00000|  0%| F|  |TAMS 0x00000000d7e00000, 0x00000000d7e00000| Untracked 
| 241|0x00000000d7f00000, 0x00000000d7f00000, 0x00000000d8000000|  0%| F|  |TAMS 0x00000000d7f00000, 0x00000000d7f00000| Untracked 
| 242|0x00000000d8000000, 0x00000000d8000000, 0x00000000d8100000|  0%| F|  |TAMS 0x00000000d8000000, 0x00000000d8000000| Untracked 
| 243|0x00000000d8100000, 0x00000000d8100000, 0x00000000d8200000|  0%| F|  |TAMS 0x00000000d8100000, 0x00000000d8100000| Untracked 
| 244|0x00000000d8200000, 0x00000000d8200000, 0x00000000d8300000|  0%| F|  |TAMS 0x00000000d8200000, 0x00000000d8200000| Untracked 
| 245|0x00000000d8300000, 0x00000000d8300000, 0x00000000d8400000|  0%| F|  |TAMS 0x00000000d8300000, 0x00000000d8300000| Untracked 
| 246|0x00000000d8400000, 0x00000000d8400000, 0x00000000d8500000|  0%| F|  |TAMS 0x00000000d8400000, 0x00000000d8400000| Untracked 
| 247|0x00000000d8500000, 0x00000000d8500000, 0x00000000d8600000|  0%| F|  |TAMS 0x00000000d8500000, 0x00000000d8500000| Untracked 
| 248|0x00000000d8600000, 0x00000000d8600000, 0x00000000d8700000|  0%| F|  |TAMS 0x00000000d8600000, 0x00000000d8600000| Untracked 
| 249|0x00000000d8700000, 0x00000000d8700000, 0x00000000d8800000|  0%| F|  |TAMS 0x00000000d8700000, 0x00000000d8700000| Untracked 
| 250|0x00000000d8800000, 0x00000000d8800000, 0x00000000d8900000|  0%| F|  |TAMS 0x00000000d8800000, 0x00000000d8800000| Untracked 
| 251|0x00000000d8900000, 0x00000000d8900000, 0x00000000d8a00000|  0%| F|  |TAMS 0x00000000d8900000, 0x00000000d8900000| Untracked 
| 252|0x00000000d8a00000, 0x00000000d8a00000, 0x00000000d8b00000|  0%| F|  |TAMS 0x00000000d8a00000, 0x00000000d8a00000| Untracked 
| 253|0x00000000d8b00000, 0x00000000d8b00000, 0x00000000d8c00000|  0%| F|  |TAMS 0x00000000d8b00000, 0x00000000d8b00000| Untracked 
| 254|0x00000000d8c00000, 0x00000000d8c00000, 0x00000000d8d00000|  0%| F|  |TAMS 0x00000000d8c00000, 0x00000000d8c00000| Untracked 
| 255|0x00000000d8d00000, 0x00000000d8d00000, 0x00000000d8e00000|  0%| F|  |TAMS 0x00000000d8d00000, 0x00000000d8d00000| Untracked 
| 256|0x00000000d8e00000, 0x00000000d8e00000, 0x00000000d8f00000|  0%| F|  |TAMS 0x00000000d8e00000, 0x00000000d8e00000| Untracked 
| 257|0x00000000d8f00000, 0x00000000d8f00000, 0x00000000d9000000|  0%| F|  |TAMS 0x00000000d8f00000, 0x00000000d8f00000| Untracked 
| 258|0x00000000d9000000, 0x00000000d9000000, 0x00000000d9100000|  0%| F|  |TAMS 0x00000000d9000000, 0x00000000d9000000| Untracked 
| 259|0x00000000d9100000, 0x00000000d9100000, 0x00000000d9200000|  0%| F|  |TAMS 0x00000000d9100000, 0x00000000d9100000| Untracked 
| 260|0x00000000d9200000, 0x00000000d9200000, 0x00000000d9300000|  0%| F|  |TAMS 0x00000000d9200000, 0x00000000d9200000| Untracked 
| 261|0x00000000d9300000, 0x00000000d9300000, 0x00000000d9400000|  0%| F|  |TAMS 0x00000000d9300000, 0x00000000d9300000| Untracked 
| 262|0x00000000d9400000, 0x00000000d9400000, 0x00000000d9500000|  0%| F|  |TAMS 0x00000000d9400000, 0x00000000d9400000| Untracked 
| 263|0x00000000d9500000, 0x00000000d9500000, 0x00000000d9600000|  0%| F|  |TAMS 0x00000000d9500000, 0x00000000d9500000| Untracked 
| 264|0x00000000d9600000, 0x00000000d9600000, 0x00000000d9700000|  0%| F|  |TAMS 0x00000000d9600000, 0x00000000d9600000| Untracked 
| 265|0x00000000d9700000, 0x00000000d9700000, 0x00000000d9800000|  0%| F|  |TAMS 0x00000000d9700000, 0x00000000d9700000| Untracked 
| 266|0x00000000d9800000, 0x00000000d9800000, 0x00000000d9900000|  0%| F|  |TAMS 0x00000000d9800000, 0x00000000d9800000| Untracked 
| 267|0x00000000d9900000, 0x00000000d9900000, 0x00000000d9a00000|  0%| F|  |TAMS 0x00000000d9900000, 0x00000000d9900000| Untracked 
| 268|0x00000000d9a00000, 0x00000000d9a00000, 0x00000000d9b00000|  0%| F|  |TAMS 0x00000000d9a00000, 0x00000000d9a00000| Untracked 
| 269|0x00000000d9b00000, 0x00000000d9b00000, 0x00000000d9c00000|  0%| F|  |TAMS 0x00000000d9b00000, 0x00000000d9b00000| Untracked 
| 270|0x00000000d9c00000, 0x00000000d9c00000, 0x00000000d9d00000|  0%| F|  |TAMS 0x00000000d9c00000, 0x00000000d9c00000| Untracked 

Card table byte_map: [0x0000025e643f0000,0x0000025e645b0000] _byte_map_base: 0x0000025e63da9000

Marking Bits (Prev, Next): (CMBitMap*) 0x0000025e6464e830, (CMBitMap*) 0x0000025e6464e7f0
 Prev Bits: [0x0000025e6b240000, 0x0000025e6c008000)
 Next Bits: [0x0000025e6a470000, 0x0000025e6b238000)

Polling page: 0x0000025e624d0000

Metaspace:

Usage:
  Non-class:     39.77 MB used.
      Class:      5.60 MB used.
       Both:     45.37 MB used.

Virtual space:
  Non-class space:       48.00 MB reserved,      40.00 MB ( 83%) committed,  6 nodes.
      Class space:        1.00 GB reserved,       5.75 MB ( <1%) committed,  1 nodes.
             Both:        1.05 GB reserved,      45.75 MB (  4%) committed. 

Chunk freelists:
   Non-Class:  3.67 MB
       Class:  2.20 MB
        Both:  5.87 MB

MaxMetaspaceSize: unlimited
CompressedClassSpaceSize: 1.00 GB
Initial GC threshold: 21.00 MB
Current GC threshold: 73.38 MB
CDS: off
MetaspaceReclaimPolicy: balanced
 - commit_granule_bytes: 65536.
 - commit_granule_words: 8192.
 - virtual_space_node_default_size: 1048576.
 - enlarge_chunks_in_place: 1.
 - new_chunks_are_fully_committed: 0.
 - uncommit_free_chunks: 1.
 - use_allocation_guard: 0.
 - handle_deallocations: 1.


Internal statistics:

num_allocs_failed_limit: 8.
num_arena_births: 420.
num_arena_deaths: 4.
num_vsnodes_births: 7.
num_vsnodes_deaths: 0.
num_space_committed: 732.
num_space_uncommitted: 0.
num_chunks_returned_to_freelist: 12.
num_chunks_taken_from_freelist: 1844.
num_chunk_merges: 9.
num_chunk_splits: 1298.
num_chunks_enlarged: 1031.
num_purges: 2.
num_inconsistent_stats: 0.

CodeCache: size=49152Kb used=11801Kb max_used=11801Kb free=37350Kb
 bounds [0x0000025e672b0000, 0x0000025e67e40000, 0x0000025e6a2b0000]
 total_blobs=6018 nmethods=5434 adapters=509
 compilation: enabled
              stopped_count=0, restarted_count=0
 full_count=0

Compilation events (20 events):
Event: 10.400 Thread 0x0000025e6fa4b680 5425       1       java.nio.charset.Charset::name (5 bytes)
Event: 10.401 Thread 0x0000025e6e64eac0 5426       1       java.util.concurrent.atomic.AtomicReferenceFieldUpdater$AtomicReferenceFieldUpdaterImpl::valueCheck (19 bytes)
Event: 10.401 Thread 0x0000025e6fa4b680 nmethod 5425 0x0000025e67e34510 code [0x0000025e67e346a0, 0x0000025e67e34778]
Event: 10.401 Thread 0x0000025e6e64eac0 nmethod 5426 0x0000025e67e34810 code [0x0000025e67e349a0, 0x0000025e67e34b08]
Event: 10.406 Thread 0x0000025e6e64eac0 5427       1       org.eclipse.jdt.core.dom.ASTVisitor::visit (2 bytes)
Event: 10.406 Thread 0x0000025e6e64eac0 nmethod 5427 0x0000025e67e34c10 code [0x0000025e67e34da0, 0x0000025e67e34e78]
Event: 10.420 Thread 0x0000025e6e64eac0 5428       1       org.springframework.ide.vscode.commons.java.AbstractJavaProject::getClasspath (5 bytes)
Event: 10.421 Thread 0x0000025e6e64eac0 nmethod 5428 0x0000025e67e34f10 code [0x0000025e67e350a0, 0x0000025e67e35178]
Event: 10.427 Thread 0x0000025e6e64eac0 5429       1       org.eclipse.jdt.core.dom.ASTVisitor::visit (2 bytes)
Event: 10.427 Thread 0x0000025e6e64eac0 nmethod 5429 0x0000025e67e35210 code [0x0000025e67e353a0, 0x0000025e67e35478]
Event: 10.427 Thread 0x0000025e6fa4b680 5431       1       org.eclipse.jdt.core.dom.ReturnStatement::accept0 (25 bytes)
Event: 10.427 Thread 0x0000025e6e64eac0 5430       1       org.eclipse.jdt.core.dom.ASTVisitor::visit (2 bytes)
Event: 10.427 Thread 0x0000025e6e64eac0 nmethod 5430 0x0000025e67e35510 code [0x0000025e67e356a0, 0x0000025e67e35778]
Event: 10.428 Thread 0x0000025e6fa4b680 nmethod 5431 0x0000025e67e35810 code [0x0000025e67e359e0, 0x0000025e67e35c28]
Event: 10.432 Thread 0x0000025e6fa4b680 5432       1       reactor.core.publisher.FluxOnAssembly$OnAssemblySubscriber::actual (5 bytes)
Event: 10.432 Thread 0x0000025e6fa4b680 nmethod 5432 0x0000025e67e35d90 code [0x0000025e67e35f20, 0x0000025e67e35ff8]
Event: 10.778 Thread 0x0000025e6e5f7a80 5433       1       io.github.classgraph.ModuleRef::getReference (5 bytes)
Event: 10.778 Thread 0x0000025e6e5f7a80 nmethod 5433 0x0000025e67e36090 code [0x0000025e67e36220, 0x0000025e67e362f8]
Event: 10.831 Thread 0x0000025e6e64eac0 5434       1       java.util.concurrent.locks.ReentrantLock$NonfairSync::tryAcquire (27 bytes)
Event: 10.831 Thread 0x0000025e6e64eac0 nmethod 5434 0x0000025e67e36390 code [0x0000025e67e36520, 0x0000025e67e36698]

GC Heap History (20 events):
Event: 7.935 GC heap after
{Heap after GC invocations=24 (full 0):
 garbage-first heap   total 169984K, used 78616K [0x00000000c8e00000, 0x0000000100000000)
  region size 1024K, 7 young (7168K), 7 survivors (7168K)
 Metaspace       used 43355K, committed 43776K, reserved 1089536K
  class space    used 5393K, committed 5568K, reserved 1048576K
}
Event: 8.090 GC heap before
{Heap before GC invocations=24 (full 0):
 garbage-first heap   total 169984K, used 119576K [0x00000000c8e00000, 0x0000000100000000)
  region size 1024K, 48 young (49152K), 7 survivors (7168K)
 Metaspace       used 43865K, committed 44288K, reserved 1089536K
  class space    used 5450K, committed 5632K, reserved 1048576K
}
Event: 8.118 GC heap after
{Heap after GC invocations=25 (full 0):
 garbage-first heap   total 169984K, used 82574K [0x00000000c8e00000, 0x0000000100000000)
  region size 1024K, 4 young (4096K), 4 survivors (4096K)
 Metaspace       used 43865K, committed 44288K, reserved 1089536K
  class space    used 5450K, committed 5632K, reserved 1048576K
}
Event: 8.249 GC heap before
{Heap before GC invocations=25 (full 0):
 garbage-first heap   total 169984K, used 124558K [0x00000000c8e00000, 0x0000000100000000)
  region size 1024K, 46 young (47104K), 4 survivors (4096K)
 Metaspace       used 44221K, committed 44608K, reserved 1089536K
  class space    used 5472K, committed 5632K, reserved 1048576K
}
Event: 8.260 GC heap after
{Heap after GC invocations=26 (full 0):
 garbage-first heap   total 277504K, used 84596K [0x00000000c8e00000, 0x0000000100000000)
  region size 1024K, 3 young (3072K), 3 survivors (3072K)
 Metaspace       used 44221K, committed 44608K, reserved 1089536K
  class space    used 5472K, committed 5632K, reserved 1048576K
}
Event: 9.105 GC heap before
{Heap before GC invocations=27 (full 0):
 garbage-first heap   total 277504K, used 197236K [0x00000000c8e00000, 0x0000000100000000)
  region size 1024K, 115 young (117760K), 3 survivors (3072K)
 Metaspace       used 45282K, committed 45696K, reserved 1089536K
  class space    used 5587K, committed 5760K, reserved 1048576K
}
Event: 9.121 GC heap after
{Heap after GC invocations=28 (full 0):
 garbage-first heap   total 277504K, used 88707K [0x00000000c8e00000, 0x0000000100000000)
  region size 1024K, 8 young (8192K), 8 survivors (8192K)
 Metaspace       used 45282K, committed 45696K, reserved 1089536K
  class space    used 5587K, committed 5760K, reserved 1048576K
}
Event: 9.171 GC heap before
{Heap before GC invocations=28 (full 0):
 garbage-first heap   total 277504K, used 92803K [0x00000000c8e00000, 0x0000000100000000)
  region size 1024K, 13 young (13312K), 8 survivors (8192K)
 Metaspace       used 45330K, committed 45760K, reserved 1089536K
  class space    used 5588K, committed 5760K, reserved 1048576K
}
Event: 9.179 GC heap after
{Heap after GC invocations=29 (full 0):
 garbage-first heap   total 277504K, used 87796K [0x00000000c8e00000, 0x0000000100000000)
  region size 1024K, 1 young (1024K), 1 survivors (1024K)
 Metaspace       used 45330K, committed 45760K, reserved 1089536K
  class space    used 5588K, committed 5760K, reserved 1048576K
}
Event: 9.823 GC heap before
{Heap before GC invocations=29 (full 0):
 garbage-first heap   total 277504K, used 207604K [0x00000000c8e00000, 0x0000000100000000)
  region size 1024K, 119 young (121856K), 1 survivors (1024K)
 Metaspace       used 46287K, committed 46720K, reserved 1097728K
  class space    used 5696K, committed 5888K, reserved 1048576K
}
Event: 9.831 GC heap after
{Heap after GC invocations=30 (full 0):
 garbage-first heap   total 277504K, used 93168K [0x00000000c8e00000, 0x0000000100000000)
  region size 1024K, 7 young (7168K), 7 survivors (7168K)
 Metaspace       used 46287K, committed 46720K, reserved 1097728K
  class space    used 5696K, committed 5888K, reserved 1048576K
}
Event: 10.328 GC heap before
{Heap before GC invocations=30 (full 0):
 garbage-first heap   total 277504K, used 212976K [0x00000000c8e00000, 0x0000000100000000)
  region size 1024K, 125 young (128000K), 7 survivors (7168K)
 Metaspace       used 46458K, committed 46848K, reserved 1097728K
  class space    used 5731K, committed 5888K, reserved 1048576K
}
Event: 10.344 GC heap after
{Heap after GC invocations=31 (full 0):
 garbage-first heap   total 277504K, used 101855K [0x00000000c8e00000, 0x0000000100000000)
  region size 1024K, 15 young (15360K), 15 survivors (15360K)
 Metaspace       used 46458K, committed 46848K, reserved 1097728K
  class space    used 5731K, committed 5888K, reserved 1048576K
}
Event: 10.517 GC heap before
{Heap before GC invocations=31 (full 0):
 garbage-first heap   total 277504K, used 216543K [0x00000000c8e00000, 0x0000000100000000)
  region size 1024K, 128 young (131072K), 15 survivors (15360K)
 Metaspace       used 46459K, committed 46848K, reserved 1097728K
  class space    used 5732K, committed 5888K, reserved 1048576K
}
Event: 10.533 GC heap after
{Heap after GC invocations=32 (full 0):
 garbage-first heap   total 277504K, used 106753K [0x00000000c8e00000, 0x0000000100000000)
  region size 1024K, 14 young (14336K), 14 survivors (14336K)
 Metaspace       used 46459K, committed 46848K, reserved 1097728K
  class space    used 5732K, committed 5888K, reserved 1048576K
}
Event: 10.697 GC heap before
{Heap before GC invocations=32 (full 0):
 garbage-first heap   total 277504K, used 221441K [0x00000000c8e00000, 0x0000000100000000)
  region size 1024K, 127 young (130048K), 14 survivors (14336K)
 Metaspace       used 46459K, committed 46848K, reserved 1097728K
  class space    used 5732K, committed 5888K, reserved 1048576K
}
Event: 10.715 GC heap after
{Heap after GC invocations=33 (full 0):
 garbage-first heap   total 277504K, used 111337K [0x00000000c8e00000, 0x0000000100000000)
  region size 1024K, 10 young (10240K), 10 survivors (10240K)
 Metaspace       used 46459K, committed 46848K, reserved 1097728K
  class space    used 5732K, committed 5888K, reserved 1048576K
}
Event: 10.857 GC heap before
{Heap before GC invocations=33 (full 0):
 garbage-first heap   total 277504K, used 225001K [0x00000000c8e00000, 0x0000000100000000)
  region size 1024K, 122 young (124928K), 10 survivors (10240K)
 Metaspace       used 46459K, committed 46848K, reserved 1097728K
  class space    used 5732K, committed 5888K, reserved 1048576K
}
Event: 10.870 GC heap after
{Heap after GC invocations=34 (full 0):
 garbage-first heap   total 277504K, used 116989K [0x00000000c8e00000, 0x0000000100000000)
  region size 1024K, 10 young (10240K), 10 survivors (10240K)
 Metaspace       used 46459K, committed 46848K, reserved 1097728K
  class space    used 5732K, committed 5888K, reserved 1048576K
}
Event: 11.007 GC heap before
{Heap before GC invocations=34 (full 0):
 garbage-first heap   total 277504K, used 227581K [0x00000000c8e00000, 0x0000000100000000)
  region size 1024K, 119 young (121856K), 10 survivors (10240K)
 Metaspace       used 46459K, committed 46848K, reserved 1097728K
  class space    used 5732K, committed 5888K, reserved 1048576K
}

Deoptimization events (20 events):
Event: 4.944 Thread 0x0000025e71056d90 DEOPT PACKING pc=0x0000025e6799ee35 sp=0x000000720a0fe1a0
Event: 4.944 Thread 0x0000025e71056d90 DEOPT UNPACKING pc=0x0000025e67302b43 sp=0x000000720a0fd6b8 mode 3
Event: 5.250 Thread 0x0000025e71056d90 DEOPT PACKING pc=0x0000025e67775781 sp=0x000000720a0fe010
Event: 5.250 Thread 0x0000025e71056d90 DEOPT UNPACKING pc=0x0000025e67302b43 sp=0x000000720a0fd4a0 mode 3
Event: 5.250 Thread 0x0000025e7100c730 DEOPT PACKING pc=0x0000025e67772817 sp=0x000000720a4ff180
Event: 5.250 Thread 0x0000025e7100c730 DEOPT UNPACKING pc=0x0000025e67302b43 sp=0x000000720a4fe5d8 mode 3
Event: 5.252 Thread 0x0000025e71057660 DEOPT PACKING pc=0x0000025e679c62ab sp=0x000000720a1fe590
Event: 5.265 Thread 0x0000025e71057660 DEOPT UNPACKING pc=0x0000025e67302b43 sp=0x000000720a1fdad8 mode 3
Event: 8.069 Thread 0x0000025e711480d0 DEOPT PACKING pc=0x0000025e67c9a9ee sp=0x000000720b5fd480
Event: 8.069 Thread 0x0000025e711480d0 DEOPT UNPACKING pc=0x0000025e67302b43 sp=0x000000720b5fc978 mode 3
Event: 9.608 Thread 0x0000025e7100d5a0 DEOPT PACKING pc=0x0000025e67d09d44 sp=0x000000720a8fd7e0
Event: 9.608 Thread 0x0000025e7100d5a0 DEOPT UNPACKING pc=0x0000025e67302b43 sp=0x000000720a8fccd0 mode 3
Event: 10.055 Thread 0x0000025e71148f40 DEOPT PACKING pc=0x0000025e67ddce36 sp=0x000000720b3fd3c0
Event: 10.055 Thread 0x0000025e71148f40 DEOPT UNPACKING pc=0x0000025e67302b43 sp=0x000000720b3fc8b8 mode 3
Event: 10.208 Thread 0x0000025e71148f40 DEOPT PACKING pc=0x0000025e67d74f44 sp=0x000000720b3fe480
Event: 10.208 Thread 0x0000025e71148f40 DEOPT UNPACKING pc=0x0000025e67302b43 sp=0x000000720b3fd978 mode 0
Event: 10.208 Thread 0x0000025e71148f40 DEOPT PACKING pc=0x0000025e67d74f44 sp=0x000000720b3fe640
Event: 10.208 Thread 0x0000025e71148f40 DEOPT UNPACKING pc=0x0000025e67302b43 sp=0x000000720b3fdb38 mode 0
Event: 10.217 Thread 0x0000025e71148f40 DEOPT PACKING pc=0x0000025e67d74f44 sp=0x000000720b3fe990
Event: 10.217 Thread 0x0000025e71148f40 DEOPT UNPACKING pc=0x0000025e67302b43 sp=0x000000720b3fde88 mode 0

Classes unloaded (2 events):
Event: 8.446 Thread 0x0000025e6e584660 Unloading class 0x0000000100574c00 'java/lang/invoke/LambdaForm$DMH+0x0000000100574c00'
Event: 8.446 Thread 0x0000025e6e584660 Unloading class 0x0000000100574800 'java/lang/invoke/LambdaForm$DMH+0x0000000100574800'

Classes redefined (0 events):
No events

Internal exceptions (20 events):
Event: 5.350 Thread 0x0000025e711468c0 Exception <a 'sun/nio/fs/WindowsException'{0x00000000cd07c960}> (0x00000000cd07c960) 
thrown [s\src\hotspot\share\prims\jni.cpp, line 516]
Event: 6.355 Thread 0x0000025e71056d90 Exception <a 'java/lang/NoSuchMethodError'{0x00000000d10f8730}: 'java.lang.Object java.lang.invoke.Invokers$Holder.invoke_MT(java.lang.Object, java.lang.Object, java.lang.Object)'> (0x00000000d10f8730) 
thrown [s\src\hotspot\share\interpreter\linkResolver.cpp, line 759]
Event: 6.569 Thread 0x0000025e71056d90 Exception <a 'java/lang/NoSuchMethodError'{0x00000000d0368000}: 'java.lang.Object java.lang.invoke.DirectMethodHandle$Holder.newInvokeSpecial(java.lang.Object, java.lang.Object, int)'> (0x00000000d0368000) 
thrown [s\src\hotspot\share\interpreter\linkResolver.cpp, line 759]
Event: 6.622 Thread 0x0000025e71148f40 Exception <a 'java/lang/NoSuchMethodError'{0x00000000d0003d58}: 'java.lang.Object java.lang.invoke.Invokers$Holder.linkToTargetMethod(java.lang.Object, long, java.lang.Object)'> (0x00000000d0003d58) 
thrown [s\src\hotspot\share\interpreter\linkResolver.cpp, line 759]
Event: 7.516 Thread 0x0000025e711480d0 Exception <a 'java/lang/IncompatibleClassChangeError'{0x00000000d19df440}: Found class java.lang.Object, but interface was expected> (0x00000000d19df440) 
thrown [s\src\hotspot\share\interpreter\linkResolver.cpp, line 826]
Event: 7.516 Thread 0x0000025e7100d5a0 Exception <a 'java/lang/IncompatibleClassChangeError'{0x00000000d1994e58}: Found class java.lang.Object, but interface was expected> (0x00000000d1994e58) 
thrown [s\src\hotspot\share\interpreter\linkResolver.cpp, line 826]
Event: 7.516 Thread 0x0000025e7100c260 Exception <a 'java/lang/IncompatibleClassChangeError'{0x00000000d1b67630}: Found class java.lang.Object, but interface was expected> (0x00000000d1b67630) 
thrown [s\src\hotspot\share\interpreter\linkResolver.cpp, line 826]
Event: 7.783 Thread 0x0000025e7100d5a0 Exception <a 'java/lang/NoSuchMethodError'{0x00000000d23f01f8}: 'int java.lang.invoke.DirectMethodHandle$Holder.invokeSpecialIFC(java.lang.Object, java.lang.Object, java.lang.Object)'> (0x00000000d23f01f8) 
thrown [s\src\hotspot\share\interpreter\linkResolver.cpp, line 759]
Event: 7.783 Thread 0x0000025e7100c260 Exception <a 'java/lang/NoSuchMethodError'{0x00000000d1e2b2e8}: 'int java.lang.invoke.DirectMethodHandle$Holder.invokeSpecialIFC(java.lang.Object, java.lang.Object, java.lang.Object)'> (0x00000000d1e2b2e8) 
thrown [s\src\hotspot\share\interpreter\linkResolver.cpp, line 759]
Event: 7.784 Thread 0x0000025e711480d0 Exception <a 'java/lang/NoSuchMethodError'{0x00000000d1e3ec98}: 'int java.lang.invoke.DirectMethodHandle$Holder.invokeSpecialIFC(java.lang.Object, java.lang.Object, java.lang.Object)'> (0x00000000d1e3ec98) 
thrown [s\src\hotspot\share\interpreter\linkResolver.cpp, line 759]
Event: 8.069 Thread 0x0000025e711480d0 Implicit null exception at 0x0000025e67c9a7c4 to 0x0000025e67c9a9e9
Event: 9.605 Thread 0x0000025e7100d5a0 Implicit null exception at 0x0000025e67d09790 to 0x0000025e67d09d3f
Event: 10.055 Thread 0x0000025e71148f40 Implicit null exception at 0x0000025e67ddc2e2 to 0x0000025e67ddce31
Event: 10.226 Thread 0x0000025e71148f40 Exception <a 'sun/nio/fs/WindowsException'{0x00000000d4d8d270}> (0x00000000d4d8d270) 
thrown [s\src\hotspot\share\prims\jni.cpp, line 516]
Event: 10.226 Thread 0x0000025e71148f40 Exception <a 'sun/nio/fs/WindowsException'{0x00000000d4d8dfb0}> (0x00000000d4d8dfb0) 
thrown [s\src\hotspot\share\prims\jni.cpp, line 516]
Event: 10.227 Thread 0x0000025e71148f40 Exception <a 'sun/nio/fs/WindowsException'{0x00000000d4d8ecb0}> (0x00000000d4d8ecb0) 
thrown [s\src\hotspot\share\prims\jni.cpp, line 516]
Event: 10.234 Thread 0x0000025e71148f40 Exception <a 'sun/nio/fs/WindowsException'{0x00000000d4cb1b98}> (0x00000000d4cb1b98) 
thrown [s\src\hotspot\share\prims\jni.cpp, line 516]
Event: 10.234 Thread 0x0000025e71148f40 Exception <a 'sun/nio/fs/WindowsException'{0x00000000d4cb28d8}> (0x00000000d4cb28d8) 
thrown [s\src\hotspot\share\prims\jni.cpp, line 516]
Event: 10.234 Thread 0x0000025e71148f40 Exception <a 'sun/nio/fs/WindowsException'{0x00000000d4cb35d8}> (0x00000000d4cb35d8) 
thrown [s\src\hotspot\share\prims\jni.cpp, line 516]
Event: 10.283 Thread 0x0000025e71148f40 Exception <a 'sun/nio/fs/WindowsException'{0x00000000d470fee0}> (0x00000000d470fee0) 
thrown [s\src\hotspot\share\prims\jni.cpp, line 516]

VM Operations (20 events):
Event: 9.834 Executing VM operation: G1CollectForAllocation done
Event: 10.116 Executing VM operation: ICBufferFull
Event: 10.129 Executing VM operation: ICBufferFull done
Event: 10.175 Executing VM operation: HandshakeAllThreads
Event: 10.205 Executing VM operation: HandshakeAllThreads done
Event: 10.328 Executing VM operation: G1CollectForAllocation
Event: 10.345 Executing VM operation: G1CollectForAllocation done
Event: 10.517 Executing VM operation: G1CollectForAllocation
Event: 10.517 Executing VM operation: G1CollectForAllocation done
Event: 10.517 Executing VM operation: G1CollectForAllocation
Event: 10.533 Executing VM operation: G1CollectForAllocation done
Event: 10.695 Executing VM operation: G1CollectForAllocation
Event: 10.697 Executing VM operation: G1CollectForAllocation done
Event: 10.697 Executing VM operation: G1CollectForAllocation
Event: 10.715 Executing VM operation: G1CollectForAllocation done
Event: 10.856 Executing VM operation: G1CollectForAllocation
Event: 10.857 Executing VM operation: G1CollectForAllocation done
Event: 10.857 Executing VM operation: G1CollectForAllocation
Event: 10.870 Executing VM operation: G1CollectForAllocation done
Event: 11.007 Executing VM operation: G1CollectForAllocation

Events (20 events):
Event: 7.399 loading class sun/nio/cs/ThreadLocalCoders$2
Event: 7.399 loading class sun/nio/cs/ThreadLocalCoders$2 done
Event: 7.416 loading class java/lang/NegativeArraySizeException
Event: 7.416 loading class java/lang/NegativeArraySizeException done
Event: 7.761 loading class java/util/stream/ReduceOps$4
Event: 7.761 loading class java/util/stream/ReduceOps$4 done
Event: 7.761 loading class java/util/stream/ReduceOps$4ReducingSink
Event: 7.761 loading class java/util/stream/ReduceOps$4ReducingSink done
Event: 7.781 loading class java/nio/file/Files$2
Event: 7.781 loading class java/nio/file/Files$2 done
Event: 9.579 loading class java/util/Hashtable$ValueCollection
Event: 9.584 loading class java/util/Hashtable$ValueCollection done
Event: 9.603 loading class java/util/stream/SliceOps
Event: 9.604 loading class java/util/stream/SliceOps done
Event: 9.604 loading class java/util/stream/SliceOps$1
Event: 9.604 loading class java/util/stream/SliceOps$1 done
Event: 9.652 loading class java/util/stream/SliceOps$1$1
Event: 9.652 loading class java/util/stream/SliceOps$1$1 done
Event: 10.222 loading class java/io/FileOutputStream$1
Event: 10.222 loading class java/io/FileOutputStream$1 done


Dynamic libraries:
0x00007ff623550000 - 0x00007ff62355e000 	c:\Users\nicho\.vscode\extensions\redhat.java-1.12.0-win32-x64\jre\17.0.4.1-win32-x86_64\bin\java.exe
0x00007fff60990000 - 0x00007fff60b88000 	C:\WINDOWS\SYSTEM32\ntdll.dll
0x00007fff5f6c0000 - 0x00007fff5f77f000 	C:\WINDOWS\System32\KERNEL32.DLL
0x00007fff5e4a0000 - 0x00007fff5e772000 	C:\WINDOWS\System32\KERNELBASE.dll
0x00007fff5e3a0000 - 0x00007fff5e4a0000 	C:\WINDOWS\System32\ucrtbase.dll
0x00007fff102b0000 - 0x00007fff102c9000 	c:\Users\nicho\.vscode\extensions\redhat.java-1.12.0-win32-x64\jre\17.0.4.1-win32-x86_64\bin\VCRUNTIME140.dll
0x00007fff102d0000 - 0x00007fff102e8000 	c:\Users\nicho\.vscode\extensions\redhat.java-1.12.0-win32-x64\jre\17.0.4.1-win32-x86_64\bin\jli.dll
0x00007fff60200000 - 0x00007fff6039d000 	C:\WINDOWS\System32\USER32.dll
0x00007fff5e2a0000 - 0x00007fff5e2c2000 	C:\WINDOWS\System32\win32u.dll
0x00007fff4b4e0000 - 0x00007fff4b77a000 	C:\WINDOWS\WinSxS\amd64_microsoft.windows.common-controls_6595b64144ccf1df_6.0.19041.1110_none_60b5254171f9507e\COMCTL32.dll
0x00007fff608c0000 - 0x00007fff608eb000 	C:\WINDOWS\System32\GDI32.dll
0x00007fff600a0000 - 0x00007fff6013e000 	C:\WINDOWS\System32\msvcrt.dll
0x00007fff5e840000 - 0x00007fff5e94f000 	C:\WINDOWS\System32\gdi32full.dll
0x00007fff5e300000 - 0x00007fff5e39d000 	C:\WINDOWS\System32\msvcp_win.dll
0x00007fff5f680000 - 0x00007fff5f6b2000 	C:\WINDOWS\System32\IMM32.DLL
0x00007fff10bd0000 - 0x00007fff10bdc000 	c:\Users\nicho\.vscode\extensions\redhat.java-1.12.0-win32-x64\jre\17.0.4.1-win32-x86_64\bin\vcruntime140_1.dll
0x00007ffee6fe0000 - 0x00007ffee7071000 	c:\Users\nicho\.vscode\extensions\redhat.java-1.12.0-win32-x64\jre\17.0.4.1-win32-x86_64\bin\msvcp140.dll
0x00007ffee6390000 - 0x00007ffee6fd6000 	c:\Users\nicho\.vscode\extensions\redhat.java-1.12.0-win32-x64\jre\17.0.4.1-win32-x86_64\bin\server\jvm.dll
0x00007fff5f780000 - 0x00007fff5f82e000 	C:\WINDOWS\System32\ADVAPI32.dll
0x00007fff5f830000 - 0x00007fff5f8cc000 	C:\WINDOWS\System32\sechost.dll
0x00007fff5eae0000 - 0x00007fff5ec05000 	C:\WINDOWS\System32\RPCRT4.dll
0x00007fff5ea70000 - 0x00007fff5ea78000 	C:\WINDOWS\System32\PSAPI.DLL
0x00007ffef87f0000 - 0x00007ffef87f9000 	C:\WINDOWS\SYSTEM32\WSOCK32.dll
0x00007fff5f610000 - 0x00007fff5f67b000 	C:\WINDOWS\System32\WS2_32.dll
0x00007fff55f10000 - 0x00007fff55f37000 	C:\WINDOWS\SYSTEM32\WINMM.dll
0x00007fff55f00000 - 0x00007fff55f0a000 	C:\WINDOWS\SYSTEM32\VERSION.dll
0x00007fff5bf50000 - 0x00007fff5bf62000 	C:\WINDOWS\SYSTEM32\kernel.appcore.dll
0x00007fff59d40000 - 0x00007fff59d4a000 	c:\Users\nicho\.vscode\extensions\redhat.java-1.12.0-win32-x64\jre\17.0.4.1-win32-x86_64\bin\jimage.dll
0x00007fff4ce90000 - 0x00007fff4d074000 	C:\WINDOWS\SYSTEM32\DBGHELP.DLL
0x00007fff4cc50000 - 0x00007fff4cc7c000 	C:\WINDOWS\SYSTEM32\dbgcore.DLL
0x00007fff5e950000 - 0x00007fff5e9d2000 	C:\WINDOWS\System32\bcryptPrimitives.dll
0x00007fff394b0000 - 0x00007fff394d5000 	c:\Users\nicho\.vscode\extensions\redhat.java-1.12.0-win32-x64\jre\17.0.4.1-win32-x86_64\bin\java.dll
0x00007fff39450000 - 0x00007fff39468000 	c:\Users\nicho\.vscode\extensions\redhat.java-1.12.0-win32-x64\jre\17.0.4.1-win32-x86_64\bin\zip.dll
0x00007fff5ec10000 - 0x00007fff5f353000 	C:\WINDOWS\System32\SHELL32.dll
0x00007fff5c150000 - 0x00007fff5c8e2000 	C:\WINDOWS\SYSTEM32\windows.storage.dll
0x00007fff60560000 - 0x00007fff608b4000 	C:\WINDOWS\System32\combase.dll
0x00007fff5da10000 - 0x00007fff5da40000 	C:\WINDOWS\SYSTEM32\Wldp.dll
0x00007fff60150000 - 0x00007fff601fd000 	C:\WINDOWS\System32\SHCORE.dll
0x00007fff5ea80000 - 0x00007fff5ead5000 	C:\WINDOWS\System32\shlwapi.dll
0x00007fff5dfd0000 - 0x00007fff5dfef000 	C:\WINDOWS\SYSTEM32\profapi.dll
0x00007fff391e0000 - 0x00007fff391f9000 	C:\Users\nicho\.vscode\extensions\redhat.java-1.12.0-win32-x64\jre\17.0.4.1-win32-x86_64\bin\net.dll
0x00007fff4eb10000 - 0x00007fff4ec1c000 	C:\WINDOWS\SYSTEM32\WINHTTP.dll
0x00007fff5d770000 - 0x00007fff5d7da000 	C:\WINDOWS\system32\mswsock.dll
0x00007fff39430000 - 0x00007fff39445000 	C:\Users\nicho\.vscode\extensions\redhat.java-1.12.0-win32-x64\jre\17.0.4.1-win32-x86_64\bin\nio.dll
0x00007fff457f0000 - 0x00007fff45800000 	c:\Users\nicho\.vscode\extensions\redhat.java-1.12.0-win32-x64\jre\17.0.4.1-win32-x86_64\bin\verify.dll
0x00007fff3e500000 - 0x00007fff3e509000 	C:\Users\nicho\.vscode\extensions\redhat.java-1.12.0-win32-x64\jre\17.0.4.1-win32-x86_64\bin\management.dll
0x00007fff20ee0000 - 0x00007fff20eeb000 	C:\Users\nicho\.vscode\extensions\redhat.java-1.12.0-win32-x64\jre\17.0.4.1-win32-x86_64\bin\management_ext.dll
0x00007fff4a420000 - 0x00007fff4a437000 	C:\WINDOWS\system32\napinsp.dll
0x00007fff4a400000 - 0x00007fff4a41b000 	C:\WINDOWS\system32\pnrpnsp.dll
0x00007fff591d0000 - 0x00007fff591e5000 	C:\WINDOWS\system32\wshbth.dll
0x00007fff59a20000 - 0x00007fff59a3d000 	C:\WINDOWS\system32\NLAapi.dll
0x00007fff5d460000 - 0x00007fff5d49b000 	C:\WINDOWS\SYSTEM32\IPHLPAPI.DLL
0x00007fff5d4a0000 - 0x00007fff5d56a000 	C:\WINDOWS\SYSTEM32\DNSAPI.dll
0x00007fff5ea00000 - 0x00007fff5ea08000 	C:\WINDOWS\System32\NSI.dll
0x00007fff4a360000 - 0x00007fff4a372000 	C:\WINDOWS\System32\winrnr.dll
0x00007fff4ea90000 - 0x00007fff4ea9a000 	C:\Windows\System32\rasadhlp.dll
0x00007fff4ed30000 - 0x00007fff4edb0000 	C:\WINDOWS\System32\fwpuclnt.dll
0x00007fff5e2d0000 - 0x00007fff5e2f7000 	C:\WINDOWS\System32\bcrypt.dll
0x00007fff5d960000 - 0x00007fff5d978000 	C:\WINDOWS\SYSTEM32\CRYPTSP.dll
0x00007fff5d090000 - 0x00007fff5d0c4000 	C:\WINDOWS\system32\rsaenh.dll
0x00007fff5df50000 - 0x00007fff5df7e000 	C:\WINDOWS\SYSTEM32\USERENV.dll
0x00007fff5d980000 - 0x00007fff5d98c000 	C:\WINDOWS\SYSTEM32\CRYPTBASE.dll
0x00007fff52fd0000 - 0x00007fff52fe7000 	C:\WINDOWS\SYSTEM32\dhcpcsvc6.DLL
0x00007fff537e0000 - 0x00007fff537fd000 	C:\WINDOWS\SYSTEM32\dhcpcsvc.DLL

dbghelp: loaded successfully - version: 4.0.5 - missing functions: none
symbol engine: initialized successfully - sym options: 0x614 - pdb path: .;c:\Users\nicho\.vscode\extensions\redhat.java-1.12.0-win32-x64\jre\17.0.4.1-win32-x86_64\bin;C:\WINDOWS\SYSTEM32;C:\WINDOWS\WinSxS\amd64_microsoft.windows.common-controls_6595b64144ccf1df_6.0.19041.1110_none_60b5254171f9507e;c:\Users\nicho\.vscode\extensions\redhat.java-1.12.0-win32-x64\jre\17.0.4.1-win32-x86_64\bin\server

VM Arguments:
jvm_args: -Dsts.lsp.client=vscode -Dsts.log.file=/dev/null -XX:TieredStopAtLevel=1 -Xlog:jni+resolve=off -Dspring.config.location=file:c:\Users\nicho\.vscode\extensions\pivotal.vscode-spring-boot-1.40.0\language-server\BOOT-INF\classes\application.properties 
java_command: org.springframework.ide.vscode.boot.app.BootLanguageServerBootApp
java_class_path (initial): c:\Users\nicho\.vscode\extensions\pivotal.vscode-spring-boot-1.40.0\language-server\BOOT-INF\classes;c:\Users\nicho\.vscode\extensions\pivotal.vscode-spring-boot-1.40.0\language-server\BOOT-INF\lib\annotations-23.0.0.jar;c:\Users\nicho\.vscode\extensions\pivotal.vscode-spring-boot-1.40.0\language-server\BOOT-INF\lib\ant-1.10.12.jar;c:\Users\nicho\.vscode\extensions\pivotal.vscode-spring-boot-1.40.0\language-server\BOOT-INF\lib\ant-launcher-1.10.12.jar;c:\Users\nicho\.vscode\extensions\pivotal.vscode-spring-boot-1.40.0\language-server\BOOT-INF\lib\antlr-runtime-3.5.2.jar;c:\Users\nicho\.vscode\extensions\pivotal.vscode-spring-boot-1.40.0\language-server\BOOT-INF\lib\antlr4-4.9.3.jar;c:\Users\nicho\.vscode\extensions\pivotal.vscode-spring-boot-1.40.0\language-server\BOOT-INF\lib\antlr4-runtime-4.9.3.jar;c:\Users\nicho\.vscode\extensions\pivotal.vscode-spring-boot-1.40.0\language-server\BOOT-INF\lib\asm-9.3.jar;c:\Users\nicho\.vscode\extensions\pivotal.vscode-spring-boot-1.40.0\language-server\BOOT-INF\lib\asm-analysis-9.3.jar;c:\Users\nicho\.vscode\extensions\pivotal.vscode-spring-boot-1.40.0\language-server\BOOT-INF\lib\asm-tree-9.3.jar;c:\Users\nicho\.vscode\extensions\pivotal.vscode-spring-boot-1.40.0\language-server\BOOT-INF\lib\asm-util-9.3.jar;c:\Users\nicho\.vscode\extensions\pivotal.vscode-spring-boot-1.40.0\language-server\BOOT-INF\lib\byte-buddy-1.12.13.jar;c:\Users\nicho\.vscode\extensions\pivotal.vscode-spring-boot-1.40.0\language-server\BOOT-INF\lib\caffeine-2.9.3.jar;c:\Users\nicho\.vscode\extensions\pivotal.vscode-spring-boot-1.40.0\language-server\BOOT-INF\lib\checker-qual-3.12.0.jar;c:\Users\nicho\.vscode\extensions\pivotal.vscode-spring-boot-1.40.0\language-server\BOOT-INF\lib\classgraph-4.8.149.jar;c:\Users\nicho\.vscode\extensions\pivotal.vscode-spring-boot-1.40.0\language-server\BOOT-INF\lib\commons-codec-1.15.jar;c:\Users\nicho\.vscode\extensions\pivotal.vscode-spring-boot-1.40.0\language-server\BOOT-INF\lib\commons-c
Launcher Type: SUN_STANDARD

[Global flags]
     intx CICompilerCount                          = 3                                         {product} {ergonomic}
     uint ConcGCThreads                            = 1                                         {product} {ergonomic}
     uint G1ConcRefinementThreads                  = 4                                         {product} {ergonomic}
   size_t G1HeapRegionSize                         = 1048576                                   {product} {ergonomic}
    uintx GCDrainStackTargetSize                   = 64                                        {product} {ergonomic}
   size_t InitialHeapSize                          = 58720256                                  {product} {ergonomic}
   size_t MarkStackSize                            = 4194304                                   {product} {ergonomic}
   size_t MaxHeapSize                              = 924844032                                 {product} {ergonomic}
   size_t MaxNewSize                               = 554696704                                 {product} {ergonomic}
   size_t MinHeapDeltaBytes                        = 1048576                                   {product} {ergonomic}
   size_t MinHeapSize                              = 8388608                                   {product} {ergonomic}
    uintx NonProfiledCodeHeapSize                  = 0                                      {pd product} {ergonomic}
     bool ProfileInterpreter                       = false                                  {pd product} {command line}
    uintx ProfiledCodeHeapSize                     = 0                                      {pd product} {ergonomic}
   size_t SoftMaxHeapSize                          = 924844032                              {manageable} {ergonomic}
     intx TieredStopAtLevel                        = 1                                         {product} {command line}
     bool UseCompressedClassPointers               = true                           {product lp64_product} {ergonomic}
     bool UseCompressedOops                        = true                           {product lp64_product} {ergonomic}
     bool UseG1GC                                  = true                                      {product} {ergonomic}
     bool UseLargePagesIndividualAllocation        = false                                  {pd product} {ergonomic}

Logging:
Log output configuration:
 #0: stdout all=warning,jni+resolve=off uptime,level,tags
 #1: stderr all=off uptime,level,tags

Environment Variables:
PATH=C:\WINDOWS\system32;C:\WINDOWS;C:\WINDOWS\System32\Wbem;C:\WINDOWS\System32\WindowsPowerShell\v1.0\;C:\WINDOWS\System32\OpenSSH\;C:\Program Files\nodejs\;C:\Program Files\Go\bin;C:\Program Files\Git\cmd;C:\Program Files\dotnet\;C:\Program Files\Microsoft SQL Server\150\Tools\Binn\;C:\Program Files\Microsoft SQL Server\Client SDK\ODBC\170\Tools\Binn\;C:\Users\nicho\mongosh-1.6.0-win32-x64\bin\mongosh.exe\;C:\Users\nicho\AppData\Local\Programs\Python\Python39\Scripts\;C:\Users\nicho\AppData\Local\Programs\Python\Python39\;C:\Users\nicho\AppData\Local\Microsoft\WindowsApps;C:\Users\nicho\AppData\Local\GitHubDesktop\bin;C:\Users\nicho\AppData\Local\Programs\Microsoft VS Code\bin;C:\Users\nicho\AppData\Local\Microsoft\WindowsApps;C:\Users\nicho\AppData\Roaming\npm;C:\Users\nicho\go\bin;C:\Users\nicho\.dotnet\tools;C:\Users\nicho\mongosh-1.6.0-win32-x64\bin\mongosh.exe\;C:\Program Files\CodeBlocks\MinGW\bin;C:\Users\nicho\AppData\Local\Packages\PythonSoftwareFoundation.Python.3.9_qbz5n2kfra8p0\LocalCache\local-packages\Python39\Scripts;
USERNAME=nicho
OS=Windows_NT
PROCESSOR_IDENTIFIER=AMD64 Family 23 Model 24 Stepping 1, AuthenticAMD
TMP=C:\Users\nicho\AppData\Local\Temp
TEMP=C:\Users\nicho\AppData\Local\Temp



---------------  S Y S T E M  ---------------

OS:
 Windows 10 , 64 bit Build 19041 (10.0.19041.2251)
OS uptime: 1 days 1:10 hours

CPU: total 4 (initial active 4) (4 cores per cpu, 2 threads per core) family 23 model 24 stepping 1 microcode 0x0, cx8, cmov, fxsr, ht, mmx, 3dnowpref, sse, sse2, sse3, ssse3, sse4a, sse4.1, sse4.2, popcnt, lzcnt, tsc, tscinvbit, avx, avx2, aes, clmul, bmi1, bmi2, adx, sha, fma, vzeroupper, clflush, clflushopt

Memory: 4k page, system-wide physical 3522M (239M free)
TotalPageFile size 14274M (AvailPageFile size 77M)
current process WorkingSet (physical memory assigned to process): 344M, peak: 344M
current process commit charge ("private bytes"): 418M, peak: 506M

vm_info: OpenJDK 64-Bit Server VM (17.0.4.1+1) for windows-amd64 JRE (17.0.4.1+1), built on Aug 17 2022 07:42:43 by "temurin" with MS VC++ 16.7 (VS2019)

END.
